<?xml version="1.0" encoding="UTF-8"?>
<coverage generated="1753330394981" clover="3.2.0">
  <project timestamp="1753330394981" name="All files">
    <metrics statements="901" coveredstatements="381" conditionals="814" coveredconditionals="247" methods="252" coveredmethods="93" elements="1967" coveredelements="721" complexity="0" loc="901" ncloc="901" packages="4" files="7" classes="7"/>
    <package name="components">
      <metrics statements="29" coveredstatements="0" conditionals="59" coveredconditionals="0" methods="7" coveredmethods="0"/>
      <file name="HealthCheckResultForm.js" path="D:\LEARNING\SUMMER_2025\SWT301\SWP391-G9\FrontEnd\src\components\HealthCheckResultForm.js">
        <metrics statements="29" coveredstatements="0" conditionals="59" coveredconditionals="0" methods="7" coveredmethods="0"/>
        <line num="7" count="0" type="stmt"/>
        <line num="12" count="0" type="stmt"/>
        <line num="13" count="0" type="stmt"/>
        <line num="31" count="0" type="stmt"/>
        <line num="35" count="0" type="stmt"/>
        <line num="37" count="0" type="stmt"/>
        <line num="38" count="0" type="stmt"/>
        <line num="48" count="0" type="stmt"/>
        <line num="49" count="0" type="stmt"/>
        <line num="50" count="0" type="stmt"/>
        <line num="56" count="0" type="stmt"/>
        <line num="57" count="0" type="stmt"/>
        <line num="58" count="0" type="stmt"/>
        <line num="61" count="0" type="cond" truecount="0" falsecount="5"/>
        <line num="65" count="0" type="stmt"/>
        <line num="86" count="0" type="stmt"/>
        <line num="87" count="0" type="stmt"/>
        <line num="89" count="0" type="stmt"/>
        <line num="90" count="0" type="stmt"/>
        <line num="91" count="0" type="cond" truecount="0" falsecount="2"/>
        <line num="93" count="0" type="stmt"/>
        <line num="94" count="0" type="stmt"/>
        <line num="102" count="0" type="cond" truecount="0" falsecount="2"/>
        <line num="103" count="0" type="cond" truecount="0" falsecount="2"/>
        <line num="108" count="0" type="stmt"/>
        <line num="110" count="0" type="stmt"/>
        <line num="112" count="0" type="stmt"/>
        <line num="114" count="0" type="stmt"/>
        <line num="118" count="0" type="stmt"/>
      </file>
    </package>
    <package name="context">
      <metrics statements="47" coveredstatements="47" conditionals="12" coveredconditionals="9" methods="9" coveredmethods="9"/>
      <file name="AuthContext.js" path="D:\LEARNING\SUMMER_2025\SWT301\SWP391-G9\FrontEnd\src\context\AuthContext.js">
        <metrics statements="47" coveredstatements="47" conditionals="12" coveredconditionals="9" methods="9" coveredmethods="9"/>
        <line num="4" count="1" type="stmt"/>
        <line num="6" count="10" type="stmt"/>
        <line num="8" count="1" type="stmt"/>
        <line num="10" count="10" type="stmt"/>
        <line num="11" count="5" type="stmt"/>
        <line num="12" count="5" type="cond" truecount="2" falsecount="0"/>
        <line num="14" count="10" type="stmt"/>
        <line num="15" count="5" type="stmt"/>
        <line num="17" count="10" type="stmt"/>
        <line num="18" count="10" type="stmt"/>
        <line num="21" count="10" type="stmt"/>
        <line num="22" count="5" type="stmt"/>
        <line num="23" count="5" type="cond" truecount="2" falsecount="0"/>
        <line num="24" count="2" type="stmt"/>
        <line num="28" count="10" type="stmt"/>
        <line num="29" count="2" type="stmt"/>
        <line num="30" count="2" type="stmt"/>
        <line num="31" count="2" type="stmt"/>
        <line num="32" count="2" type="stmt"/>
        <line num="33" count="1" type="stmt"/>
        <line num="35" count="1" type="stmt"/>
        <line num="36" count="1" type="stmt"/>
        <line num="37" count="1" type="stmt"/>
        <line num="38" count="1" type="stmt"/>
        <line num="39" count="1" type="stmt"/>
        <line num="40" count="1" type="stmt"/>
        <line num="41" count="1" type="stmt"/>
        <line num="42" count="1" type="stmt"/>
        <line num="44" count="1" type="cond" truecount="1" falsecount="1"/>
        <line num="45" count="1" type="cond" truecount="1" falsecount="2"/>
        <line num="46" count="1" type="stmt"/>
        <line num="47" count="1" type="stmt"/>
        <line num="48" count="1" type="stmt"/>
        <line num="49" count="1" type="stmt"/>
        <line num="53" count="10" type="stmt"/>
        <line num="54" count="1" type="stmt"/>
        <line num="55" count="1" type="stmt"/>
        <line num="56" count="1" type="stmt"/>
        <line num="57" count="1" type="stmt"/>
        <line num="58" count="1" type="stmt"/>
        <line num="59" count="1" type="stmt"/>
        <line num="63" count="10" type="stmt"/>
        <line num="65" count="20" type="cond" truecount="3" falsecount="0"/>
        <line num="69" count="10" type="stmt"/>
        <line num="70" count="10" type="stmt"/>
        <line num="74" count="10" type="stmt"/>
        <line num="76" count="10" type="stmt"/>
      </file>
    </package>
    <package name="pages">
      <metrics statements="816" coveredstatements="325" conditionals="739" coveredconditionals="235" methods="234" coveredmethods="82"/>
      <file name="HealthCheckManagement.js" path="D:\LEARNING\SUMMER_2025\SWT301\SWP391-G9\FrontEnd\src\pages\HealthCheckManagement.js">
        <metrics statements="442" coveredstatements="0" conditionals="379" coveredconditionals="0" methods="131" coveredmethods="0"/>
        <line num="10" count="0" type="stmt"/>
        <line num="11" count="0" type="stmt"/>
        <line num="12" count="0" type="stmt"/>
        <line num="14" count="0" type="stmt"/>
        <line num="15" count="0" type="stmt"/>
        <line num="16" count="0" type="stmt"/>
        <line num="17" count="0" type="stmt"/>
        <line num="18" count="0" type="stmt"/>
        <line num="19" count="0" type="stmt"/>
        <line num="20" count="0" type="stmt"/>
        <line num="34" count="0" type="stmt"/>
        <line num="40" count="0" type="stmt"/>
        <line num="48" count="0" type="stmt"/>
        <line num="51" count="0" type="stmt"/>
        <line num="54" count="0" type="stmt"/>
        <line num="57" count="0" type="stmt"/>
        <line num="60" count="0" type="stmt"/>
        <line num="61" count="0" type="stmt"/>
        <line num="64" count="0" type="stmt"/>
        <line num="65" count="0" type="stmt"/>
        <line num="66" count="0" type="stmt"/>
        <line num="69" count="0" type="stmt"/>
        <line num="76" count="0" type="stmt"/>
        <line num="77" count="0" type="stmt"/>
        <line num="78" count="0" type="stmt"/>
        <line num="79" count="0" type="stmt"/>
        <line num="82" count="0" type="stmt"/>
        <line num="84" count="0" type="stmt"/>
        <line num="85" count="0" type="stmt"/>
        <line num="106" count="0" type="stmt"/>
        <line num="109" count="0" type="stmt"/>
        <line num="110" count="0" type="stmt"/>
        <line num="112" count="0" type="stmt"/>
        <line num="113" count="0" type="stmt"/>
        <line num="114" count="0" type="stmt"/>
        <line num="116" count="0" type="stmt"/>
        <line num="117" count="0" type="stmt"/>
        <line num="118" count="0" type="stmt"/>
        <line num="120" count="0" type="stmt"/>
        <line num="122" count="0" type="cond" truecount="0" falsecount="4"/>
        <line num="123" count="0" type="stmt"/>
        <line num="124" count="0" type="stmt"/>
        <line num="133" count="0" type="stmt"/>
        <line num="134" count="0" type="stmt"/>
        <line num="136" count="0" type="stmt"/>
        <line num="140" count="0" type="stmt"/>
        <line num="141" count="0" type="stmt"/>
        <line num="143" count="0" type="stmt"/>
        <line num="146" count="0" type="stmt"/>
        <line num="147" count="0" type="stmt"/>
        <line num="150" count="0" type="stmt"/>
        <line num="151" count="0" type="stmt"/>
        <line num="152" count="0" type="stmt"/>
        <line num="153" count="0" type="stmt"/>
        <line num="154" count="0" type="cond" truecount="0" falsecount="2"/>
        <line num="156" count="0" type="stmt"/>
        <line num="160" count="0" type="stmt"/>
        <line num="161" count="0" type="stmt"/>
        <line num="164" count="0" type="stmt"/>
        <line num="165" count="0" type="stmt"/>
        <line num="166" count="0" type="stmt"/>
        <line num="178" count="0" type="stmt"/>
        <line num="181" count="0" type="stmt"/>
        <line num="182" count="0" type="stmt"/>
        <line num="183" count="0" type="stmt"/>
        <line num="195" count="0" type="stmt"/>
        <line num="198" count="0" type="stmt"/>
        <line num="199" count="0" type="stmt"/>
        <line num="200" count="0" type="stmt"/>
        <line num="203" count="0" type="stmt"/>
        <line num="204" count="0" type="stmt"/>
        <line num="205" count="0" type="stmt"/>
        <line num="208" count="0" type="stmt"/>
        <line num="209" count="0" type="stmt"/>
        <line num="210" count="0" type="stmt"/>
        <line num="211" count="0" type="cond" truecount="0" falsecount="2"/>
        <line num="213" count="0" type="cond" truecount="0" falsecount="2"/>
        <line num="214" count="0" type="cond" truecount="0" falsecount="2"/>
        <line num="215" count="0" type="stmt"/>
        <line num="217" count="0" type="cond" truecount="0" falsecount="2"/>
        <line num="218" count="0" type="stmt"/>
        <line num="222" count="0" type="stmt"/>
        <line num="226" count="0" type="stmt"/>
        <line num="227" count="0" type="stmt"/>
        <line num="229" count="0" type="cond" truecount="0" falsecount="5"/>
        <line num="230" count="0" type="stmt"/>
        <line num="231" count="0" type="stmt"/>
        <line num="232" count="0" type="stmt"/>
        <line num="235" count="0" type="stmt"/>
        <line num="236" count="0" type="stmt"/>
        <line num="237" count="0" type="stmt"/>
        <line num="238" count="0" type="stmt"/>
        <line num="239" count="0" type="stmt"/>
        <line num="241" count="0" type="cond" truecount="0" falsecount="3"/>
        <line num="243" count="0" type="stmt"/>
        <line num="245" count="0" type="stmt"/>
        <line num="246" count="0" type="stmt"/>
        <line num="247" count="0" type="stmt"/>
        <line num="248" count="0" type="stmt"/>
        <line num="252" count="0" type="stmt"/>
        <line num="253" count="0" type="cond" truecount="0" falsecount="4"/>
        <line num="254" count="0" type="stmt"/>
        <line num="256" count="0" type="stmt"/>
        <line num="267" count="0" type="stmt"/>
        <line num="269" count="0" type="stmt"/>
        <line num="270" count="0" type="stmt"/>
        <line num="272" count="0" type="stmt"/>
        <line num="273" count="0" type="stmt"/>
        <line num="274" count="0" type="stmt"/>
        <line num="276" count="0" type="stmt"/>
        <line num="277" count="0" type="stmt"/>
        <line num="279" count="0" type="stmt"/>
        <line num="280" count="0" type="stmt"/>
        <line num="282" count="0" type="stmt"/>
        <line num="283" count="0" type="stmt"/>
        <line num="284" count="0" type="stmt"/>
        <line num="285" count="0" type="stmt"/>
        <line num="290" count="0" type="stmt"/>
        <line num="291" count="0" type="stmt"/>
        <line num="292" count="0" type="stmt"/>
        <line num="298" count="0" type="stmt"/>
        <line num="302" count="0" type="stmt"/>
        <line num="305" count="0" type="stmt"/>
        <line num="306" count="0" type="stmt"/>
        <line num="311" count="0" type="stmt"/>
        <line num="316" count="0" type="stmt"/>
        <line num="317" count="0" type="stmt"/>
        <line num="320" count="0" type="stmt"/>
        <line num="321" count="0" type="stmt"/>
        <line num="322" count="0" type="stmt"/>
        <line num="325" count="0" type="stmt"/>
        <line num="326" count="0" type="stmt"/>
        <line num="327" count="0" type="cond" truecount="0" falsecount="2"/>
        <line num="328" count="0" type="stmt"/>
        <line num="335" count="0" type="stmt"/>
        <line num="336" count="0" type="stmt"/>
        <line num="339" count="0" type="stmt"/>
        <line num="344" count="0" type="stmt"/>
        <line num="345" count="0" type="stmt"/>
        <line num="348" count="0" type="stmt"/>
        <line num="349" count="0" type="stmt"/>
        <line num="350" count="0" type="stmt"/>
        <line num="353" count="0" type="stmt"/>
        <line num="354" count="0" type="stmt"/>
        <line num="355" count="0" type="cond" truecount="0" falsecount="2"/>
        <line num="356" count="0" type="stmt"/>
        <line num="362" count="0" type="stmt"/>
        <line num="363" count="0" type="stmt"/>
        <line num="365" count="0" type="stmt"/>
        <line num="366" count="0" type="stmt"/>
        <line num="367" count="0" type="stmt"/>
        <line num="369" count="0" type="stmt"/>
        <line num="370" count="0" type="stmt"/>
        <line num="374" count="0" type="stmt"/>
        <line num="375" count="0" type="stmt"/>
        <line num="378" count="0" type="cond" truecount="0" falsecount="4"/>
        <line num="379" count="0" type="stmt"/>
        <line num="380" count="0" type="stmt"/>
        <line num="381" count="0" type="stmt"/>
        <line num="382" count="0" type="stmt"/>
        <line num="384" count="0" type="stmt"/>
        <line num="389" count="0" type="stmt"/>
        <line num="390" count="0" type="cond" truecount="0" falsecount="2"/>
        <line num="391" count="0" type="stmt"/>
        <line num="393" count="0" type="stmt"/>
        <line num="394" count="0" type="stmt"/>
        <line num="395" count="0" type="stmt"/>
        <line num="397" count="0" type="stmt"/>
        <line num="398" count="0" type="stmt"/>
        <line num="399" count="0" type="stmt"/>
        <line num="404" count="0" type="stmt"/>
        <line num="405" count="0" type="cond" truecount="0" falsecount="2"/>
        <line num="406" count="0" type="stmt"/>
        <line num="407" count="0" type="cond" truecount="0" falsecount="2"/>
        <line num="408" count="0" type="stmt"/>
        <line num="410" count="0" type="stmt"/>
        <line num="415" count="0" type="stmt"/>
        <line num="417" count="0" type="stmt"/>
        <line num="418" count="0" type="cond" truecount="0" falsecount="2"/>
        <line num="419" count="0" type="stmt"/>
        <line num="421" count="0" type="stmt"/>
        <line num="425" count="0" type="stmt"/>
        <line num="426" count="0" type="stmt"/>
        <line num="428" count="0" type="stmt"/>
        <line num="429" count="0" type="stmt"/>
        <line num="430" count="0" type="cond" truecount="0" falsecount="2"/>
        <line num="431" count="0" type="stmt"/>
        <line num="432" count="0" type="stmt"/>
        <line num="436" count="0" type="cond" truecount="0" falsecount="4"/>
        <line num="437" count="0" type="stmt"/>
        <line num="438" count="0" type="stmt"/>
        <line num="442" count="0" type="cond" truecount="0" falsecount="4"/>
        <line num="443" count="0" type="stmt"/>
        <line num="444" count="0" type="stmt"/>
        <line num="447" count="0" type="stmt"/>
        <line num="448" count="0" type="stmt"/>
        <line num="450" count="0" type="stmt"/>
        <line num="451" count="0" type="stmt"/>
        <line num="452" count="0" type="stmt"/>
        <line num="453" count="0" type="cond" truecount="0" falsecount="4"/>
        <line num="454" count="0" type="stmt"/>
        <line num="457" count="0" type="stmt"/>
        <line num="459" count="0" type="stmt"/>
        <line num="462" count="0" type="cond" truecount="0" falsecount="2"/>
        <line num="463" count="0" type="cond" truecount="0" falsecount="2"/>
        <line num="464" count="0" type="stmt"/>
        <line num="465" count="0" type="stmt"/>
        <line num="468" count="0" type="stmt"/>
        <line num="476" count="0" type="stmt"/>
        <line num="479" count="0" type="stmt"/>
        <line num="480" count="0" type="stmt"/>
        <line num="481" count="0" type="stmt"/>
        <line num="482" count="0" type="stmt"/>
        <line num="483" count="0" type="stmt"/>
        <line num="484" count="0" type="stmt"/>
        <line num="485" count="0" type="stmt"/>
        <line num="486" count="0" type="stmt"/>
        <line num="487" count="0" type="stmt"/>
        <line num="490" count="0" type="stmt"/>
        <line num="491" count="0" type="stmt"/>
        <line num="492" count="0" type="stmt"/>
        <line num="493" count="0" type="stmt"/>
        <line num="495" count="0" type="stmt"/>
        <line num="499" count="0" type="stmt"/>
        <line num="500" count="0" type="stmt"/>
        <line num="501" count="0" type="stmt"/>
        <line num="502" count="0" type="stmt"/>
        <line num="504" count="0" type="stmt"/>
        <line num="507" count="0" type="stmt"/>
        <line num="508" count="0" type="stmt"/>
        <line num="509" count="0" type="stmt"/>
        <line num="512" count="0" type="stmt"/>
        <line num="513" count="0" type="stmt"/>
        <line num="515" count="0" type="stmt"/>
        <line num="516" count="0" type="stmt"/>
        <line num="518" count="0" type="stmt"/>
        <line num="519" count="0" type="stmt"/>
        <line num="520" count="0" type="stmt"/>
        <line num="521" count="0" type="stmt"/>
        <line num="522" count="0" type="stmt"/>
        <line num="523" count="0" type="stmt"/>
        <line num="524" count="0" type="stmt"/>
        <line num="527" count="0" type="stmt"/>
        <line num="529" count="0" type="cond" truecount="0" falsecount="4"/>
        <line num="530" count="0" type="cond" truecount="0" falsecount="2"/>
        <line num="531" count="0" type="stmt"/>
        <line num="532" count="0" type="cond" truecount="0" falsecount="2"/>
        <line num="533" count="0" type="stmt"/>
        <line num="537" count="0" type="stmt"/>
        <line num="541" count="0" type="stmt"/>
        <line num="543" count="0" type="stmt"/>
        <line num="546" count="0" type="stmt"/>
        <line num="547" count="0" type="stmt"/>
        <line num="551" count="0" type="stmt"/>
        <line num="553" count="0" type="stmt"/>
        <line num="556" count="0" type="stmt"/>
        <line num="560" count="0" type="stmt"/>
        <line num="561" count="0" type="cond" truecount="0" falsecount="2"/>
        <line num="562" count="0" type="stmt"/>
        <line num="564" count="0" type="stmt"/>
        <line num="566" count="0" type="stmt"/>
        <line num="567" count="0" type="stmt"/>
        <line num="568" count="0" type="stmt"/>
        <line num="569" count="0" type="stmt"/>
        <line num="570" count="0" type="stmt"/>
        <line num="571" count="0" type="stmt"/>
        <line num="572" count="0" type="stmt"/>
        <line num="575" count="0" type="stmt"/>
        <line num="576" count="0" type="stmt"/>
        <line num="581" count="0" type="stmt"/>
        <line num="582" count="0" type="stmt"/>
        <line num="583" count="0" type="stmt"/>
        <line num="584" count="0" type="stmt"/>
        <line num="585" count="0" type="stmt"/>
        <line num="586" count="0" type="stmt"/>
        <line num="589" count="0" type="stmt"/>
        <line num="595" count="0" type="stmt"/>
        <line num="596" count="0" type="cond" truecount="0" falsecount="4"/>
        <line num="597" count="0" type="stmt"/>
        <line num="599" count="0" type="stmt"/>
        <line num="603" count="0" type="stmt"/>
        <line num="604" count="0" type="stmt"/>
        <line num="606" count="0" type="stmt"/>
        <line num="610" count="0" type="stmt"/>
        <line num="613" count="0" type="stmt"/>
        <line num="614" count="0" type="cond" truecount="0" falsecount="3"/>
        <line num="615" count="0" type="cond" truecount="0" falsecount="3"/>
        <line num="616" count="0" type="cond" truecount="0" falsecount="3"/>
        <line num="617" count="0" type="cond" truecount="0" falsecount="3"/>
        <line num="621" count="0" type="stmt"/>
        <line num="622" count="0" type="stmt"/>
        <line num="623" count="0" type="stmt"/>
        <line num="627" count="0" type="stmt"/>
        <line num="628" count="0" type="cond" truecount="0" falsecount="4"/>
        <line num="629" count="0" type="cond" truecount="0" falsecount="2"/>
        <line num="633" count="0" type="stmt"/>
        <line num="634" count="0" type="cond" truecount="0" falsecount="2"/>
        <line num="635" count="0" type="cond" truecount="0" falsecount="2"/>
        <line num="636" count="0" type="cond" truecount="0" falsecount="2"/>
        <line num="637" count="0" type="cond" truecount="0" falsecount="2"/>
        <line num="641" count="0" type="stmt"/>
        <line num="642" count="0" type="stmt"/>
        <line num="643" count="0" type="cond" truecount="0" falsecount="2"/>
        <line num="647" count="0" type="stmt"/>
        <line num="648" count="0" type="stmt"/>
        <line num="649" count="0" type="stmt"/>
        <line num="650" count="0" type="stmt"/>
        <line num="651" count="0" type="stmt"/>
        <line num="652" count="0" type="stmt"/>
        <line num="653" count="0" type="stmt"/>
        <line num="654" count="0" type="stmt"/>
        <line num="655" count="0" type="stmt"/>
        <line num="656" count="0" type="stmt"/>
        <line num="658" count="0" type="stmt"/>
        <line num="659" count="0" type="stmt"/>
        <line num="660" count="0" type="stmt"/>
        <line num="661" count="0" type="stmt"/>
        <line num="666" count="0" type="stmt"/>
        <line num="667" count="0" type="cond" truecount="0" falsecount="2"/>
        <line num="668" count="0" type="stmt"/>
        <line num="669" count="0" type="stmt"/>
        <line num="670" count="0" type="cond" truecount="0" falsecount="2"/>
        <line num="671" count="0" type="cond" truecount="0" falsecount="2"/>
        <line num="672" count="0" type="stmt"/>
        <line num="673" count="0" type="cond" truecount="0" falsecount="2"/>
        <line num="675" count="0" type="stmt"/>
        <line num="676" count="0" type="stmt"/>
        <line num="677" count="0" type="stmt"/>
        <line num="684" count="0" type="stmt"/>
        <line num="685" count="0" type="stmt"/>
        <line num="686" count="0" type="stmt"/>
        <line num="688" count="0" type="stmt"/>
        <line num="689" count="0" type="stmt"/>
        <line num="692" count="0" type="stmt"/>
        <line num="693" count="0" type="stmt"/>
        <line num="694" count="0" type="stmt"/>
        <line num="699" count="0" type="stmt"/>
        <line num="700" count="0" type="cond" truecount="0" falsecount="2"/>
        <line num="701" count="0" type="cond" truecount="0" falsecount="2"/>
        <line num="702" count="0" type="cond" truecount="0" falsecount="2"/>
        <line num="703" count="0" type="cond" truecount="0" falsecount="2"/>
        <line num="705" count="0" type="cond" truecount="0" falsecount="2"/>
        <line num="706" count="0" type="stmt"/>
        <line num="725" count="0" type="stmt"/>
        <line num="726" count="0" type="stmt"/>
        <line num="732" count="0" type="stmt"/>
        <line num="733" count="0" type="stmt"/>
        <line num="734" count="0" type="stmt"/>
        <line num="735" count="0" type="cond" truecount="0" falsecount="2"/>
        <line num="738" count="0" type="stmt"/>
        <line num="739" count="0" type="stmt"/>
        <line num="740" count="0" type="stmt"/>
        <line num="759" count="0" type="stmt"/>
        <line num="760" count="0" type="stmt"/>
        <line num="761" count="0" type="cond" truecount="0" falsecount="4"/>
        <line num="763" count="0" type="stmt"/>
        <line num="764" count="0" type="cond" truecount="0" falsecount="4"/>
        <line num="765" count="0" type="stmt"/>
        <line num="772" count="0" type="stmt"/>
        <line num="773" count="0" type="stmt"/>
        <line num="774" count="0" type="stmt"/>
        <line num="776" count="0" type="stmt"/>
        <line num="780" count="0" type="stmt"/>
        <line num="781" count="0" type="stmt"/>
        <line num="782" count="0" type="stmt"/>
        <line num="783" count="0" type="stmt"/>
        <line num="785" count="0" type="stmt"/>
        <line num="789" count="0" type="stmt"/>
        <line num="790" count="0" type="cond" truecount="0" falsecount="4"/>
        <line num="791" count="0" type="stmt"/>
        <line num="792" count="0" type="stmt"/>
        <line num="797" count="0" type="stmt"/>
        <line num="798" count="0" type="cond" truecount="0" falsecount="4"/>
        <line num="799" count="0" type="stmt"/>
        <line num="800" count="0" type="stmt"/>
        <line num="801" count="0" type="cond" truecount="0" falsecount="2"/>
        <line num="802" count="0" type="stmt"/>
        <line num="810" count="0" type="stmt"/>
        <line num="811" count="0" type="stmt"/>
        <line num="812" count="0" type="stmt"/>
        <line num="816" count="0" type="cond" truecount="0" falsecount="2"/>
        <line num="817" count="0" type="cond" truecount="0" falsecount="4"/>
        <line num="819" count="0" type="stmt"/>
        <line num="821" count="0" type="stmt"/>
        <line num="823" count="0" type="stmt"/>
        <line num="825" count="0" type="stmt"/>
        <line num="829" count="0" type="cond" truecount="0" falsecount="2"/>
        <line num="830" count="0" type="cond" truecount="0" falsecount="4"/>
        <line num="831" count="0" type="cond" truecount="0" falsecount="4"/>
        <line num="832" count="0" type="cond" truecount="0" falsecount="4"/>
        <line num="833" count="0" type="stmt"/>
        <line num="836" count="0" type="stmt"/>
        <line num="864" count="0" type="stmt"/>
        <line num="873" count="0" type="stmt"/>
        <line num="899" count="0" type="stmt"/>
        <line num="908" count="0" type="stmt"/>
        <line num="912" count="0" type="cond" truecount="0" falsecount="4"/>
        <line num="923" count="0" type="stmt"/>
        <line num="927" count="0" type="cond" truecount="0" falsecount="4"/>
        <line num="960" count="0" type="stmt"/>
        <line num="961" count="0" type="stmt"/>
        <line num="962" count="0" type="stmt"/>
        <line num="963" count="0" type="stmt"/>
        <line num="983" count="0" type="stmt"/>
        <line num="986" count="0" type="stmt"/>
        <line num="990" count="0" type="stmt"/>
        <line num="1009" count="0" type="stmt"/>
        <line num="1072" count="0" type="stmt"/>
        <line num="1177" count="0" type="stmt"/>
        <line num="1251" count="0" type="cond" truecount="0" falsecount="5"/>
        <line num="1337" count="0" type="cond" truecount="0" falsecount="2"/>
        <line num="1345" count="0" type="cond" truecount="0" falsecount="2"/>
        <line num="1420" count="0" type="stmt"/>
        <line num="1440" count="0" type="cond" truecount="0" falsecount="4"/>
        <line num="1441" count="0" type="cond" truecount="0" falsecount="4"/>
        <line num="1442" count="0" type="stmt"/>
        <line num="1443" count="0" type="cond" truecount="0" falsecount="2"/>
        <line num="1444" count="0" type="cond" truecount="0" falsecount="2"/>
        <line num="1445" count="0" type="stmt"/>
        <line num="1446" count="0" type="stmt"/>
        <line num="1454" count="0" type="cond" truecount="0" falsecount="2"/>
        <line num="1462" count="0" type="stmt"/>
        <line num="1472" count="0" type="cond" truecount="0" falsecount="4"/>
        <line num="1489" count="0" type="stmt"/>
        <line num="1504" count="0" type="stmt"/>
        <line num="1532" count="0" type="stmt"/>
        <line num="1545" count="0" type="stmt"/>
        <line num="1546" count="0" type="stmt"/>
        <line num="1548" count="0" type="stmt"/>
        <line num="1551" count="0" type="stmt"/>
        <line num="1553" count="0" type="stmt"/>
        <line num="1563" count="0" type="stmt"/>
        <line num="1565" count="0" type="stmt"/>
        <line num="1566" count="0" type="stmt"/>
        <line num="1567" count="0" type="stmt"/>
        <line num="1568" count="0" type="stmt"/>
        <line num="1569" count="0" type="stmt"/>
        <line num="1570" count="0" type="stmt"/>
        <line num="1575" count="0" type="stmt"/>
        <line num="1577" count="0" type="cond" truecount="0" falsecount="2"/>
        <line num="1580" count="0" type="stmt"/>
        <line num="1590" count="0" type="cond" truecount="0" falsecount="2"/>
      </file>
      <file name="VaccinationManagement.js" path="D:\LEARNING\SUMMER_2025\SWT301\SWP391-G9\FrontEnd\src\pages\VaccinationManagement.js">
        <metrics statements="270" coveredstatements="223" conditionals="272" coveredconditionals="172" methods="76" coveredmethods="56"/>
        <line num="8" count="1" type="stmt"/>
        <line num="9" count="38" type="cond" truecount="5" falsecount="0"/>
        <line num="11" count="34" type="stmt"/>
        <line num="13" count="1" type="stmt"/>
        <line num="15" count="1" type="stmt"/>
        <line num="17" count="1" type="stmt"/>
        <line num="19" count="1" type="stmt"/>
        <line num="23" count="1" type="stmt"/>
        <line num="24" count="40" type="cond" truecount="5" falsecount="0"/>
        <line num="26" count="36" type="stmt"/>
        <line num="28" count="1" type="stmt"/>
        <line num="30" count="1" type="stmt"/>
        <line num="32" count="1" type="stmt"/>
        <line num="34" count="1" type="stmt"/>
        <line num="38" count="1" type="stmt"/>
        <line num="39" count="144" type="stmt"/>
        <line num="40" count="144" type="stmt"/>
        <line num="41" count="144" type="stmt"/>
        <line num="42" count="137" type="stmt"/>
        <line num="43" count="137" type="stmt"/>
        <line num="44" count="137" type="stmt"/>
        <line num="45" count="137" type="stmt"/>
        <line num="46" count="137" type="stmt"/>
        <line num="47" count="137" type="stmt"/>
        <line num="48" count="137" type="stmt"/>
        <line num="49" count="137" type="stmt"/>
        <line num="50" count="137" type="stmt"/>
        <line num="57" count="137" type="stmt"/>
        <line num="65" count="137" type="stmt"/>
        <line num="66" count="137" type="stmt"/>
        <line num="67" count="137" type="stmt"/>
        <line num="68" count="137" type="stmt"/>
        <line num="69" count="137" type="stmt"/>
        <line num="70" count="137" type="stmt"/>
        <line num="71" count="137" type="stmt"/>
        <line num="72" count="137" type="stmt"/>
        <line num="73" count="137" type="stmt"/>
        <line num="74" count="137" type="stmt"/>
        <line num="75" count="137" type="stmt"/>
        <line num="76" count="137" type="stmt"/>
        <line num="77" count="137" type="stmt"/>
        <line num="78" count="137" type="stmt"/>
        <line num="79" count="137" type="stmt"/>
        <line num="80" count="137" type="stmt"/>
        <line num="83" count="137" type="cond" truecount="2" falsecount="0"/>
        <line num="84" count="137" type="cond" truecount="2" falsecount="0"/>
        <line num="85" count="137" type="cond" truecount="2" falsecount="0"/>
        <line num="86" count="137" type="stmt"/>
        <line num="89" count="137" type="stmt"/>
        <line num="90" count="137" type="stmt"/>
        <line num="91" count="137" type="stmt"/>
        <line num="94" count="137" type="stmt"/>
        <line num="95" count="137" type="stmt"/>
        <line num="97" count="137" type="stmt"/>
        <line num="98" count="37" type="stmt"/>
        <line num="101" count="137" type="stmt"/>
        <line num="102" count="41" type="cond" truecount="2" falsecount="0"/>
        <line num="103" count="5" type="stmt"/>
        <line num="104" count="5" type="stmt"/>
        <line num="109" count="137" type="stmt"/>
        <line num="110" count="37" type="cond" truecount="3" falsecount="1"/>
        <line num="111" count="0" type="stmt"/>
        <line num="112" count="0" type="stmt"/>
        <line num="117" count="137" type="stmt"/>
        <line num="118" count="40" type="cond" truecount="4" falsecount="0"/>
        <line num="119" count="2" type="stmt"/>
        <line num="120" count="2" type="stmt"/>
        <line num="121" count="2" type="stmt"/>
        <line num="126" count="137" type="stmt"/>
        <line num="127" count="39" type="stmt"/>
        <line num="128" count="39" type="stmt"/>
        <line num="129" count="39" type="stmt"/>
        <line num="130" count="39" type="cond" truecount="2" falsecount="0"/>
        <line num="131" count="1" type="stmt"/>
        <line num="132" count="1" type="stmt"/>
        <line num="134" count="38" type="stmt"/>
        <line num="135" count="38" type="cond" truecount="2" falsecount="0"/>
        <line num="136" count="38" type="cond" truecount="2" falsecount="0"/>
        <line num="137" count="38" type="stmt"/>
        <line num="139" count="38" type="cond" truecount="1" falsecount="1"/>
        <line num="157" count="11" type="stmt"/>
        <line num="159" count="39" type="stmt"/>
        <line num="164" count="137" type="stmt"/>
        <line num="165" count="1" type="stmt"/>
        <line num="166" count="1" type="stmt"/>
        <line num="168" count="1" type="stmt"/>
        <line num="169" count="1" type="stmt"/>
        <line num="170" count="1" type="stmt"/>
        <line num="171" count="1" type="cond" truecount="1" falsecount="2"/>
        <line num="172" count="1" type="cond" truecount="3" falsecount="1"/>
        <line num="173" count="0" type="stmt"/>
        <line num="174" count="0" type="stmt"/>
        <line num="175" count="0" type="stmt"/>
        <line num="177" count="1" type="cond" truecount="1" falsecount="1"/>
        <line num="178" count="1" type="stmt"/>
        <line num="179" count="1" type="stmt"/>
        <line num="180" count="1" type="stmt"/>
        <line num="181" count="1" type="cond" truecount="1" falsecount="1"/>
        <line num="182" count="0" type="stmt"/>
        <line num="183" count="0" type="stmt"/>
        <line num="184" count="0" type="stmt"/>
        <line num="187" count="1" type="stmt"/>
        <line num="188" count="1" type="stmt"/>
        <line num="189" count="1" type="stmt"/>
        <line num="190" count="1" type="stmt"/>
        <line num="191" count="1" type="stmt"/>
        <line num="193" count="0" type="stmt"/>
        <line num="194" count="0" type="stmt"/>
        <line num="199" count="137" type="stmt"/>
        <line num="200" count="2" type="stmt"/>
        <line num="201" count="2" type="stmt"/>
        <line num="204" count="137" type="stmt"/>
        <line num="205" count="5" type="stmt"/>
        <line num="206" count="5" type="stmt"/>
        <line num="212" count="137" type="stmt"/>
        <line num="213" count="1" type="stmt"/>
        <line num="214" count="1" type="stmt"/>
        <line num="215" count="1" type="stmt"/>
        <line num="218" count="137" type="stmt"/>
        <line num="219" count="1" type="cond" truecount="1" falsecount="1"/>
        <line num="220" count="1" type="stmt"/>
        <line num="221" count="1" type="stmt"/>
        <line num="222" count="1" type="stmt"/>
        <line num="223" count="1" type="stmt"/>
        <line num="224" count="1" type="stmt"/>
        <line num="225" count="1" type="stmt"/>
        <line num="226" count="0" type="stmt"/>
        <line num="227" count="0" type="stmt"/>
        <line num="228" count="0" type="stmt"/>
        <line num="231" count="0" type="stmt"/>
        <line num="233" count="1" type="stmt"/>
        <line num="237" count="137" type="cond" truecount="1" falsecount="1"/>
        <line num="239" count="137" type="stmt"/>
        <line num="240" count="2" type="stmt"/>
        <line num="241" count="2" type="stmt"/>
        <line num="242" count="2" type="stmt"/>
        <line num="243" count="2" type="cond" truecount="1" falsecount="1"/>
        <line num="244" count="2" type="stmt"/>
        <line num="245" count="2" type="cond" truecount="1" falsecount="1"/>
        <line num="246" count="2" type="stmt"/>
        <line num="247" count="2" type="cond" truecount="1" falsecount="1"/>
        <line num="249" count="2" type="cond" truecount="2" falsecount="2"/>
        <line num="251" count="0" type="stmt"/>
        <line num="253" count="2" type="stmt"/>
        <line num="261" count="2" type="stmt"/>
        <line num="264" count="2" type="cond" truecount="1" falsecount="1"/>
        <line num="265" count="2" type="stmt"/>
        <line num="266" count="2" type="stmt"/>
        <line num="267" count="2" type="stmt"/>
        <line num="270" count="0" type="stmt"/>
        <line num="275" count="137" type="stmt"/>
        <line num="276" count="1" type="stmt"/>
        <line num="277" count="1" type="stmt"/>
        <line num="278" count="1" type="stmt"/>
        <line num="279" count="1" type="cond" truecount="3" falsecount="0"/>
        <line num="280" count="1" type="cond" truecount="1" falsecount="1"/>
        <line num="281" count="1" type="stmt"/>
        <line num="282" count="1" type="cond" truecount="1" falsecount="2"/>
        <line num="284" count="1" type="cond" truecount="1" falsecount="1"/>
        <line num="285" count="0" type="cond" truecount="0" falsecount="2"/>
        <line num="287" count="1" type="stmt"/>
        <line num="296" count="1" type="stmt"/>
        <line num="297" count="1" type="stmt"/>
        <line num="299" count="0" type="stmt"/>
        <line num="300" count="0" type="cond" truecount="0" falsecount="4"/>
        <line num="301" count="0" type="cond" truecount="0" falsecount="4"/>
        <line num="303" count="0" type="stmt"/>
        <line num="305" count="1" type="stmt"/>
        <line num="310" count="137" type="stmt"/>
        <line num="311" count="4" type="stmt"/>
        <line num="312" count="4" type="stmt"/>
        <line num="316" count="137" type="stmt"/>
        <line num="317" count="3" type="stmt"/>
        <line num="318" count="3" type="stmt"/>
        <line num="319" count="3" type="stmt"/>
        <line num="320" count="3" type="stmt"/>
        <line num="321" count="3" type="cond" truecount="4" falsecount="0"/>
        <line num="322" count="1" type="stmt"/>
        <line num="323" count="1" type="stmt"/>
        <line num="324" count="1" type="stmt"/>
        <line num="326" count="2" type="stmt"/>
        <line num="330" count="2" type="cond" truecount="2" falsecount="0"/>
        <line num="331" count="2" type="stmt"/>
        <line num="332" count="2" type="stmt"/>
        <line num="333" count="2" type="stmt"/>
        <line num="334" count="2" type="stmt"/>
        <line num="336" count="0" type="stmt"/>
        <line num="337" count="0" type="cond" truecount="0" falsecount="4"/>
        <line num="338" count="0" type="cond" truecount="0" falsecount="4"/>
        <line num="340" count="0" type="stmt"/>
        <line num="342" count="3" type="stmt"/>
        <line num="347" count="137" type="stmt"/>
        <line num="348" count="10" type="stmt"/>
        <line num="349" count="10" type="stmt"/>
        <line num="350" count="10" type="stmt"/>
        <line num="351" count="10" type="stmt"/>
        <line num="354" count="137" type="stmt"/>
        <line num="355" count="1" type="stmt"/>
        <line num="356" count="1" type="stmt"/>
        <line num="357" count="1" type="stmt"/>
        <line num="358" count="1" type="stmt"/>
        <line num="359" count="1" type="stmt"/>
        <line num="361" count="137" type="stmt"/>
        <line num="362" count="3" type="cond" truecount="1" falsecount="1"/>
        <line num="363" count="3" type="cond" truecount="2" falsecount="2"/>
        <line num="365" count="137" type="stmt"/>
        <line num="366" count="2" type="stmt"/>
        <line num="367" count="2" type="stmt"/>
        <line num="370" count="137" type="stmt"/>
        <line num="371" count="1" type="stmt"/>
        <line num="372" count="1" type="stmt"/>
        <line num="377" count="1" type="stmt"/>
        <line num="378" count="1" type="stmt"/>
        <line num="379" count="1" type="stmt"/>
        <line num="380" count="1" type="stmt"/>
        <line num="382" count="0" type="stmt"/>
        <line num="383" count="0" type="cond" truecount="0" falsecount="4"/>
        <line num="384" count="0" type="cond" truecount="0" falsecount="4"/>
        <line num="386" count="0" type="stmt"/>
        <line num="390" count="137" type="stmt"/>
        <line num="391" count="2" type="stmt"/>
        <line num="392" count="2" type="stmt"/>
        <line num="393" count="2" type="stmt"/>
        <line num="394" count="2" type="stmt"/>
        <line num="395" count="2" type="stmt"/>
        <line num="396" count="1" type="stmt"/>
        <line num="397" count="1" type="stmt"/>
        <line num="398" count="1" type="stmt"/>
        <line num="400" count="1" type="stmt"/>
        <line num="401" count="1" type="cond" truecount="2" falsecount="2"/>
        <line num="402" count="0" type="cond" truecount="0" falsecount="4"/>
        <line num="404" count="1" type="stmt"/>
        <line num="407" count="2" type="stmt"/>
        <line num="412" count="137" type="stmt"/>
        <line num="469" count="1" type="stmt"/>
        <line num="476" count="1" type="stmt"/>
        <line num="501" count="6" type="stmt"/>
        <line num="512" count="33" type="stmt"/>
        <line num="566" count="2" type="stmt"/>
        <line num="575" count="2" type="stmt"/>
        <line num="584" count="1" type="stmt"/>
        <line num="610" count="0" type="stmt"/>
        <line num="643" count="7" type="cond" truecount="2" falsecount="2"/>
        <line num="699" count="85" type="stmt"/>
        <line num="705" count="1" type="stmt"/>
        <line num="771" count="18" type="cond" truecount="3" falsecount="2"/>
        <line num="799" count="1" type="cond" truecount="1" falsecount="1"/>
        <line num="800" count="0" type="stmt"/>
        <line num="804" count="3" type="stmt"/>
        <line num="805" count="2" type="cond" truecount="1" falsecount="1"/>
        <line num="824" count="1" type="stmt"/>
        <line num="825" count="0" type="stmt"/>
        <line num="830" count="0" type="stmt"/>
        <line num="855" count="0" type="cond" truecount="0" falsecount="4"/>
        <line num="861" count="0" type="cond" truecount="2" falsecount="2"/>
        <line num="884" count="0" type="stmt"/>
        <line num="893" count="0" type="cond" truecount="1" falsecount="1"/>
        <line num="896" count="4" type="cond" truecount="2" falsecount="2"/>
        <line num="902" count="0" type="cond" truecount="1" falsecount="1"/>
        <line num="906" count="1" type="cond" truecount="1" falsecount="1"/>
        <line num="910" count="0" type="cond" truecount="1" falsecount="1"/>
        <line num="919" count="0" type="stmt"/>
        <line num="921" count="20" type="stmt"/>
        <line num="932" count="0" type="stmt"/>
        <line num="955" count="0" type="stmt"/>
        <line num="968" count="0" type="stmt"/>
        <line num="1002" count="0" type="stmt"/>
        <line num="1029" count="0" type="stmt"/>
        <line num="1052" count="2" type="stmt"/>
        <line num="1053" count="0" type="stmt"/>
      </file>
      <file name="VaccinationPlanRecord.js" path="D:\LEARNING\SUMMER_2025\SWT301\SWP391-G9\FrontEnd\src\pages\VaccinationPlanRecord.js">
        <metrics statements="84" coveredstatements="83" conditionals="67" coveredconditionals="50" methods="21" coveredmethods="20"/>
        <line num="8" count="1" type="stmt"/>
        <line num="9" count="121" type="stmt"/>
        <line num="10" count="120" type="stmt"/>
        <line num="11" count="120" type="stmt"/>
        <line num="12" count="120" type="stmt"/>
        <line num="13" count="120" type="stmt"/>
        <line num="14" count="120" type="stmt"/>
        <line num="15" count="120" type="stmt"/>
        <line num="16" count="120" type="stmt"/>
        <line num="24" count="120" type="stmt"/>
        <line num="25" count="120" type="stmt"/>
        <line num="26" count="120" type="stmt"/>
        <line num="27" count="120" type="stmt"/>
        <line num="29" count="120" type="stmt"/>
        <line num="31" count="29" type="stmt"/>
        <line num="32" count="29" type="stmt"/>
        <line num="33" count="29" type="stmt"/>
        <line num="34" count="28" type="stmt"/>
        <line num="36" count="1" type="stmt"/>
        <line num="39" count="29" type="stmt"/>
        <line num="42" count="120" type="stmt"/>
        <line num="43" count="29" type="stmt"/>
        <line num="44" count="29" type="stmt"/>
        <line num="45" count="29" type="stmt"/>
        <line num="46" count="29" type="stmt"/>
        <line num="48" count="28" type="cond" truecount="2" falsecount="1"/>
        <line num="50" count="28" type="stmt"/>
        <line num="52" count="27" type="stmt"/>
        <line num="53" count="27" type="stmt"/>
        <line num="54" count="26" type="stmt"/>
        <line num="61" count="1" type="stmt"/>
        <line num="70" count="28" type="stmt"/>
        <line num="72" count="1" type="stmt"/>
        <line num="74" count="29" type="stmt"/>
        <line num="77" count="29" type="stmt"/>
        <line num="80" count="120" type="stmt"/>
        <line num="82" count="29" type="stmt"/>
        <line num="85" count="120" type="stmt"/>
        <line num="86" count="23" type="stmt"/>
        <line num="87" count="23" type="stmt"/>
        <line num="88" count="23" type="cond" truecount="4" falsecount="0"/>
        <line num="90" count="22" type="cond" truecount="2" falsecount="0"/>
        <line num="91" count="22" type="stmt"/>
        <line num="92" count="22" type="cond" truecount="1" falsecount="2"/>
        <line num="93" count="22" type="cond" truecount="2" falsecount="0"/>
        <line num="95" count="22" type="cond" truecount="4" falsecount="0"/>
        <line num="96" count="22" type="cond" truecount="3" falsecount="1"/>
        <line num="98" count="23" type="cond" truecount="2" falsecount="0"/>
        <line num="99" count="2" type="stmt"/>
        <line num="100" count="2" type="stmt"/>
        <line num="102" count="21" type="stmt"/>
        <line num="103" count="21" type="stmt"/>
        <line num="104" count="21" type="stmt"/>
        <line num="112" count="21" type="stmt"/>
        <line num="113" count="21" type="stmt"/>
        <line num="116" count="120" type="stmt"/>
        <line num="117" count="4" type="stmt"/>
        <line num="118" count="4" type="stmt"/>
        <line num="119" count="4" type="stmt"/>
        <line num="120" count="4" type="stmt"/>
        <line num="123" count="120" type="stmt"/>
        <line num="124" count="16" type="stmt"/>
        <line num="125" count="16" type="cond" truecount="2" falsecount="0"/>
        <line num="128" count="120" type="stmt"/>
        <line num="129" count="13" type="stmt"/>
        <line num="130" count="13" type="stmt"/>
        <line num="131" count="13" type="stmt"/>
        <line num="132" count="13" type="stmt"/>
        <line num="141" count="13" type="stmt"/>
        <line num="142" count="13" type="stmt"/>
        <line num="143" count="13" type="stmt"/>
        <line num="144" count="7" type="stmt"/>
        <line num="145" count="7" type="stmt"/>
        <line num="146" count="2" type="stmt"/>
        <line num="149" count="6" type="stmt"/>
        <line num="150" count="6" type="cond" truecount="2" falsecount="0"/>
        <line num="151" count="1" type="stmt"/>
        <line num="153" count="5" type="stmt"/>
        <line num="156" count="13" type="stmt"/>
        <line num="160" count="120" type="stmt"/>
        <line num="203" count="87" type="cond" truecount="1" falsecount="1"/>
        <line num="209" count="23" type="stmt"/>
        <line num="234" count="58" type="cond" truecount="3" falsecount="3"/>
        <line num="235" count="0" type="cond" truecount="0" falsecount="2"/>
      </file>
      <file name="VaccinationPlanStudents.js" path="D:\LEARNING\SUMMER_2025\SWT301\SWP391-G9\FrontEnd\src\pages\VaccinationPlanStudents.js">
        <metrics statements="20" coveredstatements="19" conditionals="21" coveredconditionals="13" methods="6" coveredmethods="6"/>
        <line num="6" count="1" type="stmt"/>
        <line num="7" count="13" type="stmt"/>
        <line num="8" count="12" type="stmt"/>
        <line num="9" count="12" type="stmt"/>
        <line num="11" count="12" type="stmt"/>
        <line num="12" count="8" type="stmt"/>
        <line num="13" count="8" type="stmt"/>
        <line num="14" count="8" type="stmt"/>
        <line num="16" count="7" type="cond" truecount="3" falsecount="0"/>
        <line num="18" count="7" type="stmt"/>
        <line num="20" count="2" type="stmt"/>
        <line num="21" count="2" type="stmt"/>
        <line num="22" count="2" type="stmt"/>
        <line num="28" count="0" type="stmt"/>
        <line num="36" count="7" type="stmt"/>
        <line num="38" count="1" type="stmt"/>
        <line num="40" count="8" type="stmt"/>
        <line num="43" count="8" type="stmt"/>
        <line num="46" count="12" type="stmt"/>
        <line num="84" count="1" type="cond" truecount="1" falsecount="1"/>
      </file>
    </package>
    <package name="services">
      <metrics statements="9" coveredstatements="9" conditionals="4" coveredconditionals="3" methods="2" coveredmethods="2"/>
      <file name="apiClient.js" path="D:\LEARNING\SUMMER_2025\SWT301\SWP391-G9\FrontEnd\src\services\apiClient.js">
        <metrics statements="9" coveredstatements="9" conditionals="4" coveredconditionals="3" methods="2" coveredmethods="2"/>
        <line num="1" count="5" type="stmt"/>
        <line num="4" count="5" type="stmt"/>
        <line num="13" count="5" type="stmt"/>
        <line num="16" count="2" type="cond" truecount="1" falsecount="1"/>
        <line num="17" count="2" type="stmt"/>
        <line num="18" count="2" type="cond" truecount="2" falsecount="0"/>
        <line num="19" count="1" type="stmt"/>
        <line num="22" count="2" type="stmt"/>
        <line num="25" count="1" type="stmt"/>
      </file>
    </package>
  </project>
</coverage>
