<?xml version="1.0" encoding="UTF-8"?>
<coverage generated="1753366678417" clover="3.2.0">
  <project timestamp="1753366678417" name="All files">
    <metrics statements="555" coveredstatements="320" conditionals="484" coveredconditionals="282" methods="160" coveredmethods="90" elements="1199" coveredelements="692" complexity="0" loc="555" ncloc="555" packages="4" files="6" classes="6"/>
    <package name="components">
      <metrics statements="34" coveredstatements="34" conditionals="64" coveredconditionals="58" methods="8" coveredmethods="8"/>
      <file name="ErrorDialog.js" path="D:\SWP391-School_Medical_Management_System\FrontEnd\src\components\ErrorDialog.js">
        <metrics statements="3" coveredstatements="3" conditionals="2" coveredconditionals="2" methods="1" coveredmethods="1"/>
        <line num="4" count="1" type="stmt"/>
        <line num="5" count="522" type="cond" truecount="2" falsecount="0"/>
        <line num="6" count="1" type="stmt"/>
      </file>
      <file name="HealthCheckResultForm.js" path="D:\SWP391-School_Medical_Management_System\FrontEnd\src\components\HealthCheckResultForm.js">
        <metrics statements="31" coveredstatements="31" conditionals="62" coveredconditionals="56" methods="7" coveredmethods="7"/>
        <line num="7" count="12" type="stmt"/>
        <line num="12" count="151" type="stmt"/>
        <line num="13" count="151" type="stmt"/>
        <line num="31" count="151" type="stmt"/>
        <line num="35" count="151" type="stmt"/>
        <line num="36" count="151" type="stmt"/>
        <line num="38" count="151" type="stmt"/>
        <line num="39" count="19" type="stmt"/>
        <line num="49" count="151" type="stmt"/>
        <line num="50" count="89" type="stmt"/>
        <line num="51" count="89" type="stmt"/>
        <line num="57" count="151" type="stmt"/>
        <line num="58" count="12" type="stmt"/>
        <line num="59" count="12" type="stmt"/>
        <line num="60" count="12" type="stmt"/>
        <line num="63" count="12" type="cond" truecount="4" falsecount="1"/>
        <line num="67" count="12" type="stmt"/>
        <line num="88" count="12" type="stmt"/>
        <line num="89" count="12" type="stmt"/>
        <line num="91" count="12" type="stmt"/>
        <line num="92" count="12" type="stmt"/>
        <line num="93" count="7" type="cond" truecount="2" falsecount="0"/>
        <line num="95" count="5" type="stmt"/>
        <line num="96" count="5" type="stmt"/>
        <line num="104" count="5" type="cond" truecount="2" falsecount="0"/>
        <line num="105" count="4" type="cond" truecount="2" falsecount="0"/>
        <line num="110" count="4" type="stmt"/>
        <line num="112" count="1" type="stmt"/>
        <line num="114" count="5" type="stmt"/>
        <line num="116" count="12" type="stmt"/>
        <line num="120" count="151" type="stmt"/>
      </file>
    </package>
    <package name="context">
      <metrics statements="47" coveredstatements="3" conditionals="12" coveredconditionals="0" methods="9" coveredmethods="0"/>
      <file name="AuthContext.js" path="D:\SWP391-School_Medical_Management_System\FrontEnd\src\context\AuthContext.js">
        <metrics statements="47" coveredstatements="3" conditionals="12" coveredconditionals="0" methods="9" coveredmethods="0"/>
        <line num="4" count="1" type="stmt"/>
        <line num="6" count="1" type="stmt"/>
        <line num="8" count="1" type="stmt"/>
        <line num="10" count="0" type="stmt"/>
        <line num="11" count="0" type="stmt"/>
        <line num="12" count="0" type="cond" truecount="0" falsecount="2"/>
        <line num="14" count="0" type="stmt"/>
        <line num="15" count="0" type="stmt"/>
        <line num="17" count="0" type="stmt"/>
        <line num="18" count="0" type="stmt"/>
        <line num="21" count="0" type="stmt"/>
        <line num="22" count="0" type="stmt"/>
        <line num="23" count="0" type="cond" truecount="0" falsecount="2"/>
        <line num="24" count="0" type="stmt"/>
        <line num="28" count="0" type="stmt"/>
        <line num="29" count="0" type="stmt"/>
        <line num="30" count="0" type="stmt"/>
        <line num="31" count="0" type="stmt"/>
        <line num="32" count="0" type="stmt"/>
        <line num="33" count="0" type="stmt"/>
        <line num="35" count="0" type="stmt"/>
        <line num="36" count="0" type="stmt"/>
        <line num="37" count="0" type="stmt"/>
        <line num="38" count="0" type="stmt"/>
        <line num="39" count="0" type="stmt"/>
        <line num="40" count="0" type="stmt"/>
        <line num="41" count="0" type="stmt"/>
        <line num="42" count="0" type="stmt"/>
        <line num="44" count="0" type="cond" truecount="0" falsecount="2"/>
        <line num="45" count="0" type="cond" truecount="0" falsecount="3"/>
        <line num="46" count="0" type="stmt"/>
        <line num="47" count="0" type="stmt"/>
        <line num="48" count="0" type="stmt"/>
        <line num="49" count="0" type="stmt"/>
        <line num="53" count="0" type="stmt"/>
        <line num="54" count="0" type="stmt"/>
        <line num="55" count="0" type="stmt"/>
        <line num="56" count="0" type="stmt"/>
        <line num="57" count="0" type="stmt"/>
        <line num="58" count="0" type="stmt"/>
        <line num="59" count="0" type="stmt"/>
        <line num="63" count="0" type="stmt"/>
        <line num="65" count="0" type="cond" truecount="0" falsecount="3"/>
        <line num="69" count="0" type="stmt"/>
        <line num="70" count="0" type="stmt"/>
        <line num="74" count="0" type="stmt"/>
        <line num="76" count="0" type="stmt"/>
      </file>
    </package>
    <package name="pages">
      <metrics statements="447" coveredstatements="271" conditionals="404" coveredconditionals="224" methods="132" coveredmethods="82"/>
      <file name="HealthCheckManagement.js" path="D:\SWP391-School_Medical_Management_System\FrontEnd\src\pages\HealthCheckManagement.js">
        <metrics statements="447" coveredstatements="271" conditionals="404" coveredconditionals="224" methods="132" coveredmethods="82"/>
        <line num="10" count="1" type="stmt"/>
        <line num="11" count="262" type="stmt"/>
        <line num="12" count="262" type="stmt"/>
        <line num="14" count="262" type="stmt"/>
        <line num="15" count="261" type="stmt"/>
        <line num="16" count="261" type="stmt"/>
        <line num="17" count="261" type="stmt"/>
        <line num="18" count="261" type="stmt"/>
        <line num="19" count="261" type="stmt"/>
        <line num="20" count="261" type="stmt"/>
        <line num="34" count="261" type="stmt"/>
        <line num="40" count="261" type="stmt"/>
        <line num="48" count="261" type="stmt"/>
        <line num="51" count="261" type="stmt"/>
        <line num="54" count="261" type="stmt"/>
        <line num="57" count="261" type="stmt"/>
        <line num="60" count="261" type="stmt"/>
        <line num="61" count="261" type="stmt"/>
        <line num="64" count="261" type="stmt"/>
        <line num="65" count="261" type="stmt"/>
        <line num="66" count="261" type="stmt"/>
        <line num="69" count="261" type="stmt"/>
        <line num="76" count="261" type="stmt"/>
        <line num="77" count="261" type="stmt"/>
        <line num="78" count="261" type="stmt"/>
        <line num="79" count="261" type="stmt"/>
        <line num="82" count="261" type="stmt"/>
        <line num="84" count="261" type="stmt"/>
        <line num="85" count="261" type="stmt"/>
        <line num="106" count="261" type="stmt"/>
        <line num="109" count="261" type="stmt"/>
        <line num="110" count="261" type="stmt"/>
        <line num="112" count="261" type="stmt"/>
        <line num="113" count="261" type="stmt"/>
        <line num="114" count="261" type="stmt"/>
        <line num="116" count="261" type="stmt"/>
        <line num="117" count="261" type="stmt"/>
        <line num="118" count="261" type="stmt"/>
        <line num="120" count="261" type="stmt"/>
        <line num="122" count="71" type="cond" truecount="4" falsecount="0"/>
        <line num="123" count="2" type="stmt"/>
        <line num="124" count="2" type="stmt"/>
        <line num="133" count="261" type="stmt"/>
        <line num="134" count="71" type="stmt"/>
        <line num="136" count="65" type="stmt"/>
        <line num="140" count="65" type="stmt"/>
        <line num="141" count="65" type="stmt"/>
        <line num="143" count="6" type="stmt"/>
        <line num="146" count="261" type="stmt"/>
        <line num="147" count="71" type="stmt"/>
        <line num="150" count="261" type="stmt"/>
        <line num="151" count="13" type="stmt"/>
        <line num="152" count="13" type="stmt"/>
        <line num="153" count="13" type="stmt"/>
        <line num="154" count="12" type="cond" truecount="1" falsecount="1"/>
        <line num="156" count="1" type="stmt"/>
        <line num="160" count="261" type="stmt"/>
        <line num="161" count="2" type="stmt"/>
        <line num="164" count="261" type="stmt"/>
        <line num="165" count="10" type="stmt"/>
        <line num="166" count="10" type="stmt"/>
        <line num="178" count="10" type="stmt"/>
        <line num="181" count="261" type="stmt"/>
        <line num="182" count="3" type="stmt"/>
        <line num="183" count="3" type="stmt"/>
        <line num="195" count="3" type="stmt"/>
        <line num="198" count="261" type="stmt"/>
        <line num="199" count="0" type="stmt"/>
        <line num="200" count="0" type="stmt"/>
        <line num="203" count="261" type="stmt"/>
        <line num="204" count="4" type="stmt"/>
        <line num="205" count="4" type="stmt"/>
        <line num="208" count="261" type="stmt"/>
        <line num="209" count="19" type="stmt"/>
        <line num="210" count="19" type="stmt"/>
        <line num="211" count="19" type="cond" truecount="1" falsecount="1"/>
        <line num="213" count="19" type="cond" truecount="1" falsecount="1"/>
        <line num="214" count="0" type="cond" truecount="0" falsecount="2"/>
        <line num="215" count="0" type="stmt"/>
        <line num="217" count="0" type="cond" truecount="0" falsecount="2"/>
        <line num="218" count="0" type="stmt"/>
        <line num="222" count="19" type="stmt"/>
        <line num="226" count="261" type="stmt"/>
        <line num="227" count="1" type="stmt"/>
        <line num="229" count="1" type="cond" truecount="4" falsecount="1"/>
        <line num="230" count="0" type="stmt"/>
        <line num="231" count="0" type="stmt"/>
        <line num="232" count="0" type="stmt"/>
        <line num="235" count="1" type="stmt"/>
        <line num="236" count="1" type="stmt"/>
        <line num="237" count="1" type="stmt"/>
        <line num="238" count="1" type="stmt"/>
        <line num="239" count="1" type="stmt"/>
        <line num="241" count="1" type="cond" truecount="1" falsecount="2"/>
        <line num="243" count="0" type="stmt"/>
        <line num="245" count="0" type="stmt"/>
        <line num="246" count="0" type="stmt"/>
        <line num="247" count="0" type="stmt"/>
        <line num="248" count="0" type="stmt"/>
        <line num="252" count="1" type="stmt"/>
        <line num="253" count="1" type="cond" truecount="2" falsecount="2"/>
        <line num="254" count="0" type="stmt"/>
        <line num="256" count="1" type="stmt"/>
        <line num="267" count="1" type="stmt"/>
        <line num="269" count="1" type="stmt"/>
        <line num="270" count="1" type="stmt"/>
        <line num="272" count="1" type="stmt"/>
        <line num="273" count="1" type="stmt"/>
        <line num="274" count="1" type="stmt"/>
        <line num="276" count="1" type="stmt"/>
        <line num="277" count="1" type="stmt"/>
        <line num="279" count="1" type="stmt"/>
        <line num="280" count="1" type="stmt"/>
        <line num="282" count="0" type="stmt"/>
        <line num="283" count="0" type="stmt"/>
        <line num="284" count="0" type="stmt"/>
        <line num="285" count="0" type="stmt"/>
        <line num="290" count="261" type="stmt"/>
        <line num="291" count="0" type="stmt"/>
        <line num="292" count="0" type="stmt"/>
        <line num="298" count="261" type="stmt"/>
        <line num="302" count="0" type="stmt"/>
        <line num="305" count="261" type="stmt"/>
        <line num="306" count="0" type="stmt"/>
        <line num="311" count="0" type="stmt"/>
        <line num="316" count="0" type="stmt"/>
        <line num="317" count="0" type="stmt"/>
        <line num="320" count="0" type="stmt"/>
        <line num="321" count="0" type="stmt"/>
        <line num="322" count="0" type="stmt"/>
        <line num="325" count="0" type="stmt"/>
        <line num="326" count="0" type="stmt"/>
        <line num="327" count="0" type="cond" truecount="0" falsecount="2"/>
        <line num="328" count="0" type="stmt"/>
        <line num="335" count="261" type="stmt"/>
        <line num="336" count="15" type="stmt"/>
        <line num="339" count="15" type="stmt"/>
        <line num="344" count="15" type="stmt"/>
        <line num="345" count="15" type="stmt"/>
        <line num="348" count="15" type="stmt"/>
        <line num="349" count="15" type="stmt"/>
        <line num="350" count="15" type="stmt"/>
        <line num="353" count="15" type="stmt"/>
        <line num="354" count="15" type="stmt"/>
        <line num="355" count="15" type="cond" truecount="2" falsecount="0"/>
        <line num="356" count="5" type="stmt"/>
        <line num="362" count="261" type="stmt"/>
        <line num="363" count="1" type="stmt"/>
        <line num="365" count="261" type="stmt"/>
        <line num="366" count="6" type="stmt"/>
        <line num="367" count="6" type="stmt"/>
        <line num="369" count="6" type="stmt"/>
        <line num="370" count="6" type="stmt"/>
        <line num="374" count="6" type="stmt"/>
        <line num="375" count="6" type="stmt"/>
        <line num="378" count="6" type="cond" truecount="4" falsecount="0"/>
        <line num="379" count="5" type="stmt"/>
        <line num="380" count="5" type="stmt"/>
        <line num="381" count="5" type="stmt"/>
        <line num="382" count="5" type="stmt"/>
        <line num="384" count="6" type="stmt"/>
        <line num="389" count="6" type="stmt"/>
        <line num="390" count="5" type="cond" truecount="1" falsecount="1"/>
        <line num="391" count="0" type="stmt"/>
        <line num="393" count="5" type="stmt"/>
        <line num="394" count="5" type="stmt"/>
        <line num="395" count="5" type="stmt"/>
        <line num="397" count="0" type="stmt"/>
        <line num="398" count="0" type="stmt"/>
        <line num="399" count="0" type="stmt"/>
        <line num="404" count="261" type="stmt"/>
        <line num="405" count="2" type="cond" truecount="1" falsecount="1"/>
        <line num="406" count="2" type="stmt"/>
        <line num="407" count="2" type="cond" truecount="2" falsecount="0"/>
        <line num="408" count="1" type="stmt"/>
        <line num="410" count="1" type="stmt"/>
        <line num="415" count="261" type="stmt"/>
        <line num="417" count="4" type="stmt"/>
        <line num="418" count="2" type="cond" truecount="2" falsecount="0"/>
        <line num="419" count="1" type="stmt"/>
        <line num="421" count="1" type="stmt"/>
        <line num="425" count="261" type="stmt"/>
        <line num="426" count="0" type="stmt"/>
        <line num="428" count="0" type="stmt"/>
        <line num="429" count="0" type="stmt"/>
        <line num="430" count="0" type="cond" truecount="0" falsecount="2"/>
        <line num="431" count="0" type="stmt"/>
        <line num="432" count="0" type="stmt"/>
        <line num="436" count="0" type="cond" truecount="0" falsecount="4"/>
        <line num="437" count="0" type="stmt"/>
        <line num="438" count="0" type="stmt"/>
        <line num="442" count="0" type="cond" truecount="0" falsecount="4"/>
        <line num="443" count="0" type="stmt"/>
        <line num="444" count="0" type="stmt"/>
        <line num="447" count="0" type="stmt"/>
        <line num="448" count="0" type="stmt"/>
        <line num="450" count="0" type="stmt"/>
        <line num="451" count="0" type="stmt"/>
        <line num="452" count="0" type="stmt"/>
        <line num="453" count="0" type="cond" truecount="0" falsecount="4"/>
        <line num="454" count="0" type="stmt"/>
        <line num="457" count="0" type="stmt"/>
        <line num="459" count="0" type="stmt"/>
        <line num="462" count="0" type="cond" truecount="0" falsecount="2"/>
        <line num="463" count="0" type="cond" truecount="0" falsecount="2"/>
        <line num="464" count="0" type="stmt"/>
        <line num="465" count="0" type="stmt"/>
        <line num="468" count="0" type="stmt"/>
        <line num="476" count="0" type="stmt"/>
        <line num="479" count="0" type="stmt"/>
        <line num="480" count="0" type="stmt"/>
        <line num="481" count="0" type="stmt"/>
        <line num="482" count="0" type="stmt"/>
        <line num="483" count="0" type="stmt"/>
        <line num="484" count="0" type="stmt"/>
        <line num="485" count="0" type="stmt"/>
        <line num="486" count="0" type="stmt"/>
        <line num="487" count="0" type="stmt"/>
        <line num="490" count="0" type="stmt"/>
        <line num="491" count="0" type="stmt"/>
        <line num="492" count="0" type="stmt"/>
        <line num="493" count="0" type="stmt"/>
        <line num="495" count="0" type="stmt"/>
        <line num="499" count="0" type="stmt"/>
        <line num="500" count="0" type="stmt"/>
        <line num="501" count="0" type="stmt"/>
        <line num="502" count="0" type="stmt"/>
        <line num="504" count="0" type="stmt"/>
        <line num="507" count="0" type="stmt"/>
        <line num="508" count="0" type="stmt"/>
        <line num="509" count="0" type="stmt"/>
        <line num="512" count="0" type="stmt"/>
        <line num="513" count="0" type="stmt"/>
        <line num="515" count="0" type="stmt"/>
        <line num="516" count="0" type="stmt"/>
        <line num="518" count="0" type="stmt"/>
        <line num="519" count="0" type="stmt"/>
        <line num="520" count="0" type="stmt"/>
        <line num="521" count="0" type="stmt"/>
        <line num="522" count="0" type="stmt"/>
        <line num="523" count="0" type="stmt"/>
        <line num="524" count="0" type="stmt"/>
        <line num="527" count="0" type="stmt"/>
        <line num="529" count="0" type="cond" truecount="0" falsecount="4"/>
        <line num="530" count="0" type="cond" truecount="0" falsecount="2"/>
        <line num="531" count="0" type="stmt"/>
        <line num="532" count="0" type="cond" truecount="0" falsecount="2"/>
        <line num="533" count="0" type="stmt"/>
        <line num="537" count="0" type="stmt"/>
        <line num="541" count="261" type="stmt"/>
        <line num="543" count="7" type="stmt"/>
        <line num="546" count="7" type="stmt"/>
        <line num="547" count="7" type="stmt"/>
        <line num="551" count="261" type="stmt"/>
        <line num="553" count="6" type="stmt"/>
        <line num="556" count="6" type="stmt"/>
        <line num="560" count="261" type="stmt"/>
        <line num="561" count="87" type="cond" truecount="2" falsecount="0"/>
        <line num="562" count="15" type="stmt"/>
        <line num="564" count="15" type="stmt"/>
        <line num="566" count="13" type="stmt"/>
        <line num="567" count="13" type="stmt"/>
        <line num="568" count="2" type="stmt"/>
        <line num="569" count="2" type="stmt"/>
        <line num="570" count="2" type="stmt"/>
        <line num="571" count="2" type="stmt"/>
        <line num="572" count="2" type="stmt"/>
        <line num="575" count="2" type="stmt"/>
        <line num="576" count="0" type="stmt"/>
        <line num="581" count="13" type="stmt"/>
        <line num="582" count="13" type="stmt"/>
        <line num="583" count="5" type="stmt"/>
        <line num="584" count="5" type="stmt"/>
        <line num="585" count="5" type="stmt"/>
        <line num="586" count="5" type="stmt"/>
        <line num="589" count="13" type="stmt"/>
        <line num="595" count="261" type="stmt"/>
        <line num="596" count="137" type="cond" truecount="4" falsecount="0"/>
        <line num="597" count="2" type="stmt"/>
        <line num="599" count="2" type="stmt"/>
        <line num="603" count="2" type="stmt"/>
        <line num="604" count="2" type="stmt"/>
        <line num="606" count="0" type="stmt"/>
        <line num="610" count="261" type="stmt"/>
        <line num="613" count="261" type="stmt"/>
        <line num="614" count="181" type="cond" truecount="1" falsecount="2"/>
        <line num="615" count="181" type="cond" truecount="1" falsecount="2"/>
        <line num="616" count="181" type="cond" truecount="1" falsecount="2"/>
        <line num="617" count="181" type="cond" truecount="3" falsecount="0"/>
        <line num="621" count="261" type="stmt"/>
        <line num="622" count="261" type="stmt"/>
        <line num="623" count="181" type="stmt"/>
        <line num="627" count="261" type="stmt"/>
        <line num="628" count="181" type="cond" truecount="1" falsecount="3"/>
        <line num="629" count="181" type="cond" truecount="1" falsecount="1"/>
        <line num="633" count="261" type="stmt"/>
        <line num="634" count="226" type="cond" truecount="1" falsecount="1"/>
        <line num="635" count="226" type="cond" truecount="1" falsecount="1"/>
        <line num="636" count="226" type="cond" truecount="1" falsecount="1"/>
        <line num="637" count="226" type="cond" truecount="2" falsecount="0"/>
        <line num="641" count="261" type="stmt"/>
        <line num="642" count="226" type="stmt"/>
        <line num="643" count="226" type="cond" truecount="2" falsecount="0"/>
        <line num="647" count="261" type="stmt"/>
        <line num="648" count="0" type="stmt"/>
        <line num="649" count="0" type="stmt"/>
        <line num="650" count="0" type="stmt"/>
        <line num="651" count="0" type="stmt"/>
        <line num="652" count="0" type="stmt"/>
        <line num="653" count="0" type="stmt"/>
        <line num="654" count="0" type="stmt"/>
        <line num="655" count="0" type="stmt"/>
        <line num="656" count="0" type="stmt"/>
        <line num="658" count="0" type="stmt"/>
        <line num="659" count="0" type="stmt"/>
        <line num="660" count="0" type="stmt"/>
        <line num="661" count="0" type="stmt"/>
        <line num="666" count="261" type="stmt"/>
        <line num="667" count="84" type="cond" truecount="2" falsecount="0"/>
        <line num="668" count="6" type="stmt"/>
        <line num="669" count="8" type="stmt"/>
        <line num="670" count="8" type="cond" truecount="2" falsecount="0"/>
        <line num="671" count="6" type="cond" truecount="2" falsecount="0"/>
        <line num="672" count="2" type="stmt"/>
        <line num="673" count="4" type="cond" truecount="1" falsecount="1"/>
        <line num="675" count="2" type="stmt"/>
        <line num="676" count="4" type="stmt"/>
        <line num="677" count="2" type="stmt"/>
        <line num="684" count="261" type="stmt"/>
        <line num="685" count="71" type="stmt"/>
        <line num="686" count="71" type="stmt"/>
        <line num="688" count="71" type="stmt"/>
        <line num="689" count="71" type="stmt"/>
        <line num="692" count="0" type="stmt"/>
        <line num="693" count="0" type="stmt"/>
        <line num="694" count="0" type="stmt"/>
        <line num="699" count="261" type="stmt"/>
        <line num="700" count="3" type="cond" truecount="2" falsecount="0"/>
        <line num="701" count="3" type="cond" truecount="1" falsecount="1"/>
        <line num="702" count="0" type="cond" truecount="0" falsecount="2"/>
        <line num="703" count="0" type="cond" truecount="0" falsecount="2"/>
        <line num="705" count="3" type="cond" truecount="2" falsecount="0"/>
        <line num="706" count="3" type="stmt"/>
        <line num="725" count="3" type="stmt"/>
        <line num="726" count="3" type="stmt"/>
        <line num="732" count="261" type="stmt"/>
        <line num="733" count="261" type="stmt"/>
        <line num="734" count="0" type="stmt"/>
        <line num="735" count="0" type="cond" truecount="0" falsecount="2"/>
        <line num="738" count="261" type="stmt"/>
        <line num="739" count="0" type="stmt"/>
        <line num="740" count="0" type="stmt"/>
        <line num="759" count="0" type="stmt"/>
        <line num="760" count="0" type="stmt"/>
        <line num="761" count="0" type="cond" truecount="0" falsecount="4"/>
        <line num="763" count="0" type="stmt"/>
        <line num="764" count="0" type="cond" truecount="0" falsecount="4"/>
        <line num="765" count="0" type="stmt"/>
        <line num="772" count="0" type="stmt"/>
        <line num="773" count="0" type="stmt"/>
        <line num="774" count="0" type="stmt"/>
        <line num="776" count="0" type="stmt"/>
        <line num="780" count="261" type="stmt"/>
        <line num="781" count="8" type="stmt"/>
        <line num="782" count="8" type="stmt"/>
        <line num="784" count="8" type="cond" truecount="4" falsecount="0"/>
        <line num="785" count="8" type="stmt"/>
        <line num="787" count="0" type="stmt"/>
        <line num="791" count="261" type="stmt"/>
        <line num="792" count="99" type="cond" truecount="4" falsecount="0"/>
        <line num="793" count="8" type="stmt"/>
        <line num="794" count="6" type="stmt"/>
        <line num="799" count="261" type="stmt"/>
        <line num="800" count="93" type="cond" truecount="4" falsecount="0"/>
        <line num="801" count="4" type="stmt"/>
        <line num="802" count="4" type="stmt"/>
        <line num="803" count="3" type="cond" truecount="1" falsecount="1"/>
        <line num="804" count="3" type="stmt"/>
        <line num="812" count="261" type="stmt"/>
        <line num="813" count="261" type="stmt"/>
        <line num="814" count="261" type="stmt"/>
        <line num="818" count="10" type="cond" truecount="1" falsecount="1"/>
        <line num="819" count="10" type="cond" truecount="2" falsecount="2"/>
        <line num="821" count="9" type="stmt"/>
        <line num="823" count="1" type="stmt"/>
        <line num="825" count="0" type="stmt"/>
        <line num="827" count="0" type="stmt"/>
        <line num="831" count="0" type="cond" truecount="0" falsecount="2"/>
        <line num="832" count="0" type="cond" truecount="0" falsecount="4"/>
        <line num="833" count="0" type="cond" truecount="0" falsecount="4"/>
        <line num="834" count="0" type="cond" truecount="0" falsecount="4"/>
        <line num="835" count="0" type="stmt"/>
        <line num="838" count="261" type="stmt"/>
        <line num="866" count="181" type="stmt"/>
        <line num="875" count="181" type="stmt"/>
        <line num="901" count="0" type="stmt"/>
        <line num="910" count="0" type="stmt"/>
        <line num="914" count="181" type="cond" truecount="4" falsecount="0"/>
        <line num="925" count="0" type="stmt"/>
        <line num="929" count="165" type="cond" truecount="2" falsecount="2"/>
        <line num="962" count="181" type="stmt"/>
        <line num="963" count="181" type="stmt"/>
        <line num="964" count="181" type="stmt"/>
        <line num="965" count="181" type="stmt"/>
        <line num="985" count="13" type="stmt"/>
        <line num="988" count="3" type="stmt"/>
        <line num="992" count="0" type="stmt"/>
        <line num="1011" count="11" type="stmt"/>
        <line num="1074" count="9" type="stmt"/>
        <line num="1180" count="15" type="stmt"/>
        <line num="1254" count="30" type="cond" truecount="2" falsecount="3"/>
        <line num="1340" count="14" type="cond" truecount="1" falsecount="1"/>
        <line num="1348" count="2" type="cond" truecount="2" falsecount="0"/>
        <line num="1423" count="0" type="stmt"/>
        <line num="1444" count="10" type="cond" truecount="4" falsecount="0"/>
        <line num="1450" count="10" type="cond" truecount="4" falsecount="0"/>
        <line num="1455" count="10" type="cond" truecount="3" falsecount="0"/>
        <line num="1457" count="10" type="cond" truecount="1" falsecount="2"/>
        <line num="1458" count="10" type="cond" truecount="2" falsecount="0"/>
        <line num="1459" count="10" type="cond" truecount="1" falsecount="1"/>
        <line num="1462" count="10" type="stmt"/>
        <line num="1471" count="0" type="cond" truecount="0" falsecount="3"/>
        <line num="1481" count="3" type="stmt"/>
        <line num="1493" count="0" type="cond" truecount="0" falsecount="5"/>
        <line num="1511" count="0" type="stmt"/>
        <line num="1526" count="0" type="stmt"/>
        <line num="1554" count="0" type="stmt"/>
        <line num="1568" count="0" type="stmt"/>
        <line num="1569" count="0" type="stmt"/>
        <line num="1571" count="0" type="stmt"/>
        <line num="1578" count="0" type="stmt"/>
        <line num="1580" count="0" type="stmt"/>
        <line num="1590" count="0" type="stmt"/>
        <line num="1592" count="0" type="stmt"/>
        <line num="1593" count="0" type="stmt"/>
        <line num="1594" count="0" type="stmt"/>
        <line num="1595" count="0" type="stmt"/>
        <line num="1596" count="0" type="stmt"/>
        <line num="1597" count="0" type="stmt"/>
        <line num="1602" count="0" type="stmt"/>
        <line num="1604" count="0" type="cond" truecount="0" falsecount="2"/>
        <line num="1607" count="0" type="stmt"/>
        <line num="1617" count="0" type="cond" truecount="0" falsecount="2"/>
        <line num="1632" count="0" type="cond" truecount="0" falsecount="4"/>
        <line num="1633" count="0" type="stmt"/>
        <line num="1634" count="0" type="cond" truecount="0" falsecount="2"/>
        <line num="1635" count="0" type="cond" truecount="0" falsecount="3"/>
      </file>
    </package>
    <package name="services">
      <metrics statements="27" coveredstatements="12" conditionals="4" coveredconditionals="0" methods="11" coveredmethods="0"/>
      <file name="apiClient.js" path="D:\SWP391-School_Medical_Management_System\FrontEnd\src\services\apiClient.js">
        <metrics statements="9" coveredstatements="3" conditionals="4" coveredconditionals="0" methods="2" coveredmethods="0"/>
        <line num="1" count="2" type="stmt"/>
        <line num="4" count="2" type="stmt"/>
        <line num="13" count="2" type="stmt"/>
        <line num="16" count="0" type="cond" truecount="0" falsecount="2"/>
        <line num="17" count="0" type="stmt"/>
        <line num="18" count="0" type="cond" truecount="0" falsecount="2"/>
        <line num="19" count="0" type="stmt"/>
        <line num="22" count="0" type="stmt"/>
        <line num="25" count="0" type="stmt"/>
      </file>
      <file name="healthCheckService.js" path="D:\SWP391-School_Medical_Management_System\FrontEnd\src\services\healthCheckService.js">
        <metrics statements="18" coveredstatements="9" conditionals="0" coveredconditionals="0" methods="9" coveredmethods="0"/>
        <line num="4" count="2" type="stmt"/>
        <line num="5" count="0" type="stmt"/>
        <line num="8" count="2" type="stmt"/>
        <line num="9" count="0" type="stmt"/>
        <line num="12" count="2" type="stmt"/>
        <line num="13" count="0" type="stmt"/>
        <line num="16" count="2" type="stmt"/>
        <line num="17" count="0" type="stmt"/>
        <line num="20" count="2" type="stmt"/>
        <line num="21" count="0" type="stmt"/>
        <line num="24" count="2" type="stmt"/>
        <line num="25" count="0" type="stmt"/>
        <line num="28" count="2" type="stmt"/>
        <line num="29" count="0" type="stmt"/>
        <line num="32" count="2" type="stmt"/>
        <line num="33" count="0" type="stmt"/>
        <line num="36" count="2" type="stmt"/>
        <line num="37" count="0" type="stmt"/>
      </file>
    </package>
  </project>
</coverage>
