{"D:\\LEARNING\\SUMMER_2025\\SWT301\\SWP391-G9\\FrontEnd\\src\\components\\HealthCheckResultForm.js": {"path":"D:\\LEARNING\\SUMMER_2025\\SWT301\\SWP391-G9\\FrontEnd\\src\\components\\HealthCheckResultForm.js","statementMap":{"0":{"start":{"line":7,"column":2},"end":{"line":7,"column":56}},"1":{"start":{"line":12,"column":16},"end":{"line":12,"column":54}},"2":{"start":{"line":13,"column":24},"end":{"line":30,"column":3}},"3":{"start":{"line":31,"column":38},"end":{"line":34,"column":4}},"4":{"start":{"line":35,"column":38},"end":{"line":35,"column":53}},"5":{"start":{"line":37,"column":2},"end":{"line":46,"column":29}},"6":{"start":{"line":38,"column":4},"end":{"line":44,"column":8}},"7":{"start":{"line":38,"column":27},"end":{"line":44,"column":5}},"8":{"start":{"line":48,"column":28},"end":{"line":54,"column":3}},"9":{"start":{"line":49,"column":43},"end":{"line":49,"column":51}},"10":{"start":{"line":50,"column":4},"end":{"line":53,"column":8}},"11":{"start":{"line":50,"column":27},"end":{"line":53,"column":5}},"12":{"start":{"line":56,"column":23},"end":{"line":116,"column":3}},"13":{"start":{"line":57,"column":4},"end":{"line":57,"column":23}},"14":{"start":{"line":58,"column":4},"end":{"line":58,"column":24}},"15":{"start":{"line":61,"column":21},"end":{"line":63,"column":20}},"16":{"start":{"line":65,"column":20},"end":{"line":84,"column":5}},"17":{"start":{"line":86,"column":4},"end":{"line":86,"column":42}},"18":{"start":{"line":87,"column":4},"end":{"line":87,"column":49}},"19":{"start":{"line":89,"column":4},"end":{"line":115,"column":5}},"20":{"start":{"line":90,"column":6},"end":{"line":90,"column":45}},"21":{"start":{"line":91,"column":6},"end":{"line":91,"column":31}},"22":{"start":{"line":93,"column":6},"end":{"line":93,"column":66}},"23":{"start":{"line":94,"column":6},"end":{"line":100,"column":9}},"24":{"start":{"line":102,"column":6},"end":{"line":111,"column":7}},"25":{"start":{"line":103,"column":29},"end":{"line":107,"column":73}},"26":{"start":{"line":108,"column":8},"end":{"line":108,"column":50}},"27":{"start":{"line":110,"column":8},"end":{"line":110,"column":54}},"28":{"start":{"line":112,"column":6},"end":{"line":112,"column":13}},"29":{"start":{"line":114,"column":6},"end":{"line":114,"column":27}},"30":{"start":{"line":118,"column":2},"end":{"line":232,"column":4}}},"fnMap":{"0":{"name":"generateId","decl":{"start":{"line":5,"column":9},"end":{"line":5,"column":19}},"loc":{"start":{"line":5,"column":22},"end":{"line":8,"column":1}},"line":5},"1":{"name":"HealthCheckResultForm","decl":{"start":{"line":10,"column":9},"end":{"line":10,"column":30}},"loc":{"start":{"line":10,"column":109},"end":{"line":233,"column":1}},"line":10},"2":{"name":"(anonymous_2)","decl":{"start":{"line":37,"column":12},"end":{"line":37,"column":13}},"loc":{"start":{"line":37,"column":18},"end":{"line":46,"column":3}},"line":37},"3":{"name":"(anonymous_3)","decl":{"start":{"line":38,"column":18},"end":{"line":38,"column":19}},"loc":{"start":{"line":38,"column":27},"end":{"line":44,"column":5}},"line":38},"4":{"name":"(anonymous_4)","decl":{"start":{"line":48,"column":28},"end":{"line":48,"column":29}},"loc":{"start":{"line":48,"column":35},"end":{"line":54,"column":3}},"line":48},"5":{"name":"(anonymous_5)","decl":{"start":{"line":50,"column":18},"end":{"line":50,"column":19}},"loc":{"start":{"line":50,"column":27},"end":{"line":53,"column":5}},"line":50},"6":{"name":"(anonymous_6)","decl":{"start":{"line":56,"column":23},"end":{"line":56,"column":24}},"loc":{"start":{"line":56,"column":36},"end":{"line":116,"column":3}},"line":56}},"branchMap":{"0":{"loc":{"start":{"line":24,"column":13},"end":{"line":24,"column":26}},"type":"binary-expr","locations":[{"start":{"line":24,"column":13},"end":{"line":24,"column":20}},{"start":{"line":24,"column":24},"end":{"line":24,"column":26}}],"line":24},"1":{"loc":{"start":{"line":29,"column":17},"end":{"line":29,"column":34}},"type":"binary-expr","locations":[{"start":{"line":29,"column":17},"end":{"line":29,"column":28}},{"start":{"line":29,"column":32},"end":{"line":29,"column":34}}],"line":29},"2":{"loc":{"start":{"line":42,"column":19},"end":{"line":42,"column":36}},"type":"binary-expr","locations":[{"start":{"line":42,"column":19},"end":{"line":42,"column":30}},{"start":{"line":42,"column":34},"end":{"line":42,"column":36}}],"line":42},"3":{"loc":{"start":{"line":43,"column":15},"end":{"line":43,"column":38}},"type":"binary-expr","locations":[{"start":{"line":43,"column":15},"end":{"line":43,"column":22}},{"start":{"line":43,"column":26},"end":{"line":43,"column":38}}],"line":43},"4":{"loc":{"start":{"line":52,"column":14},"end":{"line":52,"column":51}},"type":"cond-expr","locations":[{"start":{"line":52,"column":36},"end":{"line":52,"column":43}},{"start":{"line":52,"column":46},"end":{"line":52,"column":51}}],"line":52},"5":{"loc":{"start":{"line":61,"column":21},"end":{"line":63,"column":20}},"type":"cond-expr","locations":[{"start":{"line":62,"column":9},"end":{"line":62,"column":47}},{"start":{"line":63,"column":8},"end":{"line":63,"column":20}}],"line":61},"6":{"loc":{"start":{"line":61,"column":21},"end":{"line":61,"column":79}},"type":"binary-expr","locations":[{"start":{"line":61,"column":21},"end":{"line":61,"column":35}},{"start":{"line":61,"column":40},"end":{"line":61,"column":57}},{"start":{"line":61,"column":61},"end":{"line":61,"column":78}}],"line":61},"7":{"loc":{"start":{"line":62,"column":9},"end":{"line":62,"column":47}},"type":"binary-expr","locations":[{"start":{"line":62,"column":9},"end":{"line":62,"column":26}},{"start":{"line":62,"column":30},"end":{"line":62,"column":47}}],"line":62},"8":{"loc":{"start":{"line":68,"column":14},"end":{"line":68,"column":66}},"type":"cond-expr","locations":[{"start":{"line":68,"column":34},"end":{"line":68,"column":59}},{"start":{"line":68,"column":62},"end":{"line":68,"column":66}}],"line":68},"9":{"loc":{"start":{"line":69,"column":14},"end":{"line":69,"column":66}},"type":"cond-expr","locations":[{"start":{"line":69,"column":34},"end":{"line":69,"column":59}},{"start":{"line":69,"column":62},"end":{"line":69,"column":66}}],"line":69},"10":{"loc":{"start":{"line":70,"column":21},"end":{"line":70,"column":87}},"type":"cond-expr","locations":[{"start":{"line":70,"column":48},"end":{"line":70,"column":80}},{"start":{"line":70,"column":83},"end":{"line":70,"column":87}}],"line":70},"11":{"loc":{"start":{"line":71,"column":17},"end":{"line":71,"column":75}},"type":"cond-expr","locations":[{"start":{"line":71,"column":40},"end":{"line":71,"column":68}},{"start":{"line":71,"column":71},"end":{"line":71,"column":75}}],"line":71},"12":{"loc":{"start":{"line":72,"column":16},"end":{"line":72,"column":43}},"type":"binary-expr","locations":[{"start":{"line":72,"column":16},"end":{"line":72,"column":35}},{"start":{"line":72,"column":39},"end":{"line":72,"column":43}}],"line":72},"13":{"loc":{"start":{"line":73,"column":15},"end":{"line":73,"column":41}},"type":"binary-expr","locations":[{"start":{"line":73,"column":15},"end":{"line":73,"column":33}},{"start":{"line":73,"column":37},"end":{"line":73,"column":41}}],"line":73},"14":{"loc":{"start":{"line":74,"column":18},"end":{"line":74,"column":47}},"type":"binary-expr","locations":[{"start":{"line":74,"column":18},"end":{"line":74,"column":39}},{"start":{"line":74,"column":43},"end":{"line":74,"column":47}}],"line":74},"15":{"loc":{"start":{"line":75,"column":13},"end":{"line":75,"column":37}},"type":"binary-expr","locations":[{"start":{"line":75,"column":13},"end":{"line":75,"column":29}},{"start":{"line":75,"column":33},"end":{"line":75,"column":37}}],"line":75},"16":{"loc":{"start":{"line":76,"column":18},"end":{"line":76,"column":47}},"type":"binary-expr","locations":[{"start":{"line":76,"column":18},"end":{"line":76,"column":39}},{"start":{"line":76,"column":43},"end":{"line":76,"column":47}}],"line":76},"17":{"loc":{"start":{"line":77,"column":19},"end":{"line":77,"column":117}},"type":"cond-expr","locations":[{"start":{"line":77,"column":44},"end":{"line":77,"column":90}},{"start":{"line":77,"column":93},"end":{"line":77,"column":117}}],"line":77},"18":{"loc":{"start":{"line":78,"column":15},"end":{"line":78,"column":41}},"type":"binary-expr","locations":[{"start":{"line":78,"column":15},"end":{"line":78,"column":33}},{"start":{"line":78,"column":37},"end":{"line":78,"column":41}}],"line":78},"19":{"loc":{"start":{"line":79,"column":27},"end":{"line":79,"column":66}},"type":"binary-expr","locations":[{"start":{"line":79,"column":27},"end":{"line":79,"column":57}},{"start":{"line":79,"column":61},"end":{"line":79,"column":66}}],"line":79},"20":{"loc":{"start":{"line":80,"column":20},"end":{"line":80,"column":100}},"type":"cond-expr","locations":[{"start":{"line":80,"column":46},"end":{"line":80,"column":93}},{"start":{"line":80,"column":96},"end":{"line":80,"column":100}}],"line":80},"21":{"loc":{"start":{"line":81,"column":14},"end":{"line":81,"column":39}},"type":"binary-expr","locations":[{"start":{"line":81,"column":14},"end":{"line":81,"column":31}},{"start":{"line":81,"column":35},"end":{"line":81,"column":39}}],"line":81},"22":{"loc":{"start":{"line":82,"column":22},"end":{"line":82,"column":55}},"type":"binary-expr","locations":[{"start":{"line":82,"column":22},"end":{"line":82,"column":47}},{"start":{"line":82,"column":51},"end":{"line":82,"column":55}}],"line":82},"23":{"loc":{"start":{"line":83,"column":19},"end":{"line":83,"column":49}},"type":"binary-expr","locations":[{"start":{"line":83,"column":19},"end":{"line":83,"column":41}},{"start":{"line":83,"column":45},"end":{"line":83,"column":49}}],"line":83},"24":{"loc":{"start":{"line":91,"column":6},"end":{"line":91,"column":30}},"type":"binary-expr","locations":[{"start":{"line":91,"column":6},"end":{"line":91,"column":15}},{"start":{"line":91,"column":19},"end":{"line":91,"column":30}}],"line":91},"25":{"loc":{"start":{"line":102,"column":6},"end":{"line":111,"column":7}},"type":"if","locations":[{"start":{"line":102,"column":6},"end":{"line":111,"column":7}},{"start":{"line":109,"column":13},"end":{"line":111,"column":7}}],"line":102},"26":{"loc":{"start":{"line":103,"column":29},"end":{"line":107,"column":73}},"type":"cond-expr","locations":[{"start":{"line":104,"column":13},"end":{"line":106,"column":51}},{"start":{"line":107,"column":12},"end":{"line":107,"column":73}}],"line":103},"27":{"loc":{"start":{"line":104,"column":13},"end":{"line":106,"column":51}},"type":"cond-expr","locations":[{"start":{"line":105,"column":16},"end":{"line":105,"column":35}},{"start":{"line":106,"column":16},"end":{"line":106,"column":51}}],"line":104},"28":{"loc":{"start":{"line":197,"column":15},"end":{"line":204,"column":15}},"type":"binary-expr","locations":[{"start":{"line":197,"column":15},"end":{"line":197,"column":45}},{"start":{"line":198,"column":16},"end":{"line":203,"column":21}}],"line":197}},"s":{"0":0,"1":0,"2":0,"3":0,"4":0,"5":0,"6":0,"7":0,"8":0,"9":0,"10":0,"11":0,"12":0,"13":0,"14":0,"15":0,"16":0,"17":0,"18":0,"19":0,"20":0,"21":0,"22":0,"23":0,"24":0,"25":0,"26":0,"27":0,"28":0,"29":0,"30":0},"f":{"0":0,"1":0,"2":0,"3":0,"4":0,"5":0,"6":0},"b":{"0":[0,0],"1":[0,0],"2":[0,0],"3":[0,0],"4":[0,0],"5":[0,0],"6":[0,0,0],"7":[0,0],"8":[0,0],"9":[0,0],"10":[0,0],"11":[0,0],"12":[0,0],"13":[0,0],"14":[0,0],"15":[0,0],"16":[0,0],"17":[0,0],"18":[0,0],"19":[0,0],"20":[0,0],"21":[0,0],"22":[0,0],"23":[0,0],"24":[0,0],"25":[0,0],"26":[0,0],"27":[0,0],"28":[0,0]}}
,"D:\\LEARNING\\SUMMER_2025\\SWT301\\SWP391-G9\\FrontEnd\\src\\context\\AuthContext.js": {"path":"D:\\LEARNING\\SUMMER_2025\\SWT301\\SWP391-G9\\FrontEnd\\src\\context\\AuthContext.js","statementMap":{"0":{"start":{"line":4,"column":20},"end":{"line":4,"column":35}},"1":{"start":{"line":6,"column":23},"end":{"line":6,"column":52}},"2":{"start":{"line":6,"column":29},"end":{"line":6,"column":52}},"3":{"start":{"line":8,"column":28},"end":{"line":90,"column":1}},"4":{"start":{"line":10,"column":26},"end":{"line":13,"column":4}},"5":{"start":{"line":11,"column":23},"end":{"line":11,"column":51}},"6":{"start":{"line":12,"column":4},"end":{"line":12,"column":54}},"7":{"start":{"line":14,"column":48},"end":{"line":16,"column":4}},"8":{"start":{"line":15,"column":4},"end":{"line":15,"column":43}},"9":{"start":{"line":17,"column":32},"end":{"line":17,"column":47}},"10":{"start":{"line":18,"column":36},"end":{"line":18,"column":50}},"11":{"start":{"line":21,"column":2},"end":{"line":26,"column":9}},"12":{"start":{"line":22,"column":18},"end":{"line":22,"column":47}},"13":{"start":{"line":23,"column":4},"end":{"line":25,"column":5}},"14":{"start":{"line":24,"column":6},"end":{"line":24,"column":77}},"15":{"start":{"line":28,"column":16},"end":{"line":51,"column":3}},"16":{"start":{"line":29,"column":4},"end":{"line":29,"column":23}},"17":{"start":{"line":30,"column":4},"end":{"line":30,"column":21}},"18":{"start":{"line":31,"column":4},"end":{"line":50,"column":5}},"19":{"start":{"line":32,"column":23},"end":{"line":32,"column":82}},"20":{"start":{"line":33,"column":23},"end":{"line":33,"column":36}},"21":{"start":{"line":35,"column":20},"end":{"line":35,"column":37}},"22":{"start":{"line":36,"column":6},"end":{"line":36,"column":24}},"23":{"start":{"line":37,"column":6},"end":{"line":37,"column":31}},"24":{"start":{"line":38,"column":6},"end":{"line":38,"column":61}},"25":{"start":{"line":39,"column":6},"end":{"line":39,"column":43}},"26":{"start":{"line":40,"column":6},"end":{"line":40,"column":77}},"27":{"start":{"line":41,"column":6},"end":{"line":41,"column":24}},"28":{"start":{"line":42,"column":6},"end":{"line":42,"column":18}},"29":{"start":{"line":44,"column":6},"end":{"line":44,"column":100}},"30":{"start":{"line":45,"column":27},"end":{"line":45,"column":136}},"31":{"start":{"line":46,"column":6},"end":{"line":46,"column":33}},"32":{"start":{"line":47,"column":6},"end":{"line":47,"column":32}},"33":{"start":{"line":48,"column":6},"end":{"line":48,"column":24}},"34":{"start":{"line":49,"column":6},"end":{"line":49,"column":19}},"35":{"start":{"line":53,"column":17},"end":{"line":60,"column":3}},"36":{"start":{"line":54,"column":4},"end":{"line":54,"column":18}},"37":{"start":{"line":55,"column":4},"end":{"line":55,"column":30}},"38":{"start":{"line":56,"column":4},"end":{"line":56,"column":36}},"39":{"start":{"line":57,"column":4},"end":{"line":57,"column":37}},"40":{"start":{"line":58,"column":4},"end":{"line":58,"column":62}},"41":{"start":{"line":59,"column":4},"end":{"line":59,"column":35}},"42":{"start":{"line":63,"column":22},"end":{"line":66,"column":3}},"43":{"start":{"line":65,"column":4},"end":{"line":65,"column":57}},"44":{"start":{"line":69,"column":18},"end":{"line":71,"column":3}},"45":{"start":{"line":70,"column":4},"end":{"line":70,"column":34}},"46":{"start":{"line":74,"column":2},"end":{"line":74,"column":94}},"47":{"start":{"line":76,"column":2},"end":{"line":89,"column":4}}},"fnMap":{"0":{"name":"(anonymous_0)","decl":{"start":{"line":6,"column":23},"end":{"line":6,"column":24}},"loc":{"start":{"line":6,"column":29},"end":{"line":6,"column":52}},"line":6},"1":{"name":"(anonymous_1)","decl":{"start":{"line":8,"column":28},"end":{"line":8,"column":29}},"loc":{"start":{"line":8,"column":46},"end":{"line":90,"column":1}},"line":8},"2":{"name":"(anonymous_2)","decl":{"start":{"line":10,"column":35},"end":{"line":10,"column":36}},"loc":{"start":{"line":10,"column":41},"end":{"line":13,"column":3}},"line":10},"3":{"name":"(anonymous_3)","decl":{"start":{"line":14,"column":57},"end":{"line":14,"column":58}},"loc":{"start":{"line":14,"column":63},"end":{"line":16,"column":3}},"line":14},"4":{"name":"(anonymous_4)","decl":{"start":{"line":21,"column":12},"end":{"line":21,"column":13}},"loc":{"start":{"line":21,"column":18},"end":{"line":26,"column":3}},"line":21},"5":{"name":"(anonymous_5)","decl":{"start":{"line":28,"column":16},"end":{"line":28,"column":17}},"loc":{"start":{"line":28,"column":46},"end":{"line":51,"column":3}},"line":28},"6":{"name":"(anonymous_6)","decl":{"start":{"line":53,"column":17},"end":{"line":53,"column":18}},"loc":{"start":{"line":53,"column":23},"end":{"line":60,"column":3}},"line":53},"7":{"name":"(anonymous_7)","decl":{"start":{"line":63,"column":22},"end":{"line":63,"column":23}},"loc":{"start":{"line":63,"column":28},"end":{"line":66,"column":3}},"line":63},"8":{"name":"(anonymous_8)","decl":{"start":{"line":69,"column":18},"end":{"line":69,"column":19}},"loc":{"start":{"line":69,"column":28},"end":{"line":71,"column":3}},"line":69}},"branchMap":{"0":{"loc":{"start":{"line":12,"column":11},"end":{"line":12,"column":53}},"type":"cond-expr","locations":[{"start":{"line":12,"column":24},"end":{"line":12,"column":46}},{"start":{"line":12,"column":49},"end":{"line":12,"column":53}}],"line":12},"1":{"loc":{"start":{"line":23,"column":4},"end":{"line":25,"column":5}},"type":"if","locations":[{"start":{"line":23,"column":4},"end":{"line":25,"column":5}},{"start":{},"end":{}}],"line":23},"2":{"loc":{"start":{"line":44,"column":46},"end":{"line":44,"column":98}},"type":"cond-expr","locations":[{"start":{"line":44,"column":63},"end":{"line":44,"column":82}},{"start":{"line":44,"column":85},"end":{"line":44,"column":98}}],"line":44},"3":{"loc":{"start":{"line":45,"column":27},"end":{"line":45,"column":136}},"type":"binary-expr","locations":[{"start":{"line":45,"column":27},"end":{"line":45,"column":54}},{"start":{"line":45,"column":58},"end":{"line":45,"column":78}},{"start":{"line":45,"column":82},"end":{"line":45,"column":136}}],"line":45},"4":{"loc":{"start":{"line":65,"column":11},"end":{"line":65,"column":56}},"type":"binary-expr","locations":[{"start":{"line":65,"column":11},"end":{"line":65,"column":25}},{"start":{"line":65,"column":29},"end":{"line":65,"column":43}},{"start":{"line":65,"column":47},"end":{"line":65,"column":56}}],"line":65}},"s":{"0":1,"1":1,"2":10,"3":1,"4":10,"5":5,"6":5,"7":10,"8":5,"9":10,"10":10,"11":10,"12":5,"13":5,"14":2,"15":10,"16":2,"17":2,"18":2,"19":2,"20":1,"21":1,"22":1,"23":1,"24":1,"25":1,"26":1,"27":1,"28":1,"29":1,"30":1,"31":1,"32":1,"33":1,"34":1,"35":10,"36":1,"37":1,"38":1,"39":1,"40":1,"41":1,"42":10,"43":20,"44":10,"45":10,"46":10,"47":10},"f":{"0":10,"1":10,"2":5,"3":5,"4":5,"5":2,"6":1,"7":20,"8":10},"b":{"0":[2,3],"1":[2,3],"2":[1,0],"3":[1,0,0],"4":[20,16,16]},"_coverageSchema":"1a1c01bbd47fc00a2c39e90264f33305004495a9","hash":"57ceba4510d567a9e56fb9f72a0a75ef58d4178f"}
,"D:\\LEARNING\\SUMMER_2025\\SWT301\\SWP391-G9\\FrontEnd\\src\\pages\\HealthCheckManagement.js": {"path":"D:\\LEARNING\\SUMMER_2025\\SWT301\\SWP391-G9\\FrontEnd\\src\\pages\\HealthCheckManagement.js","statementMap":{"0":{"start":{"line":10,"column":30},"end":{"line":1560,"column":1}},"1":{"start":{"line":11,"column":71},"end":{"line":11,"column":80}},"2":{"start":{"line":12,"column":19},"end":{"line":12,"column":32}},"3":{"start":{"line":14,"column":28},"end":{"line":14,"column":40}},"4":{"start":{"line":15,"column":32},"end":{"line":15,"column":46}},"5":{"start":{"line":16,"column":56},"end":{"line":16,"column":70}},"6":{"start":{"line":17,"column":34},"end":{"line":17,"column":49}},"7":{"start":{"line":18,"column":44},"end":{"line":18,"column":59}},"8":{"start":{"line":19,"column":58},"end":{"line":19,"column":72}},"9":{"start":{"line":20,"column":34},"end":{"line":31,"column":4}},"10":{"start":{"line":34,"column":32},"end":{"line":38,"column":4}},"11":{"start":{"line":40,"column":31},"end":{"line":47,"column":3}},"12":{"start":{"line":48,"column":44},"end":{"line":48,"column":74}},"13":{"start":{"line":51,"column":44},"end":{"line":51,"column":56}},"14":{"start":{"line":54,"column":50},"end":{"line":54,"column":62}},"15":{"start":{"line":57,"column":30},"end":{"line":57,"column":42}},"16":{"start":{"line":60,"column":50},"end":{"line":60,"column":62}},"17":{"start":{"line":61,"column":52},"end":{"line":61,"column":64}},"18":{"start":{"line":64,"column":42},"end":{"line":64,"column":54}},"19":{"start":{"line":65,"column":38},"end":{"line":65,"column":50}},"20":{"start":{"line":66,"column":42},"end":{"line":66,"column":54}},"21":{"start":{"line":69,"column":24},"end":{"line":75,"column":3}},"22":{"start":{"line":76,"column":17},"end":{"line":76,"column":39}},"23":{"start":{"line":77,"column":25},"end":{"line":77,"column":108}},"24":{"start":{"line":78,"column":23},"end":{"line":78,"column":94}},"25":{"start":{"line":79,"column":23},"end":{"line":79,"column":53}},"26":{"start":{"line":82,"column":54},"end":{"line":82,"column":66}},"27":{"start":{"line":84,"column":48},"end":{"line":84,"column":63}},"28":{"start":{"line":85,"column":38},"end":{"line":103,"column":4}},"29":{"start":{"line":106,"column":58},"end":{"line":106,"column":73}},"30":{"start":{"line":109,"column":48},"end":{"line":109,"column":63}},"31":{"start":{"line":110,"column":54},"end":{"line":110,"column":68}},"32":{"start":{"line":112,"column":28},"end":{"line":112,"column":40}},"33":{"start":{"line":113,"column":36},"end":{"line":113,"column":51}},"34":{"start":{"line":114,"column":36},"end":{"line":114,"column":53}},"35":{"start":{"line":116,"column":40},"end":{"line":116,"column":55}},"36":{"start":{"line":117,"column":46},"end":{"line":117,"column":58}},"37":{"start":{"line":118,"column":36},"end":{"line":118,"column":60}},"38":{"start":{"line":118,"column":51},"end":{"line":118,"column":59}},"39":{"start":{"line":120,"column":2},"end":{"line":131,"column":47}},"40":{"start":{"line":122,"column":4},"end":{"line":130,"column":5}},"41":{"start":{"line":123,"column":6},"end":{"line":123,"column":84}},"42":{"start":{"line":124,"column":6},"end":{"line":129,"column":9}},"43":{"start":{"line":133,"column":2},"end":{"line":144,"column":9}},"44":{"start":{"line":134,"column":4},"end":{"line":143,"column":44}},"45":{"start":{"line":136,"column":24},"end":{"line":139,"column":11}},"46":{"start":{"line":136,"column":45},"end":{"line":139,"column":9}},"47":{"start":{"line":140,"column":8},"end":{"line":140,"column":57}},"48":{"start":{"line":141,"column":8},"end":{"line":141,"column":37}},"49":{"start":{"line":143,"column":19},"end":{"line":143,"column":42}},"50":{"start":{"line":146,"column":2},"end":{"line":148,"column":9}},"51":{"start":{"line":147,"column":4},"end":{"line":147,"column":109}},"52":{"start":{"line":147,"column":39},"end":{"line":147,"column":69}},"53":{"start":{"line":147,"column":83},"end":{"line":147,"column":107}},"54":{"start":{"line":150,"column":28},"end":{"line":158,"column":3}},"55":{"start":{"line":151,"column":4},"end":{"line":151,"column":40}},"56":{"start":{"line":152,"column":4},"end":{"line":157,"column":5}},"57":{"start":{"line":153,"column":18},"end":{"line":153,"column":87}},"58":{"start":{"line":154,"column":6},"end":{"line":154,"column":38}},"59":{"start":{"line":156,"column":6},"end":{"line":156,"column":26}},"60":{"start":{"line":160,"column":29},"end":{"line":162,"column":3}},"61":{"start":{"line":161,"column":4},"end":{"line":161,"column":33}},"62":{"start":{"line":164,"column":31},"end":{"line":179,"column":3}},"63":{"start":{"line":165,"column":4},"end":{"line":165,"column":34}},"64":{"start":{"line":166,"column":4},"end":{"line":177,"column":7}},"65":{"start":{"line":178,"column":4},"end":{"line":178,"column":22}},"66":{"start":{"line":181,"column":32},"end":{"line":196,"column":3}},"67":{"start":{"line":182,"column":4},"end":{"line":182,"column":44}},"68":{"start":{"line":183,"column":4},"end":{"line":194,"column":7}},"69":{"start":{"line":195,"column":4},"end":{"line":195,"column":22}},"70":{"start":{"line":198,"column":29},"end":{"line":201,"column":3}},"71":{"start":{"line":199,"column":4},"end":{"line":199,"column":25}},"72":{"start":{"line":200,"column":4},"end":{"line":200,"column":39}},"73":{"start":{"line":203,"column":27},"end":{"line":206,"column":3}},"74":{"start":{"line":204,"column":4},"end":{"line":204,"column":23}},"75":{"start":{"line":205,"column":4},"end":{"line":205,"column":34}},"76":{"start":{"line":208,"column":28},"end":{"line":224,"column":3}},"77":{"start":{"line":209,"column":41},"end":{"line":209,"column":49}},"78":{"start":{"line":210,"column":4},"end":{"line":223,"column":7}},"79":{"start":{"line":211,"column":23},"end":{"line":211,"column":79}},"80":{"start":{"line":213,"column":6},"end":{"line":220,"column":7}},"81":{"start":{"line":214,"column":8},"end":{"line":216,"column":9}},"82":{"start":{"line":215,"column":10},"end":{"line":215,"column":36}},"83":{"start":{"line":217,"column":8},"end":{"line":219,"column":9}},"84":{"start":{"line":218,"column":10},"end":{"line":218,"column":37}},"85":{"start":{"line":222,"column":6},"end":{"line":222,"column":22}},"86":{"start":{"line":226,"column":27},"end":{"line":287,"column":3}},"87":{"start":{"line":227,"column":4},"end":{"line":227,"column":23}},"88":{"start":{"line":229,"column":4},"end":{"line":233,"column":5}},"89":{"start":{"line":230,"column":6},"end":{"line":230,"column":88}},"90":{"start":{"line":231,"column":6},"end":{"line":231,"column":25}},"91":{"start":{"line":232,"column":6},"end":{"line":232,"column":13}},"92":{"start":{"line":235,"column":18},"end":{"line":235,"column":20}},"93":{"start":{"line":236,"column":25},"end":{"line":236,"column":29}},"94":{"start":{"line":237,"column":4},"end":{"line":249,"column":5}},"95":{"start":{"line":238,"column":25},"end":{"line":238,"column":83}},"96":{"start":{"line":239,"column":6},"end":{"line":239,"column":39}},"97":{"start":{"line":241,"column":6},"end":{"line":241,"column":73}},"98":{"start":{"line":243,"column":6},"end":{"line":243,"column":62}},"99":{"start":{"line":245,"column":6},"end":{"line":245,"column":60}},"100":{"start":{"line":246,"column":6},"end":{"line":246,"column":28}},"101":{"start":{"line":247,"column":6},"end":{"line":247,"column":25}},"102":{"start":{"line":248,"column":6},"end":{"line":248,"column":13}},"103":{"start":{"line":252,"column":27},"end":{"line":252,"column":47}},"104":{"start":{"line":253,"column":4},"end":{"line":255,"column":5}},"105":{"start":{"line":254,"column":6},"end":{"line":254,"column":49}},"106":{"start":{"line":256,"column":21},"end":{"line":265,"column":5}},"107":{"start":{"line":267,"column":4},"end":{"line":286,"column":5}},"108":{"start":{"line":269,"column":27},"end":{"line":269,"column":85}},"109":{"start":{"line":270,"column":6},"end":{"line":270,"column":54}},"110":{"start":{"line":272,"column":6},"end":{"line":272,"column":51}},"111":{"start":{"line":273,"column":6},"end":{"line":273,"column":30}},"112":{"start":{"line":274,"column":6},"end":{"line":274,"column":25}},"113":{"start":{"line":276,"column":6},"end":{"line":276,"column":25}},"114":{"start":{"line":277,"column":6},"end":{"line":277,"column":36}},"115":{"start":{"line":279,"column":23},"end":{"line":279,"column":70}},"116":{"start":{"line":280,"column":6},"end":{"line":280,"column":30}},"117":{"start":{"line":282,"column":6},"end":{"line":282,"column":51}},"118":{"start":{"line":283,"column":6},"end":{"line":283,"column":51}},"119":{"start":{"line":284,"column":6},"end":{"line":284,"column":28}},"120":{"start":{"line":285,"column":6},"end":{"line":285,"column":25}},"121":{"start":{"line":290,"column":29},"end":{"line":296,"column":3}},"122":{"start":{"line":291,"column":26},"end":{"line":291,"column":34}},"123":{"start":{"line":292,"column":4},"end":{"line":295,"column":8}},"124":{"start":{"line":292,"column":24},"end":{"line":295,"column":5}},"125":{"start":{"line":298,"column":29},"end":{"line":303,"column":3}},"126":{"start":{"line":302,"column":4},"end":{"line":302,"column":45}},"127":{"start":{"line":305,"column":29},"end":{"line":332,"column":3}},"128":{"start":{"line":306,"column":4},"end":{"line":310,"column":7}},"129":{"start":{"line":311,"column":4},"end":{"line":314,"column":7}},"130":{"start":{"line":316,"column":4},"end":{"line":316,"column":28}},"131":{"start":{"line":317,"column":4},"end":{"line":317,"column":25}},"132":{"start":{"line":320,"column":4},"end":{"line":331,"column":10}},"133":{"start":{"line":321,"column":6},"end":{"line":321,"column":29}},"134":{"start":{"line":322,"column":6},"end":{"line":322,"column":54}},"135":{"start":{"line":325,"column":6},"end":{"line":330,"column":14}},"136":{"start":{"line":326,"column":32},"end":{"line":326,"column":66}},"137":{"start":{"line":327,"column":8},"end":{"line":329,"column":9}},"138":{"start":{"line":328,"column":10},"end":{"line":328,"column":34}},"139":{"start":{"line":335,"column":30},"end":{"line":360,"column":3}},"140":{"start":{"line":336,"column":4},"end":{"line":336,"column":47}},"141":{"start":{"line":339,"column":4},"end":{"line":342,"column":7}},"142":{"start":{"line":344,"column":4},"end":{"line":344,"column":28}},"143":{"start":{"line":345,"column":4},"end":{"line":345,"column":25}},"144":{"start":{"line":348,"column":4},"end":{"line":359,"column":10}},"145":{"start":{"line":349,"column":6},"end":{"line":349,"column":29}},"146":{"start":{"line":350,"column":6},"end":{"line":350,"column":54}},"147":{"start":{"line":353,"column":6},"end":{"line":358,"column":14}},"148":{"start":{"line":354,"column":32},"end":{"line":354,"column":66}},"149":{"start":{"line":355,"column":8},"end":{"line":357,"column":9}},"150":{"start":{"line":356,"column":10},"end":{"line":356,"column":34}},"151":{"start":{"line":362,"column":32},"end":{"line":364,"column":3}},"152":{"start":{"line":363,"column":4},"end":{"line":363,"column":28}},"153":{"start":{"line":365,"column":35},"end":{"line":402,"column":3}},"154":{"start":{"line":366,"column":26},"end":{"line":366,"column":34}},"155":{"start":{"line":367,"column":4},"end":{"line":367,"column":57}},"156":{"start":{"line":369,"column":4},"end":{"line":376,"column":7}},"157":{"start":{"line":370,"column":22},"end":{"line":373,"column":7}},"158":{"start":{"line":374,"column":6},"end":{"line":374,"column":55}},"159":{"start":{"line":375,"column":6},"end":{"line":375,"column":21}},"160":{"start":{"line":378,"column":4},"end":{"line":401,"column":5}},"161":{"start":{"line":379,"column":6},"end":{"line":400,"column":7}},"162":{"start":{"line":380,"column":8},"end":{"line":380,"column":59}},"163":{"start":{"line":381,"column":25},"end":{"line":381,"column":78}},"164":{"start":{"line":382,"column":23},"end":{"line":382,"column":36}},"165":{"start":{"line":384,"column":8},"end":{"line":387,"column":12}},"166":{"start":{"line":384,"column":38},"end":{"line":387,"column":9}},"167":{"start":{"line":389,"column":26},"end":{"line":389,"column":57}},"168":{"start":{"line":389,"column":47},"end":{"line":389,"column":56}},"169":{"start":{"line":390,"column":8},"end":{"line":392,"column":9}},"170":{"start":{"line":391,"column":10},"end":{"line":391,"column":70}},"171":{"start":{"line":393,"column":8},"end":{"line":393,"column":87}},"172":{"start":{"line":394,"column":8},"end":{"line":394,"column":35}},"173":{"start":{"line":395,"column":8},"end":{"line":395,"column":32}},"174":{"start":{"line":397,"column":8},"end":{"line":397,"column":81}},"175":{"start":{"line":398,"column":8},"end":{"line":398,"column":29}},"176":{"start":{"line":399,"column":8},"end":{"line":399,"column":32}},"177":{"start":{"line":404,"column":33},"end":{"line":413,"column":3}},"178":{"start":{"line":405,"column":4},"end":{"line":405,"column":27}},"179":{"start":{"line":405,"column":20},"end":{"line":405,"column":27}},"180":{"start":{"line":406,"column":4},"end":{"line":412,"column":7}},"181":{"start":{"line":407,"column":6},"end":{"line":411,"column":7}},"182":{"start":{"line":408,"column":8},"end":{"line":408,"column":51}},"183":{"start":{"line":408,"column":33},"end":{"line":408,"column":49}},"184":{"start":{"line":410,"column":8},"end":{"line":410,"column":36}},"185":{"start":{"line":415,"column":34},"end":{"line":423,"column":3}},"186":{"start":{"line":417,"column":21},"end":{"line":417,"column":84}},"187":{"start":{"line":417,"column":50},"end":{"line":417,"column":64}},"188":{"start":{"line":417,"column":79},"end":{"line":417,"column":83}},"189":{"start":{"line":418,"column":4},"end":{"line":422,"column":5}},"190":{"start":{"line":419,"column":6},"end":{"line":419,"column":30}},"191":{"start":{"line":421,"column":6},"end":{"line":421,"column":36}},"192":{"start":{"line":425,"column":32},"end":{"line":539,"column":3}},"193":{"start":{"line":426,"column":4},"end":{"line":426,"column":23}},"194":{"start":{"line":428,"column":28},"end":{"line":428,"column":63}},"195":{"start":{"line":428,"column":58},"end":{"line":428,"column":62}},"196":{"start":{"line":429,"column":4},"end":{"line":429,"column":105}},"197":{"start":{"line":430,"column":4},"end":{"line":433,"column":5}},"198":{"start":{"line":431,"column":6},"end":{"line":431,"column":51}},"199":{"start":{"line":432,"column":6},"end":{"line":432,"column":13}},"200":{"start":{"line":436,"column":4},"end":{"line":439,"column":5}},"201":{"start":{"line":437,"column":6},"end":{"line":437,"column":66}},"202":{"start":{"line":438,"column":6},"end":{"line":438,"column":13}},"203":{"start":{"line":442,"column":4},"end":{"line":445,"column":5}},"204":{"start":{"line":443,"column":6},"end":{"line":443,"column":67}},"205":{"start":{"line":444,"column":6},"end":{"line":444,"column":13}},"206":{"start":{"line":447,"column":4},"end":{"line":447,"column":46}},"207":{"start":{"line":448,"column":4},"end":{"line":448,"column":56}},"208":{"start":{"line":450,"column":31},"end":{"line":460,"column":7}},"209":{"start":{"line":451,"column":6},"end":{"line":458,"column":7}},"210":{"start":{"line":452,"column":20},"end":{"line":452,"column":77}},"211":{"start":{"line":453,"column":8},"end":{"line":455,"column":9}},"212":{"start":{"line":454,"column":10},"end":{"line":454,"column":60}},"213":{"start":{"line":457,"column":8},"end":{"line":457,"column":74}},"214":{"start":{"line":459,"column":6},"end":{"line":459,"column":18}},"215":{"start":{"line":462,"column":26},"end":{"line":462,"column":73}},"216":{"start":{"line":462,"column":57},"end":{"line":462,"column":72}},"217":{"start":{"line":463,"column":4},"end":{"line":466,"column":5}},"218":{"start":{"line":464,"column":6},"end":{"line":464,"column":71}},"219":{"start":{"line":465,"column":6},"end":{"line":465,"column":13}},"220":{"start":{"line":468,"column":22},"end":{"line":477,"column":5}},"221":{"start":{"line":476,"column":41},"end":{"line":476,"column":52}},"222":{"start":{"line":479,"column":4},"end":{"line":479,"column":44}},"223":{"start":{"line":480,"column":4},"end":{"line":480,"column":46}},"224":{"start":{"line":481,"column":4},"end":{"line":481,"column":56}},"225":{"start":{"line":482,"column":4},"end":{"line":482,"column":51}},"226":{"start":{"line":483,"column":4},"end":{"line":483,"column":50}},"227":{"start":{"line":484,"column":4},"end":{"line":484,"column":50}},"228":{"start":{"line":485,"column":4},"end":{"line":485,"column":61}},"229":{"start":{"line":486,"column":4},"end":{"line":486,"column":64}},"230":{"start":{"line":487,"column":4},"end":{"line":487,"column":48}},"231":{"start":{"line":490,"column":4},"end":{"line":496,"column":5}},"232":{"start":{"line":491,"column":6},"end":{"line":491,"column":55}},"233":{"start":{"line":492,"column":27},"end":{"line":492,"column":68}},"234":{"start":{"line":493,"column":6},"end":{"line":493,"column":64}},"235":{"start":{"line":495,"column":6},"end":{"line":495,"column":71}},"236":{"start":{"line":499,"column":4},"end":{"line":505,"column":5}},"237":{"start":{"line":500,"column":6},"end":{"line":500,"column":48}},"238":{"start":{"line":501,"column":29},"end":{"line":501,"column":95}},"239":{"start":{"line":502,"column":6},"end":{"line":502,"column":68}},"240":{"start":{"line":504,"column":6},"end":{"line":504,"column":75}},"241":{"start":{"line":507,"column":4},"end":{"line":538,"column":5}},"242":{"start":{"line":508,"column":23},"end":{"line":508,"column":82}},"243":{"start":{"line":509,"column":6},"end":{"line":509,"column":52}},"244":{"start":{"line":512,"column":23},"end":{"line":512,"column":70}},"245":{"start":{"line":513,"column":6},"end":{"line":513,"column":30}},"246":{"start":{"line":515,"column":6},"end":{"line":515,"column":30}},"247":{"start":{"line":516,"column":6},"end":{"line":516,"column":83}},"248":{"start":{"line":518,"column":6},"end":{"line":518,"column":49}},"249":{"start":{"line":519,"column":6},"end":{"line":519,"column":49}},"250":{"start":{"line":520,"column":6},"end":{"line":520,"column":55}},"251":{"start":{"line":521,"column":6},"end":{"line":521,"column":66}},"252":{"start":{"line":522,"column":6},"end":{"line":522,"column":70}},"253":{"start":{"line":523,"column":6},"end":{"line":523,"column":53}},"254":{"start":{"line":524,"column":6},"end":{"line":524,"column":53}},"255":{"start":{"line":527,"column":25},"end":{"line":527,"column":87}},"256":{"start":{"line":529,"column":6},"end":{"line":535,"column":7}},"257":{"start":{"line":530,"column":8},"end":{"line":534,"column":9}},"258":{"start":{"line":531,"column":10},"end":{"line":531,"column":51}},"259":{"start":{"line":532,"column":15},"end":{"line":534,"column":9}},"260":{"start":{"line":533,"column":10},"end":{"line":533,"column":45}},"261":{"start":{"line":537,"column":6},"end":{"line":537,"column":26}},"262":{"start":{"line":541,"column":30},"end":{"line":548,"column":3}},"263":{"start":{"line":543,"column":4},"end":{"line":543,"column":55}},"264":{"start":{"line":546,"column":18},"end":{"line":546,"column":56}},"265":{"start":{"line":547,"column":4},"end":{"line":547,"column":110}},"266":{"start":{"line":551,"column":32},"end":{"line":557,"column":3}},"267":{"start":{"line":553,"column":4},"end":{"line":553,"column":56}},"268":{"start":{"line":556,"column":4},"end":{"line":556,"column":69}},"269":{"start":{"line":560,"column":2},"end":{"line":592,"column":22}},"270":{"start":{"line":561,"column":4},"end":{"line":591,"column":5}},"271":{"start":{"line":562,"column":6},"end":{"line":562,"column":53}},"272":{"start":{"line":564,"column":6},"end":{"line":590,"column":14}},"273":{"start":{"line":566,"column":24},"end":{"line":566,"column":72}},"274":{"start":{"line":567,"column":8},"end":{"line":578,"column":11}},"275":{"start":{"line":568,"column":10},"end":{"line":568,"column":49}},"276":{"start":{"line":569,"column":10},"end":{"line":569,"column":41}},"277":{"start":{"line":570,"column":10},"end":{"line":570,"column":42}},"278":{"start":{"line":571,"column":10},"end":{"line":571,"column":46}},"279":{"start":{"line":572,"column":10},"end":{"line":572,"column":37}},"280":{"start":{"line":575,"column":10},"end":{"line":577,"column":11}},"281":{"start":{"line":576,"column":12},"end":{"line":576,"column":56}},"282":{"start":{"line":581,"column":23},"end":{"line":581,"column":64}},"283":{"start":{"line":582,"column":8},"end":{"line":587,"column":11}},"284":{"start":{"line":583,"column":10},"end":{"line":583,"column":48}},"285":{"start":{"line":584,"column":10},"end":{"line":584,"column":40}},"286":{"start":{"line":585,"column":10},"end":{"line":585,"column":45}},"287":{"start":{"line":586,"column":10},"end":{"line":586,"column":36}},"288":{"start":{"line":589,"column":8},"end":{"line":589,"column":57}},"289":{"start":{"line":595,"column":2},"end":{"line":608,"column":53}},"290":{"start":{"line":596,"column":4},"end":{"line":607,"column":5}},"291":{"start":{"line":597,"column":6},"end":{"line":606,"column":46}},"292":{"start":{"line":599,"column":26},"end":{"line":602,"column":13}},"293":{"start":{"line":599,"column":47},"end":{"line":602,"column":11}},"294":{"start":{"line":603,"column":10},"end":{"line":603,"column":59}},"295":{"start":{"line":604,"column":10},"end":{"line":604,"column":39}},"296":{"start":{"line":606,"column":21},"end":{"line":606,"column":44}},"297":{"start":{"line":610,"column":2},"end":{"line":610,"column":47}},"298":{"start":{"line":613,"column":24},"end":{"line":618,"column":4}},"299":{"start":{"line":614,"column":22},"end":{"line":614,"column":120}},"300":{"start":{"line":615,"column":25},"end":{"line":615,"column":137}},"301":{"start":{"line":616,"column":23},"end":{"line":616,"column":131}},"302":{"start":{"line":617,"column":4},"end":{"line":617,"column":51}},"303":{"start":{"line":621,"column":2},"end":{"line":621,"column":47}},"304":{"start":{"line":622,"column":2},"end":{"line":624,"column":5}},"305":{"start":{"line":623,"column":4},"end":{"line":623,"column":39}},"306":{"start":{"line":627,"column":27},"end":{"line":630,"column":4}},"307":{"start":{"line":628,"column":17},"end":{"line":628,"column":93}},"308":{"start":{"line":629,"column":4},"end":{"line":629,"column":55}},"309":{"start":{"line":633,"column":23},"end":{"line":638,"column":3}},"310":{"start":{"line":634,"column":4},"end":{"line":634,"column":46}},"311":{"start":{"line":634,"column":24},"end":{"line":634,"column":46}},"312":{"start":{"line":635,"column":4},"end":{"line":635,"column":46}},"313":{"start":{"line":635,"column":24},"end":{"line":635,"column":46}},"314":{"start":{"line":636,"column":16},"end":{"line":636,"column":102}},"315":{"start":{"line":636,"column":43},"end":{"line":636,"column":101}},"316":{"start":{"line":637,"column":4},"end":{"line":637,"column":39}},"317":{"start":{"line":641,"column":25},"end":{"line":644,"column":3}},"318":{"start":{"line":642,"column":17},"end":{"line":642,"column":68}},"319":{"start":{"line":642,"column":45},"end":{"line":642,"column":67}},"320":{"start":{"line":643,"column":4},"end":{"line":643,"column":44}},"321":{"start":{"line":647,"column":41},"end":{"line":664,"column":3}},"322":{"start":{"line":648,"column":4},"end":{"line":648,"column":109}},"323":{"start":{"line":649,"column":4},"end":{"line":649,"column":25}},"324":{"start":{"line":650,"column":4},"end":{"line":663,"column":7}},"325":{"start":{"line":650,"column":23},"end":{"line":663,"column":5}},"326":{"start":{"line":651,"column":6},"end":{"line":651,"column":28}},"327":{"start":{"line":652,"column":6},"end":{"line":662,"column":7}},"328":{"start":{"line":653,"column":8},"end":{"line":653,"column":87}},"329":{"start":{"line":654,"column":8},"end":{"line":654,"column":67}},"330":{"start":{"line":655,"column":8},"end":{"line":655,"column":32}},"331":{"start":{"line":656,"column":8},"end":{"line":656,"column":27}},"332":{"start":{"line":658,"column":8},"end":{"line":658,"column":46}},"333":{"start":{"line":659,"column":8},"end":{"line":659,"column":30}},"334":{"start":{"line":660,"column":8},"end":{"line":660,"column":27}},"335":{"start":{"line":661,"column":8},"end":{"line":661,"column":51}},"336":{"start":{"line":666,"column":2},"end":{"line":681,"column":21}},"337":{"start":{"line":667,"column":4},"end":{"line":680,"column":5}},"338":{"start":{"line":668,"column":25},"end":{"line":670,"column":46}},"339":{"start":{"line":669,"column":18},"end":{"line":669,"column":29}},"340":{"start":{"line":670,"column":22},"end":{"line":670,"column":45}},"341":{"start":{"line":671,"column":6},"end":{"line":679,"column":7}},"342":{"start":{"line":672,"column":8},"end":{"line":678,"column":11}},"343":{"start":{"line":673,"column":10},"end":{"line":673,"column":128}},"344":{"start":{"line":673,"column":60},"end":{"line":673,"column":94}},"345":{"start":{"line":673,"column":110},"end":{"line":673,"column":126}},"346":{"start":{"line":675,"column":26},"end":{"line":675,"column":28}},"347":{"start":{"line":676,"column":10},"end":{"line":676,"column":69}},"348":{"start":{"line":676,"column":46},"end":{"line":676,"column":65}},"349":{"start":{"line":677,"column":10},"end":{"line":677,"column":61}},"350":{"start":{"line":677,"column":35},"end":{"line":677,"column":58}},"351":{"start":{"line":684,"column":2},"end":{"line":696,"column":9}},"352":{"start":{"line":685,"column":4},"end":{"line":685,"column":21}},"353":{"start":{"line":686,"column":4},"end":{"line":695,"column":9}},"354":{"start":{"line":688,"column":8},"end":{"line":688,"column":27}},"355":{"start":{"line":689,"column":8},"end":{"line":689,"column":26}},"356":{"start":{"line":692,"column":8},"end":{"line":692,"column":21}},"357":{"start":{"line":693,"column":8},"end":{"line":693,"column":26}},"358":{"start":{"line":694,"column":8},"end":{"line":694,"column":62}},"359":{"start":{"line":699,"column":32},"end":{"line":731,"column":3}},"360":{"start":{"line":700,"column":17},"end":{"line":700,"column":82}},"361":{"start":{"line":701,"column":4},"end":{"line":704,"column":5}},"362":{"start":{"line":702,"column":6},"end":{"line":702,"column":61}},"363":{"start":{"line":703,"column":6},"end":{"line":703,"column":61}},"364":{"start":{"line":705,"column":22},"end":{"line":705,"column":47}},"365":{"start":{"line":706,"column":4},"end":{"line":724,"column":7}},"366":{"start":{"line":725,"column":4},"end":{"line":725,"column":29}},"367":{"start":{"line":726,"column":4},"end":{"line":730,"column":7}},"368":{"start":{"line":732,"column":33},"end":{"line":732,"column":64}},"369":{"start":{"line":732,"column":39},"end":{"line":732,"column":64}},"370":{"start":{"line":733,"column":34},"end":{"line":736,"column":3}},"371":{"start":{"line":734,"column":41},"end":{"line":734,"column":49}},"372":{"start":{"line":735,"column":4},"end":{"line":735,"column":86}},"373":{"start":{"line":735,"column":27},"end":{"line":735,"column":83}},"374":{"start":{"line":738,"column":29},"end":{"line":778,"column":3}},"375":{"start":{"line":739,"column":4},"end":{"line":739,"column":23}},"376":{"start":{"line":740,"column":17},"end":{"line":758,"column":5}},"377":{"start":{"line":759,"column":4},"end":{"line":777,"column":5}},"378":{"start":{"line":760,"column":6},"end":{"line":760,"column":55}},"379":{"start":{"line":761,"column":6},"end":{"line":771,"column":7}},"380":{"start":{"line":763,"column":24},"end":{"line":763,"column":77}},"381":{"start":{"line":763,"column":47},"end":{"line":763,"column":76}},"382":{"start":{"line":764,"column":8},"end":{"line":770,"column":9}},"383":{"start":{"line":765,"column":10},"end":{"line":769,"column":13}},"384":{"start":{"line":772,"column":6},"end":{"line":772,"column":36}},"385":{"start":{"line":773,"column":6},"end":{"line":773,"column":32}},"386":{"start":{"line":774,"column":6},"end":{"line":774,"column":50}},"387":{"start":{"line":776,"column":6},"end":{"line":776,"column":41}},"388":{"start":{"line":780,"column":32},"end":{"line":787,"column":3}},"389":{"start":{"line":781,"column":4},"end":{"line":786,"column":5}},"390":{"start":{"line":782,"column":18},"end":{"line":782,"column":80}},"391":{"start":{"line":783,"column":6},"end":{"line":783,"column":74}},"392":{"start":{"line":783,"column":37},"end":{"line":783,"column":71}},"393":{"start":{"line":785,"column":6},"end":{"line":785,"column":70}},"394":{"start":{"line":785,"column":37},"end":{"line":785,"column":67}},"395":{"start":{"line":789,"column":2},"end":{"line":795,"column":42}},"396":{"start":{"line":790,"column":4},"end":{"line":793,"column":5}},"397":{"start":{"line":791,"column":23},"end":{"line":791,"column":77}},"398":{"start":{"line":791,"column":48},"end":{"line":791,"column":76}},"399":{"start":{"line":792,"column":6},"end":{"line":792,"column":57}},"400":{"start":{"line":792,"column":28},"end":{"line":792,"column":55}},"401":{"start":{"line":797,"column":2},"end":{"line":807,"column":43}},"402":{"start":{"line":798,"column":4},"end":{"line":805,"column":5}},"403":{"start":{"line":799,"column":23},"end":{"line":799,"column":77}},"404":{"start":{"line":799,"column":48},"end":{"line":799,"column":76}},"405":{"start":{"line":800,"column":6},"end":{"line":804,"column":9}},"406":{"start":{"line":801,"column":8},"end":{"line":803,"column":9}},"407":{"start":{"line":802,"column":10},"end":{"line":802,"column":38}},"408":{"start":{"line":810,"column":2},"end":{"line":810,"column":37}},"409":{"start":{"line":811,"column":2},"end":{"line":811,"column":59}},"410":{"start":{"line":812,"column":2},"end":{"line":812,"column":61}},"411":{"start":{"line":816,"column":4},"end":{"line":827,"column":5}},"412":{"start":{"line":817,"column":6},"end":{"line":826,"column":7}},"413":{"start":{"line":819,"column":10},"end":{"line":819,"column":26}},"414":{"start":{"line":821,"column":10},"end":{"line":821,"column":27}},"415":{"start":{"line":823,"column":10},"end":{"line":823,"column":32}},"416":{"start":{"line":825,"column":10},"end":{"line":825,"column":33}},"417":{"start":{"line":829,"column":4},"end":{"line":829,"column":39}},"418":{"start":{"line":829,"column":17},"end":{"line":829,"column":39}},"419":{"start":{"line":830,"column":4},"end":{"line":830,"column":70}},"420":{"start":{"line":830,"column":54},"end":{"line":830,"column":70}},"421":{"start":{"line":831,"column":4},"end":{"line":831,"column":70}},"422":{"start":{"line":831,"column":53},"end":{"line":831,"column":70}},"423":{"start":{"line":832,"column":4},"end":{"line":832,"column":87}},"424":{"start":{"line":832,"column":62},"end":{"line":832,"column":87}},"425":{"start":{"line":833,"column":4},"end":{"line":833,"column":18}},"426":{"start":{"line":836,"column":2},"end":{"line":1559,"column":4}},"427":{"start":{"line":864,"column":66},"end":{"line":864,"column":95}},"428":{"start":{"line":873,"column":66},"end":{"line":873,"column":96}},"429":{"start":{"line":899,"column":33},"end":{"line":899,"column":96}},"430":{"start":{"line":899,"column":53},"end":{"line":899,"column":94}},"431":{"start":{"line":908,"column":33},"end":{"line":908,"column":93}},"432":{"start":{"line":908,"column":53},"end":{"line":908,"column":91}},"433":{"start":{"line":912,"column":20},"end":{"line":914,"column":29}},"434":{"start":{"line":923,"column":33},"end":{"line":923,"column":93}},"435":{"start":{"line":923,"column":53},"end":{"line":923,"column":91}},"436":{"start":{"line":927,"column":20},"end":{"line":929,"column":29}},"437":{"start":{"line":960,"column":34},"end":{"line":960,"column":52}},"438":{"start":{"line":961,"column":36},"end":{"line":961,"column":66}},"439":{"start":{"line":962,"column":16},"end":{"line":962,"column":103}},"440":{"start":{"line":963,"column":16},"end":{"line":997,"column":18}},"441":{"start":{"line":983,"column":84},"end":{"line":983,"column":107}},"442":{"start":{"line":986,"column":89},"end":{"line":986,"column":116}},"443":{"start":{"line":990,"column":84},"end":{"line":990,"column":120}},"444":{"start":{"line":1009,"column":56},"end":{"line":1009,"column":75}},"445":{"start":{"line":1072,"column":88},"end":{"line":1072,"column":117}},"446":{"start":{"line":1177,"column":30},"end":{"line":1177,"column":74}},"447":{"start":{"line":1251,"column":30},"end":{"line":1253,"column":39}},"448":{"start":{"line":1337,"column":36},"end":{"line":1357,"column":41}},"449":{"start":{"line":1345,"column":60},"end":{"line":1345,"column":116}},"450":{"start":{"line":1420,"column":106},"end":{"line":1420,"column":136}},"451":{"start":{"line":1440,"column":45},"end":{"line":1440,"column":163}},"452":{"start":{"line":1441,"column":43},"end":{"line":1441,"column":164}},"453":{"start":{"line":1442,"column":41},"end":{"line":1442,"column":68}},"454":{"start":{"line":1443,"column":44},"end":{"line":1443,"column":65}},"455":{"start":{"line":1444,"column":49},"end":{"line":1444,"column":126}},"456":{"start":{"line":1445,"column":26},"end":{"line":1445,"column":157}},"457":{"start":{"line":1446,"column":26},"end":{"line":1482,"column":28}},"458":{"start":{"line":1454,"column":95},"end":{"line":1454,"column":208}},"459":{"start":{"line":1454,"column":209},"end":{"line":1454,"column":234}},"460":{"start":{"line":1462,"column":51},"end":{"line":1462,"column":78}},"461":{"start":{"line":1472,"column":97},"end":{"line":1472,"column":244}},"462":{"start":{"line":1472,"column":245},"end":{"line":1472,"column":270}},"463":{"start":{"line":1489,"column":85},"end":{"line":1489,"column":115}},"464":{"start":{"line":1504,"column":77},"end":{"line":1504,"column":102}},"465":{"start":{"line":1532,"column":85},"end":{"line":1532,"column":110}},"466":{"start":{"line":1545,"column":14},"end":{"line":1545,"column":40}},"467":{"start":{"line":1546,"column":14},"end":{"line":1546,"column":58}},"468":{"start":{"line":1548,"column":28},"end":{"line":1548,"column":53}},"469":{"start":{"line":1551,"column":69},"end":{"line":1551,"column":88}},"470":{"start":{"line":1553,"column":80},"end":{"line":1553,"column":101}},"471":{"start":{"line":1563,"column":34},"end":{"line":1563,"column":46}},"472":{"start":{"line":1565,"column":2},"end":{"line":1578,"column":15}},"473":{"start":{"line":1566,"column":22},"end":{"line":1576,"column":5}},"474":{"start":{"line":1567,"column":18},"end":{"line":1567,"column":51}},"475":{"start":{"line":1568,"column":19},"end":{"line":1574,"column":9}},"476":{"start":{"line":1569,"column":26},"end":{"line":1569,"column":62}},"477":{"start":{"line":1570,"column":8},"end":{"line":1573,"column":10}},"478":{"start":{"line":1575,"column":6},"end":{"line":1575,"column":24}},"479":{"start":{"line":1577,"column":4},"end":{"line":1577,"column":28}},"480":{"start":{"line":1577,"column":16},"end":{"line":1577,"column":28}},"481":{"start":{"line":1580,"column":2},"end":{"line":1601,"column":4}},"482":{"start":{"line":1590,"column":10},"end":{"line":1597,"column":15}}},"fnMap":{"0":{"name":"(anonymous_0)","decl":{"start":{"line":10,"column":30},"end":{"line":10,"column":31}},"loc":{"start":{"line":10,"column":36},"end":{"line":1560,"column":1}},"line":10},"1":{"name":"(anonymous_1)","decl":{"start":{"line":118,"column":45},"end":{"line":118,"column":46}},"loc":{"start":{"line":118,"column":51},"end":{"line":118,"column":59}},"line":118},"2":{"name":"(anonymous_2)","decl":{"start":{"line":118,"column":51},"end":{"line":118,"column":52}},"loc":{"start":{"line":118,"column":57},"end":{"line":118,"column":59}},"line":118},"3":{"name":"(anonymous_3)","decl":{"start":{"line":120,"column":12},"end":{"line":120,"column":13}},"loc":{"start":{"line":120,"column":18},"end":{"line":131,"column":3}},"line":120},"4":{"name":"(anonymous_4)","decl":{"start":{"line":133,"column":12},"end":{"line":133,"column":13}},"loc":{"start":{"line":133,"column":18},"end":{"line":144,"column":3}},"line":133},"5":{"name":"(anonymous_5)","decl":{"start":{"line":135,"column":12},"end":{"line":135,"column":13}},"loc":{"start":{"line":135,"column":19},"end":{"line":142,"column":7}},"line":135},"6":{"name":"(anonymous_6)","decl":{"start":{"line":136,"column":37},"end":{"line":136,"column":38}},"loc":{"start":{"line":136,"column":45},"end":{"line":139,"column":9}},"line":136},"7":{"name":"(anonymous_7)","decl":{"start":{"line":143,"column":13},"end":{"line":143,"column":14}},"loc":{"start":{"line":143,"column":19},"end":{"line":143,"column":42}},"line":143},"8":{"name":"(anonymous_8)","decl":{"start":{"line":146,"column":12},"end":{"line":146,"column":13}},"loc":{"start":{"line":146,"column":18},"end":{"line":148,"column":3}},"line":146},"9":{"name":"(anonymous_9)","decl":{"start":{"line":147,"column":32},"end":{"line":147,"column":33}},"loc":{"start":{"line":147,"column":39},"end":{"line":147,"column":69}},"line":147},"10":{"name":"(anonymous_10)","decl":{"start":{"line":147,"column":77},"end":{"line":147,"column":78}},"loc":{"start":{"line":147,"column":83},"end":{"line":147,"column":107}},"line":147},"11":{"name":"(anonymous_11)","decl":{"start":{"line":150,"column":28},"end":{"line":150,"column":29}},"loc":{"start":{"line":150,"column":51},"end":{"line":158,"column":3}},"line":150},"12":{"name":"(anonymous_12)","decl":{"start":{"line":160,"column":29},"end":{"line":160,"column":30}},"loc":{"start":{"line":160,"column":35},"end":{"line":162,"column":3}},"line":160},"13":{"name":"(anonymous_13)","decl":{"start":{"line":164,"column":31},"end":{"line":164,"column":32}},"loc":{"start":{"line":164,"column":37},"end":{"line":179,"column":3}},"line":164},"14":{"name":"(anonymous_14)","decl":{"start":{"line":181,"column":32},"end":{"line":181,"column":33}},"loc":{"start":{"line":181,"column":49},"end":{"line":196,"column":3}},"line":181},"15":{"name":"(anonymous_15)","decl":{"start":{"line":198,"column":29},"end":{"line":198,"column":30}},"loc":{"start":{"line":198,"column":46},"end":{"line":201,"column":3}},"line":198},"16":{"name":"(anonymous_16)","decl":{"start":{"line":203,"column":27},"end":{"line":203,"column":28}},"loc":{"start":{"line":203,"column":33},"end":{"line":206,"column":3}},"line":203},"17":{"name":"(anonymous_17)","decl":{"start":{"line":208,"column":28},"end":{"line":208,"column":29}},"loc":{"start":{"line":208,"column":35},"end":{"line":224,"column":3}},"line":208},"18":{"name":"(anonymous_18)","decl":{"start":{"line":210,"column":16},"end":{"line":210,"column":17}},"loc":{"start":{"line":210,"column":24},"end":{"line":223,"column":5}},"line":210},"19":{"name":"(anonymous_19)","decl":{"start":{"line":226,"column":27},"end":{"line":226,"column":28}},"loc":{"start":{"line":226,"column":40},"end":{"line":287,"column":3}},"line":226},"20":{"name":"(anonymous_20)","decl":{"start":{"line":290,"column":29},"end":{"line":290,"column":30}},"loc":{"start":{"line":290,"column":36},"end":{"line":296,"column":3}},"line":290},"21":{"name":"(anonymous_21)","decl":{"start":{"line":292,"column":15},"end":{"line":292,"column":16}},"loc":{"start":{"line":292,"column":24},"end":{"line":295,"column":5}},"line":292},"22":{"name":"(anonymous_22)","decl":{"start":{"line":298,"column":29},"end":{"line":298,"column":30}},"loc":{"start":{"line":298,"column":35},"end":{"line":303,"column":3}},"line":298},"23":{"name":"(anonymous_23)","decl":{"start":{"line":305,"column":29},"end":{"line":305,"column":30}},"loc":{"start":{"line":305,"column":35},"end":{"line":332,"column":3}},"line":305},"24":{"name":"(anonymous_24)","decl":{"start":{"line":320,"column":15},"end":{"line":320,"column":16}},"loc":{"start":{"line":320,"column":21},"end":{"line":331,"column":5}},"line":320},"25":{"name":"(anonymous_25)","decl":{"start":{"line":325,"column":17},"end":{"line":325,"column":18}},"loc":{"start":{"line":325,"column":23},"end":{"line":330,"column":7}},"line":325},"26":{"name":"(anonymous_26)","decl":{"start":{"line":335,"column":30},"end":{"line":335,"column":31}},"loc":{"start":{"line":335,"column":36},"end":{"line":360,"column":3}},"line":335},"27":{"name":"(anonymous_27)","decl":{"start":{"line":348,"column":15},"end":{"line":348,"column":16}},"loc":{"start":{"line":348,"column":21},"end":{"line":359,"column":5}},"line":348},"28":{"name":"(anonymous_28)","decl":{"start":{"line":353,"column":17},"end":{"line":353,"column":18}},"loc":{"start":{"line":353,"column":23},"end":{"line":358,"column":7}},"line":353},"29":{"name":"(anonymous_29)","decl":{"start":{"line":362,"column":32},"end":{"line":362,"column":33}},"loc":{"start":{"line":362,"column":38},"end":{"line":364,"column":3}},"line":362},"30":{"name":"(anonymous_30)","decl":{"start":{"line":365,"column":35},"end":{"line":365,"column":36}},"loc":{"start":{"line":365,"column":48},"end":{"line":402,"column":3}},"line":365},"31":{"name":"(anonymous_31)","decl":{"start":{"line":369,"column":21},"end":{"line":369,"column":22}},"loc":{"start":{"line":369,"column":29},"end":{"line":376,"column":5}},"line":369},"32":{"name":"(anonymous_32)","decl":{"start":{"line":384,"column":32},"end":{"line":384,"column":33}},"loc":{"start":{"line":384,"column":38},"end":{"line":387,"column":9}},"line":384},"33":{"name":"(anonymous_33)","decl":{"start":{"line":389,"column":42},"end":{"line":389,"column":43}},"loc":{"start":{"line":389,"column":47},"end":{"line":389,"column":56}},"line":389},"34":{"name":"(anonymous_34)","decl":{"start":{"line":404,"column":33},"end":{"line":404,"column":34}},"loc":{"start":{"line":404,"column":48},"end":{"line":413,"column":3}},"line":404},"35":{"name":"(anonymous_35)","decl":{"start":{"line":406,"column":24},"end":{"line":406,"column":25}},"loc":{"start":{"line":406,"column":32},"end":{"line":412,"column":5}},"line":406},"36":{"name":"(anonymous_36)","decl":{"start":{"line":408,"column":27},"end":{"line":408,"column":28}},"loc":{"start":{"line":408,"column":33},"end":{"line":408,"column":49}},"line":408},"37":{"name":"(anonymous_37)","decl":{"start":{"line":415,"column":34},"end":{"line":415,"column":35}},"loc":{"start":{"line":415,"column":40},"end":{"line":423,"column":3}},"line":415},"38":{"name":"(anonymous_38)","decl":{"start":{"line":417,"column":39},"end":{"line":417,"column":40}},"loc":{"start":{"line":417,"column":50},"end":{"line":417,"column":64}},"line":417},"39":{"name":"(anonymous_39)","decl":{"start":{"line":417,"column":73},"end":{"line":417,"column":74}},"loc":{"start":{"line":417,"column":79},"end":{"line":417,"column":83}},"line":417},"40":{"name":"(anonymous_40)","decl":{"start":{"line":425,"column":32},"end":{"line":425,"column":33}},"loc":{"start":{"line":425,"column":45},"end":{"line":539,"column":3}},"line":425},"41":{"name":"(anonymous_41)","decl":{"start":{"line":428,"column":52},"end":{"line":428,"column":53}},"loc":{"start":{"line":428,"column":58},"end":{"line":428,"column":62}},"line":428},"42":{"name":"(anonymous_42)","decl":{"start":{"line":450,"column":69},"end":{"line":450,"column":70}},"loc":{"start":{"line":450,"column":90},"end":{"line":460,"column":5}},"line":450},"43":{"name":"(anonymous_43)","decl":{"start":{"line":462,"column":52},"end":{"line":462,"column":53}},"loc":{"start":{"line":462,"column":57},"end":{"line":462,"column":72}},"line":462},"44":{"name":"(anonymous_44)","decl":{"start":{"line":476,"column":36},"end":{"line":476,"column":37}},"loc":{"start":{"line":476,"column":41},"end":{"line":476,"column":52}},"line":476},"45":{"name":"(anonymous_45)","decl":{"start":{"line":541,"column":30},"end":{"line":541,"column":31}},"loc":{"start":{"line":541,"column":36},"end":{"line":548,"column":3}},"line":541},"46":{"name":"(anonymous_46)","decl":{"start":{"line":551,"column":32},"end":{"line":551,"column":33}},"loc":{"start":{"line":551,"column":38},"end":{"line":557,"column":3}},"line":551},"47":{"name":"(anonymous_47)","decl":{"start":{"line":560,"column":12},"end":{"line":560,"column":13}},"loc":{"start":{"line":560,"column":18},"end":{"line":592,"column":3}},"line":560},"48":{"name":"(anonymous_48)","decl":{"start":{"line":564,"column":17},"end":{"line":564,"column":18}},"loc":{"start":{"line":564,"column":23},"end":{"line":590,"column":7}},"line":564},"49":{"name":"(anonymous_49)","decl":{"start":{"line":567,"column":24},"end":{"line":567,"column":25}},"loc":{"start":{"line":567,"column":34},"end":{"line":578,"column":9}},"line":567},"50":{"name":"(anonymous_50)","decl":{"start":{"line":575,"column":27},"end":{"line":575,"column":28}},"loc":{"start":{"line":575,"column":39},"end":{"line":577,"column":11}},"line":575},"51":{"name":"(anonymous_51)","decl":{"start":{"line":582,"column":23},"end":{"line":582,"column":24}},"loc":{"start":{"line":582,"column":32},"end":{"line":587,"column":9}},"line":582},"52":{"name":"(anonymous_52)","decl":{"start":{"line":595,"column":12},"end":{"line":595,"column":13}},"loc":{"start":{"line":595,"column":18},"end":{"line":608,"column":3}},"line":595},"53":{"name":"(anonymous_53)","decl":{"start":{"line":598,"column":14},"end":{"line":598,"column":15}},"loc":{"start":{"line":598,"column":21},"end":{"line":605,"column":9}},"line":598},"54":{"name":"(anonymous_54)","decl":{"start":{"line":599,"column":39},"end":{"line":599,"column":40}},"loc":{"start":{"line":599,"column":47},"end":{"line":602,"column":11}},"line":599},"55":{"name":"(anonymous_55)","decl":{"start":{"line":606,"column":15},"end":{"line":606,"column":16}},"loc":{"start":{"line":606,"column":21},"end":{"line":606,"column":44}},"line":606},"56":{"name":"(anonymous_56)","decl":{"start":{"line":613,"column":37},"end":{"line":613,"column":38}},"loc":{"start":{"line":613,"column":45},"end":{"line":618,"column":3}},"line":613},"57":{"name":"(anonymous_57)","decl":{"start":{"line":622,"column":24},"end":{"line":622,"column":25}},"loc":{"start":{"line":622,"column":39},"end":{"line":624,"column":3}},"line":622},"58":{"name":"(anonymous_58)","decl":{"start":{"line":627,"column":52},"end":{"line":627,"column":53}},"loc":{"start":{"line":627,"column":60},"end":{"line":630,"column":3}},"line":627},"59":{"name":"(anonymous_59)","decl":{"start":{"line":633,"column":23},"end":{"line":633,"column":24}},"loc":{"start":{"line":633,"column":33},"end":{"line":638,"column":3}},"line":633},"60":{"name":"(anonymous_60)","decl":{"start":{"line":636,"column":38},"end":{"line":636,"column":39}},"loc":{"start":{"line":636,"column":43},"end":{"line":636,"column":101}},"line":636},"61":{"name":"(anonymous_61)","decl":{"start":{"line":641,"column":25},"end":{"line":641,"column":26}},"loc":{"start":{"line":641,"column":40},"end":{"line":644,"column":3}},"line":641},"62":{"name":"(anonymous_62)","decl":{"start":{"line":642,"column":40},"end":{"line":642,"column":41}},"loc":{"start":{"line":642,"column":45},"end":{"line":642,"column":67}},"line":642},"63":{"name":"(anonymous_63)","decl":{"start":{"line":647,"column":41},"end":{"line":647,"column":42}},"loc":{"start":{"line":647,"column":57},"end":{"line":664,"column":3}},"line":647},"64":{"name":"(anonymous_64)","decl":{"start":{"line":650,"column":17},"end":{"line":650,"column":18}},"loc":{"start":{"line":650,"column":23},"end":{"line":663,"column":5}},"line":650},"65":{"name":"(anonymous_65)","decl":{"start":{"line":650,"column":23},"end":{"line":650,"column":24}},"loc":{"start":{"line":650,"column":35},"end":{"line":663,"column":5}},"line":650},"66":{"name":"(anonymous_66)","decl":{"start":{"line":666,"column":12},"end":{"line":666,"column":13}},"loc":{"start":{"line":666,"column":18},"end":{"line":681,"column":3}},"line":666},"67":{"name":"(anonymous_67)","decl":{"start":{"line":669,"column":13},"end":{"line":669,"column":14}},"loc":{"start":{"line":669,"column":18},"end":{"line":669,"column":29}},"line":669},"68":{"name":"(anonymous_68)","decl":{"start":{"line":670,"column":16},"end":{"line":670,"column":17}},"loc":{"start":{"line":670,"column":22},"end":{"line":670,"column":45}},"line":670},"69":{"name":"(anonymous_69)","decl":{"start":{"line":672,"column":35},"end":{"line":672,"column":36}},"loc":{"start":{"line":673,"column":10},"end":{"line":673,"column":128}},"line":673},"70":{"name":"(anonymous_70)","decl":{"start":{"line":673,"column":52},"end":{"line":673,"column":53}},"loc":{"start":{"line":673,"column":60},"end":{"line":673,"column":94}},"line":673},"71":{"name":"(anonymous_71)","decl":{"start":{"line":673,"column":103},"end":{"line":673,"column":104}},"loc":{"start":{"line":673,"column":110},"end":{"line":673,"column":126}},"line":673},"72":{"name":"(anonymous_72)","decl":{"start":{"line":674,"column":16},"end":{"line":674,"column":17}},"loc":{"start":{"line":674,"column":27},"end":{"line":678,"column":9}},"line":674},"73":{"name":"(anonymous_73)","decl":{"start":{"line":676,"column":26},"end":{"line":676,"column":27}},"loc":{"start":{"line":676,"column":44},"end":{"line":676,"column":67}},"line":676},"74":{"name":"(anonymous_74)","decl":{"start":{"line":677,"column":26},"end":{"line":677,"column":27}},"loc":{"start":{"line":677,"column":35},"end":{"line":677,"column":58}},"line":677},"75":{"name":"(anonymous_75)","decl":{"start":{"line":684,"column":12},"end":{"line":684,"column":13}},"loc":{"start":{"line":684,"column":18},"end":{"line":696,"column":3}},"line":684},"76":{"name":"(anonymous_76)","decl":{"start":{"line":687,"column":12},"end":{"line":687,"column":13}},"loc":{"start":{"line":687,"column":19},"end":{"line":690,"column":7}},"line":687},"77":{"name":"(anonymous_77)","decl":{"start":{"line":691,"column":13},"end":{"line":691,"column":14}},"loc":{"start":{"line":691,"column":20},"end":{"line":695,"column":7}},"line":691},"78":{"name":"(anonymous_78)","decl":{"start":{"line":699,"column":32},"end":{"line":699,"column":33}},"loc":{"start":{"line":699,"column":48},"end":{"line":731,"column":3}},"line":699},"79":{"name":"(anonymous_79)","decl":{"start":{"line":732,"column":33},"end":{"line":732,"column":34}},"loc":{"start":{"line":732,"column":39},"end":{"line":732,"column":64}},"line":732},"80":{"name":"(anonymous_80)","decl":{"start":{"line":733,"column":34},"end":{"line":733,"column":35}},"loc":{"start":{"line":733,"column":41},"end":{"line":736,"column":3}},"line":733},"81":{"name":"(anonymous_81)","decl":{"start":{"line":735,"column":18},"end":{"line":735,"column":19}},"loc":{"start":{"line":735,"column":27},"end":{"line":735,"column":83}},"line":735},"82":{"name":"(anonymous_82)","decl":{"start":{"line":738,"column":29},"end":{"line":738,"column":30}},"loc":{"start":{"line":738,"column":42},"end":{"line":778,"column":3}},"line":738},"83":{"name":"(anonymous_83)","decl":{"start":{"line":763,"column":42},"end":{"line":763,"column":43}},"loc":{"start":{"line":763,"column":47},"end":{"line":763,"column":76}},"line":763},"84":{"name":"(anonymous_84)","decl":{"start":{"line":780,"column":32},"end":{"line":780,"column":33}},"loc":{"start":{"line":780,"column":53},"end":{"line":787,"column":3}},"line":780},"85":{"name":"(anonymous_85)","decl":{"start":{"line":783,"column":28},"end":{"line":783,"column":29}},"loc":{"start":{"line":783,"column":37},"end":{"line":783,"column":71}},"line":783},"86":{"name":"(anonymous_86)","decl":{"start":{"line":785,"column":28},"end":{"line":785,"column":29}},"loc":{"start":{"line":785,"column":37},"end":{"line":785,"column":67}},"line":785},"87":{"name":"(anonymous_87)","decl":{"start":{"line":789,"column":12},"end":{"line":789,"column":13}},"loc":{"start":{"line":789,"column":18},"end":{"line":795,"column":3}},"line":789},"88":{"name":"(anonymous_88)","decl":{"start":{"line":791,"column":43},"end":{"line":791,"column":44}},"loc":{"start":{"line":791,"column":48},"end":{"line":791,"column":76}},"line":791},"89":{"name":"(anonymous_89)","decl":{"start":{"line":792,"column":23},"end":{"line":792,"column":24}},"loc":{"start":{"line":792,"column":28},"end":{"line":792,"column":55}},"line":792},"90":{"name":"(anonymous_90)","decl":{"start":{"line":797,"column":12},"end":{"line":797,"column":13}},"loc":{"start":{"line":797,"column":18},"end":{"line":807,"column":3}},"line":797},"91":{"name":"(anonymous_91)","decl":{"start":{"line":799,"column":43},"end":{"line":799,"column":44}},"loc":{"start":{"line":799,"column":48},"end":{"line":799,"column":76}},"line":799},"92":{"name":"(anonymous_92)","decl":{"start":{"line":800,"column":23},"end":{"line":800,"column":24}},"loc":{"start":{"line":800,"column":28},"end":{"line":804,"column":7}},"line":800},"93":{"name":"getConsentStatusText","decl":{"start":{"line":815,"column":11},"end":{"line":815,"column":31}},"loc":{"start":{"line":815,"column":50},"end":{"line":834,"column":3}},"line":815},"94":{"name":"(anonymous_94)","decl":{"start":{"line":864,"column":57},"end":{"line":864,"column":58}},"loc":{"start":{"line":864,"column":66},"end":{"line":864,"column":95}},"line":864},"95":{"name":"(anonymous_95)","decl":{"start":{"line":873,"column":57},"end":{"line":873,"column":58}},"loc":{"start":{"line":873,"column":66},"end":{"line":873,"column":96}},"line":873},"96":{"name":"(anonymous_96)","decl":{"start":{"line":899,"column":28},"end":{"line":899,"column":29}},"loc":{"start":{"line":899,"column":33},"end":{"line":899,"column":96}},"line":899},"97":{"name":"(anonymous_97)","decl":{"start":{"line":899,"column":44},"end":{"line":899,"column":45}},"loc":{"start":{"line":899,"column":53},"end":{"line":899,"column":94}},"line":899},"98":{"name":"(anonymous_98)","decl":{"start":{"line":908,"column":28},"end":{"line":908,"column":29}},"loc":{"start":{"line":908,"column":33},"end":{"line":908,"column":93}},"line":908},"99":{"name":"(anonymous_99)","decl":{"start":{"line":908,"column":44},"end":{"line":908,"column":45}},"loc":{"start":{"line":908,"column":53},"end":{"line":908,"column":91}},"line":908},"100":{"name":"(anonymous_100)","decl":{"start":{"line":911,"column":40},"end":{"line":911,"column":41}},"loc":{"start":{"line":912,"column":20},"end":{"line":914,"column":29}},"line":912},"101":{"name":"(anonymous_101)","decl":{"start":{"line":923,"column":28},"end":{"line":923,"column":29}},"loc":{"start":{"line":923,"column":33},"end":{"line":923,"column":93}},"line":923},"102":{"name":"(anonymous_102)","decl":{"start":{"line":923,"column":44},"end":{"line":923,"column":45}},"loc":{"start":{"line":923,"column":53},"end":{"line":923,"column":91}},"line":923},"103":{"name":"(anonymous_103)","decl":{"start":{"line":926,"column":40},"end":{"line":926,"column":41}},"loc":{"start":{"line":927,"column":20},"end":{"line":929,"column":29}},"line":927},"104":{"name":"(anonymous_104)","decl":{"start":{"line":959,"column":32},"end":{"line":959,"column":33}},"loc":{"start":{"line":959,"column":42},"end":{"line":998,"column":15}},"line":959},"105":{"name":"(anonymous_105)","decl":{"start":{"line":983,"column":78},"end":{"line":983,"column":79}},"loc":{"start":{"line":983,"column":84},"end":{"line":983,"column":107}},"line":983},"106":{"name":"(anonymous_106)","decl":{"start":{"line":986,"column":83},"end":{"line":986,"column":84}},"loc":{"start":{"line":986,"column":89},"end":{"line":986,"column":116}},"line":986},"107":{"name":"(anonymous_107)","decl":{"start":{"line":990,"column":78},"end":{"line":990,"column":79}},"loc":{"start":{"line":990,"column":84},"end":{"line":990,"column":120}},"line":990},"108":{"name":"(anonymous_108)","decl":{"start":{"line":1009,"column":51},"end":{"line":1009,"column":52}},"loc":{"start":{"line":1009,"column":56},"end":{"line":1009,"column":75}},"line":1009},"109":{"name":"(anonymous_109)","decl":{"start":{"line":1072,"column":82},"end":{"line":1072,"column":83}},"loc":{"start":{"line":1072,"column":88},"end":{"line":1072,"column":117}},"line":1072},"110":{"name":"(anonymous_110)","decl":{"start":{"line":1176,"column":47},"end":{"line":1176,"column":48}},"loc":{"start":{"line":1177,"column":30},"end":{"line":1177,"column":74}},"line":1177},"111":{"name":"(anonymous_111)","decl":{"start":{"line":1250,"column":50},"end":{"line":1250,"column":51}},"loc":{"start":{"line":1251,"column":30},"end":{"line":1253,"column":39}},"line":1251},"112":{"name":"(anonymous_112)","decl":{"start":{"line":1336,"column":53},"end":{"line":1336,"column":54}},"loc":{"start":{"line":1337,"column":36},"end":{"line":1357,"column":41}},"line":1337},"113":{"name":"(anonymous_113)","decl":{"start":{"line":1345,"column":54},"end":{"line":1345,"column":55}},"loc":{"start":{"line":1345,"column":60},"end":{"line":1345,"column":116}},"line":1345},"114":{"name":"(anonymous_114)","decl":{"start":{"line":1420,"column":100},"end":{"line":1420,"column":101}},"loc":{"start":{"line":1420,"column":106},"end":{"line":1420,"column":136}},"line":1420},"115":{"name":"(anonymous_115)","decl":{"start":{"line":1438,"column":42},"end":{"line":1438,"column":43}},"loc":{"start":{"line":1438,"column":57},"end":{"line":1483,"column":25}},"line":1438},"116":{"name":"(anonymous_116)","decl":{"start":{"line":1454,"column":87},"end":{"line":1454,"column":88}},"loc":{"start":{"line":1454,"column":93},"end":{"line":1454,"column":236}},"line":1454},"117":{"name":"(anonymous_117)","decl":{"start":{"line":1462,"column":45},"end":{"line":1462,"column":46}},"loc":{"start":{"line":1462,"column":51},"end":{"line":1462,"column":78}},"line":1462},"118":{"name":"(anonymous_118)","decl":{"start":{"line":1472,"column":89},"end":{"line":1472,"column":90}},"loc":{"start":{"line":1472,"column":95},"end":{"line":1472,"column":272}},"line":1472},"119":{"name":"(anonymous_119)","decl":{"start":{"line":1489,"column":79},"end":{"line":1489,"column":80}},"loc":{"start":{"line":1489,"column":85},"end":{"line":1489,"column":115}},"line":1489},"120":{"name":"(anonymous_120)","decl":{"start":{"line":1504,"column":71},"end":{"line":1504,"column":72}},"loc":{"start":{"line":1504,"column":77},"end":{"line":1504,"column":102}},"line":1504},"121":{"name":"(anonymous_121)","decl":{"start":{"line":1532,"column":79},"end":{"line":1532,"column":80}},"loc":{"start":{"line":1532,"column":85},"end":{"line":1532,"column":110}},"line":1532},"122":{"name":"(anonymous_122)","decl":{"start":{"line":1544,"column":23},"end":{"line":1544,"column":24}},"loc":{"start":{"line":1544,"column":29},"end":{"line":1547,"column":13}},"line":1544},"123":{"name":"(anonymous_123)","decl":{"start":{"line":1548,"column":22},"end":{"line":1548,"column":23}},"loc":{"start":{"line":1548,"column":28},"end":{"line":1548,"column":53}},"line":1548},"124":{"name":"(anonymous_124)","decl":{"start":{"line":1551,"column":63},"end":{"line":1551,"column":64}},"loc":{"start":{"line":1551,"column":69},"end":{"line":1551,"column":88}},"line":1551},"125":{"name":"(anonymous_125)","decl":{"start":{"line":1553,"column":74},"end":{"line":1553,"column":75}},"loc":{"start":{"line":1553,"column":80},"end":{"line":1553,"column":101}},"line":1553},"126":{"name":"ApprovedStudentsList","decl":{"start":{"line":1562,"column":9},"end":{"line":1562,"column":29}},"loc":{"start":{"line":1562,"column":42},"end":{"line":1602,"column":1}},"line":1562},"127":{"name":"(anonymous_127)","decl":{"start":{"line":1565,"column":12},"end":{"line":1565,"column":13}},"loc":{"start":{"line":1565,"column":18},"end":{"line":1578,"column":3}},"line":1565},"128":{"name":"(anonymous_128)","decl":{"start":{"line":1566,"column":22},"end":{"line":1566,"column":23}},"loc":{"start":{"line":1566,"column":34},"end":{"line":1576,"column":5}},"line":1566},"129":{"name":"(anonymous_129)","decl":{"start":{"line":1568,"column":50},"end":{"line":1568,"column":51}},"loc":{"start":{"line":1568,"column":69},"end":{"line":1574,"column":7}},"line":1568},"130":{"name":"(anonymous_130)","decl":{"start":{"line":1589,"column":22},"end":{"line":1589,"column":23}},"loc":{"start":{"line":1590,"column":10},"end":{"line":1597,"column":15}},"line":1590}},"branchMap":{"0":{"loc":{"start":{"line":97,"column":13},"end":{"line":97,"column":40}},"type":"binary-expr","locations":[{"start":{"line":97,"column":13},"end":{"line":97,"column":34}},{"start":{"line":97,"column":38},"end":{"line":97,"column":40}}],"line":97},"1":{"loc":{"start":{"line":122,"column":4},"end":{"line":130,"column":5}},"type":"if","locations":[{"start":{"line":122,"column":4},"end":{"line":130,"column":5}},{"start":{},"end":{}}],"line":122},"2":{"loc":{"start":{"line":122,"column":8},"end":{"line":122,"column":40}},"type":"binary-expr","locations":[{"start":{"line":122,"column":8},"end":{"line":122,"column":20}},{"start":{"line":122,"column":24},"end":{"line":122,"column":40}}],"line":122},"3":{"loc":{"start":{"line":137,"column":19},"end":{"line":137,"column":55}},"type":"binary-expr","locations":[{"start":{"line":137,"column":19},"end":{"line":137,"column":30}},{"start":{"line":137,"column":34},"end":{"line":137,"column":45}},{"start":{"line":137,"column":49},"end":{"line":137,"column":55}}],"line":137},"4":{"loc":{"start":{"line":138,"column":21},"end":{"line":138,"column":63}},"type":"binary-expr","locations":[{"start":{"line":138,"column":21},"end":{"line":138,"column":34}},{"start":{"line":138,"column":38},"end":{"line":138,"column":51}},{"start":{"line":138,"column":55},"end":{"line":138,"column":63}}],"line":138},"5":{"loc":{"start":{"line":154,"column":22},"end":{"line":154,"column":36}},"type":"binary-expr","locations":[{"start":{"line":154,"column":22},"end":{"line":154,"column":30}},{"start":{"line":154,"column":34},"end":{"line":154,"column":36}}],"line":154},"6":{"loc":{"start":{"line":176,"column":17},"end":{"line":176,"column":65}},"type":"binary-expr","locations":[{"start":{"line":176,"column":17},"end":{"line":176,"column":36}},{"start":{"line":176,"column":40},"end":{"line":176,"column":59}},{"start":{"line":176,"column":63},"end":{"line":176,"column":65}}],"line":176},"7":{"loc":{"start":{"line":185,"column":19},"end":{"line":185,"column":89}},"type":"cond-expr","locations":[{"start":{"line":185,"column":46},"end":{"line":185,"column":84}},{"start":{"line":185,"column":87},"end":{"line":185,"column":89}}],"line":185},"8":{"loc":{"start":{"line":191,"column":27},"end":{"line":191,"column":67}},"type":"binary-expr","locations":[{"st
[...]
"(anonymous_2)","decl":{"start":{"line":31,"column":22},"end":{"line":31,"column":23}},"loc":{"start":{"line":31,"column":34},"end":{"line":38,"column":5}},"line":31},"3":{"name":"(anonymous_3)","decl":{"start":{"line":42,"column":12},"end":{"line":42,"column":13}},"loc":{"start":{"line":42,"column":18},"end":{"line":78,"column":3}},"line":42},"4":{"name":"(anonymous_4)","decl":{"start":{"line":43,"column":26},"end":{"line":43,"column":27}},"loc":{"start":{"line":43,"column":38},"end":{"line":76,"column":5}},"line":43},"5":{"name":"(anonymous_5)","decl":{"start":{"line":48,"column":42},"end":{"line":48,"column":43}},"loc":{"start":{"line":48,"column":47},"end":{"line":48,"column":114}},"line":48},"6":{"name":"(anonymous_6)","decl":{"start":{"line":51,"column":24},"end":{"line":51,"column":25}},"loc":{"start":{"line":51,"column":37},"end":{"line":68,"column":11}},"line":51},"7":{"name":"(anonymous_7)","decl":{"start":{"line":80,"column":12},"end":{"line":80,"column":13}},"loc":{"start":{"line":80,"column":18},"end":{"line":83,"column":3}},"line":80},"8":{"name":"(anonymous_8)","decl":{"start":{"line":82,"column":39},"end":{"line":82,"column":40}},"loc":{"start":{"line":82,"column":46},"end":{"line":82,"column":71}},"line":82},"9":{"name":"(anonymous_9)","decl":{"start":{"line":82,"column":79},"end":{"line":82,"column":80}},"loc":{"start":{"line":82,"column":85},"end":{"line":82,"column":104}},"line":82},"10":{"name":"(anonymous_10)","decl":{"start":{"line":85,"column":20},"end":{"line":85,"column":21}},"loc":{"start":{"line":85,"column":48},"end":{"line":114,"column":3}},"line":85},"11":{"name":"(anonymous_11)","decl":{"start":{"line":91,"column":38},"end":{"line":91,"column":39}},"loc":{"start":{"line":91,"column":43},"end":{"line":94,"column":7}},"line":91},"12":{"name":"(anonymous_12)","decl":{"start":{"line":116,"column":21},"end":{"line":116,"column":22}},"loc":{"start":{"line":116,"column":27},"end":{"line":121,"column":3}},"line":116},"13":{"name":"(anonymous_13)","decl":{"start":{"line":123,"column":23},"end":{"line":123,"column":24}},"loc":{"start":{"line":123,"column":28},"end":{"line":126,"column":3}},"line":123},"14":{"name":"(anonymous_14)","decl":{"start":{"line":125,"column":12},"end":{"line":125,"column":13}},"loc":{"start":{"line":125,"column":21},"end":{"line":125,"column":79}},"line":125},"15":{"name":"(anonymous_15)","decl":{"start":{"line":128,"column":23},"end":{"line":128,"column":24}},"loc":{"start":{"line":128,"column":34},"end":{"line":158,"column":3}},"line":128},"16":{"name":"(anonymous_16)","decl":{"start":{"line":145,"column":17},"end":{"line":145,"column":18}},"loc":{"start":{"line":145,"column":23},"end":{"line":147,"column":7}},"line":145},"17":{"name":"(anonymous_17)","decl":{"start":{"line":202,"column":38},"end":{"line":202,"column":39}},"loc":{"start":{"line":203,"column":26},"end":{"line":213,"column":31}},"line":203},"18":{"name":"(anonymous_18)","decl":{"start":{"line":209,"column":75},"end":{"line":209,"column":76}},"loc":{"start":{"line":209,"column":81},"end":{"line":209,"column":122}},"line":209},"19":{"name":"(anonymous_19)","decl":{"start":{"line":234,"column":46},"end":{"line":234,"column":47}},"loc":{"start":{"line":234,"column":51},"end":{"line":234,"column":99}},"line":234},"20":{"name":"(anonymous_20)","decl":{"start":{"line":235,"column":49},"end":{"line":235,"column":50}},"loc":{"start":{"line":235,"column":54},"end":{"line":235,"column":102}},"line":235}},"branchMap":{"0":{"loc":{"start":{"line":48,"column":47},"end":{"line":48,"column":114}},"type":"binary-expr","locations":[{"start":{"line":48,"column":48},"end":{"line":48,"column":64}},{"start":{"line":48,"column":68},"end":{"line":48,"column":98}},{"start":{"line":48,"column":103},"end":{"line":48,"column":114}}],"line":48},"1":{"loc":{"start":{"line":56,"column":22},"end":{"line":56,"column":86}},"type":"binary-expr","locations":[{"start":{"line":56,"column":22},"end":{"line":56,"column":43}},{"start":{"line":56,"column":47},"end":{"line":56,"column":68}},{"start":{"line":56,"column":72},"end":{"line":56,"column":86}}],"line":56},"2":{"loc":{"start":{"line":57,"column":25},"end":{"line":57,"column":91}},"type":"binary-expr","locations":[{"start":{"line":57,"column":25},"end":{"line":57,"column":49}},{"start":{"line":57,"column":53},"end":{"line":57,"column":77}},{"start":{"line":57,"column":81},"end":{"line":57,"column":91}}],"line":57},"3":{"loc":{"start":{"line":88,"column":4},"end":{"line":97,"column":5}},"type":"if","locations":[{"start":{"line":88,"column":4},"end":{"line":97,"column":5}},{"start":{},"end":{}}],"line":88},"4":{"loc":{"start":{"line":88,"column":8},"end":{"line":88,"column":39}},"type":"binary-expr","locations":[{"start":{"line":88,"column":8},"end":{"line":88,"column":12}},{"start":{"line":88,"column":16},"end":{"line":88,"column":39}}],"line":88},"5":{"loc":{"start":{"line":90,"column":24},"end":{"line":90,"column":43}},"type":"binary-expr","locations":[{"start":{"line":90,"column":24},"end":{"line":90,"column":37}},{"start":{"line":90,"column":41},"end":{"line":90,"column":43}}],"line":90},"6":{"loc":{"start":{"line":92,"column":29},"end":{"line":92,"column":65}},"type":"binary-expr","locations":[{"start":{"line":92,"column":29},"end":{"line":92,"column":42}},{"start":{"line":92,"column":46},"end":{"line":92,"column":59}},{"start":{"line":92,"column":63},"end":{"line":92,"column":65}}],"line":92},"7":{"loc":{"start":{"line":93,"column":15},"end":{"line":93,"column":79}},"type":"binary-expr","locations":[{"start":{"line":93,"column":15},"end":{"line":93,"column":45}},{"start":{"line":93,"column":49},"end":{"line":93,"column":79}}],"line":93},"8":{"loc":{"start":{"line":95,"column":22},"end":{"line":95,"column":68}},"type":"cond-expr","locations":[{"start":{"line":95,"column":31},"end":{"line":95,"column":62}},{"start":{"line":95,"column":66},"end":{"line":95,"column":68}}],"line":95},"9":{"loc":{"start":{"line":95,"column":31},"end":{"line":95,"column":62}},"type":"binary-expr","locations":[{"start":{"line":95,"column":31},"end":{"line":95,"column":50}},{"start":{"line":95,"column":54},"end":{"line":95,"column":62}}],"line":95},"10":{"loc":{"start":{"line":96,"column":24},"end":{"line":96,"column":77}},"type":"cond-expr","locations":[{"start":{"line":96,"column":33},"end":{"line":96,"column":71}},{"start":{"line":96,"column":75},"end":{"line":96,"column":77}}],"line":96},"11":{"loc":{"start":{"line":96,"column":33},"end":{"line":96,"column":71}},"type":"binary-expr","locations":[{"start":{"line":96,"column":33},"end":{"line":96,"column":50}},{"start":{"line":96,"column":54},"end":{"line":96,"column":71}}],"line":96},"12":{"loc":{"start":{"line":98,"column":4},"end":{"line":101,"column":5}},"type":"if","locations":[{"start":{"line":98,"column":4},"end":{"line":101,"column":5}},{"start":{},"end":{}}],"line":98},"13":{"loc":{"start":{"line":107,"column":17},"end":{"line":107,"column":83}},"type":"binary-expr","locations":[{"start":{"line":107,"column":17},"end":{"line":107,"column":31}},{"start":{"line":107,"column":35},"end":{"line":107,"column":49}},{"start":{"line":107,"column":53},"end":{"line":107,"column":63}},{"start":{"line":107,"column":67},"end":{"line":107,"column":77}},{"start":{"line":107,"column":81},"end":{"line":107,"column":83}}],"line":107},"14":{"loc":{"start":{"line":125,"column":40},"end":{"line":125,"column":77}},"type":"cond-expr","locations":[{"start":{"line":125,"column":62},"end":{"line":125,"column":69}},{"start":{"line":125,"column":72},"end":{"line":125,"column":77}}],"line":125},"15":{"loc":{"start":{"line":150,"column":6},"end":{"line":154,"column":7}},"type":"if","locations":[{"start":{"line":150,"column":6},"end":{"line":154,"column":7}},{"start":{"line":152,"column":13},"end":{"line":154,"column":7}}],"line":150},"16":{"loc":{"start":{"line":177,"column":17},"end":{"line":218,"column":17}},"type":"cond-expr","locations":[{"start":{"line":178,"column":18},"end":{"line":183,"column":24}},{"start":{"line":184,"column":20},"end":{"line":218,"column":17}}],"line":177},"17":{"loc":{"start":{"line":184,"column":20},"end":{"line":218,"column":17}},"type":"cond-expr","locations":[{"start":{"line":185,"column":18},"end":{"line":188,"column":24}},{"start":{"line":190,"column":18},"end":{"line":217,"column":24}}],"line":184},"18":{"loc":{"start":{"line":203,"column":35},"end":{"line":203,"column":57}},"type":"binary-expr","locations":[{"start":{"line":203,"column":35},"end":{"line":203,"column":50}},{"start":{"line":203,"column":54},"end":{"line":203,"column":57}}],"line":203},"19":{"loc":{"start":{"line":205,"column":65},"end":{"line":205,"column":94}},"type":"binary-expr","locations":[{"start":{"line":205,"column":65},"end":{"line":205,"column":80}},{"start":{"line":205,"column":84},"end":{"line":205,"column":94}}],"line":205},"20":{"loc":{"start":{"line":206,"column":65},"end":{"line":206,"column":96}},"type":"binary-expr","locations":[{"start":{"line":206,"column":65},"end":{"line":206,"column":78}},{"start":{"line":206,"column":82},"end":{"line":206,"column":96}}],"line":206},"21":{"loc":{"start":{"line":207,"column":65},"end":{"line":207,"column":95}},"type":"binary-expr","locations":[{"start":{"line":207,"column":65},"end":{"line":207,"column":81}},{"start":{"line":207,"column":85},"end":{"line":207,"column":95}}],"line":207},"22":{"loc":{"start":{"line":222,"column":15},"end":{"line":273,"column":15}},"type":"binary-expr","locations":[{"start":{"line":222,"column":15},"end":{"line":222,"column":24}},{"start":{"line":223,"column":16},"end":{"line":272,"column":22}}],"line":222},"23":{"loc":{"start":{"line":234,"column":28},"end":{"line":237,"column":33}},"type":"binary-expr","locations":[{"start":{"line":234,"column":28},"end":{"line":234,"column":113}},{"start":{"line":235,"column":31},"end":{"line":235,"column":116}},{"start":{"line":236,"column":31},"end":{"line":236,"column":45}},{"start":{"line":237,"column":31},"end":{"line":237,"column":33}}],"line":234},"24":{"loc":{"start":{"line":234,"column":52},"end":{"line":234,"column":75}},"type":"binary-expr","locations":[{"start":{"line":234,"column":52},"end":{"line":234,"column":67}},{"start":{"line":234,"column":71},"end":{"line":234,"column":75}}],"line":234},"25":{"loc":{"start":{"line":235,"column":55},"end":{"line":235,"column":78}},"type":"binary-expr","locations":[{"start":{"line":235,"column":55},"end":{"line":235,"column":70}},{"start":{"line":235,"column":74},"end":{"line":235,"column":78}}],"line":235},"26":{"loc":{"start":{"line":265,"column":23},"end":{"line":265,"column":139}},"type":"binary-expr","locations":[{"start":{"line":265,"column":23},"end":{"line":265,"column":30}},{"start":{"line":265,"column":34},"end":{"line":265,"column":139}}],"line":265},"27":{"loc":{"start":{"line":265,"column":55},"end":{"line":265,"column":103}},"type":"cond-expr","locations":[{"start":{"line":265,"column":88},"end":{"line":265,"column":95}},{"start":{"line":265,"column":98},"end":{"line":265,"column":103}}],"line":265},"28":{"loc":{"start":{"line":268,"column":97},"end":{"line":268,"column":139}},"type":"cond-expr","locations":[{"start":{"line":268,"column":110},"end":{"line":268,"column":123}},{"start":{"line":268,"column":126},"end":{"line":268,"column":139}}],"line":268}},"s":{"0":1,"1":121,"2":120,"3":120,"4":120,"5":120,"6":120,"7":120,"8":120,"9":120,"10":120,"11":120,"12":120,"13":120,"14":29,"15":29,"16":29,"17":28,"18":1,"19":29,"20":120,"21":29,"22":29,"23":29,"24":29,"25":28,"26":27,"27":28,"28":27,"29":27,"30":26,"31":1,"32":28,"33":1,"34":29,"35":29,"36":120,"37":29,"38":28,"39":1,"40":120,"41":23,"42":23,"43":23,"44":22,"45":22,"46":22,"47":22,"48":22,"49":22,"50":23,"51":2,"52":2,"53":21,"54":21,"55":21,"56":21,"57":21,"58":120,"59":4,"60":4,"61":4,"62":4,"63":120,"64":16,"65":16,"66":16,"67":120,"68":13,"69":13,"70":13,"71":13,"72":13,"73":13,"74":13,"75":7,"76":7,"77":2,"78":6,"79":6,"80":1,"81":5,"82":13,"83":120,"84":87,"85":23,"86":58,"87":0},"f":{"0":121,"1":29,"2":29,"3":29,"4":29,"5":27,"6":27,"7":29,"8":28,"9":1,"10":23,"11":22,"12":4,"13":16,"14":16,"15":13,"16":2,"17":87,"18":23,"19":58,"20":0},"b":{"0":[27,0,27],"1":[26,1,1],"2":[26,1,1],"3":[22,1],"4":[23,23],"5":[22,1],"6":[22,0,0],"7":[22,2],"8":[21,1],"9":[21,21],"10":[21,1],"11":[21,0],"12":[2,21],"13":[21,0,0,0,0],"14":[2,14],"15":[1,5],"16":[31,89],"17":[3,86],"18":[87,0],"19":[87,0],"20":[87,0],"21":[87,0],"22":[120,58],"23":[58,0,0,0],"24":[58,58],"25":[0,0],"26":[58,8],"27":[5,3],"28":[13,45]},"_coverageSchema":"1a1c01bbd47fc00a2c39e90264f33305004495a9","hash":"4050d4c4f219872107a30a0e090c72882c35a5ac"}
,"D:\\LEARNING\\SUMMER_2025\\SWT301\\SWP391-G9\\FrontEnd\\src\\pages\\VaccinationPlanStudents.js": {"path":"D:\\LEARNING\\SUMMER_2025\\SWT301\\SWP391-G9\\FrontEnd\\src\\pages\\VaccinationPlanStudents.js","statementMap":{"0":{"start":{"line":6,"column":32},"end":{"line":99,"column":1}},"1":{"start":{"line":7,"column":25},"end":{"line":7,"column":36}},"2":{"start":{"line":8,"column":34},"end":{"line":8,"column":46}},"3":{"start":{"line":9,"column":32},"end":{"line":9,"column":46}},"4":{"start":{"line":11,"column":2},"end":{"line":44,"column":15}},"5":{"start":{"line":12,"column":26},"end":{"line":42,"column":5}},"6":{"start":{"line":13,"column":6},"end":{"line":41,"column":7}},"7":{"start":{"line":14,"column":20},"end":{"line":14,"column":81}},"8":{"start":{"line":16,"column":26},"end":{"line":16,"column":115}},"9":{"start":{"line":16,"column":47},"end":{"line":16,"column":114}},"10":{"start":{"line":18,"column":32},"end":{"line":35,"column":9}},"11":{"start":{"line":20,"column":12},"end":{"line":33,"column":13}},"12":{"start":{"line":21,"column":33},"end":{"line":21,"column":84}},"13":{"start":{"line":22,"column":14},"end":{"line":26,"column":16}},"14":{"start":{"line":28,"column":14},"end":{"line":32,"column":16}},"15":{"start":{"line":36,"column":8},"end":{"line":36,"column":37}},"16":{"start":{"line":38,"column":8},"end":{"line":38,"column":24}},"17":{"start":{"line":40,"column":8},"end":{"line":40,"column":26}},"18":{"start":{"line":43,"column":4},"end":{"line":43,"column":20}},"19":{"start":{"line":46,"column":2},"end":{"line":98,"column":4}},"20":{"start":{"line":84,"column":20},"end":{"line":89,"column":25}}},"fnMap":{"0":{"name":"(anonymous_0)","decl":{"start":{"line":6,"column":32},"end":{"line":6,"column":33}},"loc":{"start":{"line":6,"column":38},"end":{"line":99,"column":1}},"line":6},"1":{"name":"(anonymous_1)","decl":{"start":{"line":11,"column":12},"end":{"line":11,"column":13}},"loc":{"start":{"line":11,"column":18},"end":{"line":44,"column":3}},"line":11},"2":{"name":"(anonymous_2)","decl":{"start":{"line":12,"column":26},"end":{"line":12,"column":27}},"loc":{"start":{"line":12,"column":38},"end":{"line":42,"column":5}},"line":12},"3":{"name":"(anonymous_3)","decl":{"start":{"line":16,"column":42},"end":{"line":16,"column":43}},"loc":{"start":{"line":16,"column":47},"end":{"line":16,"column":114}},"line":16},"4":{"name":"(anonymous_4)","decl":{"start":{"line":19,"column":24},"end":{"line":19,"column":25}},"loc":{"start":{"line":19,"column":37},"end":{"line":34,"column":11}},"line":19},"5":{"name":"(anonymous_5)","decl":{"start":{"line":83,"column":32},"end":{"line":83,"column":33}},"loc":{"start":{"line":84,"column":20},"end":{"line":89,"column":25}},"line":84}},"branchMap":{"0":{"loc":{"start":{"line":16,"column":47},"end":{"line":16,"column":114}},"type":"binary-expr","locations":[{"start":{"line":16,"column":48},"end":{"line":16,"column":64}},{"start":{"line":16,"column":68},"end":{"line":16,"column":98}},{"start":{"line":16,"column":103},"end":{"line":16,"column":114}}],"line":16},"1":{"loc":{"start":{"line":24,"column":22},"end":{"line":24,"column":86}},"type":"binary-expr","locations":[{"start":{"line":24,"column":22},"end":{"line":24,"column":43}},{"start":{"line":24,"column":47},"end":{"line":24,"column":68}},{"start":{"line":24,"column":72},"end":{"line":24,"column":86}}],"line":24},"2":{"loc":{"start":{"line":25,"column":25},"end":{"line":25,"column":91}},"type":"binary-expr","locations":[{"start":{"line":25,"column":25},"end":{"line":25,"column":49}},{"start":{"line":25,"column":53},"end":{"line":25,"column":77}},{"start":{"line":25,"column":81},"end":{"line":25,"column":91}}],"line":25},"3":{"loc":{"start":{"line":59,"column":11},"end":{"line":94,"column":11}},"type":"cond-expr","locations":[{"start":{"line":60,"column":12},"end":{"line":65,"column":18}},{"start":{"line":66,"column":14},"end":{"line":94,"column":11}}],"line":59},"4":{"loc":{"start":{"line":66,"column":14},"end":{"line":94,"column":11}},"type":"cond-expr","locations":[{"start":{"line":67,"column":12},"end":{"line":70,"column":18}},{"start":{"line":72,"column":12},"end":{"line":93,"column":18}}],"line":66},"5":{"loc":{"start":{"line":84,"column":29},"end":{"line":84,"column":51}},"type":"binary-expr","locations":[{"start":{"line":84,"column":29},"end":{"line":84,"column":44}},{"start":{"line":84,"column":48},"end":{"line":84,"column":51}}],"line":84},"6":{"loc":{"start":{"line":86,"column":59},"end":{"line":86,"column":88}},"type":"binary-expr","locations":[{"start":{"line":86,"column":59},"end":{"line":86,"column":74}},{"start":{"line":86,"column":78},"end":{"line":86,"column":88}}],"line":86},"7":{"loc":{"start":{"line":87,"column":59},"end":{"line":87,"column":90}},"type":"binary-expr","locations":[{"start":{"line":87,"column":59},"end":{"line":87,"column":72}},{"start":{"line":87,"column":76},"end":{"line":87,"column":90}}],"line":87},"8":{"loc":{"start":{"line":88,"column":59},"end":{"line":88,"column":89}},"type":"binary-expr","locations":[{"start":{"line":88,"column":59},"end":{"line":88,"column":75}},{"start":{"line":88,"column":79},"end":{"line":88,"column":89}}],"line":88}},"s":{"0":1,"1":13,"2":12,"3":12,"4":12,"5":8,"6":8,"7":8,"8":7,"9":4,"10":7,"11":2,"12":2,"13":2,"14":0,"15":7,"16":1,"17":8,"18":8,"19":12,"20":1},"f":{"0":13,"1":8,"2":8,"3":4,"4":2,"5":1},"b":{"0":[4,2,2],"1":[2,0,0],"2":[2,0,0],"3":[8,4],"4":[3,1],"5":[1,0],"6":[1,0],"7":[1,0],"8":[1,0]},"_coverageSchema":"1a1c01bbd47fc00a2c39e90264f33305004495a9","hash":"c81dc1a63b33a4e3abc9292245ebfc4890ff0f74"}
,"D:\\LEARNING\\SUMMER_2025\\SWT301\\SWP391-G9\\FrontEnd\\src\\services\\apiClient.js": {"path":"D:\\LEARNING\\SUMMER_2025\\SWT301\\SWP391-G9\\FrontEnd\\src\\services\\apiClient.js","statementMap":{"0":{"start":{"line":1,"column":14},"end":{"line":1,"column":30}},"1":{"start":{"line":4,"column":18},"end":{"line":10,"column":2}},"2":{"start":{"line":13,"column":0},"end":{"line":27,"column":2}},"3":{"start":{"line":16,"column":4},"end":{"line":21,"column":5}},"4":{"start":{"line":17,"column":20},"end":{"line":17,"column":49}},"5":{"start":{"line":18,"column":6},"end":{"line":20,"column":7}},"6":{"start":{"line":19,"column":8},"end":{"line":19,"column":60}},"7":{"start":{"line":22,"column":4},"end":{"line":22,"column":18}},"8":{"start":{"line":25,"column":4},"end":{"line":25,"column":33}}},"fnMap":{"0":{"name":"(anonymous_0)","decl":{"start":{"line":14,"column":2},"end":{"line":14,"column":3}},"loc":{"start":{"line":14,"column":12},"end":{"line":23,"column":3}},"line":14},"1":{"name":"(anonymous_1)","decl":{"start":{"line":24,"column":2},"end":{"line":24,"column":3}},"loc":{"start":{"line":24,"column":11},"end":{"line":26,"column":3}},"line":24}},"branchMap":{"0":{"loc":{"start":{"line":16,"column":4},"end":{"line":21,"column":5}},"type":"if","locations":[{"start":{"line":16,"column":4},"end":{"line":21,"column":5}},{"start":{},"end":{}}],"line":16},"1":{"loc":{"start":{"line":18,"column":6},"end":{"line":20,"column":7}},"type":"if","locations":[{"start":{"line":18,"column":6},"end":{"line":20,"column":7}},{"start":{},"end":{}}],"line":18}},"s":{"0":5,"1":5,"2":5,"3":2,"4":2,"5":2,"6":1,"7":2,"8":1},"f":{"0":2,"1":1},"b":{"0":[2,0],"1":[1,1]},"_coverageSchema":"1a1c01bbd47fc00a2c39e90264f33305004495a9","hash":"4cdeb8ba41a113379163e421a645f2f7139524de"}
}
