{"D:\\SWP391-School_Medical_Management_System\\FrontEnd\\src\\components\\ErrorDialog.js": {"path":"D:\\SWP391-School_Medical_Management_System\\FrontEnd\\src\\components\\ErrorDialog.js","statementMap":{"0":{"start":{"line":4,"column":20},"end":{"line":26,"column":1}},"1":{"start":{"line":5,"column":2},"end":{"line":5,"column":25}},"2":{"start":{"line":5,"column":13},"end":{"line":5,"column":25}},"3":{"start":{"line":6,"column":2},"end":{"line":25,"column":4}}},"fnMap":{"0":{"name":"(anonymous_0)","decl":{"start":{"line":4,"column":20},"end":{"line":4,"column":21}},"loc":{"start":{"line":4,"column":52},"end":{"line":26,"column":1}},"line":4}},"branchMap":{"0":{"loc":{"start":{"line":5,"column":2},"end":{"line":5,"column":25}},"type":"if","locations":[{"start":{"line":5,"column":2},"end":{"line":5,"column":25}},{"start":{},"end":{}}],"line":5}},"s":{"0":1,"1":522,"2":521,"3":1},"f":{"0":522},"b":{"0":[521,1]},"_coverageSchema":"1a1c01bbd47fc00a2c39e90264f33305004495a9","hash":"1a0cd3bbd71f29495e268b20d35486dda48cbc9a"}
,"D:\\SWP391-School_Medical_Management_System\\FrontEnd\\src\\components\\HealthCheckResultForm.js": {"path":"D:\\SWP391-School_Medical_Management_System\\FrontEnd\\src\\components\\HealthCheckResultForm.js","statementMap":{"0":{"start":{"line":7,"column":2},"end":{"line":7,"column":56}},"1":{"start":{"line":12,"column":16},"end":{"line":12,"column":54}},"2":{"start":{"line":13,"column":24},"end":{"line":30,"column":3}},"3":{"start":{"line":31,"column":38},"end":{"line":34,"column":4}},"4":{"start":{"line":35,"column":38},"end":{"line":35,"column":53}},"5":{"start":{"line":36,"column":34},"end":{"line":36,"column":46}},"6":{"start":{"line":38,"column":2},"end":{"line":47,"column":29}},"7":{"start":{"line":39,"column":4},"end":{"line":45,"column":8}},"8":{"start":{"line":39,"column":27},"end":{"line":45,"column":5}},"9":{"start":{"line":49,"column":28},"end":{"line":55,"column":3}},"10":{"start":{"line":50,"column":43},"end":{"line":50,"column":51}},"11":{"start":{"line":51,"column":4},"end":{"line":54,"column":8}},"12":{"start":{"line":51,"column":27},"end":{"line":54,"column":5}},"13":{"start":{"line":57,"column":23},"end":{"line":118,"column":3}},"14":{"start":{"line":58,"column":4},"end":{"line":58,"column":23}},"15":{"start":{"line":59,"column":4},"end":{"line":59,"column":24}},"16":{"start":{"line":60,"column":4},"end":{"line":60,"column":20}},"17":{"start":{"line":63,"column":21},"end":{"line":65,"column":20}},"18":{"start":{"line":67,"column":20},"end":{"line":86,"column":5}},"19":{"start":{"line":88,"column":4},"end":{"line":88,"column":42}},"20":{"start":{"line":89,"column":4},"end":{"line":89,"column":49}},"21":{"start":{"line":91,"column":4},"end":{"line":117,"column":5}},"22":{"start":{"line":92,"column":6},"end":{"line":92,"column":45}},"23":{"start":{"line":93,"column":6},"end":{"line":93,"column":31}},"24":{"start":{"line":95,"column":6},"end":{"line":95,"column":66}},"25":{"start":{"line":96,"column":6},"end":{"line":102,"column":9}},"26":{"start":{"line":104,"column":6},"end":{"line":113,"column":7}},"27":{"start":{"line":105,"column":29},"end":{"line":109,"column":73}},"28":{"start":{"line":110,"column":8},"end":{"line":110,"column":56}},"29":{"start":{"line":112,"column":8},"end":{"line":112,"column":60}},"30":{"start":{"line":114,"column":6},"end":{"line":114,"column":13}},"31":{"start":{"line":116,"column":6},"end":{"line":116,"column":27}},"32":{"start":{"line":120,"column":2},"end":{"line":235,"column":4}}},"fnMap":{"0":{"name":"generateId","decl":{"start":{"line":5,"column":9},"end":{"line":5,"column":19}},"loc":{"start":{"line":5,"column":22},"end":{"line":8,"column":1}},"line":5},"1":{"name":"HealthCheckResultForm","decl":{"start":{"line":10,"column":9},"end":{"line":10,"column":30}},"loc":{"start":{"line":10,"column":134},"end":{"line":236,"column":1}},"line":10},"2":{"name":"(anonymous_2)","decl":{"start":{"line":38,"column":12},"end":{"line":38,"column":13}},"loc":{"start":{"line":38,"column":18},"end":{"line":47,"column":3}},"line":38},"3":{"name":"(anonymous_3)","decl":{"start":{"line":39,"column":18},"end":{"line":39,"column":19}},"loc":{"start":{"line":39,"column":27},"end":{"line":45,"column":5}},"line":39},"4":{"name":"(anonymous_4)","decl":{"start":{"line":49,"column":28},"end":{"line":49,"column":29}},"loc":{"start":{"line":49,"column":35},"end":{"line":55,"column":3}},"line":49},"5":{"name":"(anonymous_5)","decl":{"start":{"line":51,"column":18},"end":{"line":51,"column":19}},"loc":{"start":{"line":51,"column":27},"end":{"line":54,"column":5}},"line":51},"6":{"name":"(anonymous_6)","decl":{"start":{"line":57,"column":23},"end":{"line":57,"column":24}},"loc":{"start":{"line":57,"column":36},"end":{"line":118,"column":3}},"line":57}},"branchMap":{"0":{"loc":{"start":{"line":10,"column":107},"end":{"line":10,"column":130}},"type":"default-arg","locations":[{"start":{"line":10,"column":125},"end":{"line":10,"column":130}}],"line":10},"1":{"loc":{"start":{"line":24,"column":13},"end":{"line":24,"column":26}},"type":"binary-expr","locations":[{"start":{"line":24,"column":13},"end":{"line":24,"column":20}},{"start":{"line":24,"column":24},"end":{"line":24,"column":26}}],"line":24},"2":{"loc":{"start":{"line":29,"column":17},"end":{"line":29,"column":34}},"type":"binary-expr","locations":[{"start":{"line":29,"column":17},"end":{"line":29,"column":28}},{"start":{"line":29,"column":32},"end":{"line":29,"column":34}}],"line":29},"3":{"loc":{"start":{"line":43,"column":19},"end":{"line":43,"column":36}},"type":"binary-expr","locations":[{"start":{"line":43,"column":19},"end":{"line":43,"column":30}},{"start":{"line":43,"column":34},"end":{"line":43,"column":36}}],"line":43},"4":{"loc":{"start":{"line":44,"column":15},"end":{"line":44,"column":38}},"type":"binary-expr","locations":[{"start":{"line":44,"column":15},"end":{"line":44,"column":22}},{"start":{"line":44,"column":26},"end":{"line":44,"column":38}}],"line":44},"5":{"loc":{"start":{"line":53,"column":14},"end":{"line":53,"column":51}},"type":"cond-expr","locations":[{"start":{"line":53,"column":36},"end":{"line":53,"column":43}},{"start":{"line":53,"column":46},"end":{"line":53,"column":51}}],"line":53},"6":{"loc":{"start":{"line":63,"column":21},"end":{"line":65,"column":20}},"type":"cond-expr","locations":[{"start":{"line":64,"column":9},"end":{"line":64,"column":47}},{"start":{"line":65,"column":8},"end":{"line":65,"column":20}}],"line":63},"7":{"loc":{"start":{"line":63,"column":21},"end":{"line":63,"column":79}},"type":"binary-expr","locations":[{"start":{"line":63,"column":21},"end":{"line":63,"column":35}},{"start":{"line":63,"column":40},"end":{"line":63,"column":57}},{"start":{"line":63,"column":61},"end":{"line":63,"column":78}}],"line":63},"8":{"loc":{"start":{"line":64,"column":9},"end":{"line":64,"column":47}},"type":"binary-expr","locations":[{"start":{"line":64,"column":9},"end":{"line":64,"column":26}},{"start":{"line":64,"column":30},"end":{"line":64,"column":47}}],"line":64},"9":{"loc":{"start":{"line":70,"column":14},"end":{"line":70,"column":66}},"type":"cond-expr","locations":[{"start":{"line":70,"column":34},"end":{"line":70,"column":59}},{"start":{"line":70,"column":62},"end":{"line":70,"column":66}}],"line":70},"10":{"loc":{"start":{"line":71,"column":14},"end":{"line":71,"column":66}},"type":"cond-expr","locations":[{"start":{"line":71,"column":34},"end":{"line":71,"column":59}},{"start":{"line":71,"column":62},"end":{"line":71,"column":66}}],"line":71},"11":{"loc":{"start":{"line":72,"column":21},"end":{"line":72,"column":87}},"type":"cond-expr","locations":[{"start":{"line":72,"column":48},"end":{"line":72,"column":80}},{"start":{"line":72,"column":83},"end":{"line":72,"column":87}}],"line":72},"12":{"loc":{"start":{"line":73,"column":17},"end":{"line":73,"column":75}},"type":"cond-expr","locations":[{"start":{"line":73,"column":40},"end":{"line":73,"column":68}},{"start":{"line":73,"column":71},"end":{"line":73,"column":75}}],"line":73},"13":{"loc":{"start":{"line":74,"column":16},"end":{"line":74,"column":43}},"type":"binary-expr","locations":[{"start":{"line":74,"column":16},"end":{"line":74,"column":35}},{"start":{"line":74,"column":39},"end":{"line":74,"column":43}}],"line":74},"14":{"loc":{"start":{"line":75,"column":15},"end":{"line":75,"column":41}},"type":"binary-expr","locations":[{"start":{"line":75,"column":15},"end":{"line":75,"column":33}},{"start":{"line":75,"column":37},"end":{"line":75,"column":41}}],"line":75},"15":{"loc":{"start":{"line":76,"column":18},"end":{"line":76,"column":47}},"type":"binary-expr","locations":[{"start":{"line":76,"column":18},"end":{"line":76,"column":39}},{"start":{"line":76,"column":43},"end":{"line":76,"column":47}}],"line":76},"16":{"loc":{"start":{"line":77,"column":13},"end":{"line":77,"column":37}},"type":"binary-expr","locations":[{"start":{"line":77,"column":13},"end":{"line":77,"column":29}},{"start":{"line":77,"column":33},"end":{"line":77,"column":37}}],"line":77},"17":{"loc":{"start":{"line":78,"column":18},"end":{"line":78,"column":47}},"type":"binary-expr","locations":[{"start":{"line":78,"column":18},"end":{"line":78,"column":39}},{"start":{"line":78,"column":43},"end":{"line":78,"column":47}}],"line":78},"18":{"loc":{"start":{"line":79,"column":19},"end":{"line":79,"column":117}},"type":"cond-expr","locations":[{"start":{"line":79,"column":44},"end":{"line":79,"column":90}},{"start":{"line":79,"column":93},"end":{"line":79,"column":117}}],"line":79},"19":{"loc":{"start":{"line":80,"column":15},"end":{"line":80,"column":41}},"type":"binary-expr","locations":[{"start":{"line":80,"column":15},"end":{"line":80,"column":33}},{"start":{"line":80,"column":37},"end":{"line":80,"column":41}}],"line":80},"20":{"loc":{"start":{"line":81,"column":27},"end":{"line":81,"column":66}},"type":"binary-expr","locations":[{"start":{"line":81,"column":27},"end":{"line":81,"column":57}},{"start":{"line":81,"column":61},"end":{"line":81,"column":66}}],"line":81},"21":{"loc":{"start":{"line":82,"column":20},"end":{"line":82,"column":100}},"type":"cond-expr","locations":[{"start":{"line":82,"column":46},"end":{"line":82,"column":93}},{"start":{"line":82,"column":96},"end":{"line":82,"column":100}}],"line":82},"22":{"loc":{"start":{"line":83,"column":14},"end":{"line":83,"column":39}},"type":"binary-expr","locations":[{"start":{"line":83,"column":14},"end":{"line":83,"column":31}},{"start":{"line":83,"column":35},"end":{"line":83,"column":39}}],"line":83},"23":{"loc":{"start":{"line":84,"column":22},"end":{"line":84,"column":55}},"type":"binary-expr","locations":[{"start":{"line":84,"column":22},"end":{"line":84,"column":47}},{"start":{"line":84,"column":51},"end":{"line":84,"column":55}}],"line":84},"24":{"loc":{"start":{"line":85,"column":19},"end":{"line":85,"column":49}},"type":"binary-expr","locations":[{"start":{"line":85,"column":19},"end":{"line":85,"column":41}},{"start":{"line":85,"column":45},"end":{"line":85,"column":49}}],"line":85},"25":{"loc":{"start":{"line":93,"column":6},"end":{"line":93,"column":30}},"type":"binary-expr","locations":[{"start":{"line":93,"column":6},"end":{"line":93,"column":15}},{"start":{"line":93,"column":19},"end":{"line":93,"column":30}}],"line":93},"26":{"loc":{"start":{"line":104,"column":6},"end":{"line":113,"column":7}},"type":"if","locations":[{"start":{"line":104,"column":6},"end":{"line":113,"column":7}},{"start":{"line":111,"column":13},"end":{"line":113,"column":7}}],"line":104},"27":{"loc":{"start":{"line":105,"column":29},"end":{"line":109,"column":73}},"type":"cond-expr","locations":[{"start":{"line":106,"column":13},"end":{"line":108,"column":51}},{"start":{"line":109,"column":12},"end":{"line":109,"column":73}}],"line":105},"28":{"loc":{"start":{"line":106,"column":13},"end":{"line":108,"column":51}},"type":"cond-expr","locations":[{"start":{"line":107,"column":16},"end":{"line":107,"column":35}},{"start":{"line":108,"column":16},"end":{"line":108,"column":51}}],"line":106},"29":{"loc":{"start":{"line":124,"column":9},"end":{"line":124,"column":100}},"type":"binary-expr","locations":[{"start":{"line":124,"column":9},"end":{"line":124,"column":17}},{"start":{"line":124,"column":21},"end":{"line":124,"column":100}}],"line":124},"30":{"loc":{"start":{"line":200,"column":15},"end":{"line":207,"column":15}},"type":"binary-expr","locations":[{"start":{"line":200,"column":15},"end":{"line":200,"column":45}},{"start":{"line":201,"column":16},"end":{"line":206,"column":21}}],"line":200}},"s":{"0":12,"1":151,"2":151,"3":151,"4":151,"5":151,"6":151,"7":19,"8":19,"9":151,"10":89,"11":89,"12":89,"13":151,"14":12,"15":12,"16":12,"17":12,"18":12,"19":12,"20":12,"21":12,"22":12,"23":7,"24":5,"25":5,"26":5,"27":4,"28":4,"29":1,"30":5,"31":12,"32":151},"f":{"0":12,"1":151,"2":19,"3":19,"4":89,"5":89,"6":12},"b":{"0":[127],"1":[151,110],"2":[151,116],"3":[19,14],"4":[19,11],"5":[2,87],"6":[0,12],"7":[12,2,2],"8":[0,0],"9":[10,2],"10":[10,2],"11":[10,2],"12":[10,2],"13":[12,4],"14":[12,4],"15":[12,4],"16":[12,4],"17":[12,4],"18":[12,0],"19":[12,4],"20":[12,12],"21":[0,12],"22":[12,12],"23":[12,0],"24":[12,10],"25":[7,2],"26":[4,1],"27":[2,2],"28":[1,1],"29":[151,5],"30":[151,3]},"_coverageSchema":"1a1c01bbd47fc00a2c39e90264f33305004495a9","hash":"35c1f5f5d53f58bb58a370598a5ae5f9c42de7aa"}
,"D:\\SWP391-School_Medical_Management_System\\FrontEnd\\src\\context\\AuthContext.js": {"path":"D:\\SWP391-School_Medical_Management_System\\FrontEnd\\src\\context\\AuthContext.js","statementMap":{"0":{"start":{"line":4,"column":20},"end":{"line":4,"column":35}},"1":{"start":{"line":6,"column":23},"end":{"line":6,"column":52}},"2":{"start":{"line":6,"column":29},"end":{"line":6,"column":52}},"3":{"start":{"line":8,"column":28},"end":{"line":90,"column":1}},"4":{"start":{"line":10,"column":26},"end":{"line":13,"column":4}},"5":{"start":{"line":11,"column":23},"end":{"line":11,"column":51}},"6":{"start":{"line":12,"column":4},"end":{"line":12,"column":54}},"7":{"start":{"line":14,"column":48},"end":{"line":16,"column":4}},"8":{"start":{"line":15,"column":4},"end":{"line":15,"column":43}},"9":{"start":{"line":17,"column":32},"end":{"line":17,"column":47}},"10":{"start":{"line":18,"column":36},"end":{"line":18,"column":50}},"11":{"start":{"line":21,"column":2},"end":{"line":26,"column":9}},"12":{"start":{"line":22,"column":18},"end":{"line":22,"column":47}},"13":{"start":{"line":23,"column":4},"end":{"line":25,"column":5}},"14":{"start":{"line":24,"column":6},"end":{"line":24,"column":77}},"15":{"start":{"line":28,"column":16},"end":{"line":51,"column":3}},"16":{"start":{"line":29,"column":4},"end":{"line":29,"column":23}},"17":{"start":{"line":30,"column":4},"end":{"line":30,"column":21}},"18":{"start":{"line":31,"column":4},"end":{"line":50,"column":5}},"19":{"start":{"line":32,"column":23},"end":{"line":32,"column":82}},"20":{"start":{"line":33,"column":23},"end":{"line":33,"column":36}},"21":{"start":{"line":35,"column":20},"end":{"line":35,"column":37}},"22":{"start":{"line":36,"column":6},"end":{"line":36,"column":24}},"23":{"start":{"line":37,"column":6},"end":{"line":37,"column":31}},"24":{"start":{"line":38,"column":6},"end":{"line":38,"column":61}},"25":{"start":{"line":39,"column":6},"end":{"line":39,"column":43}},"26":{"start":{"line":40,"column":6},"end":{"line":40,"column":77}},"27":{"start":{"line":41,"column":6},"end":{"line":41,"column":24}},"28":{"start":{"line":42,"column":6},"end":{"line":42,"column":18}},"29":{"start":{"line":44,"column":6},"end":{"line":44,"column":100}},"30":{"start":{"line":45,"column":27},"end":{"line":45,"column":136}},"31":{"start":{"line":46,"column":6},"end":{"line":46,"column":33}},"32":{"start":{"line":47,"column":6},"end":{"line":47,"column":32}},"33":{"start":{"line":48,"column":6},"end":{"line":48,"column":24}},"34":{"start":{"line":49,"column":6},"end":{"line":49,"column":19}},"35":{"start":{"line":53,"column":17},"end":{"line":60,"column":3}},"36":{"start":{"line":54,"column":4},"end":{"line":54,"column":18}},"37":{"start":{"line":55,"column":4},"end":{"line":55,"column":30}},"38":{"start":{"line":56,"column":4},"end":{"line":56,"column":36}},"39":{"start":{"line":57,"column":4},"end":{"line":57,"column":37}},"40":{"start":{"line":58,"column":4},"end":{"line":58,"column":62}},"41":{"start":{"line":59,"column":4},"end":{"line":59,"column":35}},"42":{"start":{"line":63,"column":22},"end":{"line":66,"column":3}},"43":{"start":{"line":65,"column":4},"end":{"line":65,"column":57}},"44":{"start":{"line":69,"column":18},"end":{"line":71,"column":3}},"45":{"start":{"line":70,"column":4},"end":{"line":70,"column":34}},"46":{"start":{"line":74,"column":2},"end":{"line":74,"column":94}},"47":{"start":{"line":76,"column":2},"end":{"line":89,"column":4}}},"fnMap":{"0":{"name":"(anonymous_0)","decl":{"start":{"line":6,"column":23},"end":{"line":6,"column":24}},"loc":{"start":{"line":6,"column":29},"end":{"line":6,"column":52}},"line":6},"1":{"name":"(anonymous_1)","decl":{"start":{"line":8,"column":28},"end":{"line":8,"column":29}},"loc":{"start":{"line":8,"column":46},"end":{"line":90,"column":1}},"line":8},"2":{"name":"(anonymous_2)","decl":{"start":{"line":10,"column":35},"end":{"line":10,"column":36}},"loc":{"start":{"line":10,"column":41},"end":{"line":13,"column":3}},"line":10},"3":{"name":"(anonymous_3)","decl":{"start":{"line":14,"column":57},"end":{"line":14,"column":58}},"loc":{"start":{"line":14,"column":63},"end":{"line":16,"column":3}},"line":14},"4":{"name":"(anonymous_4)","decl":{"start":{"line":21,"column":12},"end":{"line":21,"column":13}},"loc":{"start":{"line":21,"column":18},"end":{"line":26,"column":3}},"line":21},"5":{"name":"(anonymous_5)","decl":{"start":{"line":28,"column":16},"end":{"line":28,"column":17}},"loc":{"start":{"line":28,"column":46},"end":{"line":51,"column":3}},"line":28},"6":{"name":"(anonymous_6)","decl":{"start":{"line":53,"column":17},"end":{"line":53,"column":18}},"loc":{"start":{"line":53,"column":23},"end":{"line":60,"column":3}},"line":53},"7":{"name":"(anonymous_7)","decl":{"start":{"line":63,"column":22},"end":{"line":63,"column":23}},"loc":{"start":{"line":63,"column":28},"end":{"line":66,"column":3}},"line":63},"8":{"name":"(anonymous_8)","decl":{"start":{"line":69,"column":18},"end":{"line":69,"column":19}},"loc":{"start":{"line":69,"column":28},"end":{"line":71,"column":3}},"line":69}},"branchMap":{"0":{"loc":{"start":{"line":12,"column":11},"end":{"line":12,"column":53}},"type":"cond-expr","locations":[{"start":{"line":12,"column":24},"end":{"line":12,"column":46}},{"start":{"line":12,"column":49},"end":{"line":12,"column":53}}],"line":12},"1":{"loc":{"start":{"line":23,"column":4},"end":{"line":25,"column":5}},"type":"if","locations":[{"start":{"line":23,"column":4},"end":{"line":25,"column":5}},{"start":{},"end":{}}],"line":23},"2":{"loc":{"start":{"line":44,"column":46},"end":{"line":44,"column":98}},"type":"cond-expr","locations":[{"start":{"line":44,"column":63},"end":{"line":44,"column":82}},{"start":{"line":44,"column":85},"end":{"line":44,"column":98}}],"line":44},"3":{"loc":{"start":{"line":45,"column":27},"end":{"line":45,"column":136}},"type":"binary-expr","locations":[{"start":{"line":45,"column":27},"end":{"line":45,"column":54}},{"start":{"line":45,"column":58},"end":{"line":45,"column":78}},{"start":{"line":45,"column":82},"end":{"line":45,"column":136}}],"line":45},"4":{"loc":{"start":{"line":65,"column":11},"end":{"line":65,"column":56}},"type":"binary-expr","locations":[{"start":{"line":65,"column":11},"end":{"line":65,"column":25}},{"start":{"line":65,"column":29},"end":{"line":65,"column":43}},{"start":{"line":65,"column":47},"end":{"line":65,"column":56}}],"line":65}},"s":{"0":1,"1":1,"2":0,"3":1,"4":0,"5":0,"6":0,"7":0,"8":0,"9":0,"10":0,"11":0,"12":0,"13":0,"14":0,"15":0,"16":0,"17":0,"18":0,"19":0,"20":0,"21":0,"22":0,"23":0,"24":0,"25":0,"26":0,"27":0,"28":0,"29":0,"30":0,"31":0,"32":0,"33":0,"34":0,"35":0,"36":0,"37":0,"38":0,"39":0,"40":0,"41":0,"42":0,"43":0,"44":0,"45":0,"46":0,"47":0},"f":{"0":0,"1":0,"2":0,"3":0,"4":0,"5":0,"6":0,"7":0,"8":0},"b":{"0":[0,0],"1":[0,0],"2":[0,0],"3":[0,0,0],"4":[0,0,0]},"_coverageSchema":"1a1c01bbd47fc00a2c39e90264f33305004495a9","hash":"2be9c066671f53fd939257ed9be4ca035b97a028"}
,"D:\\SWP391-School_Medical_Management_System\\FrontEnd\\src\\pages\\HealthCheckManagement.js": {"path":"D:\\SWP391-School_Medical_Management_System\\FrontEnd\\src\\pages\\HealthCheckManagement.js","statementMap":{"0":{"start":{"line":10,"column":30},"end":{"line":1587,"column":1}},"1":{"start":{"line":11,"column":71},"end":{"line":11,"column":80}},"2":{"start":{"line":12,"column":19},"end":{"line":12,"column":32}},"3":{"start":{"line":14,"column":28},"end":{"line":14,"column":40}},"4":{"start":{"line":15,"column":32},"end":{"line":15,"column":46}},"5":{"start":{"line":16,"column":56},"end":{"line":16,"column":70}},"6":{"start":{"line":17,"column":34},"end":{"line":17,"column":49}},"7":{"start":{"line":18,"column":44},"end":{"line":18,"column":59}},"8":{"start":{"line":19,"column":58},"end":{"line":19,"column":72}},"9":{"start":{"line":20,"column":34},"end":{"line":31,"column":4}},"10":{"start":{"line":34,"column":32},"end":{"line":38,"column":4}},"11":{"start":{"line":40,"column":31},"end":{"line":47,"column":3}},"12":{"start":{"line":48,"column":44},"end":{"line":48,"column":74}},"13":{"start":{"line":51,"column":44},"end":{"line":51,"column":56}},"14":{"start":{"line":54,"column":50},"end":{"line":54,"column":62}},"15":{"start":{"line":57,"column":30},"end":{"line":57,"column":42}},"16":{"start":{"line":60,"column":50},"end":{"line":60,"column":62}},"17":{"start":{"line":61,"column":52},"end":{"line":61,"column":64}},"18":{"start":{"line":64,"column":42},"end":{"line":64,"column":54}},"19":{"start":{"line":65,"column":38},"end":{"line":65,"column":50}},"20":{"start":{"line":66,"column":42},"end":{"line":66,"column":54}},"21":{"start":{"line":69,"column":24},"end":{"line":75,"column":3}},"22":{"start":{"line":76,"column":17},"end":{"line":76,"column":39}},"23":{"start":{"line":77,"column":25},"end":{"line":77,"column":108}},"24":{"start":{"line":78,"column":23},"end":{"line":78,"column":94}},"25":{"start":{"line":79,"column":23},"end":{"line":79,"column":53}},"26":{"start":{"line":82,"column":54},"end":{"line":82,"column":66}},"27":{"start":{"line":84,"column":48},"end":{"line":84,"column":63}},"28":{"start":{"line":85,"column":38},"end":{"line":103,"column":4}},"29":{"start":{"line":106,"column":58},"end":{"line":106,"column":73}},"30":{"start":{"line":109,"column":48},"end":{"line":109,"column":63}},"31":{"start":{"line":110,"column":54},"end":{"line":110,"column":68}},"32":{"start":{"line":112,"column":28},"end":{"line":112,"column":40}},"33":{"start":{"line":113,"column":36},"end":{"line":113,"column":51}},"34":{"start":{"line":114,"column":36},"end":{"line":114,"column":53}},"35":{"start":{"line":116,"column":40},"end":{"line":116,"column":55}},"36":{"start":{"line":117,"column":46},"end":{"line":117,"column":58}},"37":{"start":{"line":118,"column":36},"end":{"line":118,"column":60}},"38":{"start":{"line":118,"column":51},"end":{"line":118,"column":59}},"39":{"start":{"line":120,"column":2},"end":{"line":131,"column":47}},"40":{"start":{"line":122,"column":4},"end":{"line":130,"column":5}},"41":{"start":{"line":123,"column":6},"end":{"line":123,"column":84}},"42":{"start":{"line":124,"column":6},"end":{"line":129,"column":9}},"43":{"start":{"line":133,"column":2},"end":{"line":144,"column":9}},"44":{"start":{"line":134,"column":4},"end":{"line":143,"column":44}},"45":{"start":{"line":136,"column":24},"end":{"line":139,"column":11}},"46":{"start":{"line":136,"column":45},"end":{"line":139,"column":9}},"47":{"start":{"line":140,"column":8},"end":{"line":140,"column":57}},"48":{"start":{"line":141,"column":8},"end":{"line":141,"column":37}},"49":{"start":{"line":143,"column":19},"end":{"line":143,"column":42}},"50":{"start":{"line":146,"column":2},"end":{"line":148,"column":9}},"51":{"start":{"line":147,"column":4},"end":{"line":147,"column":109}},"52":{"start":{"line":147,"column":39},"end":{"line":147,"column":69}},"53":{"start":{"line":147,"column":83},"end":{"line":147,"column":107}},"54":{"start":{"line":150,"column":28},"end":{"line":158,"column":3}},"55":{"start":{"line":151,"column":4},"end":{"line":151,"column":40}},"56":{"start":{"line":152,"column":4},"end":{"line":157,"column":5}},"57":{"start":{"line":153,"column":18},"end":{"line":153,"column":87}},"58":{"start":{"line":154,"column":6},"end":{"line":154,"column":38}},"59":{"start":{"line":156,"column":6},"end":{"line":156,"column":26}},"60":{"start":{"line":160,"column":29},"end":{"line":162,"column":3}},"61":{"start":{"line":161,"column":4},"end":{"line":161,"column":33}},"62":{"start":{"line":164,"column":31},"end":{"line":179,"column":3}},"63":{"start":{"line":165,"column":4},"end":{"line":165,"column":34}},"64":{"start":{"line":166,"column":4},"end":{"line":177,"column":7}},"65":{"start":{"line":178,"column":4},"end":{"line":178,"column":22}},"66":{"start":{"line":181,"column":32},"end":{"line":196,"column":3}},"67":{"start":{"line":182,"column":4},"end":{"line":182,"column":44}},"68":{"start":{"line":183,"column":4},"end":{"line":194,"column":7}},"69":{"start":{"line":195,"column":4},"end":{"line":195,"column":22}},"70":{"start":{"line":198,"column":29},"end":{"line":201,"column":3}},"71":{"start":{"line":199,"column":4},"end":{"line":199,"column":25}},"72":{"start":{"line":200,"column":4},"end":{"line":200,"column":39}},"73":{"start":{"line":203,"column":27},"end":{"line":206,"column":3}},"74":{"start":{"line":204,"column":4},"end":{"line":204,"column":23}},"75":{"start":{"line":205,"column":4},"end":{"line":205,"column":34}},"76":{"start":{"line":208,"column":28},"end":{"line":224,"column":3}},"77":{"start":{"line":209,"column":41},"end":{"line":209,"column":49}},"78":{"start":{"line":210,"column":4},"end":{"line":223,"column":7}},"79":{"start":{"line":211,"column":23},"end":{"line":211,"column":79}},"80":{"start":{"line":213,"column":6},"end":{"line":220,"column":7}},"81":{"start":{"line":214,"column":8},"end":{"line":216,"column":9}},"82":{"start":{"line":215,"column":10},"end":{"line":215,"column":36}},"83":{"start":{"line":217,"column":8},"end":{"line":219,"column":9}},"84":{"start":{"line":218,"column":10},"end":{"line":218,"column":37}},"85":{"start":{"line":222,"column":6},"end":{"line":222,"column":22}},"86":{"start":{"line":226,"column":27},"end":{"line":287,"column":3}},"87":{"start":{"line":227,"column":4},"end":{"line":227,"column":23}},"88":{"start":{"line":229,"column":4},"end":{"line":233,"column":5}},"89":{"start":{"line":230,"column":6},"end":{"line":230,"column":88}},"90":{"start":{"line":231,"column":6},"end":{"line":231,"column":25}},"91":{"start":{"line":232,"column":6},"end":{"line":232,"column":13}},"92":{"start":{"line":235,"column":18},"end":{"line":235,"column":20}},"93":{"start":{"line":236,"column":25},"end":{"line":236,"column":29}},"94":{"start":{"line":237,"column":4},"end":{"line":249,"column":5}},"95":{"start":{"line":238,"column":25},"end":{"line":238,"column":83}},"96":{"start":{"line":239,"column":6},"end":{"line":239,"column":39}},"97":{"start":{"line":241,"column":6},"end":{"line":241,"column":73}},"98":{"start":{"line":243,"column":6},"end":{"line":243,"column":62}},"99":{"start":{"line":245,"column":6},"end":{"line":245,"column":60}},"100":{"start":{"line":246,"column":6},"end":{"line":246,"column":28}},"101":{"start":{"line":247,"column":6},"end":{"line":247,"column":25}},"102":{"start":{"line":248,"column":6},"end":{"line":248,"column":13}},"103":{"start":{"line":252,"column":27},"end":{"line":252,"column":47}},"104":{"start":{"line":253,"column":4},"end":{"line":255,"column":5}},"105":{"start":{"line":254,"column":6},"end":{"line":254,"column":49}},"106":{"start":{"line":256,"column":21},"end":{"line":265,"column":5}},"107":{"start":{"line":267,"column":4},"end":{"line":286,"column":5}},"108":{"start":{"line":269,"column":27},"end":{"line":269,"column":85}},"109":{"start":{"line":270,"column":6},"end":{"line":270,"column":54}},"110":{"start":{"line":272,"column":6},"end":{"line":272,"column":51}},"111":{"start":{"line":273,"column":6},"end":{"line":273,"column":30}},"112":{"start":{"line":274,"column":6},"end":{"line":274,"column":25}},"113":{"start":{"line":276,"column":6},"end":{"line":276,"column":25}},"114":{"start":{"line":277,"column":6},"end":{"line":277,"column":36}},"115":{"start":{"line":279,"column":23},"end":{"line":279,"column":70}},"116":{"start":{"line":280,"column":6},"end":{"line":280,"column":30}},"117":{"start":{"line":282,"column":6},"end":{"line":282,"column":51}},"118":{"start":{"line":283,"column":6},"end":{"line":283,"column":51}},"119":{"start":{"line":284,"column":6},"end":{"line":284,"column":28}},"120":{"start":{"line":285,"column":6},"end":{"line":285,"column":25}},"121":{"start":{"line":290,"column":29},"end":{"line":296,"column":3}},"122":{"start":{"line":291,"column":26},"end":{"line":291,"column":34}},"123":{"start":{"line":292,"column":4},"end":{"line":295,"column":8}},"124":{"start":{"line":292,"column":24},"end":{"line":295,"column":5}},"125":{"start":{"line":298,"column":29},"end":{"line":303,"column":3}},"126":{"start":{"line":302,"column":4},"end":{"line":302,"column":45}},"127":{"start":{"line":305,"column":29},"end":{"line":332,"column":3}},"128":{"start":{"line":306,"column":4},"end":{"line":310,"column":7}},"129":{"start":{"line":311,"column":4},"end":{"line":314,"column":7}},"130":{"start":{"line":316,"column":4},"end":{"line":316,"column":28}},"131":{"start":{"line":317,"column":4},"end":{"line":317,"column":25}},"132":{"start":{"line":320,"column":4},"end":{"line":331,"column":10}},"133":{"start":{"line":321,"column":6},"end":{"line":321,"column":29}},"134":{"start":{"line":322,"column":6},"end":{"line":322,"column":54}},"135":{"start":{"line":325,"column":6},"end":{"line":330,"column":14}},"136":{"start":{"line":326,"column":32},"end":{"line":326,"column":66}},"137":{"start":{"line":327,"column":8},"end":{"line":329,"column":9}},"138":{"start":{"line":328,"column":10},"end":{"line":328,"column":34}},"139":{"start":{"line":335,"column":30},"end":{"line":360,"column":3}},"140":{"start":{"line":336,"column":4},"end":{"line":336,"column":47}},"141":{"start":{"line":339,"column":4},"end":{"line":342,"column":7}},"142":{"start":{"line":344,"column":4},"end":{"line":344,"column":28}},"143":{"start":{"line":345,"column":4},"end":{"line":345,"column":25}},"144":{"start":{"line":348,"column":4},"end":{"line":359,"column":10}},"145":{"start":{"line":349,"column":6},"end":{"line":349,"column":29}},"146":{"start":{"line":350,"column":6},"end":{"line":350,"column":54}},"147":{"start":{"line":353,"column":6},"end":{"line":358,"column":14}},"148":{"start":{"line":354,"column":32},"end":{"line":354,"column":66}},"149":{"start":{"line":355,"column":8},"end":{"line":357,"column":9}},"150":{"start":{"line":356,"column":10},"end":{"line":356,"column":34}},"151":{"start":{"line":362,"column":32},"end":{"line":364,"column":3}},"152":{"start":{"line":363,"column":4},"end":{"line":363,"column":28}},"153":{"start":{"line":365,"column":35},"end":{"line":402,"column":3}},"154":{"start":{"line":366,"column":26},"end":{"line":366,"column":34}},"155":{"start":{"line":367,"column":4},"end":{"line":367,"column":57}},"156":{"start":{"line":369,"column":4},"end":{"line":376,"column":7}},"157":{"start":{"line":370,"column":22},"end":{"line":373,"column":7}},"158":{"start":{"line":374,"column":6},"end":{"line":374,"column":55}},"159":{"start":{"line":375,"column":6},"end":{"line":375,"column":21}},"160":{"start":{"line":378,"column":4},"end":{"line":401,"column":5}},"161":{"start":{"line":379,"column":6},"end":{"line":400,"column":7}},"162":{"start":{"line":380,"column":8},"end":{"line":380,"column":59}},"163":{"start":{"line":381,"column":25},"end":{"line":381,"column":78}},"164":{"start":{"line":382,"column":23},"end":{"line":382,"column":36}},"165":{"start":{"line":384,"column":8},"end":{"line":387,"column":12}},"166":{"start":{"line":384,"column":38},"end":{"line":387,"column":9}},"167":{"start":{"line":389,"column":26},"end":{"line":389,"column":57}},"168":{"start":{"line":389,"column":47},"end":{"line":389,"column":56}},"169":{"start":{"line":390,"column":8},"end":{"line":392,"column":9}},"170":{"start":{"line":391,"column":10},"end":{"line":391,"column":70}},"171":{"start":{"line":393,"column":8},"end":{"line":393,"column":87}},"172":{"start":{"line":394,"column":8},"end":{"line":394,"column":35}},"173":{"start":{"line":395,"column":8},"end":{"line":395,"column":32}},"174":{"start":{"line":397,"column":8},"end":{"line":397,"column":81}},"175":{"start":{"line":398,"column":8},"end":{"line":398,"column":29}},"176":{"start":{"line":399,"column":8},"end":{"line":399,"column":32}},"177":{"start":{"line":404,"column":33},"end":{"line":413,"column":3}},"178":{"start":{"line":405,"column":4},"end":{"line":405,"column":27}},"179":{"start":{"line":405,"column":20},"end":{"line":405,"column":27}},"180":{"start":{"line":406,"column":4},"end":{"line":412,"column":7}},"181":{"start":{"line":407,"column":6},"end":{"line":411,"column":7}},"182":{"start":{"line":408,"column":8},"end":{"line":408,"column":51}},"183":{"start":{"line":408,"column":33},"end":{"line":408,"column":49}},"184":{"start":{"line":410,"column":8},"end":{"line":410,"column":36}},"185":{"start":{"line":415,"column":34},"end":{"line":423,"column":3}},"186":{"start":{"line":417,"column":21},"end":{"line":417,"column":84}},"187":{"start":{"line":417,"column":50},"end":{"line":417,"column":64}},"188":{"start":{"line":417,"column":79},"end":{"line":417,"column":83}},"189":{"start":{"line":418,"column":4},"end":{"line":422,"column":5}},"190":{"start":{"line":419,"column":6},"end":{"line":419,"column":30}},"191":{"start":{"line":421,"column":6},"end":{"line":421,"column":36}},"192":{"start":{"line":425,"column":32},"end":{"line":539,"column":3}},"193":{"start":{"line":426,"column":4},"end":{"line":426,"column":23}},"194":{"start":{"line":428,"column":28},"end":{"line":428,"column":63}},"195":{"start":{"line":428,"column":58},"end":{"line":428,"column":62}},"196":{"start":{"line":429,"column":4},"end":{"line":429,"column":105}},"197":{"start":{"line":430,"column":4},"end":{"line":433,"column":5}},"198":{"start":{"line":431,"column":6},"end":{"line":431,"column":51}},"199":{"start":{"line":432,"column":6},"end":{"line":432,"column":13}},"200":{"start":{"line":436,"column":4},"end":{"line":439,"column":5}},"201":{"start":{"line":437,"column":6},"end":{"line":437,"column":66}},"202":{"start":{"line":438,"column":6},"end":{"line":438,"column":13}},"203":{"start":{"line":442,"column":4},"end":{"line":445,"column":5}},"204":{"start":{"line":443,"column":6},"end":{"line":443,"column":67}},"205":{"start":{"line":444,"column":6},"end":{"line":444,"column":13}},"206":{"start":{"line":447,"column":4},"end":{"line":447,"column":46}},"207":{"start":{"line":448,"column":4},"end":{"line":448,"column":56}},"208":{"start":{"line":450,"column":31},"end":{"line":460,"column":7}},"209":{"start":{"line":451,"column":6},"end":{"line":458,"column":7}},"210":{"start":{"line":452,"column":20},"end":{"line":452,"column":77}},"211":{"start":{"line":453,"column":8},"end":{"line":455,"column":9}},"212":{"start":{"line":454,"column":10},"end":{"line":454,"column":60}},"213":{"start":{"line":457,"column":8},"end":{"line":457,"column":74}},"214":{"start":{"line":459,"column":6},"end":{"line":459,"column":18}},"215":{"start":{"line":462,"column":26},"end":{"line":462,"column":73}},"216":{"start":{"line":462,"column":57},"end":{"line":462,"column":72}},"217":{"start":{"line":463,"column":4},"end":{"line":466,"column":5}},"218":{"start":{"line":464,"column":6},"end":{"line":464,"column":71}},"219":{"start":{"line":465,"column":6},"end":{"line":465,"column":13}},"220":{"start":{"line":468,"column":22},"end":{"line":477,"column":5}},"221":{"start":{"line":476,"column":41},"end":{"line":476,"column":52}},"222":{"start":{"line":479,"column":4},"end":{"line":479,"column":44}},"223":{"start":{"line":480,"column":4},"end":{"line":480,"column":46}},"224":{"start":{"line":481,"column":4},"end":{"line":481,"column":56}},"225":{"start":{"line":482,"column":4},"end":{"line":482,"column":51}},"226":{"start":{"line":483,"column":4},"end":{"line":483,"column":50}},"227":{"start":{"line":484,"column":4},"end":{"line":484,"column":50}},"228":{"start":{"line":485,"column":4},"end":{"line":485,"column":61}},"229":{"start":{"line":486,"column":4},"end":{"line":486,"column":64}},"230":{"start":{"line":487,"column":4},"end":{"line":487,"column":48}},"231":{"start":{"line":490,"column":4},"end":{"line":496,"column":5}},"232":{"start":{"line":491,"column":6},"end":{"line":491,"column":55}},"233":{"start":{"line":492,"column":27},"end":{"line":492,"column":68}},"234":{"start":{"line":493,"column":6},"end":{"line":493,"column":64}},"235":{"start":{"line":495,"column":6},"end":{"line":495,"column":71}},"236":{"start":{"line":499,"column":4},"end":{"line":505,"column":5}},"237":{"start":{"line":500,"column":6},"end":{"line":500,"column":48}},"238":{"start":{"line":501,"column":29},"end":{"line":501,"column":95}},"239":{"start":{"line":502,"column":6},"end":{"line":502,"column":68}},"240":{"start":{"line":504,"column":6},"end":{"line":504,"column":75}},"241":{"start":{"line":507,"column":4},"end":{"line":538,"column":5}},"242":{"start":{"line":508,"column":23},"end":{"line":508,"column":82}},"243":{"start":{"line":509,"column":6},"end":{"line":509,"column":52}},"244":{"start":{"line":512,"column":23},"end":{"line":512,"column":70}},"245":{"start":{"line":513,"column":6},"end":{"line":513,"column":30}},"246":{"start":{"line":515,"column":6},"end":{"line":515,"column":30}},"247":{"start":{"line":516,"column":6},"end":{"line":516,"column":83}},"248":{"start":{"line":518,"column":6},"end":{"line":518,"column":49}},"249":{"start":{"line":519,"column":6},"end":{"line":519,"column":49}},"250":{"start":{"line":520,"column":6},"end":{"line":520,"column":55}},"251":{"start":{"line":521,"column":6},"end":{"line":521,"column":66}},"252":{"start":{"line":522,"column":6},"end":{"line":522,"column":70}},"253":{"start":{"line":523,"column":6},"end":{"line":523,"column":53}},"254":{"start":{"line":524,"column":6},"end":{"line":524,"column":53}},"255":{"start":{"line":527,"column":25},"end":{"line":527,"column":87}},"256":{"start":{"line":529,"column":6},"end":{"line":535,"column":7}},"257":{"start":{"line":530,"column":8},"end":{"line":534,"column":9}},"258":{"start":{"line":531,"column":10},"end":{"line":531,"column":51}},"259":{"start":{"line":532,"column":15},"end":{"line":534,"column":9}},"260":{"start":{"line":533,"column":10},"end":{"line":533,"column":45}},"261":{"start":{"line":537,"column":6},"end":{"line":537,"column":26}},"262":{"start":{"line":541,"column":30},"end":{"line":548,"column":3}},"263":{"start":{"line":543,"column":4},"end":{"line":543,"column":55}},"264":{"start":{"line":546,"column":18},"end":{"line":546,"column":56}},"265":{"start":{"line":547,"column":4},"end":{"line":547,"column":110}},"266":{"start":{"line":551,"column":32},"end":{"line":557,"column":3}},"267":{"start":{"line":553,"column":4},"end":{"line":553,"column":56}},"268":{"start":{"line":556,"column":4},"end":{"line":556,"column":69}},"269":{"start":{"line":560,"column":2},"end":{"line":592,"column":22}},"270":{"start":{"line":561,"column":4},"end":{"line":591,"column":5}},"271":{"start":{"line":562,"column":6},"end":{"line":562,"column":53}},"272":{"start":{"line":564,"column":6},"end":{"line":590,"column":14}},"273":{"start":{"line":566,"column":24},"end":{"line":566,"column":72}},"274":{"start":{"line":567,"column":8},"end":{"line":578,"column":11}},"275":{"start":{"line":568,"column":10},"end":{"line":568,"column":49}},"276":{"start":{"line":569,"column":10},"end":{"line":569,"column":41}},"277":{"start":{"line":570,"column":10},"end":{"line":570,"column":42}},"278":{"start":{"line":571,"column":10},"end":{"line":571,"column":46}},"279":{"start":{"line":572,"column":10},"end":{"line":572,"column":37}},"280":{"start":{"line":575,"column":10},"end":{"line":577,"column":11}},"281":{"start":{"line":576,"column":12},"end":{"line":576,"column":56}},"282":{"start":{"line":581,"column":23},"end":{"line":581,"column":64}},"283":{"start":{"line":582,"column":8},"end":{"line":587,"column":11}},"284":{"start":{"line":583,"column":10},"end":{"line":583,"column":48}},"285":{"start":{"line":584,"column":10},"end":{"line":584,"column":40}},"286":{"start":{"line":585,"column":10},"end":{"line":585,"column":45}},"287":{"start":{"line":586,"column":10},"end":{"line":586,"column":36}},"288":{"start":{"line":589,"column":8},"end":{"line":589,"column":57}},"289":{"start":{"line":595,"column":2},"end":{"line":608,"column":53}},"290":{"start":{"line":596,"column":4},"end":{"line":607,"column":5}},"291":{"start":{"line":597,"column":6},"end":{"line":606,"column":46}},"292":{"start":{"line":599,"column":26},"end":{"line":602,"column":13}},"293":{"start":{"line":599,"column":47},"end":{"line":602,"column":11}},"294":{"start":{"line":603,"column":10},"end":{"line":603,"column":59}},"295":{"start":{"line":604,"column":10},"end":{"line":604,"column":39}},"296":{"start":{"line":606,"column":21},"end":{"line":606,"column":44}},"297":{"start":{"line":610,"column":2},"end":{"line":610,"column":47}},"298":{"start":{"line":613,"column":24},"end":{"line":618,"column":4}},"299":{"start":{"line":614,"column":22},"end":{"line":614,"column":120}},"300":{"start":{"line":615,"column":25},"end":{"line":615,"column":137}},"301":{"start":{"line":616,"column":23},"end":{"line":616,"column":131}},"302":{"start":{"line":617,"column":4},"end":{"line":617,"column":51}},"303":{"start":{"line":621,"column":2},"end":{"line":621,"column":47}},"304":{"start":{"line":622,"column":2},"end":{"line":624,"column":5}},"305":{"start":{"line":623,"column":4},"end":{"line":623,"column":39}},"306":{"start":{"line":627,"column":27},"end":{"line":630,"column":4}},"307":{"start":{"line":628,"column":17},"end":{"line":628,"column":93}},"308":{"start":{"line":629,"column":4},"end":{"line":629,"column":55}},"309":{"start":{"line":633,"column":23},"end":{"line":638,"column":3}},"310":{"start":{"line":634,"column":4},"end":{"line":634,"column":46}},"311":{"start":{"line":634,"column":24},"end":{"line":634,"column":46}},"312":{"start":{"line":635,"column":4},"end":{"line":635,"column":46}},"313":{"start":{"line":635,"column":24},"end":{"line":635,"column":46}},"314":{"start":{"line":636,"column":16},"end":{"line":636,"column":102}},"315":{"start":{"line":636,"column":43},"end":{"line":636,"column":101}},"316":{"start":{"line":637,"column":4},"end":{"line":637,"column":39}},"317":{"start":{"line":641,"column":25},"end":{"line":644,"column":3}},"318":{"start":{"line":642,"column":17},"end":{"line":642,"column":68}},"319":{"start":{"line":642,"column":45},"end":{"line":642,"column":67}},"320":{"start":{"line":643,"column":4},"end":{"line":643,"column":44}},"321":{"start":{"line":647,"column":41},"end":{"line":664,"column":3}},"322":{"start":{"line":648,"column":4},"end":{"line":648,"column":109}},"323":{"start":{"line":649,"column":4},"end":{"line":649,"column":25}},"324":{"start":{"line":650,"column":4},"end":{"line":663,"column":7}},"325":{"start":{"line":650,"column":23},"end":{"line":663,"column":5}},"326":{"start":{"line":651,"column":6},"end":{"line":651,"column":28}},"327":{"start":{"line":652,"column":6},"end":{"line":662,"column":7}},"328":{"start":{"line":653,"column":8},"end":{"line":653,"column":87}},"329":{"start":{"line":654,"column":8},"end":{"line":654,"column":67}},"330":{"start":{"line":655,"column":8},"end":{"line":655,"column":32}},"331":{"start":{"line":656,"column":8},"end":{"line":656,"column":27}},"332":{"start":{"line":658,"column":8},"end":{"line":658,"column":46}},"333":{"start":{"line":659,"column":8},"end":{"line":659,"column":30}},"334":{"start":{"line":660,"column":8},"end":{"line":660,"column":27}},"335":{"start":{"line":661,"column":8},"end":{"line":661,"column":51}},"336":{"start":{"line":666,"column":2},"end":{"line":681,"column":21}},"337":{"start":{"line":667,"column":4},"end":{"line":680,"column":5}},"338":{"start":{"line":668,"column":25},"end":{"line":670,"column":46}},"339":{"start":{"line":669,"column":18},"end":{"line":669,"column":29}},"340":{"start":{"line":670,"column":22},"end":{"line":670,"column":45}},"341":{"start":{"line":671,"column":6},"end":{"line":679,"column":7}},"342":{"start":{"line":672,"column":8},"end":{"line":678,"column":11}},"343":{"start":{"line":673,"column":10},"end":{"line":673,"column":128}},"344":{"start":{"line":673,"column":60},"end":{"line":673,"column":94}},"345":{"start":{"line":673,"column":110},"end":{"line":673,"column":126}},"346":{"start":{"line":675,"column":26},"end":{"line":675,"column":28}},"347":{"start":{"line":676,"column":10},"end":{"line":676,"column":69}},"348":{"start":{"line":676,"column":46},"end":{"line":676,"column":65}},"349":{"start":{"line":677,"column":10},"end":{"line":677,"column":61}},"350":{"start":{"line":677,"column":35},"end":{"line":677,"column":58}},"351":{"start":{"line":684,"column":2},"end":{"line":696,"column":9}},"352":{"start":{"line":685,"column":4},"end":{"line":685,"column":21}},"353":{"start":{"line":686,"column":4},"end":{"line":695,"column":9}},"354":{"start":{"line":688,"column":8},"end":{"line":688,"column":27}},"355":{"start":{"line":689,"column":8},"end":{"line":689,"column":26}},"356":{"start":{"line":692,"column":8},"end":{"line":692,"column":21}},"357":{"start":{"line":693,"column":8},"end":{"line":693,"column":26}},"358":{"start":{"line":694,"column":8},"end":{"line":694,"column":62}},"359":{"start":{"line":699,"column":32},"end":{"line":731,"column":3}},"360":{"start":{"line":700,"column":17},"end":{"line":700,"column":82}},"361":{"start":{"line":701,"column":4},"end":{"line":704,"column":5}},"362":{"start":{"line":702,"column":6},"end":{"line":702,"column":61}},"363":{"start":{"line":703,"column":6},"end":{"line":703,"column":61}},"364":{"start":{"line":705,"column":22},"end":{"line":705,"column":47}},"365":{"start":{"line":706,"column":4},"end":{"line":724,"column":7}},"366":{"start":{"line":725,"column":4},"end":{"line":725,"column":29}},"367":{"start":{"line":726,"column":4},"end":{"line":730,"column":7}},"368":{"start":{"line":732,"column":33},"end":{"line":732,"column":64}},"369":{"start":{"line":732,"column":39},"end":{"line":732,"column":64}},"370":{"start":{"line":733,"column":34},"end":{"line":736,"column":3}},"371":{"start":{"line":734,"column":41},"end":{"line":734,"column":49}},"372":{"start":{"line":735,"column":4},"end":{"line":735,"column":86}},"373":{"start":{"line":735,"column":27},"end":{"line":735,"column":83}},"374":{"start":{"line":738,"column":29},"end":{"line":778,"column":3}},"375":{"start":{"line":739,"column":4},"end":{"line":739,"column":23}},"376":{"start":{"line":740,"column":17},"end":{"line":758,"column":5}},"377":{"start":{"line":759,"column":4},"end":{"line":777,"column":5}},"378":{"start":{"line":760,"column":6},"end":{"line":760,"column":55}},"379":{"start":{"line":761,"column":6},"end":{"line":771,"column":7}},"380":{"start":{"line":763,"column":24},"end":{"line":763,"column":77}},"381":{"start":{"line":763,"column":47},"end":{"line":763,"column":76}},"382":{"start":{"line":764,"column":8},"end":{"line":770,"column":9}},"383":{"start":{"line":765,"column":10},"end":{"line":769,"column":13}},"384":{"start":{"line":772,"column":6},"end":{"line":772,"column":36}},"385":{"start":{"line":773,"column":6},"end":{"line":773,"column":32}},"386":{"start":{"line":774,"column":6},"end":{"line":774,"column":50}},"387":{"start":{"line":776,"column":6},"end":{"line":776,"column":41}},"388":{"start":{"line":780,"column":32},"end":{"line":789,"column":3}},"389":{"start":{"line":781,"column":4},"end":{"line":788,"column":5}},"390":{"start":{"line":782,"column":18},"end":{"line":782,"column":80}},"391":{"start":{"line":784,"column":24},"end":{"line":784,"column":82}},"392":{"start":{"line":785,"column":6},"end":{"line":785,"column":75}},"393":{"start":{"line":785,"column":37},"end":{"line":785,"column":72}},"394":{"start":{"line":787,"column":6},"end":{"line":787,"column":70}},"395":{"start":{"line":787,"column":37},"end":{"line":787,"column":67}},"396":{"start":{"line":791,"column":2},"end":{"line":797,"column":42}},"397":{"start":{"line":792,"column":4},"end":{"line":795,"column":5}},"398":{"start":{"line":793,"column":23},"end":{"line":793,"column":77}},"399":{"start":{"line":793,"column":48},"end":{"line":793,"column":76}},"400":{"start":{"line":794,"column":6},"end":{"line":794,"column":57}},"401":{"start":{"line":794,"column":28},"end":{"line":794,"column":55}},"402":{"start":{"line":799,"column":2},"end":{"line":809,"column":43}},"403":{"start":{"line":800,"column":4},"end":{"line":807,"column":5}},"404":{"start":{"line":801,"column":23},"end":{"line":801,"column":77}},"405":{"start":{"line":801,"column":48},"end":{"line":801,"column":76}},"406":{"start":{"line":802,"column":6},"end":{"line":806,"column":9}},"407":{"start":{"line":803,"column":8},"end":{"line":805,"column":9}},"408":{"start":{"line":804,"column":10},"end":{"line":804,"column":38}},"409":{"start":{"line":812,"column":2},"end":{"line":812,"column":37}},"410":{"start":{"line":813,"column":2},"end":{"line":813,"column":59}},"411":{"start":{"line":814,"column":2},"end":{"line":814,"column":61}},"412":{"start":{"line":818,"column":4},"end":{"line":829,"column":5}},"413":{"start":{"line":819,"column":6},"end":{"line":828,"column":7}},"414":{"start":{"line":821,"column":10},"end":{"line":821,"column":26}},"415":{"start":{"line":823,"column":10},"end":{"line":823,"column":27}},"416":{"start":{"line":825,"column":10},"end":{"line":825,"column":32}},"417":{"start":{"line":827,"column":10},"end":{"line":827,"column":33}},"418":{"start":{"line":831,"column":4},"end":{"line":831,"column":39}},"419":{"start":{"line":831,"column":17},"end":{"line":831,"column":39}},"420":{"start":{"line":832,"column":4},"end":{"line":832,"column":70}},"421":{"start":{"line":832,"column":54},"end":{"line":832,"column":70}},"422":{"start":{"line":833,"column":4},"end":{"line":833,"column":70}},"423":{"start":{"line":833,"column":53},"end":{"line":833,"column":70}},"424":{"start":{"line":834,"column":4},"end":{"line":834,"column":87}},"425":{"start":{"line":834,"column":62},"end":{"line":834,"column":87}},"426":{"start":{"line":835,"column":4},"end":{"line":835,"column":18}},"427":{"start":{"line":838,"column":2},"end":{"line":1586,"column":4}},"428":{"start":{"line":866,"column":66},"end":{"line":866,"column":95}},"429":{"start":{"line":875,"column":66},"end":{"line":875,"column":96}},"430":{"start":{"line":901,"column":33},"end":{"line":901,"column":96}},"431":{"start":{"line":901,"column":53},"end":{"line":901,"column":94}},"432":{"start":{"line":910,"column":33},"end":{"line":910,"column":93}},"433":{"start":{"line":910,"column":53},"end":{"line":910,"column":91}},"434":{"start":{"line":914,"column":20},"end":{"line":916,"column":29}},"435":{"start":{"line":925,"column":33},"end":{"line":925,"column":93}},"436":{"start":{"line":925,"column":53},"end":{"line":925,"column":91}},"437":{"start":{"line":929,"column":20},"end":{"line":931,"column":29}},"438":{"start":{"line":962,"column":34},"end":{"line":962,"column":52}},"439":{"start":{"line":963,"column":36},"end":{"line":963,"column":66}},"440":{"start":{"line":964,"column":16},"end":{"line":964,"column":103}},"441":{"start":{"line":965,"column":16},"end":{"line":999,"column":18}},"442":{"start":{"line":985,"column":84},"end":{"line":985,"column":107}},"443":{"start":{"line":988,"column":89},"end":{"line":988,"column":116}},"444":{"start":{"line":992,"column":84},"end":{"line":992,"column":120}},"445":{"start":{"line":1011,"column":56},"end":{"line":1011,"column":75}},"446":{"start":{"line":1074,"column":88},"end":{"line":1074,"column":117}},"447":{"start":{"line":1180,"column":30},"end":{"line":1180,"column":74}},"448":{"start":{"line":1254,"column":30},"end":{"line":1256,"column":39}},"449":{"start":{"line":1340,"column":36},"end":{"line":1360,"column":41}},"450":{"start":{"line":1348,"column":60},"end":{"line":1348,"column":116}},"451":{"start":{"line":1423,"column":106},"end":{"line":1423,"column":136}},"452":{"start":{"line":1444,"column":28},"end":{"line":1447,"column":60}},"453":{"start":{"line":1450,"column":28},"end":{"line":1453,"column":61}},"454":{"start":{"line":1455,"column":41},"end":{"line":1455,"column":148}},"455":{"start":{"line":1457,"column":44},"end":{"line":1457,"column":116}},"456":{"start":{"line":1458,"column":44},"end":{"line":1458,"column":68}},"457":{"start":{"line":1459,"column":48},"end":{"line":1459,"column":125}},"458":{"start":{"line":1462,"column":26},"end":{"line":1504,"column":28}},"459":{"start":{"line":1471,"column":95},"end":{"line":1471,"column":221}},"460":{"start":{"line":1471,"column":222},"end":{"line":1471,"column":247}},"461":{"start":{"line":1481,"column":51},"end":{"line":1481,"column":78}},"462":{"start":{"line":1493,"column":97},"end":{"line":1493,"column":257}},"463":{"start":{"line":1493,"column":258},"end":{"line":1493,"column":283}},"464":{"start":{"line":1511,"column":85},"end":{"line":1511,"column":115}},"465":{"start":{"line":1526,"column":77},"end":{"line":1526,"column":102}},"466":{"start":{"line":1554,"column":85},"end":{"line":1554,"column":110}},"467":{"start":{"line":1568,"column":16},"end":{"line":1568,"column":42}},"468":{"start":{"line":1569,"column":16},"end":{"line":1569,"column":60}},"469":{"start":{"line":1571,"column":30},"end":{"line":1571,"column":55}},"470":{"start":{"line":1578,"column":69},"end":{"line":1578,"column":88}},"471":{"start":{"line":1580,"column":80},"end":{"line":1580,"column":101}},"472":{"start":{"line":1590,"column":34},"end":{"line":1590,"column":46}},"473":{"start":{"line":1592,"column":2},"end":{"line":1605,"column":15}},"474":{"start":{"line":1593,"column":22},"end":{"line":1603,"column":5}},"475":{"start":{"line":1594,"column":18},"end":{"line":1594,"column":51}},"476":{"start":{"line":1595,"column":19},"end":{"line":1601,"column":9}},"477":{"start":{"line":1596,"column":26},"end":{"line":1596,"column":62}},"478":{"start":{"line":1597,"column":8},"end":{"line":1600,"column":10}},"479":{"start":{"line":1602,"column":6},"end":{"line":1602,"column":24}},"480":{"start":{"line":1604,"column":4},"end":{"line":1604,"column":28}},"481":{"start":{"line":1604,"column":16},"end":{"line":1604,"column":28}},"482":{"start":{"line":1607,"column":2},"end":{"line":1628,"column":4}},"483":{"start":{"line":1617,"column":10},"end":{"line":1624,"column":15}},"484":{"start":{"line":1632,"column":21},"end":{"line":1632,"column":139}},"485":{"start":{"line":1633,"column":23},"end":{"line":1633,"column":31}},"486":{"start":{"line":1634,"column":18},"end":{"line":1634,"column":95}},"487":{"start":{"line":1635,"column":2},"end":{"line":1635,"column":48}}},"fnMap":{"0":{"name":"(anonymous_0)","decl":{"start":{"line":10,"column":30},"end":{"line":10,"column":31}},"loc":{"start":{"line":10,"column":36},"end":{"line":1587,"column":1}},"line":10},"1":{"name":"(anonymous_1)","decl":{"start":{"line":118,"column":45},"end":{"line":118,"column":46}},"loc":{"start":{"line":118,"column":51},"end":{"line":118,"column":59}},"line":118},"2":{"name":"(anonymous_2)","decl":{"start":{"line":118,"column":51},"end":{"line":118,"column":52}},"loc":{"start":{"line":118,"column":57},"end":{"line":118,"column":59}},"line":118},"3":{"name":"(anonymous_3)","decl":{"start":{"line":120,"column":12},"end":{"line":120,"column":13}},"loc":{"start":{"line":120,"column":18},"end":{"line":131,"column":3}},"line":120},"4":{"name":"(anonymous_4)","decl":{"start":{"line":133,"column":12},"end":{"line":133,"column":13}},"loc":{"start":{"line":133,"column":18},"end":{"line":144,"column":3}},"line":133},"5":{"name":"(anonymous_5)","decl":{"start":{"line":135,"column":12},"end":{"line":135,"column":13}},"loc":{"start":{"line":135,"column":19},"end":{"line":142,"column":7}},"line":135},"6":{"name":"(anonymous_6)","decl":{"start":{"line":136,"column":37},"end":{"line":136,"column":38}},"loc":{"start":{"line":136,"column":45},"end":{"line":139,"column":9}},"line":136},"7":{"name":"(anonymous_7)","decl":{"start":{"line":143,"column":13},"end":{"line":143,"column":14}},"loc":{"start":{"line":143,"column":19},"end":{"line":143,"column":42}},"line":143},"8":{"name":"(anonymous_8)","decl":{"start":{"line":146,"column":12},"end":{"line":146,"column":13}},"loc":{"start":{"line":146,"column":18},"end":{"line":148,"column":3}},"line":146},"9":{"name":"(anonymous_9)","decl":{"start":{"line":147,"column":32},"end":{"line":147,"column":33}},"loc":{"start":{"line":147,"column":39},"end":{"line":147,"column":69}},"line":147},"10":{"name":"(anonymous_10)","decl":{"start":{"line":147,"column":77},"end":{"line":147,"column":78}},"loc":{"start":{"line":147,"column":83},"end":{"line":147,"column":107}},"line":147},"11":{"name":"(anonymous_11)","decl":{"start":{"line":150,"column":28},"end":{"line":150,"column":29}},"loc":{"start":{"line":150,"column":51},"end":{"line":158,"column":3}},"line":150},"12":{"name":"(anonymous_12)","decl":{"start":{"line":160,"column":29},"end":{"line":160,"column":30}},"loc":{"start":{"line":160,"column":35},"end":{"line":162,"column":3}},"line":160},"13":{"name":"(anonymous_13)","decl":{"start":{"line":164,"column":31},"end":{"line":164,"column":32}},"loc":{"start":{"line":164,"column":37},"end":{"line":179,"column":3}},"line":164},"14":{"name":"(anonymous_14)","decl":{"start":{"line":181,"column":32},"end":{"line":181,"column":33}},"loc":{"start":{"line":181,"column":49},"end":{"line":196,"column":3}},"line":181},"15":{"name":"(anonymous_15)","decl":{"start":{"line":198,"column":29},"end":{"line":198,"column":30}},"loc":{"start":{"line":198,"column":46},"end":{"line":201,"column":3}},"line":198},"16":{"name":"(anonymous_16)","decl":{"start":{"line":203,"column":27},"end":{"line":203,"column":28}},"loc":{"start":{"line":203,"column":33},"end":{"line":206,"column":3}},"line":203},"17":{"name":"(anonymous_17)","decl":{"start":{"line":208,"column":28},"end":{"line":208,"column":29}},"loc":{"start":{"line":208,"column":35},"end":{"line":224,"column":3}},"line":208},"18":{"name":"(anonymous_18)","decl":{"start":{"line":210,"column":16},"end":{"line":210,"column":17}},"loc":{"start":{"line":210,"column":24},"end":{"line":223,"column":5}},"line":210},"19":{"name":"(anonymous_19)","decl":{"start":{"line":226,"column":27},"end":{"line":226,"column":28}},"loc":{"start":{"line":226,"column":40},"end":{"line":287,"column":3}},"line":226},"20":{"name":"(anonymous_20)","decl":{"start":{"line":290,"column":29},"end":{"line":290,"column":30}},"loc":{"start":{"line":290,"column":36},"end":{"line":296,"column":3}},"line":290},"21":{"name":"(anonymous_21)","decl":{"start":{"line":292,"column":15},"end":{"line":292,"column":16}},"loc":{"start":{"line":292,"column":24},"end":{"line":295,"column":5}},"line":292},"22":{"name":"(anonymous_22)","decl":{"start":{"line":298,"column":29},"end":{"line":298,"column":30}},"loc":{"start":{"line":298,"column":35},"end":{"line":303,"column":3}},"line":298},"23":{"name":"(anonymous_23)","decl":{"start":{"line":305,"column":29},"end":{"line":305,"column":30}},"loc":{"start":{"line":305,"column":35},"end":{"line":332,"column":3}},"line":305},"24":{"name":"(anonymous_24)","decl":{"start":{"line":320,"column":15},"end":{"line":320,"column":16}},"loc":{"start":{"line":320,"column":21},"end":{"line":331,"column":5}},"line":320},"25":{"name":"(anonymous_25)","decl":{"start":{"line":325,"column":17},"end":{"line":325,"column":18}},"loc":{"start":{"line":325,"column":23},"end":{"line":330,"column":7}},"line":325},"26":{"name":"(anonymous_26)","decl":{"start":{"line":335,"column":30},"end":{"line":335,"column":31}},"loc":{"start":{"line":335,"column":36},"end":{"line":360,"column":3}},"line":335},"27":{"name":"(anonymous_27)","decl":{"start":{"line":348,"column":15},"end":{"line":348,"column":16}},"loc":{"start":{"line":348,"column":21},"end":{"line":359,"column":5}},"line":348},"28":{"name":"(anonymous_28)","decl":{"start":{"line":353,"column":17},"end":{"line":353,"column":18}},"loc":{"start":{"line":353,"column":23},"end":{"line":358,"column":7}},"line":353},"29":{"name":"(anonymous_29)","decl":{"start":{"line":362,"column":32},"end":{"line":362,"column":33}},"loc":{"start":{"line":362,"column":38},"end":{"line":364,"column":3}},"line":362},"30":{"name":"(anonymous_30)","decl":{"start":{"line":365,"column":35},"end":{"line":365,"column":36}},"loc":{"start":{"line":365,"column":48},"end":{"line":402,"column":3}},"line":365},"31":{"name":"(anonymous_31)","decl":{"start":{"line":369,"column":21},"end":{"line":369,"column":22}},"loc":{"start":{"line":369,"column":29},"end":{"line":376,"column":5}},"line":369},"32":{"name":"(anonymous_32)","decl":{"start":{"line":384,"column":32},"end":{"line":384,"column":33}},"loc":{"start":{"line":384,"column":38},"end":{"line":387,"column":9}},"line":384},"33":{"name":"(anonymous_33)","decl":{"start":{"line":389,"column":42},"end":{"line":389,"column":43}},"loc":{"start":{"line":389,"column":47},"end":{"line":389,"column":56}},"line":389},"34":{"name":"(anonymous_34)","decl":{"start":{"line":404,"column":33},"end":{"line":404,"column":34}},"loc":{"start":{"line":404,"column":48},"end":{"line":413,"column":3}},"line":404},"35":{"name":"(anonymous_35)","decl":{"start":{"line":406,"column":24},"end":{"line":406,"column":25}},"loc":{"start":{"line":406,"column":32},"end":{"line":412,"column":5}},"line":406},"36":{"name":"(anonymous_36)","decl":{"start":{"line":408,"column":27},"end":{"line":408,"column":28}},"loc":{"start":{"line":408,"column":33},"end":{"line":408,"column":49}},"line":408},"37":{"name":"(anonymous_37)","decl":{"start":{"line":415,"column":34},"end":{"line":415,"column":35}},"loc":{"start":{"line":415,"column":40},"end":{"line":423,"column":3}},"line":415},"38":{"name":"(anonymous_38)","decl":{"start":{"line":417,"column":39},"end":{"line":417,"column":40}},"loc":{"start":{"line":417,"column":50},"end":{"line":417,"column":64}},"line":417},"39":{"name":"(anonymous_39)","decl":{"start":{"line":417,"column":73},"end":{"line":417,"column":74}},"loc":{"start":{"line":417,"column":79},"end":{"line":417,"column":83}},"line":417},"40":{"name":"(anonymous_40)","decl":{"start":{"line":425,"column":32},"end":{"line":425,"column":33}},"loc":{"start":{"line":425,"column":45},"end":{"line":539,"column":3}},"line":425},"41":{"name":"(anonymous_41)","decl":{"start":{"line":428,"column":52},"end":{"line":428,"column":53}},"loc":{"start":{"line":428,"column":58},"end":{"line":428,"column":62}},"line":428},"42":{"name":"(anonymous_42)","decl":{"start":{"line":450,"column":69},"end":{"line":450,"column":70}},"loc":{"start":{"line":450,"column":90},"end":{"line":460,"column":5}},"line":450},"43":{"name":"(anonymous_43)","decl":{"start":{"line":462,"column":52},"end":{"line":462,"column":53}},"loc":{"start":{"line":462,"column":57},"end":{"line":462,"column":72}},"line":462},"44":{"name":"(anonymous_44)","decl":{"start":{"line":476,"column":36},"end":{"line":476,"column":37}},"loc":{"start":{"line":476,"column":41},"end":{"line":476,"column":52}},"line":476},"45":{"name":"(anonymous_45)","decl":{"start":{"line":541,"column":30},"end":{"line":541,"column":31}},"loc":{"start":{"line":541,"column":36},"end":{"line":548,"column":3}},"line":541},"46":{"name":"(anonymous_46)","decl":{"start":{"line":551,"column":32},"end":{"line":551,"column":33}},"loc":{"start":{"line":551,"column":38},"end":{"line":557,"column":3}},"line":551},"47":{"name":"(anonymous_47)","decl":{"start":{"line":560,"column":12},"end":{"line":560,"column":13}},"loc":{"start":{"line":560,"column":18},"end":{"line":592,"column":3}},"line":560},"48":{"name":"(anonymous_48)","decl":{"start":{"line":564,"column":17},"end":{"line":564,"column":18}},"loc":{"start":{"line":564,"column":23},"end":{"line":590,"column":7}},"line":564},"49":{"name":"(anonymous_49)","decl":{"start":{"line":567,"column":24},"end":{"line":567,"column":25}},"loc":{"start":{"line":567,"column":34},"end":{"line":578,"column":9}},"line":567},"50":{"name":"(anonymous_50)","decl":{"start":{"line":575,"column":27},"end":{"line":575,"column":28}},"loc":{"start":{"line":575,"column":39},"end":{"line":577,"column":11}},"line":575},"51":{"name":"(anonymous_51)","decl":{"start":{"line":582,"column":23},"end":{"line":582,"column":24}},"loc":{"start":{"line":582,"column":32},"end":{"line":587,"column":9}},"line":582},"52":{"name":"(anonymous_52)","decl":{"start":{"line":595,"column":12},"end":{"line":595,"column":13}},"loc":{"start":{"line":595,"column":18},"end":{"line":608,"column":3}},"line":595},"53":{"name":"(anonymous_53)","decl":{"start":{"line":598,"column":14},"end":{"line":598,"column":15}},"loc":{"start":{"line":598,"column":21},"end":{"line":605,"column":9}},"line":598},"54":{"name":"(anonymous_54)","decl":{"start":{"line":599,"column":39},"end":{"line":599,"column":40}},"loc":{"start":{"line":599,"column":47},"end":{"line":602,"column":11}},"line":599},"55":{"name":"(anonymous_55)","decl":{"start":{"line":606,"column":15},"end":{"line":606,"column":16}},"loc":{"start":{"line":606,"column":21},"end":{"line":606,"column":44}},"line":606},"56":{"name":"(anonymous_56)","decl":{"start":{"line":613,"column":37},"end":{"line":613,"column":38}},"loc":{"start":{"line":613,"column":45},"end":{"line":618,"column":3}},"line":613},"57":{"name":"(anonymous_57)","decl":{"start":{"line":622,"column":24},"end":{"line":622,"column":25}},"loc":{"start":{"line":622,"column":39},"end":{"line":624,"column":3}},"line":622},"58":{"name":"(anonymous_58)","decl":{"start":{"line":627,"column":52},"end":{"line":627,"column":53}},"loc":{"start":{"line":627,"column":60},"end":{"line":630,"column":3}},"line":627},"59":{"name":"(anonymous_59)","decl":{"start":{"line":633,"column":23},"end":{"line":633,"column":24}},"loc":{"start":{"line":633,"column":33},"end":{"line":638,"column":3}},"line":633},"60":{"name":"(anonymous_60)","decl":{"start":{"line":636,"column":38},"end":{"line":636,"column":39}},"loc":{"start":{"line":636,"column":43},"end":{"line":636,"column":101}},"line":636},"61":{"name":"(anonymous_61)","decl":{"start":{"line":641,"column":25},"end":{"line":641,"column":26}},"loc":{"start":{"line":641,"column":40},"end":{"line":644,"column":3}},"line":641},"62":{"name":"(anonymous_62)","decl":{"start":{"line":642,"column":40},"end":{"line":642,"column":41}},"loc":{"start":{"line":642,"column":45},"end":{"line":642,"column":67}},"line":642},"63":{"name":"(anonymous_63)","decl":{"start":{"line":647,"column":41},"end":{"line":647,"column":42}},"loc":{"start":{"line":647,"column":57},"end":{"line":664,"column":3}},"line":647},"64":{"name":"(anonymous_64)","decl":{"start":{"line":650,"column":17},"end":{"line":650,"column":18}},"loc":{"start":{"line":650,"column":23},"end":{"line":663,"column":5}},"line":650},"65":{"name":"(anonymous_65)","decl":{"start":{"line":650,"column":23},"end":{"line":650,"column":24}},"loc":{"start":{"line":650,"column":35},"end":{"line":663,"column":5}},"line":650},"66":{"name":"(anonymous_66)","decl":{"start":{"line":666,"column":12},"end":{"line":666,"column":13}},"loc":{"start":{"line":666,"column":18},"end":{"line":681,"column":3}},"line":666},"67":{"name":"(anonymous_67)","decl":{"start":{"line":669,"column":13},"end":{"line":669,"column":14}},"loc":{"start":{"line":669,"column":18},"end":{"line":669,"column":29}},"line":669},"68":{"name":"(anonymous_68)","decl":{"start":{"line":670,"column":16},"end":{"line":670,"column":17}},"loc":{"start":{"line":670,"column":22},"end":{"line":670,"column":45}},"line":670},"69":{"name":"(anonymous_69)","decl":{"start":{"line":672,"column":35},"end":{"line":672,"column":36}},"loc":{"start":{"line":673,"column":10},"end":{"line":673,"column":128}},"line":673},"70":{"name":"(anonymous_70)","decl":{"start":{"line":673,"column":52},"end":{"line":673,"column":53}},"loc":{"start":{"line":673,"column":60},"end":{"line":673,"column":94}},"line":673},"71":{"name":"(anonymous_71)","decl":{"start":{"line":673,"column":103},"end":{"line":673,"column":104}},"loc":{"start":{"line":673,"column":110},"end":{"line":673,"column":126}},"line":673},"72":{"name":"(anonymous_72)","decl":{"start":{"line":674,"column":16},"end":{"line":674,"column":17}},"loc":{"start":{"line":674,"column":27},"end":{"line":678,"column":9}},"line":674},"73":{"name":"(anonymous_73)","decl":{"start":{"line":676,"column":26},"end":{"line":676,"column":27}},"loc":{"start":{"line":676,"column":44},"end":{"line":676,"column":67}},"line":676},"74":{"name":"(anonymous_74)","decl":{"start":{"line":677,"column":26},"end":{"line":677,"column":27}},"loc":{"start":{"line":677,"column":35},"end":{"line":677,"column":58}},"line":677},"75":{"name":"(anonymous_75)","decl":{"start":{"line":684,"column":12},"end":{"line":684,"column":13}},"loc":{"start":{"line":684,"column":18},"end":{"line":696,"column":3}},"line":684},"76":{"name":"(anonymous_76)","decl":{"start":{"line":687,"column":12},"end":{"line":687,"column":13}},"loc":{"start":{"line":687,"column":19},"end":{"line":690,"column":7}},"line":687},"77":{"name":"(anonymous_77)","decl":{"start":{"line":691,"column":13},"end":{"line":691,"column":14}},"loc":{"start":{"line":691,"column":20},"end":{"line":695,"column":7}},"line":691},"78":{"name":"(anonymous_78)","decl":{"start":{"line":699,"column":32},"end":{"line":699,"column":33}},"loc":{"start":{"line":699,"column":48},"end":{"line":731,"column":3}},"line":699},"79":{"name":"(anonymous_79)","decl":{"start":{"line":732,"column":33},"end":{"line":732,"column":34}},"loc":{"start":{"line":732,"column":39},"end":{"line":732,"column":64}},"line":732},"80":{"name":"(anonymous_80)","decl":{"start":{"line":733,"column":34},"end":{"line":733,"column":35}},"loc":{"start":{"line":733,"column":41},"end":{"line":736,"column":3}},"line":733},"81":{"name":"(anonymous_81)","decl":{"start":{"line":735,"column":18},"end":{"line":735,"column":19}},"loc":{"start":{"line":735,"column":27},"end":{"line":735,"column":83}},"line":735},"82":{"name":"(anonymous_82)","decl":{"start":{"line":738,"column":29},"end":{"line":738,"column":30}},"loc":{"start":{"line":738,"column":42},"end":{"line":778,"column":3}},"line":738},"83":{"name":"(anonymous_83)","decl":{"start":{"line":763,"column":42},"end":{"line":763,"column":43}},"loc":{"start":{"line":763,"column":47},"end":{"line":763,"column":76}},"line":763},"84":{"name":"(anonymous_84)","decl":{"start":{"line":780,"column":32},"end":{"line":780,"column":33}},"loc":{"start":{"line":780,"column":53},"end":{"line":789,"column":3}},"line":780},"85":{"name":"(anonymous_85)","decl":{"start":{"line":785,"column":28},"end":{"line":785,"column":29}},"loc":{"start":{"line":785,"column":37},"end":{"line":785,"column":72}},"line":785},"86":{"name":"(anonymous_86)","decl":{"start":{"line":787,"column":28},"end":{"line":787,"column":29}},"loc":{"start":{"line":787,"column":37},"end":{"line":787,"column":67}},"line":787},"87":{"name":"(anonymous_87)","decl":{"start":{"line":791,"column":12},"end":{"line":791,"column":13}},"loc":{"start":{"line":791,"column":18},"end":{"line":797,"column":3}},"line":791},"88":{"name":"(anonymous_88)","decl":{"start":{"line":793,"column":43},"end":{"line":793,"column":44}},"loc":{"start":{"line":793,"column":48},"end":{"line":793,"column":76}},"line":793},"89":{"name":"(anonymous_89)","decl":{"start":{"line":794,"column":23},"end":{"line":794,"column":24}},"loc":{"start":{"line":794,"column":28},"end":{"line":794,"column":55}},"line":794},"90":{"name":"(anonymous_90)","decl":{"start":{"line":799,"column":12},"end":{"line":799,"column":13}},"loc":{"start":{"line":799,"column":18},"end":{"line":809,"column":3}},"line":799},"91":{"name":"(anonymous_91)","decl":{"start":{"line":801,"column":43},"end":{"line":801,"column":44}},"loc":{"start":{"line":801,"column":48},"end":{"line":801,"column":76}},"line":801},"92":{"name":"(anonymous_92)","decl":{"start":{"line":802,"column":23},"end":{"line":802,"column":24}},"loc":{"start":{"line":802,"column":28},"end":{"line":806,"column":7}},"line":802},"93":{"name":"getConsentStatusText","decl":{"start":{"line":817,"column":11},"end":{"line":817,"column":31}},"loc":{"start":{"line":817,"column":50},"end":{"line":836,"column":3}},"line":817},"94":{"name":"(anonymous_94)","decl":{"start":{"line":866,"column":57},"end":{"line":866,"column":58}},"loc":{"start":{"line":866,"column":66},"end":{"line":866,"column":95}},"line":866},"95":{"name":"(anonymous_95)","decl":{"start":{"line":875,"column":57},"end":{"line":875,"column":58}},"loc":{"start":{"line":875,"column":66},"end":{"line":875,"column":96}},"line":875},"96":{"name":"(anonymous_96)","decl":{"start":{"line":901,"column":28},"end":{"line":901,"column":29}},"loc":{"start":{"line":901,"column":33},"end":{"line":901,"column":96}},"line":901},"97":{"name":"(anonymous_97)","decl":{"start":{"line":901,"column":44},"end":{"line":901,"column":45}},"loc":{"start":{"line":901,"column":53},"end":{"line":901,"column":94}},"line":901},"98":{"name":"(anonymous_98)","decl":{"start":{"line":910,"column":28},"end":{"line":910,"column":29}},"loc":{"start":{"line":910,"column":33},"end":{"line":910,"column":93}},"line":910},"99":{"name":"(anonymous_99)","decl":{"start":{"line":910,"column":44},"end":{"line":910,"column":45}},"loc":{"start":{"line":910,"column":53},"end":{"line":910,"column":91}},"line":910},"100":{"name":"(anonymous_100)","decl":{"start":{"line":913,"column":40},"end":{"line":913,"column":41}},"loc":{"start":{"line":914,"column":20},"end":{"line":916,"column":29}},"line":914},"101":{"name":"(anonymous_101)","decl":{"start":{"line":925,"column":28},"end":{"line":925,"column":29}},"loc":{"start":{"line":925,"column":33},"end":{"line":925,"column":93}},"line":925},"102":{"name":"(anonymous_102)","decl":{"start":{"line":925,"column":44},"end":{"line":925,"column":45}},"loc":{"start":{"line":925,"column":53},"end":{"line":925,"column":91}},"line":925},"103":{"name":"(anonymous_103)","decl":{"start":{"line":928,"column":40},"end":{"line":928,"column":41}},"loc":{"start":{"line":929,"column":20},"end":{"line":931,"column":29}},"line":929},"104":{"name":"(anonymous_104)","decl":{"start":{"line":961,"column":32},"end":{"line":961,"column":33}},"loc":{"start":{"line":961,"column":42},"end":{"line":1000,"column":15}},"line":961},"105":{"name":"(anonymous_105)","decl":{"start":{"line":985,"column":78},"end":{"line":985,"column":79}},"loc":{"start":{"line":985,"column":84},"end":{"line":985,"column":107}},"line":985},"106":{"name":"(anonymous_106)","decl":{"start":{"line":988,"column":83},"end":{"line":988,"column":84}},"loc":{"start":{"line":988,"column":89},"end":{"line":988,"column":116}},"line":988},"107":{"name":"(anonymous_107)","decl":{"start":{"line":992,"column":78},"end":{"line":992,"column":79}},"loc":{"start":{"line":992,"column":84},"end":{"line":992,"column":120}},"line":992},"108":{"name":"(anonymous_108)","decl":{"start":{"line":1011,"column":51},"end":{"line":1011,"column":52}},"loc":{"start":{"line":1011,"column":56},"end":{"line":1011,"column":75}},"line":1011},"109":{"name":"(anonymous_109)","decl":{"start":{"line":1074,"column":82},"end":{"line":1074,"column":83}},"loc":{"start":{"line":1074,"column":88},"end":{"line":1074,"column":117}},"line":1074},"110":{"name":"(anonymous_110)","decl":{"start":{"line":1179,"column":47},"end":{"line":1179,"column":48}},"loc":{"start":{"line":1180,"column":30},"end":{"line":1180,"column":74}},"line":1180},"111":{"name":"(anonymous_111)","decl":{"start":{"line":1253,"column":50},"end":{"line":1253,"column":51}},"loc":{"start":{"line":1254,"column":30},"end":{"line":1256,"column":39}},"line":1254},"112":{"name":"(anonymous_112)","decl":{"start":{"line":1339,"column":53},"end":{"line":1339,"column":54}},"loc":{"start":{"line":1340,"column":36},"end":{"line":1360,"column":41}},"line":1340},"113":{"name":"(anonymous_113)","decl":{"start":{"line":1348,"column":54},"end":{"line":1348,"column":55}},"loc":{"start":{"line":1348,"column":60},"end":{"line":1348,"column":116}},"line":1348},"114":{"name":"(anonymous_114)","decl":{"start":{"line":1423,"column":100},"end":{"line":1423,"column":101}},"loc":{"start":{"line":1423,"column":106},"end":{"line":1423,"column":136}},"line":1423},"115":{"name":"(anonymous_115)","decl":{"start":{"line":1441,"column":42},"end":{"line":1441,"column":43}},"loc":{"start":{"line":1441,"column":57},"end":{"line":1505,"column":25}},"line":1441},"116":{"name":"(anonymous_116)","decl":{"start":{"line":1471,"column":87},"end":{"line":1471,"column":88}},"loc":{"start":{"line":1471,"column":93},"end":{"line":1471,"column":249}},"line":1471},"117":{"name":"(anonymous_117)","decl":{"start":{"line":1481,"column":45},"end":{"line":1481,"column":46}},"loc":{"start":{"line":1481,"column":51},"end":{"line":1481,"column":78}},"line":1481},"118":{"name":"(anonymous_118)","decl":{"start":{"line":1493,"column":89},"end":{"line":1493,"column":90}},"loc":{"start":{"line":1493,"column":95},"end":{"line":1493,"column":285}},"line":1493},"119":{"name":"(anonymous_119)","decl":{"start":{"line":1511,"column":79},"end":{"line":1511,"column":80}},"loc":{"start":{"line":1511,"column":85},"end":{"line":1511,"column":115}},"line":1511},"120":{"name":"(anonymous_120)","decl":{"start":{"line":1526,"column":71},"end":{"line":1526,"column":72}},"loc":{"start":{"line":1526,"column":77},"end":{"line":1526,"column":102}},"line":1526},"121":{"name":"(anonymous_121)","decl":{"start":{"line":1554,"column":79},"end":{"line":1554,"column":80}},"loc":{"start":{"line":1554,"column":85},"end":{"line":1554,"column":110}},"line":1554},"122":{"name":"(anonymous_122)","decl":{"start":{"line":1567,"column":25},"end":{"line":1567,"column":26}},"loc":{"start":{"line":1567,"column":31},"end":{"line":1570,"column":15}},"line":1567},"123":{"name":"(anonymous_123)","decl":{"start":{"line":1571,"column":24},"end":{"line":1571,"column":25}},"loc":{"start":{"line":1571,"column":30},"end":{"line":1571,"column":55}},"line":1571},"124":{"name":"(anonymous_124)","decl":{"start":{"line":1578,"column":63},"end":{"line":1578,"column":64}},"loc":{"start":{"line":1578,"column":69},"end":{"line":1578,"column":88}},"line":1578},"125":{"name":"(anonymous_125)","decl":{"start":{"line":1580,"column":74},"end":{"line":1580,"column":75}},"loc":{"start":{"line":1580,"column":80},"end":{"line":1580,"column":101}},"line":1580},"126":{"name":"ApprovedStudentsList","decl":{"start":{"line":1589,"column":9},"end":{"line":1589,"column":29}},"loc":{"start":{"line":1589,"column":42},"end":{"line":1629,"column":1}},"line":1589},"127":{"name":"(anonymous_127)","decl":{"start":{"line":1592,"column":12},"end":{"line":1592,"column":13}},"loc":{"start":{"line":1592,"column":18},"end":{"line":1605,"column":3}},"line":1592},"128":{"name":"(anonymous_128)","decl":{"start":{"line":1593,"column":22},"end":{"line":1593,"column":23}},"loc":{"start":{"line":1593,"column":34},"end":{"line":1603,"column":5}},"line":1593},"129":{"name":"(anonymous_129)","decl":{"start":{"line":1595,"column":50},"end":{"line":1595,"column":51}},"loc":{"start":{"line":1595,"column":69},"end":{"line":1601,"column":7}},"line":1595},"130":{"name":"(anonymous_130)","decl":{"start":{"line":1616,"column":22},"end":{"line":1616,"column":23}},"loc":{"start":{"line":1617,"column":10},"end":{"line":1624,"column":15}},"line":1617},"131":{"name":"canShowUpdateResultBtn","decl":{"start":{"line":1631,"column":9},"end":{"line":1631,"column":31}},"loc":{
[...]
lumn":33}},"type":"binary-expr","locations":[{"start":{"line":1470,"column":33},"end":{"line":1470,"column":43}},{"start":{"line":1470,"column":47},"end":{"line":1470,"column":56}},{"start":{"line":1471,"column":34},"end":{"line":1473,"column":43}}],"line":1470},"151":{"loc":{"start":{"line":1471,"column":158},"end":{"line":1471,"column":217}},"type":"binary-expr","locations":[{"start":{"line":1471,"column":158},"end":{"line":1471,"column":167}},{"start":{"line":1471,"column":171},"end":{"line":1471,"column":199}},{"start":{"line":1471,"column":203},"end":{"line":1471,"column":217}}],"line":1471},"152":{"loc":{"start":{"line":1476,"column":33},"end":{"line":1485,"column":33}},"type":"binary-expr","locations":[{"start":{"line":1476,"column":33},"end":{"line":1476,"column":42}},{"start":{"line":1476,"column":46},"end":{"line":1476,"column":59}},{"start":{"line":1477,"column":34},"end":{"line":1484,"column":43}}],"line":1476},"153":{"loc":{"start":{"line":1480,"column":70},"end":{"line":1480,"column":95}},"type":"binary-expr","locations":[{"start":{"line":1480,"column":70},"end":{"line":1480,"column":84}},{"start":{"line":1480,"column":88},"end":{"line":1480,"column":95}}],"line":1480},"154":{"loc":{"start":{"line":1487,"column":33},"end":{"line":1489,"column":33}},"type":"binary-expr","locations":[{"start":{"line":1487,"column":33},"end":{"line":1487,"column":42}},{"start":{"line":1487,"column":46},"end":{"line":1487,"column":60}},{"start":{"line":1488,"column":34},"end":{"line":1488,"column":88}}],"line":1487},"155":{"loc":{"start":{"line":1491,"column":33},"end":{"line":1497,"column":33}},"type":"binary-expr","locations":[{"start":{"line":1491,"column":33},"end":{"line":1491,"column":41}},{"start":{"line":1492,"column":34},"end":{"line":1496,"column":37}}],"line":1491},"156":{"loc":{"start":{"line":1493,"column":143},"end":{"line":1493,"column":183}},"type":"binary-expr","locations":[{"start":{"line":1493,"column":143},"end":{"line":1493,"column":163}},{"start":{"line":1493,"column":167},"end":{"line":1493,"column":183}}],"line":1493},"157":{"loc":{"start":{"line":1493,"column":194},"end":{"line":1493,"column":253}},"type":"binary-expr","locations":[{"start":{"line":1493,"column":194},"end":{"line":1493,"column":203}},{"start":{"line":1493,"column":207},"end":{"line":1493,"column":235}},{"start":{"line":1493,"column":239},"end":{"line":1493,"column":253}}],"line":1493},"158":{"loc":{"start":{"line":1499,"column":33},"end":{"line":1501,"column":33}},"type":"binary-expr","locations":[{"start":{"line":1499,"column":33},"end":{"line":1499,"column":44}},{"start":{"line":1499,"column":48},"end":{"line":1499,"column":57}},{"start":{"line":1500,"column":34},"end":{"line":1500,"column":86}}],"line":1499},"159":{"loc":{"start":{"line":1518,"column":9},"end":{"line":1559,"column":9}},"type":"binary-expr","locations":[{"start":{"line":1518,"column":9},"end":{"line":1518,"column":24}},{"start":{"line":1519,"column":10},"end":{"line":1558,"column":16}}],"line":1518},"160":{"loc":{"start":{"line":1524,"column":21},"end":{"line":1524,"column":102}},"type":"cond-expr","locations":[{"start":{"line":1524,"column":61},"end":{"line":1524,"column":76}},{"start":{"line":1524,"column":79},"end":{"line":1524,"column":102}}],"line":1524},"161":{"loc":{"start":{"line":1529,"column":19},"end":{"line":1534,"column":19}},"type":"binary-expr","locations":[{"start":{"line":1529,"column":19},"end":{"line":1529,"column":56}},{"start":{"line":1530,"column":20},"end":{"line":1533,"column":23}}],"line":1529},"162":{"loc":{"start":{"line":1535,"column":19},"end":{"line":1551,"column":19}},"type":"binary-expr","locations":[{"start":{"line":1535,"column":19},"end":{"line":1535,"column":56}},{"start":{"line":1536,"column":20},"end":{"line":1550,"column":23}}],"line":1535},"163":{"loc":{"start":{"line":1560,"column":9},"end":{"line":1574,"column":9}},"type":"binary-expr","locations":[{"start":{"line":1560,"column":9},"end":{"line":1560,"column":24}},{"start":{"line":1561,"column":10},"end":{"line":1573,"column":16}}],"line":1560},"164":{"loc":{"start":{"line":1565,"column":23},"end":{"line":1565,"column":50}},"type":"binary-expr","locations":[{"start":{"line":1565,"column":23},"end":{"line":1565,"column":44}},{"start":{"line":1565,"column":48},"end":{"line":1565,"column":50}}],"line":1565},"165":{"loc":{"start":{"line":1566,"column":30},"end":{"line":1566,"column":78}},"type":"binary-expr","locations":[{"start":{"line":1566,"column":30},"end":{"line":1566,"column":70}},{"start":{"line":1566,"column":74},"end":{"line":1566,"column":78}}],"line":1566},"166":{"loc":{"start":{"line":1575,"column":9},"end":{"line":1577,"column":9}},"type":"binary-expr","locations":[{"start":{"line":1575,"column":9},"end":{"line":1575,"column":18}},{"start":{"line":1576,"column":10},"end":{"line":1576,"column":86}}],"line":1575},"167":{"loc":{"start":{"line":1599,"column":24},"end":{"line":1599,"column":74}},"type":"binary-expr","locations":[{"start":{"line":1599,"column":24},"end":{"line":1599,"column":52}},{"start":{"line":1599,"column":56},"end":{"line":1599,"column":74}}],"line":1599},"168":{"loc":{"start":{"line":1604,"column":4},"end":{"line":1604,"column":28}},"type":"if","locations":[{"start":{"line":1604,"column":4},"end":{"line":1604,"column":28}},{"start":{},"end":{}}],"line":1604},"169":{"loc":{"start":{"line":1617,"column":19},"end":{"line":1617,"column":56}},"type":"binary-expr","locations":[{"start":{"line":1617,"column":19},"end":{"line":1617,"column":23}},{"start":{"line":1617,"column":27},"end":{"line":1617,"column":56}}],"line":1617},"170":{"loc":{"start":{"line":1620,"column":15},"end":{"line":1620,"column":97}},"type":"binary-expr","locations":[{"start":{"line":1620,"column":15},"end":{"line":1620,"column":45}},{"start":{"line":1620,"column":49},"end":{"line":1620,"column":97}}],"line":1620},"171":{"loc":{"start":{"line":1621,"column":15},"end":{"line":1621,"column":108}},"type":"binary-expr","locations":[{"start":{"line":1621,"column":15},"end":{"line":1621,"column":44}},{"start":{"line":1621,"column":48},"end":{"line":1621,"column":108}}],"line":1621},"172":{"loc":{"start":{"line":1622,"column":15},"end":{"line":1622,"column":109}},"type":"binary-expr","locations":[{"start":{"line":1622,"column":15},"end":{"line":1622,"column":52}},{"start":{"line":1622,"column":56},"end":{"line":1622,"column":109}}],"line":1622},"173":{"loc":{"start":{"line":1632,"column":21},"end":{"line":1632,"column":139}},"type":"binary-expr","locations":[{"start":{"line":1632,"column":21},"end":{"line":1632,"column":40}},{"start":{"line":1632,"column":44},"end":{"line":1632,"column":75}},{"start":{"line":1632,"column":79},"end":{"line":1632,"column":103}},{"start":{"line":1632,"column":107},"end":{"line":1632,"column":139}}],"line":1632},"174":{"loc":{"start":{"line":1634,"column":18},"end":{"line":1634,"column":95}},"type":"binary-expr","locations":[{"start":{"line":1634,"column":18},"end":{"line":1634,"column":58}},{"start":{"line":1634,"column":62},"end":{"line":1634,"column":95}}],"line":1634},"175":{"loc":{"start":{"line":1635,"column":9},"end":{"line":1635,"column":47}},"type":"binary-expr","locations":[{"start":{"line":1635,"column":9},"end":{"line":1635,"column":19}},{"start":{"line":1635,"column":23},"end":{"line":1635,"column":36}},{"start":{"line":1635,"column":40},"end":{"line":1635,"column":47}}],"line":1635}},"s":{"0":1,"1":262,"2":262,"3":262,"4":261,"5":261,"6":261,"7":261,"8":261,"9":261,"10":261,"11":261,"12":261,"13":261,"14":261,"15":261,"16":261,"17":261,"18":261,"19":261,"20":261,"21":261,"22":261,"23":261,"24":261,"25":261,"26":261,"27":261,"28":261,"29":261,"30":261,"31":261,"32":261,"33":261,"34":261,"35":261,"36":261,"37":261,"38":71,"39":261,"40":71,"41":2,"42":2,"43":261,"44":71,"45":65,"46":60,"47":65,"48":65,"49":6,"50":261,"51":71,"52":71,"53":0,"54":261,"55":13,"56":13,"57":13,"58":12,"59":1,"60":261,"61":2,"62":261,"63":10,"64":10,"65":10,"66":261,"67":3,"68":3,"69":3,"70":261,"71":0,"72":0,"73":261,"74":4,"75":4,"76":261,"77":19,"78":19,"79":19,"80":19,"81":0,"82":0,"83":0,"84":0,"85":19,"86":261,"87":1,"88":1,"89":0,"90":0,"91":0,"92":1,"93":1,"94":1,"95":1,"96":1,"97":1,"98":0,"99":0,"100":0,"101":0,"102":0,"103":1,"104":1,"105":0,"106":1,"107":1,"108":1,"109":1,"110":1,"111":1,"112":1,"113":1,"114":1,"115":1,"116":1,"117":0,"118":0,"119":0,"120":0,"121":261,"122":0,"123":0,"124":0,"125":261,"126":0,"127":261,"128":0,"129":0,"130":0,"131":0,"132":0,"133":0,"134":0,"135":0,"136":0,"137":0,"138":0,"139":261,"140":15,"141":15,"142":15,"143":15,"144":15,"145":15,"146":15,"147":15,"148":15,"149":15,"150":5,"151":261,"152":1,"153":261,"154":6,"155":6,"156":6,"157":6,"158":6,"159":6,"160":6,"161":5,"162":5,"163":5,"164":5,"165":5,"166":6,"167":5,"168":6,"169":5,"170":0,"171":5,"172":5,"173":5,"174":0,"175":0,"176":0,"177":261,"178":2,"179":0,"180":2,"181":2,"182":1,"183":1,"184":1,"185":261,"186":2,"187":4,"188":4,"189":2,"190":1,"191":1,"192":261,"193":0,"194":0,"195":0,"196":0,"197":0,"198":0,"199":0,"200":0,"201":0,"202":0,"203":0,"204":0,"205":0,"206":0,"207":0,"208":0,"209":0,"210":0,"211":0,"212":0,"213":0,"214":0,"215":0,"216":0,"217":0,"218":0,"219":0,"220":0,"221":0,"222":0,"223":0,"224":0,"225":0,"226":0,"227":0,"228":0,"229":0,"230":0,"231":0,"232":0,"233":0,"234":0,"235":0,"236":0,"237":0,"238":0,"239":0,"240":0,"241":0,"242":0,"243":0,"244":0,"245":0,"246":0,"247":0,"248":0,"249":0,"250":0,"251":0,"252":0,"253":0,"254":0,"255":0,"256":0,"257":0,"258":0,"259":0,"260":0,"261":0,"262":261,"263":7,"264":7,"265":7,"266":261,"267":6,"268":6,"269":261,"270":87,"271":15,"272":15,"273":13,"274":13,"275":2,"276":2,"277":2,"278":2,"279":2,"280":2,"281":0,"282":13,"283":13,"284":5,"285":5,"286":5,"287":5,"288":13,"289":261,"290":137,"291":2,"292":2,"293":2,"294":2,"295":2,"296":0,"297":261,"298":261,"299":181,"300":181,"301":181,"302":181,"303":261,"304":261,"305":181,"306":261,"307":181,"308":181,"309":261,"310":226,"311":0,"312":226,"313":0,"314":226,"315":208,"316":226,"317":261,"318":226,"319":226,"320":226,"321":261,"322":0,"323":0,"324":0,"325":0,"326":0,"327":0,"328":0,"329":0,"330":0,"331":0,"332":0,"333":0,"334":0,"335":0,"336":261,"337":84,"338":6,"339":8,"340":8,"341":6,"342":2,"343":4,"344":4,"345":0,"346":2,"347":2,"348":4,"349":2,"350":1,"351":261,"352":71,"353":71,"354":71,"355":71,"356":0,"357":0,"358":0,"359":261,"360":3,"361":3,"362":0,"363":0,"364":3,"365":3,"366":3,"367":3,"368":261,"369":0,"370":261,"371":0,"372":0,"373":0,"374":261,"375":0,"376":0,"377":0,"378":0,"379":0,"380":0,"381":0,"382":0,"383":0,"384":0,"385":0,"386":0,"387":0,"388":261,"389":8,"390":8,"391":8,"392":8,"393":7,"394":0,"395":0,"396":261,"397":99,"398":6,"399":8,"400":6,"401":5,"402":261,"403":93,"404":4,"405":4,"406":4,"407":3,"408":3,"409":261,"410":261,"411":261,"412":10,"413":10,"414":9,"415":1,"416":0,"417":0,"418":0,"419":0,"420":0,"421":0,"422":0,"423":0,"424":0,"425":0,"426":0,"427":261,"428":181,"429":181,"430":0,"431":0,"432":0,"433":0,"434":181,"435":0,"436":0,"437":165,"438":181,"439":181,"440":181,"441":181,"442":13,"443":3,"444":0,"445":11,"446":9,"447":15,"448":30,"449":14,"450":2,"451":0,"452":10,"453":10,"454":10,"455":10,"456":10,"457":10,"458":10,"459":0,"460":0,"461":3,"462":0,"463":0,"464":0,"465":0,"466":0,"467":0,"468":0,"469":0,"470":0,"471":0,"472":0,"473":0,"474":0,"475":0,"476":0,"477":0,"478":0,"479":0,"480":0,"481":0,"482":0,"483":0,"484":0,"485":0,"486":0,"487":0},"f":{"0":262,"1":71,"2":0,"3":71,"4":71,"5":65,"6":60,"7":6,"8":71,"9":71,"10":0,"11":13,"12":2,"13":10,"14":3,"15":0,"16":4,"17":19,"18":19,"19":1,"20":0,"21":0,"22":0,"23":0,"24":0,"25":0,"26":15,"27":15,"28":15,"29":1,"30":6,"31":6,"32":6,"33":6,"34":2,"35":2,"36":1,"37":2,"38":4,"39":4,"40":0,"41":0,"42":0,"43":0,"44":0,"45":7,"46":6,"47":87,"48":13,"49":2,"50":0,"51":5,"52":137,"53":2,"54":2,"55":0,"56":181,"57":181,"58":181,"59":226,"60":208,"61":226,"62":226,"63":0,"64":0,"65":0,"66":84,"67":8,"68":8,"69":4,"70":4,"71":0,"72":2,"73":4,"74":1,"75":71,"76":71,"77":0,"78":3,"79":0,"80":0,"81":0,"82":0,"83":0,"84":8,"85":7,"86":0,"87":99,"88":8,"89":5,"90":93,"91":4,"92":3,"93":10,"94":181,"95":181,"96":0,"97":0,"98":0,"99":0,"100":181,"101":0,"102":0,"103":165,"104":181,"105":13,"106":3,"107":0,"108":11,"109":9,"110":15,"111":30,"112":14,"113":2,"114":0,"115":10,"116":0,"117":3,"118":0,"119":0,"120":0,"121":0,"122":0,"123":0,"124":0,"125":0,"126":0,"127":0,"128":0,"129":0,"130":0,"131":0},"b":{"0":[261,4],"1":[2,69],"2":[71,71],"3":[60,0,0],"4":[60,0,0],"5":[12,0],"6":[10,6,6],"7":[3,0],"8":[3,3],"9":[3,3],"10":[3,1,1],"11":[0,19],"12":[0,19],"13":[0,0],"14":[0,0],"15":[0,1],"16":[1,1,1],"17":[1,0,0],"18":[0,1],"19":[1,0],"20":[1,0],"21":[1,1],"22":[0,0],"23":[5,10],"24":[5,1],"25":[6,6],"26":[6,0,0,0,0],"27":[0,5],"28":[0,2],"29":[1,1],"30":[1,1],"31":[0,0],"32":[0,0],"33":[0,0],"34":[0,0],"35":[0,0],"36":[0,0],"37":[0,0],"38":[0,0],"39":[0,0],"40":[0,0],"41":[0,0],"42":[0,0],"43":[0,0],"44":[15,72],"45":[2,135],"46":[137,15],"47":[2,0,0],"48":[2,0,0],"49":[181,0,0],"50":[181,0,0],"51":[181,0,0],"52":[181,181,181],"53":[181,0,0,0],"54":[181,0],"55":[0,226],"56":[0,226],"57":[208,0],"58":[208,18],"59":[126,100],"60":[6,78],"61":[8,4],"62":[2,4],"63":[4,0],"64":[3,3],"65":[0,3],"66":[0,0],"67":[0,0],"68":[3,3],"69":[3,0],"70":[3,3,3],"71":[3,3,3],"72":[0,0],"73":[0,0],"74":[0,0],"75":[0,0],"76":[0,0],"77":[6,2],"78":[6,6],"79":[6,93],"80":[99,26],"81":[4,89],"82":[93,9],"83":[3,0],"84":[10,0],"85":[9,1,0,0],"86":[0,0],"87":[0,0],"88":[0,0],"89":[0,0],"90":[0,0],"91":[0,0],"92":[0,0],"93":[181,181],"94":[181,181],"95":[181,181,181,181,0,0],"96":[165,0],"97":[165,0],"98":[165,0],"99":[74,187],"100":[181,6],"101":[181,0],"102":[181,181],"103":[261,45],"104":[45,0],"105":[0,45],"106":[261,35],"107":[3,32],"108":[35,35,35,0,0],"109":[35,32],"110":[32,0],"111":[3,32],"112":[0,35],"113":[0,35],"114":[35,0],"115":[35,32],"116":[32,0],"117":[35,3],"118":[35,3],"119":[35,0],"120":[3,32],"121":[261,30],"122":[30,23,7],"123":[30,30,30,0,0],"124":[30,0,0],"125":[30,0],"126":[30,0,0],"127":[30,7],"128":[1,6],"129":[14,16],"130":[7,7],"131":[14,0],"132":[14,0],"133":[14,14],"134":[2,2],"135":[14,0],"136":[14,0],"137":[14,0],"138":[14,0],"139":[261,80,6],"140":[261,15],"141":[15,5],"142":[10,1,1,1],"143":[10,9,9,9],"144":[10,10,10],"145":[10,0,0],"146":[10,9],"147":[10,0],"148":[10,0,0],"149":[10,0,0],"150":[10,9,0],"151":[0,0,0],"152":[10,9,9],"153":[9,9],"154":[10,9,0],"155":[10,1],"156":[0,0],"157":[0,0,0],"158":[10,1,0],"159":[261,0],"160":[0,0],"161":[0,0],"162":[0,0],"163":[261,3],"164":[3,0],"165":[3,3],"166":[261,1],"167":[0,0],"168":[0,0],"169":[0,0],"170":[0,0],"171":[0,0],"172":[0,0],"173":[0,0,0,0],"174":[0,0],"175":[0,0,0]},"_coverageSchema":"1a1c01bbd47fc00a2c39e90264f33305004495a9","hash":"84e5aad5dd8b859b8008b388f562ca54f35ebb9e"}
,"D:\\SWP391-School_Medical_Management_System\\FrontEnd\\src\\services\\apiClient.js": {"path":"D:\\SWP391-School_Medical_Management_System\\FrontEnd\\src\\services\\apiClient.js","statementMap":{"0":{"start":{"line":1,"column":14},"end":{"line":1,"column":30}},"1":{"start":{"line":4,"column":18},"end":{"line":10,"column":2}},"2":{"start":{"line":13,"column":0},"end":{"line":27,"column":2}},"3":{"start":{"line":16,"column":4},"end":{"line":21,"column":5}},"4":{"start":{"line":17,"column":20},"end":{"line":17,"column":49}},"5":{"start":{"line":18,"column":6},"end":{"line":20,"column":7}},"6":{"start":{"line":19,"column":8},"end":{"line":19,"column":60}},"7":{"start":{"line":22,"column":4},"end":{"line":22,"column":18}},"8":{"start":{"line":25,"column":4},"end":{"line":25,"column":33}}},"fnMap":{"0":{"name":"(anonymous_0)","decl":{"start":{"line":14,"column":2},"end":{"line":14,"column":3}},"loc":{"start":{"line":14,"column":12},"end":{"line":23,"column":3}},"line":14},"1":{"name":"(anonymous_1)","decl":{"start":{"line":24,"column":2},"end":{"line":24,"column":3}},"loc":{"start":{"line":24,"column":11},"end":{"line":26,"column":3}},"line":24}},"branchMap":{"0":{"loc":{"start":{"line":16,"column":4},"end":{"line":21,"column":5}},"type":"if","locations":[{"start":{"line":16,"column":4},"end":{"line":21,"column":5}},{"start":{},"end":{}}],"line":16},"1":{"loc":{"start":{"line":18,"column":6},"end":{"line":20,"column":7}},"type":"if","locations":[{"start":{"line":18,"column":6},"end":{"line":20,"column":7}},{"start":{},"end":{}}],"line":18}},"s":{"0":2,"1":2,"2":2,"3":0,"4":0,"5":0,"6":0,"7":0,"8":0},"f":{"0":0,"1":0},"b":{"0":[0,0],"1":[0,0]},"_coverageSchema":"1a1c01bbd47fc00a2c39e90264f33305004495a9","hash":"4aad57bdc1b6cf70966a93e04da36b0c8bd29638"}
,"D:\\SWP391-School_Medical_Management_System\\FrontEnd\\src\\services\\healthCheckService.js": {"path":"D:\\SWP391-School_Medical_Management_System\\FrontEnd\\src\\services\\healthCheckService.js","statementMap":{"0":{"start":{"line":4,"column":35},"end":{"line":5,"column":75}},"1":{"start":{"line":5,"column":2},"end":{"line":5,"column":75}},"2":{"start":{"line":8,"column":30},"end":{"line":9,"column":64}},"3":{"start":{"line":9,"column":2},"end":{"line":9,"column":64}},"4":{"start":{"line":12,"column":30},"end":{"line":13,"column":68}},"5":{"start":{"line":13,"column":2},"end":{"line":13,"column":68}},"6":{"start":{"line":16,"column":27},"end":{"line":17,"column":85}},"7":{"start":{"line":17,"column":2},"end":{"line":17,"column":85}},"8":{"start":{"line":20,"column":39},"end":{"line":21,"column":44}},"9":{"start":{"line":21,"column":2},"end":{"line":21,"column":44}},"10":{"start":{"line":24,"column":39},"end":{"line":25,"column":49}},"11":{"start":{"line":25,"column":2},"end":{"line":25,"column":49}},"12":{"start":{"line":28,"column":34},"end":{"line":29,"column":62}},"13":{"start":{"line":29,"column":2},"end":{"line":29,"column":62}},"14":{"start":{"line":32,"column":47},"end":{"line":33,"column":71}},"15":{"start":{"line":33,"column":2},"end":{"line":33,"column":71}},"16":{"start":{"line":36,"column":40},"end":{"line":37,"column":37}},"17":{"start":{"line":37,"column":2},"end":{"line":37,"column":37}}},"fnMap":{"0":{"name":"(anonymous_0)","decl":{"start":{"line":4,"column":35},"end":{"line":4,"column":36}},"loc":{"start":{"line":5,"column":2},"end":{"line":5,"column":75}},"line":5},"1":{"name":"(anonymous_1)","decl":{"start":{"line":8,"column":30},"end":{"line":8,"column":31}},"loc":{"start":{"line":9,"column":2},"end":{"line":9,"column":64}},"line":9},"2":{"name":"(anonymous_2)","decl":{"start":{"line":12,"column":30},"end":{"line":12,"column":31}},"loc":{"start":{"line":13,"column":2},"end":{"line":13,"column":68}},"line":13},"3":{"name":"(anonymous_3)","decl":{"start":{"line":16,"column":27},"end":{"line":16,"column":28}},"loc":{"start":{"line":17,"column":2},"end":{"line":17,"column":85}},"line":17},"4":{"name":"(anonymous_4)","decl":{"start":{"line":20,"column":39},"end":{"line":20,"column":40}},"loc":{"start":{"line":21,"column":2},"end":{"line":21,"column":44}},"line":21},"5":{"name":"(anonymous_5)","decl":{"start":{"line":24,"column":39},"end":{"line":24,"column":40}},"loc":{"start":{"line":25,"column":2},"end":{"line":25,"column":49}},"line":25},"6":{"name":"(anonymous_6)","decl":{"start":{"line":28,"column":34},"end":{"line":28,"column":35}},"loc":{"start":{"line":29,"column":2},"end":{"line":29,"column":62}},"line":29},"7":{"name":"(anonymous_7)","decl":{"start":{"line":32,"column":47},"end":{"line":32,"column":48}},"loc":{"start":{"line":33,"column":2},"end":{"line":33,"column":71}},"line":33},"8":{"name":"(anonymous_8)","decl":{"start":{"line":36,"column":40},"end":{"line":36,"column":41}},"loc":{"start":{"line":37,"column":2},"end":{"line":37,"column":37}},"line":37}},"branchMap":{},"s":{"0":2,"1":0,"2":2,"3":0,"4":2,"5":0,"6":2,"7":0,"8":2,"9":0,"10":2,"11":0,"12":2,"13":0,"14":2,"15":0,"16":2,"17":0},"f":{"0":0,"1":0,"2":0,"3":0,"4":0,"5":0,"6":0,"7":0,"8":0},"b":{},"_coverageSchema":"1a1c01bbd47fc00a2c39e90264f33305004495a9","hash":"2131500a84fef8ddb203535bc812abf24986f742"}
}
