TN:
SF:src\components\HealthCheckResultForm.js
FN:5,generateId
FN:10,HealthCheckResultForm
FN:37,(anonymous_2)
FN:38,(anonymous_3)
FN:48,(anonymous_4)
FN:50,(anonymous_5)
FN:56,(anonymous_6)
FNF:7
FNH:0
FNDA:0,generateId
FNDA:0,HealthCheckResultForm
FNDA:0,(anonymous_2)
FNDA:0,(anonymous_3)
FNDA:0,(anonymous_4)
FNDA:0,(anonymous_5)
FNDA:0,(anonymous_6)
DA:7,0
DA:12,0
DA:13,0
DA:31,0
DA:35,0
DA:37,0
DA:38,0
DA:48,0
DA:49,0
DA:50,0
DA:56,0
DA:57,0
DA:58,0
DA:61,0
DA:65,0
DA:86,0
DA:87,0
DA:89,0
DA:90,0
DA:91,0
DA:93,0
DA:94,0
DA:102,0
DA:103,0
DA:108,0
DA:110,0
DA:112,0
DA:114,0
DA:118,0
LF:29
LH:0
BRDA:24,0,0,0
BRDA:24,0,1,0
BRDA:29,1,0,0
BRDA:29,1,1,0
BRDA:42,2,0,0
BRDA:42,2,1,0
BRDA:43,3,0,0
BRDA:43,3,1,0
BRDA:52,4,0,0
BRDA:52,4,1,0
BRDA:61,5,0,0
BRDA:61,5,1,0
BRDA:61,6,0,0
BRDA:61,6,1,0
BRDA:61,6,2,0
BRDA:62,7,0,0
BRDA:62,7,1,0
BRDA:68,8,0,0
BRDA:68,8,1,0
BRDA:69,9,0,0
BRDA:69,9,1,0
BRDA:70,10,0,0
BRDA:70,10,1,0
BRDA:71,11,0,0
BRDA:71,11,1,0
BRDA:72,12,0,0
BRDA:72,12,1,0
BRDA:73,13,0,0
BRDA:73,13,1,0
BRDA:74,14,0,0
BRDA:74,14,1,0
BRDA:75,15,0,0
BRDA:75,15,1,0
BRDA:76,16,0,0
BRDA:76,16,1,0
BRDA:77,17,0,0
BRDA:77,17,1,0
BRDA:78,18,0,0
BRDA:78,18,1,0
BRDA:79,19,0,0
BRDA:79,19,1,0
BRDA:80,20,0,0
BRDA:80,20,1,0
BRDA:81,21,0,0
BRDA:81,21,1,0
BRDA:82,22,0,0
BRDA:82,22,1,0
BRDA:83,23,0,0
BRDA:83,23,1,0
BRDA:91,24,0,0
BRDA:91,24,1,0
BRDA:102,25,0,0
BRDA:102,25,1,0
BRDA:103,26,0,0
BRDA:103,26,1,0
BRDA:104,27,0,0
BRDA:104,27,1,0
BRDA:197,28,0,0
BRDA:197,28,1,0
BRF:59
BRH:0
end_of_record
TN:
SF:src\context\AuthContext.js
FN:6,(anonymous_0)
FN:8,(anonymous_1)
FN:10,(anonymous_2)
FN:14,(anonymous_3)
FN:21,(anonymous_4)
FN:28,(anonymous_5)
FN:53,(anonymous_6)
FN:63,(anonymous_7)
FN:69,(anonymous_8)
FNF:9
FNH:9
FNDA:10,(anonymous_0)
FNDA:10,(anonymous_1)
FNDA:5,(anonymous_2)
FNDA:5,(anonymous_3)
FNDA:5,(anonymous_4)
FNDA:2,(anonymous_5)
FNDA:1,(anonymous_6)
FNDA:20,(anonymous_7)
FNDA:10,(anonymous_8)
DA:4,1
DA:6,10
DA:8,1
DA:10,10
DA:11,5
DA:12,5
DA:14,10
DA:15,5
DA:17,10
DA:18,10
DA:21,10
DA:22,5
DA:23,5
DA:24,2
DA:28,10
DA:29,2
DA:30,2
DA:31,2
DA:32,2
DA:33,1
DA:35,1
DA:36,1
DA:37,1
DA:38,1
DA:39,1
DA:40,1
DA:41,1
DA:42,1
DA:44,1
DA:45,1
DA:46,1
DA:47,1
DA:48,1
DA:49,1
DA:53,10
DA:54,1
DA:55,1
DA:56,1
DA:57,1
DA:58,1
DA:59,1
DA:63,10
DA:65,20
DA:69,10
DA:70,10
DA:74,10
DA:76,10
LF:47
LH:47
BRDA:12,0,0,2
BRDA:12,0,1,3
BRDA:23,1,0,2
BRDA:23,1,1,3
BRDA:44,2,0,1
BRDA:44,2,1,0
BRDA:45,3,0,1
BRDA:45,3,1,0
BRDA:45,3,2,0
BRDA:65,4,0,20
BRDA:65,4,1,16
BRDA:65,4,2,16
BRF:12
BRH:9
end_of_record
TN:
SF:src\pages\HealthCheckManagement.js
FN:10,(anonymous_0)
FN:118,(anonymous_1)
FN:118,(anonymous_2)
FN:120,(anonymous_3)
FN:133,(anonymous_4)
FN:135,(anonymous_5)
FN:136,(anonymous_6)
FN:143,(anonymous_7)
FN:146,(anonymous_8)
FN:147,(anonymous_9)
FN:147,(anonymous_10)
FN:150,(anonymous_11)
FN:160,(anonymous_12)
FN:164,(anonymous_13)
FN:181,(anonymous_14)
FN:198,(anonymous_15)
FN:203,(anonymous_16)
FN:208,(anonymous_17)
FN:210,(anonymous_18)
FN:226,(anonymous_19)
FN:290,(anonymous_20)
FN:292,(anonymous_21)
FN:298,(anonymous_22)
FN:305,(anonymous_23)
FN:320,(anonymous_24)
FN:325,(anonymous_25)
FN:335,(anonymous_26)
FN:348,(anonymous_27)
FN:353,(anonymous_28)
FN:362,(anonymous_29)
FN:365,(anonymous_30)
FN:369,(anonymous_31)
FN:384,(anonymous_32)
FN:389,(anonymous_33)
FN:404,(anonymous_34)
FN:406,(anonymous_35)
FN:408,(anonymous_36)
FN:415,(anonymous_37)
FN:417,(anonymous_38)
FN:417,(anonymous_39)
FN:425,(anonymous_40)
FN:428,(anonymous_41)
FN:450,(anonymous_42)
FN:462,(anonymous_43)
FN:476,(anonymous_44)
FN:541,(anonymous_45)
FN:551,(anonymous_46)
FN:560,(anonymous_47)
FN:564,(anonymous_48)
FN:567,(anonymous_49)
FN:575,(anonymous_50)
FN:582,(anonymous_51)
FN:595,(anonymous_52)
FN:598,(anonymous_53)
FN:599,(anonymous_54)
FN:606,(anonymous_55)
FN:613,(anonymous_56)
FN:622,(anonymous_57)
FN:627,(anonymous_58)
FN:633,(anonymous_59)
FN:636,(anonymous_60)
FN:641,(anonymous_61)
FN:642,(anonymous_62)
FN:647,(anonymous_63)
FN:650,(anonymous_64)
FN:650,(anonymous_65)
FN:666,(anonymous_66)
FN:669,(anonymous_67)
FN:670,(anonymous_68)
FN:672,(anonymous_69)
FN:673,(anonymous_70)
FN:673,(anonymous_71)
FN:674,(anonymous_72)
FN:676,(anonymous_73)
FN:677,(anonymous_74)
FN:684,(anonymous_75)
FN:687,(anonymous_76)
FN:691,(anonymous_77)
FN:699,(anonymous_78)
FN:732,(anonymous_79)
FN:733,(anonymous_80)
FN:735,(anonymous_81)
FN:738,(anonymous_82)
FN:763,(anonymous_83)
FN:780,(anonymous_84)
FN:783,(anonymous_85)
FN:785,(anonymous_86)
FN:789,(anonymous_87)
FN:791,(anonymous_88)
FN:792,(anonymous_89)
FN:797,(anonymous_90)
FN:799,(anonymous_91)
FN:800,(anonymous_92)
FN:815,getConsentStatusText
FN:864,(anonymous_94)
FN:873,(anonymous_95)
FN:899,(anonymous_96)
FN:899,(anonymous_97)
FN:908,(anonymous_98)
FN:908,(anonymous_99)
FN:911,(anonymous_100)
FN:923,(anonymous_101)
FN:923,(anonymous_102)
FN:926,(anonymous_103)
FN:959,(anonymous_104)
FN:983,(anonymous_105)
FN:986,(anonymous_106)
FN:990,(anonymous_107)
FN:1009,(anonymous_108)
FN:1072,(anonymous_109)
FN:1176,(anonymous_110)
FN:1250,(anonymous_111)
FN:1336,(anonymous_112)
FN:1345,(anonymous_113)
FN:1420,(anonymous_114)
FN:1438,(anonymous_115)
FN:1454,(anonymous_116)
FN:1462,(anonymous_117)
FN:1472,(anonymous_118)
FN:1489,(anonymous_119)
FN:1504,(anonymous_120)
FN:1532,(anonymous_121)
FN:1544,(anonymous_122)
FN:1548,(anonymous_123)
FN:1551,(anonymous_124)
FN:1553,(anonymous_125)
FN:1562,ApprovedStudentsList
FN:1565,(anonymous_127)
FN:1566,(anonymous_128)
FN:1568,(anonymous_129)
FN:1589,(anonymous_130)
FNF:131
FNH:0
FNDA:0,(anonymous_0)
FNDA:0,(anonymous_1)
FNDA:0,(anonymous_2)
FNDA:0,(anonymous_3)
FNDA:0,(anonymous_4)
FNDA:0,(anonymous_5)
FNDA:0,(anonymous_6)
FNDA:0,(anonymous_7)
FNDA:0,(anonymous_8)
FNDA:0,(anonymous_9)
FNDA:0,(anonymous_10)
FNDA:0,(anonymous_11)
FNDA:0,(anonymous_12)
FNDA:0,(anonymous_13)
FNDA:0,(anonymous_14)
FNDA:0,(anonymous_15)
FNDA:0,(anonymous_16)
FNDA:0,(anonymous_17)
FNDA:0,(anonymous_18)
FNDA:0,(anonymous_19)
FNDA:0,(anonymous_20)
FNDA:0,(anonymous_21)
FNDA:0,(anonymous_22)
FNDA:0,(anonymous_23)
FNDA:0,(anonymous_24)
FNDA:0,(anonymous_25)
FNDA:0,(anonymous_26)
FNDA:0,(anonymous_27)
FNDA:0,(anonymous_28)
FNDA:0,(anonymous_29)
FNDA:0,(anonymous_30)
FNDA:0,(anonymous_31)
FNDA:0,(anonymous_32)
FNDA:0,(anonymous_33)
FNDA:0,(anonymous_34)
FNDA:0,(anonymous_35)
FNDA:0,(anonymous_36)
FNDA:0,(anonymous_37)
FNDA:0,(anonymous_38)
FNDA:0,(anonymous_39)
FNDA:0,(anonymous_40)
FNDA:0,(anonymous_41)
FNDA:0,(anonymous_42)
FNDA:0,(anonymous_43)
FNDA:0,(anonymous_44)
FNDA:0,(anonymous_45)
FNDA:0,(anonymous_46)
FNDA:0,(anonymous_47)
FNDA:0,(anonymous_48)
FNDA:0,(anonymous_49)
FNDA:0,(anonymous_50)
FNDA:0,(anonymous_51)
FNDA:0,(anonymous_52)
FNDA:0,(anonymous_53)
FNDA:0,(anonymous_54)
FNDA:0,(anonymous_55)
FNDA:0,(anonymous_56)
FNDA:0,(anonymous_57)
FNDA:0,(anonymous_58)
FNDA:0,(anonymous_59)
FNDA:0,(anonymous_60)
FNDA:0,(anonymous_61)
FNDA:0,(anonymous_62)
FNDA:0,(anonymous_63)
FNDA:0,(anonymous_64)
FNDA:0,(anonymous_65)
FNDA:0,(anonymous_66)
FNDA:0,(anonymous_67)
FNDA:0,(anonymous_68)
FNDA:0,(anonymous_69)
FNDA:0,(anonymous_70)
FNDA:0,(anonymous_71)
FNDA:0,(anonymous_72)
FNDA:0,(anonymous_73)
FNDA:0,(anonymous_74)
FNDA:0,(anonymous_75)
FNDA:0,(anonymous_76)
FNDA:0,(anonymous_77)
FNDA:0,(anonymous_78)
FNDA:0,(anonymous_79)
FNDA:0,(anonymous_80)
FNDA:0,(anonymous_81)
FNDA:0,(anonymous_82)
FNDA:0,(anonymous_83)
FNDA:0,(anonymous_84)
FNDA:0,(anonymous_85)
FNDA:0,(anonymous_86)
FNDA:0,(anonymous_87)
FNDA:0,(anonymous_88)
FNDA:0,(anonymous_89)
FNDA:0,(anonymous_90)
FNDA:0,(anonymous_91)
FNDA:0,(anonymous_92)
FNDA:0,getConsentStatusText
FNDA:0,(anonymous_94)
FNDA:0,(anonymous_95)
FNDA:0,(anonymous_96)
FNDA:0,(anonymous_97)
FNDA:0,(anonymous_98)
FNDA:0,(anonymous_99)
FNDA:0,(anonymous_100)
FNDA:0,(anonymous_101)
FNDA:0,(anonymous_102)
FNDA:0,(anonymous_103)
FNDA:0,(anonymous_104)
FNDA:0,(anonymous_105)
FNDA:0,(anonymous_106)
FNDA:0,(anonymous_107)
FNDA:0,(anonymous_108)
FNDA:0,(anonymous_109)
FNDA:0,(anonymous_110)
FNDA:0,(anonymous_111)
FNDA:0,(anonymous_112)
FNDA:0,(anonymous_113)
FNDA:0,(anonymous_114)
FNDA:0,(anonymous_115)
FNDA:0,(anonymous_116)
FNDA:0,(anonymous_117)
FNDA:0,(anonymous_118)
FNDA:0,(anonymous_119)
FNDA:0,(anonymous_120)
FNDA:0,(anonymous_121)
FNDA:0,(anonymous_122)
FNDA:0,(anonymous_123)
FNDA:0,(anonymous_124)
FNDA:0,(anonymous_125)
FNDA:0,ApprovedStudentsList
FNDA:0,(anonymous_127)
FNDA:0,(anonymous_128)
FNDA:0,(anonymous_129)
FNDA:0,(anonymous_130)
DA:10,0
DA:11,0
DA:12,0
DA:14,0
DA:15,0
DA:16,0
DA:17,0
DA:18,0
DA:19,0
DA:20,0
DA:34,0
DA:40,0
DA:48,0
DA:51,0
DA:54,0
DA:57,0
DA:60,0
DA:61,0
DA:64,0
DA:65,0
DA:66,0
DA:69,0
DA:76,0
DA:77,0
DA:78,0
DA:79,0
DA:82,0
DA:84,0
DA:85,0
DA:106,0
DA:109,0
DA:110,0
DA:112,0
DA:113,0
DA:114,0
DA:116,0
DA:117,0
DA:118,0
DA:120,0
DA:122,0
DA:123,0
DA:124,0
DA:133,0
DA:134,0
DA:136,0
DA:140,0
DA:141,0
DA:143,0
DA:146,0
DA:147,0
DA:150,0
DA:151,0
DA:152,0
DA:153,0
DA:154,0
DA:156,0
DA:160,0
DA:161,0
DA:164,0
DA:165,0
DA:166,0
DA:178,0
DA:181,0
DA:182,0
DA:183,0
DA:195,0
DA:198,0
DA:199,0
DA:200,0
DA:203,0
DA:204,0
DA:205,0
DA:208,0
DA:209,0
DA:210,0
DA:211,0
DA:213,0
DA:214,0
DA:215,0
DA:217,0
DA:218,0
DA:222,0
DA:226,0
DA:227,0
DA:229,0
DA:230,0
DA:231,0
DA:232,0
DA:235,0
DA:236,0
DA:237,0
DA:238,0
DA:239,0
DA:241,0
DA:243,0
DA:245,0
DA:246,0
DA:247,0
DA:248,0
DA:252,0
DA:253,0
DA:254,0
DA:256,0
DA:267,0
DA:269,0
DA:270,0
DA:272,0
DA:273,0
DA:274,0
DA:276,0
DA:277,0
DA:279,0
DA:280,0
DA:282,0
DA:283,0
DA:284,0
DA:285,0
DA:290,0
DA:291,0
DA:292,0
DA:298,0
DA:302,0
DA:305,0
DA:306,0
DA:311,0
DA:316,0
DA:317,0
DA:320,0
DA:321,0
DA:322,0
DA:325,0
DA:326,0
DA:327,0
DA:328,0
DA:335,0
DA:336,0
DA:339,0
DA:344,0
DA:345,0
DA:348,0
DA:349,0
DA:350,0
DA:353,0
DA:354,0
DA:355,0
DA:356,0
DA:362,0
DA:363,0
DA:365,0
DA:366,0
DA:367,0
DA:369,0
DA:370,0
DA:374,0
DA:375,0
DA:378,0
DA:379,0
DA:380,0
DA:381,0
DA:382,0
DA:384,0
DA:389,0
DA:390,0
DA:391,0
DA:393,0
DA:394,0
DA:395,0
DA:397,0
DA:398,0
DA:399,0
DA:404,0
DA:405,0
DA:406,0
DA:407,0
DA:408,0
DA:410,0
DA:415,0
DA:417,0
DA:418,0
DA:419,0
DA:421,0
DA:425,0
DA:426,0
DA:428,0
DA:429,0
DA:430,0
DA:431,0
DA:432,0
DA:436,0
DA:437,0
DA:438,0
DA:442,0
DA:443,0
DA:444,0
DA:447,0
DA:448,0
DA:450,0
DA:451,0
DA:452,0
DA:453,0
DA:454,0
DA:457,0
DA:459,0
DA:462,0
DA:463,0
DA:464,0
DA:465,0
DA:468,0
DA:476,0
DA:479,0
DA:480,0
DA:481,0
DA:482,0
DA:483,0
DA:484,0
DA:485,0
DA:486,0
DA:487,0
DA:490,0
DA:491,0
DA:492,0
DA:493,0
DA:495,0
DA:499,0
DA:500,0
DA:501,0
DA:502,0
DA:504,0
DA:507,0
DA:508,0
DA:509,0
DA:512,0
DA:513,0
DA:515,0
DA:516,0
DA:518,0
DA:519,0
DA:520,0
DA:521,0
DA:522,0
DA:523,0
DA:524,0
DA:527,0
DA:529,0
DA:530,0
DA:531,0
DA:532,0
DA:533,0
DA:537,0
DA:541,0
DA:543,0
DA:546,0
DA:547,0
DA:551,0
DA:553,0
DA:556,0
DA:560,0
DA:561,0
DA:562,0
DA:564,0
DA:566,0
DA:567,0
DA:568,0
DA:569,0
DA:570,0
DA:571,0
DA:572,0
DA:575,0
DA:576,0
DA:581,0
DA:582,0
DA:583,0
DA:584,0
DA:585,0
DA:586,0
DA:589,0
DA:595,0
DA:596,0
DA:597,0
DA:599,0
DA:603,0
DA:604,0
DA:606,0
DA:610,0
DA:613,0
DA:614,0
DA:615,0
DA:616,0
DA:617,0
DA:621,0
DA:622,0
DA:623,0
DA:627,0
DA:628,0
DA:629,0
DA:633,0
DA:634,0
DA:635,0
DA:636,0
DA:637,0
DA:641,0
DA:642,0
DA:643,0
DA:647,0
DA:648,0
DA:649,0
DA:650,0
DA:651,0
DA:652,0
DA:653,0
DA:654,0
DA:655,0
DA:656,0
DA:658,0
DA:659,0
DA:660,0
DA:661,0
DA:666,0
DA:667,0
DA:668,0
DA:669,0
DA:670,0
DA:671,0
DA:672,0
DA:673,0
DA:675,0
DA:676,0
DA:677,0
DA:684,0
DA:685,0
DA:686,0
DA:688,0
DA:689,0
DA:692,0
DA:693,0
DA:694,0
DA:699,0
DA:700,0
DA:701,0
DA:702,0
DA:703,0
DA:705,0
DA:706,0
DA:725,0
DA:726,0
DA:732,0
DA:733,0
DA:734,0
DA:735,0
DA:738,0
DA:739,0
DA:740,0
DA:759,0
DA:760,0
DA:761,0
DA:763,0
DA:764,0
DA:765,0
DA:772,0
DA:773,0
DA:774,0
DA:776,0
DA:780,0
DA:781,0
DA:782,0
DA:783,0
DA:785,0
DA:789,0
DA:790,0
DA:791,0
DA:792,0
DA:797,0
DA:798,0
DA:799,0
DA:800,0
DA:801,0
DA:802,0
DA:810,0
DA:811,0
DA:812,0
DA:816,0
DA:817,0
DA:819,0
DA:821,0
DA:823,0
DA:825,0
DA:829,0
DA:830,0
DA:831,0
DA:832,0
DA:833,0
DA:836,0
DA:864,0
DA:873,0
DA:899,0
DA:908,0
DA:912,0
DA:923,0
DA:927,0
DA:960,0
DA:961,0
DA:962,0
DA:963,0
DA:983,0
DA:986,0
DA:990,0
DA:1009,0
DA:1072,0
DA:1177,0
DA:1251,0
DA:1337,0
DA:1345,0
DA:1420,0
DA:1440,0
DA:1441,0
DA:1442,0
DA:1443,0
DA:1444,0
DA:1445,0
DA:1446,0
DA:1454,0
DA:1462,0
DA:1472,0
DA:1489,0
DA:1504,0
DA:1532,0
DA:1545,0
DA:1546,0
DA:1548,0
DA:1551,0
DA:1553,0
DA:1563,0
DA:1565,0
DA:1566,0
DA:1567,0
DA:1568,0
DA:1569,0
DA:1570,0
DA:1575,0
DA:1577,0
DA:1580,0
DA:1590,0
LF:442
LH:0
BRDA:97,0,0,0
BRDA:97,0,1,0
BRDA:122,1,0,0
BRDA:122,1,1,0
BRDA:122,2,0,0
BRDA:122,2,1,0
BRDA:137,3,0,0
BRDA:137,3,1,0
BRDA:137,3,2,0
BRDA:138,4,0,0
BRDA:138,4,1,0
BRDA:138,4,2,0
BRDA:154,5,0,0
BRDA:154,5,1,0
BRDA:176,6,0,0
BRDA:176,6,1,0
BRDA:176,6,2,0
BRDA:185,7,0,0
BRDA:185,7,1,0
BRDA:191,8,0,0
BRDA:191,8,1,0
BRDA:192,9,0,0
BRDA:192,9,1,0
BRDA:193,10,0,0
BRDA:193,10,1,0
BRDA:193,10,2,0
BRDA:211,11,0,0
BRDA:211,11,1,0
BRDA:213,12,0,0
BRDA:213,12,1,0
BRDA:214,13,0,0
BRDA:214,13,1,0
BRDA:217,14,0,0
BRDA:217,14,1,0
BRDA:229,15,0,0
BRDA:229,15,1,0
BRDA:229,16,0,0
BRDA:229,16,1,0
BRDA:229,16,2,0
BRDA:241,17,0,0
BRDA:241,17,1,0
BRDA:241,17,2,0
BRDA:253,18,0,0
BRDA:253,18,1,0
BRDA:253,19,0,0
BRDA:253,19,1,0
BRDA:258,20,0,0
BRDA:258,20,1,0
BRDA:264,21,0,0
BRDA:264,21,1,0
BRDA:327,22,0,0
BRDA:327,22,1,0
BRDA:355,23,0,0
BRDA:355,23,1,0
BRDA:378,24,0,0
BRDA:378,24,1,0
BRDA:378,25,0,0
BRDA:378,25,1,0
BRDA:386,26,0,0
BRDA:386,26,1,0
BRDA:386,26,2,0
BRDA:386,26,3,0
BRDA:386,26,4,0
BRDA:390,27,0,0
BRDA:390,27,1,0
BRDA:405,28,0,0
BRDA:405,28,1,0
BRDA:407,29,0,0
BRDA:407,29,1,0
BRDA:418,30,0,0
BRDA:418,30,1,0
BRDA:430,31,0,0
BRDA:430,31,1,0
BRDA:436,32,0,0
BRDA:436,32,1,0
BRDA:436,33,0,0
BRDA:436,33,1,0
BRDA:442,34,0,0
BRDA:442,34,1,0
BRDA:442,35,0,0
BRDA:442,35,1,0
BRDA:453,36,0,0
BRDA:453,36,1,0
BRDA:453,37,0,0
BRDA:453,37,1,0
BRDA:462,38,0,0
BRDA:462,38,1,0
BRDA:463,39,0,0
BRDA:463,39,1,0
BRDA:529,40,0,0
BRDA:529,40,1,0
BRDA:529,41,0,0
BRDA:529,41,1,0
BRDA:530,42,0,0
BRDA:530,42,1,0
BRDA:532,43,0,0
BRDA:532,43,1,0
BRDA:561,44,0,0
BRDA:561,44,1,0
BRDA:596,45,0,0
BRDA:596,45,1,0
BRDA:596,46,0,0
BRDA:596,46,1,0
BRDA:600,47,0,0
BRDA:600,47,1,0
BRDA:600,47,2,0
BRDA:601,48,0,0
BRDA:601,48,1,0
BRDA:601,48,2,0
BRDA:614,49,0,0
BRDA:614,49,1,0
BRDA:614,49,2,0
BRDA:615,50,0,0
BRDA:615,50,1,0
BRDA:615,50,2,0
BRDA:616,51,0,0
BRDA:616,51,1,0
BRDA:616,51,2,0
BRDA:617,52,0,0
BRDA:617,52,1,0
BRDA:617,52,2,0
BRDA:628,53,0,0
BRDA:628,53,1,0
BRDA:628,53,2,0
BRDA:628,53,3,0
BRDA:629,54,0,0
BRDA:629,54,1,0
BRDA:634,55,0,0
BRDA:634,55,1,0
BRDA:635,56,0,0
BRDA:635,56,1,0
BRDA:636,57,0,0
BRDA:636,57,1,0
BRDA:637,58,0,0
BRDA:637,58,1,0
BRDA:643,59,0,0
BRDA:643,59,1,0
BRDA:667,60,0,0
BRDA:667,60,1,0
BRDA:670,61,0,0
BRDA:670,61,1,0
BRDA:671,62,0,0
BRDA:671,62,1,0
BRDA:673,63,0,0
BRDA:673,63,1,0
BRDA:700,64,0,0
BRDA:700,64,1,0
BRDA:701,65,0,0
BRDA:701,65,1,0
BRDA:702,66,0,0
BRDA:702,66,1,0
BRDA:703,67,0,0
BRDA:703,67,1,0
BRDA:705,68,0,0
BRDA:705,68,1,0
BRDA:718,69,0,0
BRDA:718,69,1,0
BRDA:723,70,0,0
BRDA:723,70,1,0
BRDA:723,70,2,0
BRDA:728,71,0,0
BRDA:728,71,1,0
BRDA:728,71,2,0
BRDA:735,72,0,0
BRDA:735,72,1,0
BRDA:761,73,0,0
BRDA:761,73,1,0
BRDA:761,74,0,0
BRDA:761,74,1,0
BRDA:764,75,0,0
BRDA:764,75,1,0
BRDA:764,76,0,0
BRDA:764,76,1,0
BRDA:790,77,0,0
BRDA:790,77,1,0
BRDA:790,78,0,0
BRDA:790,78,1,0
BRDA:798,79,0,0
BRDA:798,79,1,0
BRDA:798,80,0,0
BRDA:798,80,1,0
BRDA:801,81,0,0
BRDA:801,81,1,0
BRDA:816,82,0,0
BRDA:816,82,1,0
BRDA:817,83,0,0
BRDA:817,83,1,0
BRDA:817,83,2,0
BRDA:817,83,3,0
BRDA:829,84,0,0
BRDA:829,84,1,0
BRDA:830,85,0,0
BRDA:830,85,1,0
BRDA:830,86,0,0
BRDA:830,86,1,0
BRDA:831,87,0,0
BRDA:831,87,1,0
BRDA:831,88,0,0
BRDA:831,88,1,0
BRDA:832,89,0,0
BRDA:832,89,1,0
BRDA:832,90,0,0
BRDA:832,90,1,0
BRDA:912,91,0,0
BRDA:912,91,1,0
BRDA:912,92,0,0
BRDA:912,92,1,0
BRDA:913,93,0,0
BRDA:913,93,1,0
BRDA:913,93,2,0
BRDA:913,93,3,0
BRDA:913,93,4,0
BRDA:913,93,5,0
BRDA:927,94,0,0
BRDA:927,94,1,0
BRDA:927,95,0,0
BRDA:927,95,1,0
BRDA:928,96,0,0
BRDA:928,96,1,0
BRDA:950,97,0,0
BRDA:950,97,1,0
BRDA:958,98,0,0
BRDA:958,98,1,0
BRDA:970,99,0,0
BRDA:970,99,1,0
BRDA:989,100,0,0
BRDA:989,100,1,0
BRDA:1007,101,0,0
BRDA:1007,101,1,0
BRDA:1025,102,0,0
BRDA:1025,102,1,0
BRDA:1035,103,0,0
BRDA:1035,103,1,0
BRDA:1084,104,0,0
BRDA:1084,104,1,0
BRDA:1089,105,0,0
BRDA:1089,105,1,0
BRDA:1096,106,0,0
BRDA:1096,106,1,0
BRDA:1096,106,2,0
BRDA:1096,106,3,0
BRDA:1096,106,4,0
BRDA:1101,107,0,0
BRDA:1101,107,1,0
BRDA:1108,108,0,0
BRDA:1108,108,1,0
BRDA:1114,109,0,0
BRDA:1114,109,1,0
BRDA:1116,110,0,0
BRDA:1116,110,1,0
BRDA:1116,111,0,0
BRDA:1116,111,1,0
BRDA:1122,112,0,0
BRDA:1122,112,1,0
BRDA:1131,113,0,0
BRDA:1131,113,1,0
BRDA:1137,114,0,0
BRDA:1137,114,1,0
BRDA:1158,115,0,0
BRDA:1158,115,1,0
BRDA:1166,116,0,0
BRDA:1166,116,1,0
BRDA:1183,117,0,0
BRDA:1183,117,1,0
BRDA:1194,118,0,0
BRDA:1194,118,1,0
BRDA:1203,119,0,0
BRDA:1203,119,1,0
BRDA:1213,120,0,0
BRDA:1213,120,1,0
BRDA:1213,120,2,0
BRDA:1222,121,0,0
BRDA:1222,121,1,0
BRDA:1222,121,2,0
BRDA:1222,121,3,0
BRDA:1222,121,4,0
BRDA:1251,122,0,0
BRDA:1251,122,1,0
BRDA:1251,122,2,0
BRDA:1251,123,0,0
BRDA:1251,123,1,0
BRDA:1252,124,0,0
BRDA:1252,124,1,0
BRDA:1252,124,2,0
BRDA:1312,125,0,0
BRDA:1312,125,1,0
BRDA:1318,126,0,0
BRDA:1318,126,1,0
BRDA:1323,127,0,0
BRDA:1323,127,1,0
BRDA:1325,128,0,0
BRDA:1325,128,1,0
BRDA:1337,129,0,0
BRDA:1337,129,1,0
BRDA:1343,130,0,0
BRDA:1343,130,1,0
BRDA:1344,131,0,0
BRDA:1344,131,1,0
BRDA:1345,132,0,0
BRDA:1345,132,1,0
BRDA:1346,133,0,0
BRDA:1346,133,1,0
BRDA:1350,134,0,0
BRDA:1350,134,1,0
BRDA:1355,135,0,0
BRDA:1355,135,1,0
BRDA:1356,136,0,0
BRDA:1356,136,1,0
BRDA:1401,137,0,0
BRDA:1401,137,1,0
BRDA:1401,137,2,0
BRDA:1414,138,0,0
BRDA:1414,138,1,0
BRDA:1435,139,0,0
BRDA:1435,139,1,0
BRDA:1440,140,0,0
BRDA:1440,140,1,0
BRDA:1440,140,2,0
BRDA:1440,140,3,0
BRDA:1441,141,0,0
BRDA:1441,141,1,0
BRDA:1441,141,2,0
BRDA:1441,141,3,0
BRDA:1443,142,0,0
BRDA:1443,142,1,0
BRDA:1444,143,0,0
BRDA:1444,143,1,0
BRDA:1450,144,0,0
BRDA:1450,144,1,0
BRDA:1451,145,0,0
BRDA:1451,145,1,0
BRDA:1451,145,2,0
BRDA:1453,146,0,0
BRDA:1453,146,1,0
BRDA:1453,146,2,0
BRDA:1454,147,0,0
BRDA:1454,147,1,0
BRDA:1455,148,0,0
BRDA:1455,148,1,0
BRDA:1458,149,0,0
BRDA:1458,149,1,0
BRDA:1467,150,0,0
BRDA:1467,150,1,0
BRDA:1467,150,2,0
BRDA:1470,151,0,0
BRDA:1470,151,1,0
BRDA:1472,152,0,0
BRDA:1472,152,1,0
BRDA:1472,153,0,0
BRDA:1472,153,1,0
BRDA:1477,154,0,0
BRDA:1477,154,1,0
BRDA:1477,154,2,0
BRDA:1496,155,0,0
BRDA:1496,155,1,0
BRDA:1502,156,0,0
BRDA:1502,156,1,0
BRDA:1507,157,0,0
BRDA:1507,157,1,0
BRDA:1513,158,0,0
BRDA:1513,158,1,0
BRDA:1538,159,0,0
BRDA:1538,159,1,0
BRDA:1542,160,0,0
BRDA:1542,160,1,0
BRDA:1543,161,0,0
BRDA:1543,161,1,0
BRDA:1572,162,0,0
BRDA:1572,162,1,0
BRDA:1577,163,0,0
BRDA:1577,163,1,0
BRDA:1590,164,0,0
BRDA:1590,164,1,0
BRDA:1593,165,0,0
BRDA:1593,165,1,0
BRDA:1594,166,0,0
BRDA:1594,166,1,0
BRDA:1595,167,0,0
BRDA:1595,167,1,0
BRF:379
BRH:0
end_of_record
TN:
SF:src\pages\VaccinationManagement.js
FN:8,(anonymous_0)
FN:23,(anonymous_1)
FN:38,(anonymous_2)
FN:83,(anonymous_3)
FN:84,(anonymous_4)
FN:85,(anonymous_5)
FN:97,(anonymous_6)
FN:101,(anonymous_7)
FN:103,(anonymous_8)
FN:109,(anonymous_9)
FN:111,(anonymous_10)
FN:117,(anonymous_11)
FN:120,(anonymous_12)
FN:121,(anonymous_13)
FN:126,(anonymous_14)
FN:139,(anonymous_15)
FN:164,(anonymous_16)
FN:199,(anonymous_17)
FN:204,(anonymous_18)
FN:206,(anonymous_19)
FN:212,(anonymous_20)
FN:218,(anonymous_21)
FN:225,(anonymous_22)
FN:237,(anonymous_23)
FN:239,(anonymous_24)
FN:241,(anonymous_25)
FN:243,(anonymous_26)
FN:247,(anonymous_27)
FN:265,(anonymous_28)
FN:275,(anonymous_29)
FN:310,(anonymous_30)
FN:312,(anonymous_31)
FN:316,(anonymous_32)
FN:347,(anonymous_33)
FN:354,(anonymous_34)
FN:361,(anonymous_35)
FN:365,(anonymous_36)
FN:367,(anonymous_37)
FN:370,(anonymous_38)
FN:390,(anonymous_39)
FN:469,(anonymous_40)
FN:476,(anonymous_41)
FN:501,(anonymous_42)
FN:511,(anonymous_43)
FN:566,(anonymous_44)
FN:575,(anonymous_45)
FN:584,(anonymous_46)
FN:610,(anonymous_47)
FN:642,(anonymous_48)
FN:698,(anonymous_49)
FN:705,(anonymous_50)
FN:770,(anonymous_51)
FN:799,(anonymous_52)
FN:800,(anonymous_53)
FN:804,(anonymous_54)
FN:805,(anonymous_55)
FN:824,(anonymous_56)
FN:825,(anonymous_57)
FN:830,(anonymous_58)
FN:854,(anonymous_59)
FN:861,(anonymous_60)
FN:884,(anonymous_61)
FN:893,(anonymous_62)
FN:895,(anonymous_63)
FN:902,(anonymous_64)
FN:906,(anonymous_65)
FN:910,(anonymous_66)
FN:919,(anonymous_67)
FN:920,(anonymous_68)
FN:932,(anonymous_69)
FN:955,(anonymous_70)
FN:968,(anonymous_71)
FN:1002,(anonymous_72)
FN:1029,(anonymous_73)
FN:1052,(anonymous_74)
FN:1053,(anonymous_75)
FNF:76
FNH:56
FNDA:38,(anonymous_0)
FNDA:40,(anonymous_1)
FNDA:144,(anonymous_2)
FNDA:33,(anonymous_3)
FNDA:33,(anonymous_4)
FNDA:33,(anonymous_5)
FNDA:37,(anonymous_6)
FNDA:41,(anonymous_7)
FNDA:5,(anonymous_8)
FNDA:37,(anonymous_9)
FNDA:0,(anonymous_10)
FNDA:40,(anonymous_11)
FNDA:0,(anonymous_12)
FNDA:2,(anonymous_13)
FNDA:39,(anonymous_14)
FNDA:12,(anonymous_15)
FNDA:1,(anonymous_16)
FNDA:2,(anonymous_17)
FNDA:5,(anonymous_18)
FNDA:5,(anonymous_19)
FNDA:1,(anonymous_20)
FNDA:1,(anonymous_21)
FNDA:0,(anonymous_22)
FNDA:4,(anonymous_23)
FNDA:2,(anonymous_24)
FNDA:2,(anonymous_25)
FNDA:2,(anonymous_26)
FNDA:2,(anonymous_27)
FNDA:2,(anonymous_28)
FNDA:1,(anonymous_29)
FNDA:4,(anonymous_30)
FNDA:4,(anonymous_31)
FNDA:3,(anonymous_32)
FNDA:10,(anonymous_33)
FNDA:1,(anonymous_34)
FNDA:3,(anonymous_35)
FNDA:2,(anonymous_36)
FNDA:2,(anonymous_37)
FNDA:1,(anonymous_38)
FNDA:2,(anonymous_39)
FNDA:1,(anonymous_40)
FNDA:1,(anonymous_41)
FNDA:6,(anonymous_42)
FNDA:33,(anonymous_43)
FNDA:2,(anonymous_44)
FNDA:2,(anonymous_45)
FNDA:1,(anonymous_46)
FNDA:0,(anonymous_47)
FNDA:7,(anonymous_48)
FNDA:85,(anonymous_49)
FNDA:1,(anonymous_50)
FNDA:18,(anonymous_51)
FNDA:1,(anonymous_52)
FNDA:0,(anonymous_53)
FNDA:3,(anonymous_54)
FNDA:2,(anonymous_55)
FNDA:1,(anonymous_56)
FNDA:0,(anonymous_57)
FNDA:0,(anonymous_58)
FNDA:0,(anonymous_59)
FNDA:0,(anonymous_60)
FNDA:0,(anonymous_61)
FNDA:0,(anonymous_62)
FNDA:4,(anonymous_63)
FNDA:0,(anonymous_64)
FNDA:1,(anonymous_65)
FNDA:0,(anonymous_66)
FNDA:0,(anonymous_67)
FNDA:20,(anonymous_68)
FNDA:0,(anonymous_69)
FNDA:0,(anonymous_70)
FNDA:0,(anonymous_71)
FNDA:0,(anonymous_72)
FNDA:0,(anonymous_73)
FNDA:2,(anonymous_74)
FNDA:0,(anonymous_75)
DA:8,1
DA:9,38
DA:11,34
DA:13,1
DA:15,1
DA:17,1
DA:19,1
DA:23,1
DA:24,40
DA:26,36
DA:28,1
DA:30,1
DA:32,1
DA:34,1
DA:38,1
DA:39,144
DA:40,144
DA:41,144
DA:42,137
DA:43,137
DA:44,137
DA:45,137
DA:46,137
DA:47,137
DA:48,137
DA:49,137
DA:50,137
DA:57,137
DA:65,137
DA:66,137
DA:67,137
DA:68,137
DA:69,137
DA:70,137
DA:71,137
DA:72,137
DA:73,137
DA:74,137
DA:75,137
DA:76,137
DA:77,137
DA:78,137
DA:79,137
DA:80,137
DA:83,137
DA:84,137
DA:85,137
DA:86,137
DA:89,137
DA:90,137
DA:91,137
DA:94,137
DA:95,137
DA:97,137
DA:98,37
DA:101,137
DA:102,41
DA:103,5
DA:104,5
DA:109,137
DA:110,37
DA:111,0
DA:112,0
DA:117,137
DA:118,40
DA:119,2
DA:120,2
DA:121,2
DA:126,137
DA:127,39
DA:128,39
DA:129,39
DA:130,39
DA:131,1
DA:132,1
DA:134,38
DA:135,38
DA:136,38
DA:137,38
DA:139,38
DA:157,11
DA:159,39
DA:164,137
DA:165,1
DA:166,1
DA:168,1
DA:169,1
DA:170,1
DA:171,1
DA:172,1
DA:173,0
DA:174,0
DA:175,0
DA:177,1
DA:178,1
DA:179,1
DA:180,1
DA:181,1
DA:182,0
DA:183,0
DA:184,0
DA:187,1
DA:188,1
DA:189,1
DA:190,1
DA:191,1
DA:193,0
DA:194,0
DA:199,137
DA:200,2
DA:201,2
DA:204,137
DA:205,5
DA:206,5
DA:212,137
DA:213,1
DA:214,1
DA:215,1
DA:218,137
DA:219,1
DA:220,1
DA:221,1
DA:222,1
DA:223,1
DA:224,1
DA:225,1
DA:226,0
DA:227,0
DA:228,0
DA:231,0
DA:233,1
DA:237,137
DA:239,137
DA:240,2
DA:241,2
DA:242,2
DA:243,2
DA:244,2
DA:245,2
DA:246,2
DA:247,2
DA:249,2
DA:251,0
DA:253,2
DA:261,2
DA:264,2
DA:265,2
DA:266,2
DA:267,2
DA:270,0
DA:275,137
DA:276,1
DA:277,1
DA:278,1
DA:279,1
DA:280,1
DA:281,1
DA:282,1
DA:284,1
DA:285,0
DA:287,1
DA:296,1
DA:297,1
DA:299,0
DA:300,0
DA:301,0
DA:303,0
DA:305,1
DA:310,137
DA:311,4
DA:312,4
DA:316,137
DA:317,3
DA:318,3
DA:319,3
DA:320,3
DA:321,3
DA:322,1
DA:323,1
DA:324,1
DA:326,2
DA:330,2
DA:331,2
DA:332,2
DA:333,2
DA:334,2
DA:336,0
DA:337,0
DA:338,0
DA:340,0
DA:342,3
DA:347,137
DA:348,10
DA:349,10
DA:350,10
DA:351,10
DA:354,137
DA:355,1
DA:356,1
DA:357,1
DA:358,1
DA:359,1
DA:361,137
DA:362,3
DA:363,3
DA:365,137
DA:366,2
DA:367,2
DA:370,137
DA:371,1
DA:372,1
DA:377,1
DA:378,1
DA:379,1
DA:380,1
DA:382,0
DA:383,0
DA:384,0
DA:386,0
DA:390,137
DA:391,2
DA:392,2
DA:393,2
DA:394,2
DA:395,2
DA:396,1
DA:397,1
DA:398,1
DA:400,1
DA:401,1
DA:402,0
DA:404,1
DA:407,2
DA:412,137
DA:469,1
DA:476,1
DA:501,6
DA:512,33
DA:566,2
DA:575,2
DA:584,1
DA:610,0
DA:643,7
DA:699,85
DA:705,1
DA:771,18
DA:799,1
DA:800,0
DA:804,3
DA:805,2
DA:824,1
DA:825,0
DA:830,0
DA:855,0
DA:861,0
DA:884,0
DA:893,0
DA:896,4
DA:902,0
DA:906,1
DA:910,0
DA:919,0
DA:921,20
DA:932,0
DA:955,0
DA:968,0
DA:1002,0
DA:1029,0
DA:1052,2
DA:1053,0
LF:270
LH:223
BRDA:9,0,0,34
BRDA:9,0,1,1
BRDA:9,0,2,1
BRDA:9,0,3,1
BRDA:9,0,4,1
BRDA:24,1,0,36
BRDA:24,1,1,1
BRDA:24,1,2,1
BRDA:24,1,3,1
BRDA:24,1,4,1
BRDA:83,2,0,33
BRDA:83,2,1,32
BRDA:84,3,0,33
BRDA:84,3,1,32
BRDA:85,4,0,33
BRDA:85,4,1,32
BRDA:102,5,0,5
BRDA:102,5,1,36
BRDA:110,6,0,0
BRDA:110,6,1,37
BRDA:110,7,0,37
BRDA:110,7,1,2
BRDA:118,8,0,2
BRDA:118,8,1,38
BRDA:118,9,0,40
BRDA:118,9,1,5
BRDA:130,10,0,1
BRDA:130,10,1,38
BRDA:135,11,0,1
BRDA:135,11,1,37
BRDA:136,12,0,1
BRDA:136,12,1,37
BRDA:139,13,0,38
BRDA:139,13,1,0
BRDA:140,14,0,12
BRDA:140,14,1,12
BRDA:142,15,0,12
BRDA:142,15,1,12
BRDA:143,16,0,12
BRDA:143,16,1,12
BRDA:144,17,0,12
BRDA:144,17,1,12
BRDA:145,18,0,12
BRDA:145,18,1,12
BRDA:146,19,0,12
BRDA:146,19,1,12
BRDA:147,20,0,12
BRDA:147,20,1,12
BRDA:148,21,0,12
BRDA:148,21,1,12
BRDA:149,22,0,12
BRDA:149,22,1,12
BRDA:150,23,0,12
BRDA:150,23,1,12
BRDA:151,24,0,12
BRDA:151,24,1,12
BRDA:152,25,0,12
BRDA:152,25,1,11
BRDA:153,26,0,12
BRDA:153,26,1,12
BRDA:154,27,0,12
BRDA:154,27,1,12
BRDA:171,28,0,1
BRDA:171,28,1,0
BRDA:171,28,2,0
BRDA:172,29,0,0
BRDA:172,29,1,1
BRDA:172,30,0,1
BRDA:172,30,1,1
BRDA:177,31,0,1
BRDA:177,31,1,0
BRDA:181,32,0,0
BRDA:181,32,1,1
BRDA:219,33,0,0
BRDA:219,33,1,1
BRDA:237,34,0,4
BRDA:237,34,1,0
BRDA:243,35,0,2
BRDA:243,35,1,0
BRDA:245,36,0,2
BRDA:245,36,1,0
BRDA:247,37,0,2
BRDA:247,37,1,0
BRDA:249,38,0,2
BRDA:249,38,1,0
BRDA:249,39,0,2
BRDA:249,39,1,0
BRDA:256,40,0,2
BRDA:256,40,1,0
BRDA:259,41,0,2
BRDA:259,41,1,0
BRDA:264,42,0,2
BRDA:264,42,1,0
BRDA:279,43,0,1
BRDA:279,43,1,1
BRDA:279,43,2,1
BRDA:280,44,0,1
BRDA:280,44,1,0
BRDA:282,45,0,1
BRDA:282,45,1,0
BRDA:282,45,2,0
BRDA:284,46,0,0
BRDA:284,46,1,1
BRDA:285,47,0,0
BRDA:285,47,1,0
BRDA:290,48,0,1
BRDA:290,48,1,0
BRDA:300,49,0,0
BRDA:300,49,1,0
BRDA:300,50,0,0
BRDA:300,50,1,0
BRDA:301,51,0,0
BRDA:301,51,1,0
BRDA:301,52,0,0
BRDA:301,52,1,0
BRDA:321,53,0,1
BRDA:321,53,1,2
BRDA:321,54,0,3
BRDA:321,54,1,2
BRDA:330,55,0,2
BRDA:330,55,1,2
BRDA:337,56,0,0
BRDA:337,56,1,0
BRDA:337,57,0,0
BRDA:337,57,1,0
BRDA:338,58,0,0
BRDA:338,58,1,0
BRDA:338,59,0,0
BRDA:338,59,1,0
BRDA:362,60,0,3
BRDA:362,60,1,0
BRDA:363,61,0,3
BRDA:363,61,1,0
BRDA:363,62,0,3
BRDA:363,62,1,0
BRDA:383,63,0,0
BRDA:383,63,1,0
BRDA:383,64,0,0
BRDA:383,64,1,0
BRDA:384,65,0,0
BRDA:384,65,1,0
BRDA:384,66,0,0
BRDA:384,66,1,0
BRDA:401,67,0,0
BRDA:401,67,1,1
BRDA:401,68,0,1
BRDA:401,68,1,0
BRDA:402,69,0,0
BRDA:402,69,1,0
BRDA:402,70,0,0
BRDA:402,70,1,0
BRDA:418,71,0,137
BRDA:418,71,1,8
BRDA:468,72,0,137
BRDA:468,72,1,0
BRDA:475,73,0,137
BRDA:475,73,1,0
BRDA:537,74,0,33
BRDA:537,74,1,18
BRDA:595,75,0,137
BRDA:595,75,1,104
BRDA:595,75,2,68
BRDA:605,76,0,137
BRDA:605,76,1,17
BRDA:615,77,0,17
BRDA:615,77,1,0
BRDA:621,78,0,17
BRDA:621,78,1,0
BRDA:626,79,0,17
BRDA:626,79,1,0
BRDA:626,79,2,0
BRDA:626,79,3,0
BRDA:643,80,0,7
BRDA:643,80,1,0
BRDA:643,81,0,7
BRDA:643,81,1,0
BRDA:713,82,0,137
BRDA:713,82,1,42
BRDA:721,83,0,42
BRDA:721,83,1,0
BRDA:756,84,0,2
BRDA:756,84,1,40
BRDA:771,85,0,18
BRDA:771,85,1,3
BRDA:771,85,2,3
BRDA:771,85,3,0
BRDA:771,85,4,0
BRDA:772,86,0,18
BRDA:772,86,1,3
BRDA:774,87,0,5
BRDA:774,87,1,13
BRDA:774,88,0,18
BRDA:774,88,1,3
BRDA:783,89,0,13
BRDA:783,89,1,0
BRDA:786,90,0,5
BRDA:786,90,1,13
BRDA:786,91,0,18
BRDA:786,91,1,3
BRDA:794,92,0,13
BRDA:794,92,1,3
BRDA:797,93,0,5
BRDA:797,93,1,13
BRDA:797,94,0,18
BRDA:797,94,1,3
BRDA:799,95,0,1
BRDA:799,95,1,0
BRDA:805,96,0,2
BRDA:805,96,1,0
BRDA:814,97,0,42
BRDA:814,97,1,0
BRDA:823,98,0,137
BRDA:823,98,1,2
BRDA:823,98,2,2
BRDA:843,99,0,2
BRDA:843,99,1,0
BRDA:850,100,0,2
BRDA:850,100,1,1
BRDA:850,100,2,0
BRDA:855,101,0,0
BRDA:855,101,1,0
BRDA:855,102,0,0
BRDA:855,102,1,0
BRDA:861,103,0,2
BRDA:861,103,1,1
BRDA:861,103,2,0
BRDA:861,103,3,0
BRDA:877,104,0,137
BRDA:877,104,1,4
BRDA:893,105,0,4
BRDA:893,105,1,0
BRDA:896,106,0,4
BRDA:896,106,1,0
BRDA:896,107,0,4
BRDA:896,107,1,0
BRDA:902,108,0,4
BRDA:902,108,1,0
BRDA:906,109,0,4
BRDA:906,109,1,0
BRDA:910,110,0,4
BRDA:910,110,1,0
BRDA:941,111,0,1
BRDA:941,111,1,3
BRDA:948,112,0,137
BRDA:948,112,1,2
BRDA:948,112,2,2
BRDA:953,113,0,2
BRDA:953,113,1,0
BRDA:953,114,0,0
BRDA:953,114,1,0
BRDA:957,115,0,1
BRDA:957,115,1,1
BRDA:963,116,0,137
BRDA:963,116,1,0
BRDA:1006,117,0,0
BRDA:1006,117,1,0
BRDA:1013,118,0,137
BRDA:1013,118,1,0
BRDA:1036,119,0,137
BRDA:1036,119,1,4
BRDA:1058,120,0,137
BRDA:1058,120,1,2
BRDA:1076,121,0,137
BRDA:1076,121,1,0
BRDA:1082,122,0,137
BRDA:1082,122,1,0
BRDA:1087,123,0,137
BRDA:1087,123,1,0
BRDA:1087,123,2,0
BRDA:1087,123,3,0
BRDA:1090,124,0,137
BRDA:1090,124,1,0
BRF:272
BRH:172
end_of_record
TN:
SF:src\pages\VaccinationPlanRecord.js
FN:8,(anonymous_0)
FN:29,(anonymous_1)
FN:31,(anonymous_2)
FN:42,(anonymous_3)
FN:43,(anonymous_4)
FN:48,(anonymous_5)
FN:51,(anonymous_6)
FN:80,(anonymous_7)
FN:82,(anonymous_8)
FN:82,(anonymous_9)
FN:85,(anonymous_10)
FN:91,(anonymous_11)
FN:116,(anonymous_12)
FN:123,(anonymous_13)
FN:125,(anonymous_14)
FN:128,(anonymous_15)
FN:145,(anonymous_16)
FN:202,(anonymous_17)
FN:209,(anonymous_18)
FN:234,(anonymous_19)
FN:235,(anonymous_20)
FNF:21
FNH:20
FNDA:121,(anonymous_0)
FNDA:29,(anonymous_1)
FNDA:29,(anonymous_2)
FNDA:29,(anonymous_3)
FNDA:29,(anonymous_4)
FNDA:27,(anonymous_5)
FNDA:27,(anonymous_6)
FNDA:29,(anonymous_7)
FNDA:28,(anonymous_8)
FNDA:1,(anonymous_9)
FNDA:23,(anonymous_10)
FNDA:22,(anonymous_11)
FNDA:4,(anonymous_12)
FNDA:16,(anonymous_13)
FNDA:16,(anonymous_14)
FNDA:13,(anonymous_15)
FNDA:2,(anonymous_16)
FNDA:87,(anonymous_17)
FNDA:23,(anonymous_18)
FNDA:58,(anonymous_19)
FNDA:0,(anonymous_20)
DA:8,1
DA:9,121
DA:10,120
DA:11,120
DA:12,120
DA:13,120
DA:14,120
DA:15,120
DA:16,120
DA:24,120
DA:25,120
DA:26,120
DA:27,120
DA:29,120
DA:31,29
DA:32,29
DA:33,29
DA:34,28
DA:36,1
DA:39,29
DA:42,120
DA:43,29
DA:44,29
DA:45,29
DA:46,29
DA:48,28
DA:50,28
DA:52,27
DA:53,27
DA:54,26
DA:61,1
DA:70,28
DA:72,1
DA:74,29
DA:77,29
DA:80,120
DA:82,29
DA:85,120
DA:86,23
DA:87,23
DA:88,23
DA:90,22
DA:91,22
DA:92,22
DA:93,22
DA:95,22
DA:96,22
DA:98,23
DA:99,2
DA:100,2
DA:102,21
DA:103,21
DA:104,21
DA:112,21
DA:113,21
DA:116,120
DA:117,4
DA:118,4
DA:119,4
DA:120,4
DA:123,120
DA:124,16
DA:125,16
DA:128,120
DA:129,13
DA:130,13
DA:131,13
DA:132,13
DA:141,13
DA:142,13
DA:143,13
DA:144,7
DA:145,7
DA:146,2
DA:149,6
DA:150,6
DA:151,1
DA:153,5
DA:156,13
DA:160,120
DA:203,87
DA:209,23
DA:234,58
DA:235,0
LF:84
LH:83
BRDA:48,0,0,27
BRDA:48,0,1,0
BRDA:48,0,2,27
BRDA:56,1,0,26
BRDA:56,1,1,1
BRDA:56,1,2,1
BRDA:57,2,0,26
BRDA:57,2,1,1
BRDA:57,2,2,1
BRDA:88,3,0,22
BRDA:88,3,1,1
BRDA:88,4,0,23
BRDA:88,4,1,23
BRDA:90,5,0,22
BRDA:90,5,1,1
BRDA:92,6,0,22
BRDA:92,6,1,0
BRDA:92,6,2,0
BRDA:93,7,0,22
BRDA:93,7,1,2
BRDA:95,8,0,21
BRDA:95,8,1,1
BRDA:95,9,0,21
BRDA:95,9,1,21
BRDA:96,10,0,21
BRDA:96,10,1,1
BRDA:96,11,0,21
BRDA:96,11,1,0
BRDA:98,12,0,2
BRDA:98,12,1,21
BRDA:107,13,0,21
BRDA:107,13,1,0
BRDA:107,13,2,0
BRDA:107,13,3,0
BRDA:107,13,4,0
BRDA:125,14,0,2
BRDA:125,14,1,14
BRDA:150,15,0,1
BRDA:150,15,1,5
BRDA:177,16,0,31
BRDA:177,16,1,89
BRDA:184,17,0,3
BRDA:184,17,1,86
BRDA:203,18,0,87
BRDA:203,18,1,0
BRDA:205,19,0,87
BRDA:205,19,1,0
BRDA:206,20,0,87
BRDA:206,20,1,0
BRDA:207,21,0,87
BRDA:207,21,1,0
BRDA:222,22,0,120
BRDA:222,22,1,58
BRDA:234,23,0,58
BRDA:234,23,1,0
BRDA:234,23,2,0
BRDA:234,23,3,0
BRDA:234,24,0,58
BRDA:234,24,1,58
BRDA:235,25,0,0
BRDA:235,25,1,0
BRDA:265,26,0,58
BRDA:265,26,1,8
BRDA:265,27,0,5
BRDA:265,27,1,3
BRDA:268,28,0,13
BRDA:268,28,1,45
BRF:67
BRH:50
end_of_record
TN:
SF:src\pages\VaccinationPlanStudents.js
FN:6,(anonymous_0)
FN:11,(anonymous_1)
FN:12,(anonymous_2)
FN:16,(anonymous_3)
FN:19,(anonymous_4)
FN:83,(anonymous_5)
FNF:6
FNH:6
FNDA:13,(anonymous_0)
FNDA:8,(anonymous_1)
FNDA:8,(anonymous_2)
FNDA:4,(anonymous_3)
FNDA:2,(anonymous_4)
FNDA:1,(anonymous_5)
DA:6,1
DA:7,13
DA:8,12
DA:9,12
DA:11,12
DA:12,8
DA:13,8
DA:14,8
DA:16,7
DA:18,7
DA:20,2
DA:21,2
DA:22,2
DA:28,0
DA:36,7
DA:38,1
DA:40,8
DA:43,8
DA:46,12
DA:84,1
LF:20
LH:19
BRDA:16,0,0,4
BRDA:16,0,1,2
BRDA:16,0,2,2
BRDA:24,1,0,2
BRDA:24,1,1,0
BRDA:24,1,2,0
BRDA:25,2,0,2
BRDA:25,2,1,0
BRDA:25,2,2,0
BRDA:59,3,0,8
BRDA:59,3,1,4
BRDA:66,4,0,3
BRDA:66,4,1,1
BRDA:84,5,0,1
BRDA:84,5,1,0
BRDA:86,6,0,1
BRDA:86,6,1,0
BRDA:87,7,0,1
BRDA:87,7,1,0
BRDA:88,8,0,1
BRDA:88,8,1,0
BRF:21
BRH:13
end_of_record
TN:
SF:src\services\apiClient.js
FN:14,(anonymous_0)
FN:24,(anonymous_1)
FNF:2
FNH:2
FNDA:2,(anonymous_0)
FNDA:1,(anonymous_1)
DA:1,5
DA:4,5
DA:13,5
DA:16,2
DA:17,2
DA:18,2
DA:19,1
DA:22,2
DA:25,1
LF:9
LH:9
BRDA:16,0,0,2
BRDA:16,0,1,0
BRDA:18,1,0,1
BRDA:18,1,1,1
BRF:4
BRH:3
end_of_record
