TN:
SF:src\components\ErrorDialog.js
FN:4,(anonymous_0)
FNF:1
FNH:1
FNDA:522,(anonymous_0)
DA:4,1
DA:5,522
DA:6,1
LF:3
LH:3
BRDA:5,0,0,521
BRDA:5,0,1,1
BRF:2
BRH:2
end_of_record
TN:
SF:src\components\HealthCheckResultForm.js
FN:5,generateId
FN:10,HealthCheckResultForm
FN:38,(anonymous_2)
FN:39,(anonymous_3)
FN:49,(anonymous_4)
FN:51,(anonymous_5)
FN:57,(anonymous_6)
FNF:7
FNH:7
FNDA:12,generateId
FNDA:151,HealthCheckResultForm
FNDA:19,(anonymous_2)
FNDA:19,(anonymous_3)
FNDA:89,(anonymous_4)
FNDA:89,(anonymous_5)
FNDA:12,(anonymous_6)
DA:7,12
DA:12,151
DA:13,151
DA:31,151
DA:35,151
DA:36,151
DA:38,151
DA:39,19
DA:49,151
DA:50,89
DA:51,89
DA:57,151
DA:58,12
DA:59,12
DA:60,12
DA:63,12
DA:67,12
DA:88,12
DA:89,12
DA:91,12
DA:92,12
DA:93,7
DA:95,5
DA:96,5
DA:104,5
DA:105,4
DA:110,4
DA:112,1
DA:114,5
DA:116,12
DA:120,151
LF:31
LH:31
BRDA:10,0,0,127
BRDA:24,1,0,151
BRDA:24,1,1,110
BRDA:29,2,0,151
BRDA:29,2,1,116
BRDA:43,3,0,19
BRDA:43,3,1,14
BRDA:44,4,0,19
BRDA:44,4,1,11
BRDA:53,5,0,2
BRDA:53,5,1,87
BRDA:63,6,0,0
BRDA:63,6,1,12
BRDA:63,7,0,12
BRDA:63,7,1,2
BRDA:63,7,2,2
BRDA:64,8,0,0
BRDA:64,8,1,0
BRDA:70,9,0,10
BRDA:70,9,1,2
BRDA:71,10,0,10
BRDA:71,10,1,2
BRDA:72,11,0,10
BRDA:72,11,1,2
BRDA:73,12,0,10
BRDA:73,12,1,2
BRDA:74,13,0,12
BRDA:74,13,1,4
BRDA:75,14,0,12
BRDA:75,14,1,4
BRDA:76,15,0,12
BRDA:76,15,1,4
BRDA:77,16,0,12
BRDA:77,16,1,4
BRDA:78,17,0,12
BRDA:78,17,1,4
BRDA:79,18,0,12
BRDA:79,18,1,0
BRDA:80,19,0,12
BRDA:80,19,1,4
BRDA:81,20,0,12
BRDA:81,20,1,12
BRDA:82,21,0,0
BRDA:82,21,1,12
BRDA:83,22,0,12
BRDA:83,22,1,12
BRDA:84,23,0,12
BRDA:84,23,1,0
BRDA:85,24,0,12
BRDA:85,24,1,10
BRDA:93,25,0,7
BRDA:93,25,1,2
BRDA:104,26,0,4
BRDA:104,26,1,1
BRDA:105,27,0,2
BRDA:105,27,1,2
BRDA:106,28,0,1
BRDA:106,28,1,1
BRDA:124,29,0,151
BRDA:124,29,1,5
BRDA:200,30,0,151
BRDA:200,30,1,3
BRF:62
BRH:56
end_of_record
TN:
SF:src\context\AuthContext.js
FN:6,(anonymous_0)
FN:8,(anonymous_1)
FN:10,(anonymous_2)
FN:14,(anonymous_3)
FN:21,(anonymous_4)
FN:28,(anonymous_5)
FN:53,(anonymous_6)
FN:63,(anonymous_7)
FN:69,(anonymous_8)
FNF:9
FNH:0
FNDA:0,(anonymous_0)
FNDA:0,(anonymous_1)
FNDA:0,(anonymous_2)
FNDA:0,(anonymous_3)
FNDA:0,(anonymous_4)
FNDA:0,(anonymous_5)
FNDA:0,(anonymous_6)
FNDA:0,(anonymous_7)
FNDA:0,(anonymous_8)
DA:4,1
DA:6,1
DA:8,1
DA:10,0
DA:11,0
DA:12,0
DA:14,0
DA:15,0
DA:17,0
DA:18,0
DA:21,0
DA:22,0
DA:23,0
DA:24,0
DA:28,0
DA:29,0
DA:30,0
DA:31,0
DA:32,0
DA:33,0
DA:35,0
DA:36,0
DA:37,0
DA:38,0
DA:39,0
DA:40,0
DA:41,0
DA:42,0
DA:44,0
DA:45,0
DA:46,0
DA:47,0
DA:48,0
DA:49,0
DA:53,0
DA:54,0
DA:55,0
DA:56,0
DA:57,0
DA:58,0
DA:59,0
DA:63,0
DA:65,0
DA:69,0
DA:70,0
DA:74,0
DA:76,0
LF:47
LH:3
BRDA:12,0,0,0
BRDA:12,0,1,0
BRDA:23,1,0,0
BRDA:23,1,1,0
BRDA:44,2,0,0
BRDA:44,2,1,0
BRDA:45,3,0,0
BRDA:45,3,1,0
BRDA:45,3,2,0
BRDA:65,4,0,0
BRDA:65,4,1,0
BRDA:65,4,2,0
BRF:12
BRH:0
end_of_record
TN:
SF:src\pages\HealthCheckManagement.js
FN:10,(anonymous_0)
FN:118,(anonymous_1)
FN:118,(anonymous_2)
FN:120,(anonymous_3)
FN:133,(anonymous_4)
FN:135,(anonymous_5)
FN:136,(anonymous_6)
FN:143,(anonymous_7)
FN:146,(anonymous_8)
FN:147,(anonymous_9)
FN:147,(anonymous_10)
FN:150,(anonymous_11)
FN:160,(anonymous_12)
FN:164,(anonymous_13)
FN:181,(anonymous_14)
FN:198,(anonymous_15)
FN:203,(anonymous_16)
FN:208,(anonymous_17)
FN:210,(anonymous_18)
FN:226,(anonymous_19)
FN:290,(anonymous_20)
FN:292,(anonymous_21)
FN:298,(anonymous_22)
FN:305,(anonymous_23)
FN:320,(anonymous_24)
FN:325,(anonymous_25)
FN:335,(anonymous_26)
FN:348,(anonymous_27)
FN:353,(anonymous_28)
FN:362,(anonymous_29)
FN:365,(anonymous_30)
FN:369,(anonymous_31)
FN:384,(anonymous_32)
FN:389,(anonymous_33)
FN:404,(anonymous_34)
FN:406,(anonymous_35)
FN:408,(anonymous_36)
FN:415,(anonymous_37)
FN:417,(anonymous_38)
FN:417,(anonymous_39)
FN:425,(anonymous_40)
FN:428,(anonymous_41)
FN:450,(anonymous_42)
FN:462,(anonymous_43)
FN:476,(anonymous_44)
FN:541,(anonymous_45)
FN:551,(anonymous_46)
FN:560,(anonymous_47)
FN:564,(anonymous_48)
FN:567,(anonymous_49)
FN:575,(anonymous_50)
FN:582,(anonymous_51)
FN:595,(anonymous_52)
FN:598,(anonymous_53)
FN:599,(anonymous_54)
FN:606,(anonymous_55)
FN:613,(anonymous_56)
FN:622,(anonymous_57)
FN:627,(anonymous_58)
FN:633,(anonymous_59)
FN:636,(anonymous_60)
FN:641,(anonymous_61)
FN:642,(anonymous_62)
FN:647,(anonymous_63)
FN:650,(anonymous_64)
FN:650,(anonymous_65)
FN:666,(anonymous_66)
FN:669,(anonymous_67)
FN:670,(anonymous_68)
FN:672,(anonymous_69)
FN:673,(anonymous_70)
FN:673,(anonymous_71)
FN:674,(anonymous_72)
FN:676,(anonymous_73)
FN:677,(anonymous_74)
FN:684,(anonymous_75)
FN:687,(anonymous_76)
FN:691,(anonymous_77)
FN:699,(anonymous_78)
FN:732,(anonymous_79)
FN:733,(anonymous_80)
FN:735,(anonymous_81)
FN:738,(anonymous_82)
FN:763,(anonymous_83)
FN:780,(anonymous_84)
FN:785,(anonymous_85)
FN:787,(anonymous_86)
FN:791,(anonymous_87)
FN:793,(anonymous_88)
FN:794,(anonymous_89)
FN:799,(anonymous_90)
FN:801,(anonymous_91)
FN:802,(anonymous_92)
FN:817,getConsentStatusText
FN:866,(anonymous_94)
FN:875,(anonymous_95)
FN:901,(anonymous_96)
FN:901,(anonymous_97)
FN:910,(anonymous_98)
FN:910,(anonymous_99)
FN:913,(anonymous_100)
FN:925,(anonymous_101)
FN:925,(anonymous_102)
FN:928,(anonymous_103)
FN:961,(anonymous_104)
FN:985,(anonymous_105)
FN:988,(anonymous_106)
FN:992,(anonymous_107)
FN:1011,(anonymous_108)
FN:1074,(anonymous_109)
FN:1179,(anonymous_110)
FN:1253,(anonymous_111)
FN:1339,(anonymous_112)
FN:1348,(anonymous_113)
FN:1423,(anonymous_114)
FN:1441,(anonymous_115)
FN:1471,(anonymous_116)
FN:1481,(anonymous_117)
FN:1493,(anonymous_118)
FN:1511,(anonymous_119)
FN:1526,(anonymous_120)
FN:1554,(anonymous_121)
FN:1567,(anonymous_122)
FN:1571,(anonymous_123)
FN:1578,(anonymous_124)
FN:1580,(anonymous_125)
FN:1589,ApprovedStudentsList
FN:1592,(anonymous_127)
FN:1593,(anonymous_128)
FN:1595,(anonymous_129)
FN:1616,(anonymous_130)
FN:1631,canShowUpdateResultBtn
FNF:132
FNH:82
FNDA:262,(anonymous_0)
FNDA:71,(anonymous_1)
FNDA:0,(anonymous_2)
FNDA:71,(anonymous_3)
FNDA:71,(anonymous_4)
FNDA:65,(anonymous_5)
FNDA:60,(anonymous_6)
FNDA:6,(anonymous_7)
FNDA:71,(anonymous_8)
FNDA:71,(anonymous_9)
FNDA:0,(anonymous_10)
FNDA:13,(anonymous_11)
FNDA:2,(anonymous_12)
FNDA:10,(anonymous_13)
FNDA:3,(anonymous_14)
FNDA:0,(anonymous_15)
FNDA:4,(anonymous_16)
FNDA:19,(anonymous_17)
FNDA:19,(anonymous_18)
FNDA:1,(anonymous_19)
FNDA:0,(anonymous_20)
FNDA:0,(anonymous_21)
FNDA:0,(anonymous_22)
FNDA:0,(anonymous_23)
FNDA:0,(anonymous_24)
FNDA:0,(anonymous_25)
FNDA:15,(anonymous_26)
FNDA:15,(anonymous_27)
FNDA:15,(anonymous_28)
FNDA:1,(anonymous_29)
FNDA:6,(anonymous_30)
FNDA:6,(anonymous_31)
FNDA:6,(anonymous_32)
FNDA:6,(anonymous_33)
FNDA:2,(anonymous_34)
FNDA:2,(anonymous_35)
FNDA:1,(anonymous_36)
FNDA:2,(anonymous_37)
FNDA:4,(anonymous_38)
FNDA:4,(anonymous_39)
FNDA:0,(anonymous_40)
FNDA:0,(anonymous_41)
FNDA:0,(anonymous_42)
FNDA:0,(anonymous_43)
FNDA:0,(anonymous_44)
FNDA:7,(anonymous_45)
FNDA:6,(anonymous_46)
FNDA:87,(anonymous_47)
FNDA:13,(anonymous_48)
FNDA:2,(anonymous_49)
FNDA:0,(anonymous_50)
FNDA:5,(anonymous_51)
FNDA:137,(anonymous_52)
FNDA:2,(anonymous_53)
FNDA:2,(anonymous_54)
FNDA:0,(anonymous_55)
FNDA:181,(anonymous_56)
FNDA:181,(anonymous_57)
FNDA:181,(anonymous_58)
FNDA:226,(anonymous_59)
FNDA:208,(anonymous_60)
FNDA:226,(anonymous_61)
FNDA:226,(anonymous_62)
FNDA:0,(anonymous_63)
FNDA:0,(anonymous_64)
FNDA:0,(anonymous_65)
FNDA:84,(anonymous_66)
FNDA:8,(anonymous_67)
FNDA:8,(anonymous_68)
FNDA:4,(anonymous_69)
FNDA:4,(anonymous_70)
FNDA:0,(anonymous_71)
FNDA:2,(anonymous_72)
FNDA:4,(anonymous_73)
FNDA:1,(anonymous_74)
FNDA:71,(anonymous_75)
FNDA:71,(anonymous_76)
FNDA:0,(anonymous_77)
FNDA:3,(anonymous_78)
FNDA:0,(anonymous_79)
FNDA:0,(anonymous_80)
FNDA:0,(anonymous_81)
FNDA:0,(anonymous_82)
FNDA:0,(anonymous_83)
FNDA:8,(anonymous_84)
FNDA:7,(anonymous_85)
FNDA:0,(anonymous_86)
FNDA:99,(anonymous_87)
FNDA:8,(anonymous_88)
FNDA:5,(anonymous_89)
FNDA:93,(anonymous_90)
FNDA:4,(anonymous_91)
FNDA:3,(anonymous_92)
FNDA:10,getConsentStatusText
FNDA:181,(anonymous_94)
FNDA:181,(anonymous_95)
FNDA:0,(anonymous_96)
FNDA:0,(anonymous_97)
FNDA:0,(anonymous_98)
FNDA:0,(anonymous_99)
FNDA:181,(anonymous_100)
FNDA:0,(anonymous_101)
FNDA:0,(anonymous_102)
FNDA:165,(anonymous_103)
FNDA:181,(anonymous_104)
FNDA:13,(anonymous_105)
FNDA:3,(anonymous_106)
FNDA:0,(anonymous_107)
FNDA:11,(anonymous_108)
FNDA:9,(anonymous_109)
FNDA:15,(anonymous_110)
FNDA:30,(anonymous_111)
FNDA:14,(anonymous_112)
FNDA:2,(anonymous_113)
FNDA:0,(anonymous_114)
FNDA:10,(anonymous_115)
FNDA:0,(anonymous_116)
FNDA:3,(anonymous_117)
FNDA:0,(anonymous_118)
FNDA:0,(anonymous_119)
FNDA:0,(anonymous_120)
FNDA:0,(anonymous_121)
FNDA:0,(anonymous_122)
FNDA:0,(anonymous_123)
FNDA:0,(anonymous_124)
FNDA:0,(anonymous_125)
FNDA:0,ApprovedStudentsList
FNDA:0,(anonymous_127)
FNDA:0,(anonymous_128)
FNDA:0,(anonymous_129)
FNDA:0,(anonymous_130)
FNDA:0,canShowUpdateResultBtn
DA:10,1
DA:11,262
DA:12,262
DA:14,262
DA:15,261
DA:16,261
DA:17,261
DA:18,261
DA:19,261
DA:20,261
DA:34,261
DA:40,261
DA:48,261
DA:51,261
DA:54,261
DA:57,261
DA:60,261
DA:61,261
DA:64,261
DA:65,261
DA:66,261
DA:69,261
DA:76,261
DA:77,261
DA:78,261
DA:79,261
DA:82,261
DA:84,261
DA:85,261
DA:106,261
DA:109,261
DA:110,261
DA:112,261
DA:113,261
DA:114,261
DA:116,261
DA:117,261
DA:118,261
DA:120,261
DA:122,71
DA:123,2
DA:124,2
DA:133,261
DA:134,71
DA:136,65
DA:140,65
DA:141,65
DA:143,6
DA:146,261
DA:147,71
DA:150,261
DA:151,13
DA:152,13
DA:153,13
DA:154,12
DA:156,1
DA:160,261
DA:161,2
DA:164,261
DA:165,10
DA:166,10
DA:178,10
DA:181,261
DA:182,3
DA:183,3
DA:195,3
DA:198,261
DA:199,0
DA:200,0
DA:203,261
DA:204,4
DA:205,4
DA:208,261
DA:209,19
DA:210,19
DA:211,19
DA:213,19
DA:214,0
DA:215,0
DA:217,0
DA:218,0
DA:222,19
DA:226,261
DA:227,1
DA:229,1
DA:230,0
DA:231,0
DA:232,0
DA:235,1
DA:236,1
DA:237,1
DA:238,1
DA:239,1
DA:241,1
DA:243,0
DA:245,0
DA:246,0
DA:247,0
DA:248,0
DA:252,1
DA:253,1
DA:254,0
DA:256,1
DA:267,1
DA:269,1
DA:270,1
DA:272,1
DA:273,1
DA:274,1
DA:276,1
DA:277,1
DA:279,1
DA:280,1
DA:282,0
DA:283,0
DA:284,0
DA:285,0
DA:290,261
DA:291,0
DA:292,0
DA:298,261
DA:302,0
DA:305,261
DA:306,0
DA:311,0
DA:316,0
DA:317,0
DA:320,0
DA:321,0
DA:322,0
DA:325,0
DA:326,0
DA:327,0
DA:328,0
DA:335,261
DA:336,15
DA:339,15
DA:344,15
DA:345,15
DA:348,15
DA:349,15
DA:350,15
DA:353,15
DA:354,15
DA:355,15
DA:356,5
DA:362,261
DA:363,1
DA:365,261
DA:366,6
DA:367,6
DA:369,6
DA:370,6
DA:374,6
DA:375,6
DA:378,6
DA:379,5
DA:380,5
DA:381,5
DA:382,5
DA:384,6
DA:389,6
DA:390,5
DA:391,0
DA:393,5
DA:394,5
DA:395,5
DA:397,0
DA:398,0
DA:399,0
DA:404,261
DA:405,2
DA:406,2
DA:407,2
DA:408,1
DA:410,1
DA:415,261
DA:417,4
DA:418,2
DA:419,1
DA:421,1
DA:425,261
DA:426,0
DA:428,0
DA:429,0
DA:430,0
DA:431,0
DA:432,0
DA:436,0
DA:437,0
DA:438,0
DA:442,0
DA:443,0
DA:444,0
DA:447,0
DA:448,0
DA:450,0
DA:451,0
DA:452,0
DA:453,0
DA:454,0
DA:457,0
DA:459,0
DA:462,0
DA:463,0
DA:464,0
DA:465,0
DA:468,0
DA:476,0
DA:479,0
DA:480,0
DA:481,0
DA:482,0
DA:483,0
DA:484,0
DA:485,0
DA:486,0
DA:487,0
DA:490,0
DA:491,0
DA:492,0
DA:493,0
DA:495,0
DA:499,0
DA:500,0
DA:501,0
DA:502,0
DA:504,0
DA:507,0
DA:508,0
DA:509,0
DA:512,0
DA:513,0
DA:515,0
DA:516,0
DA:518,0
DA:519,0
DA:520,0
DA:521,0
DA:522,0
DA:523,0
DA:524,0
DA:527,0
DA:529,0
DA:530,0
DA:531,0
DA:532,0
DA:533,0
DA:537,0
DA:541,261
DA:543,7
DA:546,7
DA:547,7
DA:551,261
DA:553,6
DA:556,6
DA:560,261
DA:561,87
DA:562,15
DA:564,15
DA:566,13
DA:567,13
DA:568,2
DA:569,2
DA:570,2
DA:571,2
DA:572,2
DA:575,2
DA:576,0
DA:581,13
DA:582,13
DA:583,5
DA:584,5
DA:585,5
DA:586,5
DA:589,13
DA:595,261
DA:596,137
DA:597,2
DA:599,2
DA:603,2
DA:604,2
DA:606,0
DA:610,261
DA:613,261
DA:614,181
DA:615,181
DA:616,181
DA:617,181
DA:621,261
DA:622,261
DA:623,181
DA:627,261
DA:628,181
DA:629,181
DA:633,261
DA:634,226
DA:635,226
DA:636,226
DA:637,226
DA:641,261
DA:642,226
DA:643,226
DA:647,261
DA:648,0
DA:649,0
DA:650,0
DA:651,0
DA:652,0
DA:653,0
DA:654,0
DA:655,0
DA:656,0
DA:658,0
DA:659,0
DA:660,0
DA:661,0
DA:666,261
DA:667,84
DA:668,6
DA:669,8
DA:670,8
DA:671,6
DA:672,2
DA:673,4
DA:675,2
DA:676,4
DA:677,2
DA:684,261
DA:685,71
DA:686,71
DA:688,71
DA:689,71
DA:692,0
DA:693,0
DA:694,0
DA:699,261
DA:700,3
DA:701,3
DA:702,0
DA:703,0
DA:705,3
DA:706,3
DA:725,3
DA:726,3
DA:732,261
DA:733,261
DA:734,0
DA:735,0
DA:738,261
DA:739,0
DA:740,0
DA:759,0
DA:760,0
DA:761,0
DA:763,0
DA:764,0
DA:765,0
DA:772,0
DA:773,0
DA:774,0
DA:776,0
DA:780,261
DA:781,8
DA:782,8
DA:784,8
DA:785,8
DA:787,0
DA:791,261
DA:792,99
DA:793,8
DA:794,6
DA:799,261
DA:800,93
DA:801,4
DA:802,4
DA:803,3
DA:804,3
DA:812,261
DA:813,261
DA:814,261
DA:818,10
DA:819,10
DA:821,9
DA:823,1
DA:825,0
DA:827,0
DA:831,0
DA:832,0
DA:833,0
DA:834,0
DA:835,0
DA:838,261
DA:866,181
DA:875,181
DA:901,0
DA:910,0
DA:914,181
DA:925,0
DA:929,165
DA:962,181
DA:963,181
DA:964,181
DA:965,181
DA:985,13
DA:988,3
DA:992,0
DA:1011,11
DA:1074,9
DA:1180,15
DA:1254,30
DA:1340,14
DA:1348,2
DA:1423,0
DA:1444,10
DA:1450,10
DA:1455,10
DA:1457,10
DA:1458,10
DA:1459,10
DA:1462,10
DA:1471,0
DA:1481,3
DA:1493,0
DA:1511,0
DA:1526,0
DA:1554,0
DA:1568,0
DA:1569,0
DA:1571,0
DA:1578,0
DA:1580,0
DA:1590,0
DA:1592,0
DA:1593,0
DA:1594,0
DA:1595,0
DA:1596,0
DA:1597,0
DA:1602,0
DA:1604,0
DA:1607,0
DA:1617,0
DA:1632,0
DA:1633,0
DA:1634,0
DA:1635,0
LF:447
LH:271
BRDA:97,0,0,261
BRDA:97,0,1,4
BRDA:122,1,0,2
BRDA:122,1,1,69
BRDA:122,2,0,71
BRDA:122,2,1,71
BRDA:137,3,0,60
BRDA:137,3,1,0
BRDA:137,3,2,0
BRDA:138,4,0,60
BRDA:138,4,1,0
BRDA:138,4,2,0
BRDA:154,5,0,12
BRDA:154,5,1,0
BRDA:176,6,0,10
BRDA:176,6,1,6
BRDA:176,6,2,6
BRDA:185,7,0,3
BRDA:185,7,1,0
BRDA:191,8,0,3
BRDA:191,8,1,3
BRDA:192,9,0,3
BRDA:192,9,1,3
BRDA:193,10,0,3
BRDA:193,10,1,1
BRDA:193,10,2,1
BRDA:211,11,0,0
BRDA:211,11,1,19
BRDA:213,12,0,0
BRDA:213,12,1,19
BRDA:214,13,0,0
BRDA:214,13,1,0
BRDA:217,14,0,0
BRDA:217,14,1,0
BRDA:229,15,0,0
BRDA:229,15,1,1
BRDA:229,16,0,1
BRDA:229,16,1,1
BRDA:229,16,2,1
BRDA:241,17,0,1
BRDA:241,17,1,0
BRDA:241,17,2,0
BRDA:253,18,0,0
BRDA:253,18,1,1
BRDA:253,19,0,1
BRDA:253,19,1,0
BRDA:258,20,0,1
BRDA:258,20,1,0
BRDA:264,21,0,1
BRDA:264,21,1,1
BRDA:327,22,0,0
BRDA:327,22,1,0
BRDA:355,23,0,5
BRDA:355,23,1,10
BRDA:378,24,0,5
BRDA:378,24,1,1
BRDA:378,25,0,6
BRDA:378,25,1,6
BRDA:386,26,0,6
BRDA:386,26,1,0
BRDA:386,26,2,0
BRDA:386,26,3,0
BRDA:386,26,4,0
BRDA:390,27,0,0
BRDA:390,27,1,5
BRDA:405,28,0,0
BRDA:405,28,1,2
BRDA:407,29,0,1
BRDA:407,29,1,1
BRDA:418,30,0,1
BRDA:418,30,1,1
BRDA:430,31,0,0
BRDA:430,31,1,0
BRDA:436,32,0,0
BRDA:436,32,1,0
BRDA:436,33,0,0
BRDA:436,33,1,0
BRDA:442,34,0,0
BRDA:442,34,1,0
BRDA:442,35,0,0
BRDA:442,35,1,0
BRDA:453,36,0,0
BRDA:453,36,1,0
BRDA:453,37,0,0
BRDA:453,37,1,0
BRDA:462,38,0,0
BRDA:462,38,1,0
BRDA:463,39,0,0
BRDA:463,39,1,0
BRDA:529,40,0,0
BRDA:529,40,1,0
BRDA:529,41,0,0
BRDA:529,41,1,0
BRDA:530,42,0,0
BRDA:530,42,1,0
BRDA:532,43,0,0
BRDA:532,43,1,0
BRDA:561,44,0,15
BRDA:561,44,1,72
BRDA:596,45,0,2
BRDA:596,45,1,135
BRDA:596,46,0,137
BRDA:596,46,1,15
BRDA:600,47,0,2
BRDA:600,47,1,0
BRDA:600,47,2,0
BRDA:601,48,0,2
BRDA:601,48,1,0
BRDA:601,48,2,0
BRDA:614,49,0,181
BRDA:614,49,1,0
BRDA:614,49,2,0
BRDA:615,50,0,181
BRDA:615,50,1,0
BRDA:615,50,2,0
BRDA:616,51,0,181
BRDA:616,51,1,0
BRDA:616,51,2,0
BRDA:617,52,0,181
BRDA:617,52,1,181
BRDA:617,52,2,181
BRDA:628,53,0,181
BRDA:628,53,1,0
BRDA:628,53,2,0
BRDA:628,53,3,0
BRDA:629,54,0,181
BRDA:629,54,1,0
BRDA:634,55,0,0
BRDA:634,55,1,226
BRDA:635,56,0,0
BRDA:635,56,1,226
BRDA:636,57,0,208
BRDA:636,57,1,0
BRDA:637,58,0,208
BRDA:637,58,1,18
BRDA:643,59,0,126
BRDA:643,59,1,100
BRDA:667,60,0,6
BRDA:667,60,1,78
BRDA:670,61,0,8
BRDA:670,61,1,4
BRDA:671,62,0,2
BRDA:671,62,1,4
BRDA:673,63,0,4
BRDA:673,63,1,0
BRDA:700,64,0,3
BRDA:700,64,1,3
BRDA:701,65,0,0
BRDA:701,65,1,3
BRDA:702,66,0,0
BRDA:702,66,1,0
BRDA:703,67,0,0
BRDA:703,67,1,0
BRDA:705,68,0,3
BRDA:705,68,1,3
BRDA:718,69,0,3
BRDA:718,69,1,0
BRDA:723,70,0,3
BRDA:723,70,1,3
BRDA:723,70,2,3
BRDA:728,71,0,3
BRDA:728,71,1,3
BRDA:728,71,2,3
BRDA:735,72,0,0
BRDA:735,72,1,0
BRDA:761,73,0,0
BRDA:761,73,1,0
BRDA:761,74,0,0
BRDA:761,74,1,0
BRDA:764,75,0,0
BRDA:764,75,1,0
BRDA:764,76,0,0
BRDA:764,76,1,0
BRDA:784,77,0,6
BRDA:784,77,1,2
BRDA:784,78,0,6
BRDA:784,78,1,6
BRDA:792,79,0,6
BRDA:792,79,1,93
BRDA:792,80,0,99
BRDA:792,80,1,26
BRDA:800,81,0,4
BRDA:800,81,1,89
BRDA:800,82,0,93
BRDA:800,82,1,9
BRDA:803,83,0,3
BRDA:803,83,1,0
BRDA:818,84,0,10
BRDA:818,84,1,0
BRDA:819,85,0,9
BRDA:819,85,1,1
BRDA:819,85,2,0
BRDA:819,85,3,0
BRDA:831,86,0,0
BRDA:831,86,1,0
BRDA:832,87,0,0
BRDA:832,87,1,0
BRDA:832,88,0,0
BRDA:832,88,1,0
BRDA:833,89,0,0
BRDA:833,89,1,0
BRDA:833,90,0,0
BRDA:833,90,1,0
BRDA:834,91,0,0
BRDA:834,91,1,0
BRDA:834,92,0,0
BRDA:834,92,1,0
BRDA:914,93,0,181
BRDA:914,93,1,181
BRDA:914,94,0,181
BRDA:914,94,1,181
BRDA:915,95,0,181
BRDA:915,95,1,181
BRDA:915,95,2,181
BRDA:915,95,3,181
BRDA:915,95,4,0
BRDA:915,95,5,0
BRDA:929,96,0,165
BRDA:929,96,1,0
BRDA:929,97,0,165
BRDA:929,97,1,0
BRDA:930,98,0,165
BRDA:930,98,1,0
BRDA:952,99,0,74
BRDA:952,99,1,187
BRDA:960,100,0,181
BRDA:960,100,1,6
BRDA:972,101,0,181
BRDA:972,101,1,0
BRDA:991,102,0,181
BRDA:991,102,1,181
BRDA:1009,103,0,261
BRDA:1009,103,1,45
BRDA:1027,104,0,45
BRDA:1027,104,1,0
BRDA:1037,105,0,0
BRDA:1037,105,1,45
BRDA:1087,106,0,261
BRDA:1087,106,1,35
BRDA:1092,107,0,3
BRDA:1092,107,1,32
BRDA:1099,108,0,35
BRDA:1099,108,1,35
BRDA:1099,108,2,35
BRDA:1099,108,3,0
BRDA:1099,108,4,0
BRDA:1104,109,0,35
BRDA:1104,109,1,32
BRDA:1111,110,0,32
BRDA:1111,110,1,0
BRDA:1117,111,0,3
BRDA:1117,111,1,32
BRDA:1119,112,0,0
BRDA:1119,112,1,35
BRDA:1119,113,0,0
BRDA:1119,113,1,35
BRDA:1125,114,0,35
BRDA:1125,114,1,0
BRDA:1134,115,0,35
BRDA:1134,115,1,32
BRDA:1140,116,0,32
BRDA:1140,116,1,0
BRDA:1161,117,0,35
BRDA:1161,117,1,3
BRDA:1169,118,0,35
BRDA:1169,118,1,3
BRDA:1186,119,0,35
BRDA:1186,119,1,0
BRDA:1197,120,0,3
BRDA:1197,120,1,32
BRDA:1206,121,0,261
BRDA:1206,121,1,30
BRDA:1216,122,0,30
BRDA:1216,122,1,23
BRDA:1216,122,2,7
BRDA:1225,123,0,30
BRDA:1225,123,1,30
BRDA:1225,123,2,30
BRDA:1225,123,3,0
BRDA:1225,123,4,0
BRDA:1254,124,0,30
BRDA:1254,124,1,0
BRDA:1254,124,2,0
BRDA:1254,125,0,30
BRDA:1254,125,1,0
BRDA:1255,126,0,30
BRDA:1255,126,1,0
BRDA:1255,126,2,0
BRDA:1315,127,0,30
BRDA:1315,127,1,7
BRDA:1321,128,0,1
BRDA:1321,128,1,6
BRDA:1326,129,0,14
BRDA:1326,129,1,16
BRDA:1328,130,0,7
BRDA:1328,130,1,7
BRDA:1340,131,0,14
BRDA:1340,131,1,0
BRDA:1346,132,0,14
BRDA:1346,132,1,0
BRDA:1347,133,0,14
BRDA:1347,133,1,14
BRDA:1348,134,0,2
BRDA:1348,134,1,2
BRDA:1349,135,0,14
BRDA:1349,135,1,0
BRDA:1353,136,0,14
BRDA:1353,136,1,0
BRDA:1358,137,0,14
BRDA:1358,137,1,0
BRDA:1359,138,0,14
BRDA:1359,138,1,0
BRDA:1404,139,0,261
BRDA:1404,139,1,80
BRDA:1404,139,2,6
BRDA:1417,140,0,261
BRDA:1417,140,1,15
BRDA:1438,141,0,15
BRDA:1438,141,1,5
BRDA:1444,142,0,10
BRDA:1444,142,1,1
BRDA:1444,142,2,1
BRDA:1444,142,3,1
BRDA:1450,143,0,10
BRDA:1450,143,1,9
BRDA:1450,143,2,9
BRDA:1450,143,3,9
BRDA:1455,144,0,10
BRDA:1455,144,1,10
BRDA:1455,144,2,10
BRDA:1457,145,0,10
BRDA:1457,145,1,0
BRDA:1457,145,2,0
BRDA:1458,146,0,10
BRDA:1458,146,1,9
BRDA:1459,147,0,10
BRDA:1459,147,1,0
BRDA:1466,148,0,10
BRDA:1466,148,1,0
BRDA:1466,148,2,0
BRDA:1467,149,0,10
BRDA:1467,149,1,0
BRDA:1467,149,2,0
BRDA:1470,150,0,10
BRDA:1470,150,1,9
BRDA:1470,150,2,0
BRDA:1471,151,0,0
BRDA:1471,151,1,0
BRDA:1471,151,2,0
BRDA:1476,152,0,10
BRDA:1476,152,1,9
BRDA:1476,152,2,9
BRDA:1480,153,0,9
BRDA:1480,153,1,9
BRDA:1487,154,0,10
BRDA:1487,154,1,9
BRDA:1487,154,2,0
BRDA:1491,155,0,10
BRDA:1491,155,1,1
BRDA:1493,156,0,0
BRDA:1493,156,1,0
BRDA:1493,157,0,0
BRDA:1493,157,1,0
BRDA:1493,157,2,0
BRDA:1499,158,0,10
BRDA:1499,158,1,1
BRDA:1499,158,2,0
BRDA:1518,159,0,261
BRDA:1518,159,1,0
BRDA:1524,160,0,0
BRDA:1524,160,1,0
BRDA:1529,161,0,0
BRDA:1529,161,1,0
BRDA:1535,162,0,0
BRDA:1535,162,1,0
BRDA:1560,163,0,261
BRDA:1560,163,1,3
BRDA:1565,164,0,3
BRDA:1565,164,1,0
BRDA:1566,165,0,3
BRDA:1566,165,1,3
BRDA:1575,166,0,261
BRDA:1575,166,1,1
BRDA:1599,167,0,0
BRDA:1599,167,1,0
BRDA:1604,168,0,0
BRDA:1604,168,1,0
BRDA:1617,169,0,0
BRDA:1617,169,1,0
BRDA:1620,170,0,0
BRDA:1620,170,1,0
BRDA:1621,171,0,0
BRDA:1621,171,1,0
BRDA:1622,172,0,0
BRDA:1622,172,1,0
BRDA:1632,173,0,0
BRDA:1632,173,1,0
BRDA:1632,173,2,0
BRDA:1632,173,3,0
BRDA:1634,174,0,0
BRDA:1634,174,1,0
BRDA:1635,175,0,0
BRDA:1635,175,1,0
BRDA:1635,175,2,0
BRF:404
BRH:224
end_of_record
TN:
SF:src\services\apiClient.js
FN:14,(anonymous_0)
FN:24,(anonymous_1)
FNF:2
FNH:0
FNDA:0,(anonymous_0)
FNDA:0,(anonymous_1)
DA:1,2
DA:4,2
DA:13,2
DA:16,0
DA:17,0
DA:18,0
DA:19,0
DA:22,0
DA:25,0
LF:9
LH:3
BRDA:16,0,0,0
BRDA:16,0,1,0
BRDA:18,1,0,0
BRDA:18,1,1,0
BRF:4
BRH:0
end_of_record
TN:
SF:src\services\healthCheckService.js
FN:4,(anonymous_0)
FN:8,(anonymous_1)
FN:12,(anonymous_2)
FN:16,(anonymous_3)
FN:20,(anonymous_4)
FN:24,(anonymous_5)
FN:28,(anonymous_6)
FN:32,(anonymous_7)
FN:36,(anonymous_8)
FNF:9
FNH:0
FNDA:0,(anonymous_0)
FNDA:0,(anonymous_1)
FNDA:0,(anonymous_2)
FNDA:0,(anonymous_3)
FNDA:0,(anonymous_4)
FNDA:0,(anonymous_5)
FNDA:0,(anonymous_6)
FNDA:0,(anonymous_7)
FNDA:0,(anonymous_8)
DA:4,2
DA:5,0
DA:8,2
DA:9,0
DA:12,2
DA:13,0
DA:16,2
DA:17,0
DA:20,2
DA:21,0
DA:24,2
DA:25,0
DA:28,2
DA:29,0
DA:32,2
DA:33,0
DA:36,2
DA:37,0
LF:18
LH:9
BRF:0
BRH:0
end_of_record
